[2024-11-20T07:26:04.303+0000] {processor.py:186} INFO - Started process (PID=118) to work on /home/airflow/.local/lib/python3.12/site-packages/airflow/example_dags/example_bash_operator.py
[2024-11-20T07:26:04.304+0000] {processor.py:914} INFO - Processing file /home/airflow/.local/lib/python3.12/site-packages/airflow/example_dags/example_bash_operator.py for tasks to queue
[2024-11-20T07:26:04.308+0000] {logging_mixin.py:190} INFO - [2024-11-20T07:26:04.307+0000] {dagbag.py:588} INFO - Filling up the DagBag from /home/airflow/.local/lib/python3.12/site-packages/airflow/example_dags/example_bash_operator.py
[2024-11-20T07:26:04.340+0000] {processor.py:925} INFO - DAG(s) 'example_bash_operator' retrieved from /home/airflow/.local/lib/python3.12/site-packages/airflow/example_dags/example_bash_operator.py
[2024-11-20T07:26:04.596+0000] {logging_mixin.py:190} INFO - [2024-11-20T07:26:04.594+0000] {override.py:1911} INFO - Created Permission View: can delete on DAG:example_bash_operator
[2024-11-20T07:26:04.617+0000] {logging_mixin.py:190} INFO - [2024-11-20T07:26:04.616+0000] {override.py:1911} INFO - Created Permission View: can read on DAG:example_bash_operator
[2024-11-20T07:26:04.633+0000] {logging_mixin.py:190} INFO - [2024-11-20T07:26:04.632+0000] {override.py:1911} INFO - Created Permission View: can edit on DAG:example_bash_operator
[2024-11-20T07:26:04.647+0000] {logging_mixin.py:190} INFO - [2024-11-20T07:26:04.647+0000] {override.py:1911} INFO - Created Permission View: can delete on DAG Run:example_bash_operator
[2024-11-20T07:26:04.660+0000] {logging_mixin.py:190} INFO - [2024-11-20T07:26:04.660+0000] {override.py:1911} INFO - Created Permission View: can read on DAG Run:example_bash_operator
[2024-11-20T07:26:04.675+0000] {logging_mixin.py:190} INFO - [2024-11-20T07:26:04.674+0000] {override.py:1911} INFO - Created Permission View: menu access on DAG Run:example_bash_operator
[2024-11-20T07:26:04.689+0000] {logging_mixin.py:190} INFO - [2024-11-20T07:26:04.688+0000] {override.py:1911} INFO - Created Permission View: can create on DAG Run:example_bash_operator
[2024-11-20T07:26:04.690+0000] {logging_mixin.py:190} INFO - [2024-11-20T07:26:04.690+0000] {dag.py:3239} INFO - Sync 1 DAGs
[2024-11-20T07:26:04.716+0000] {logging_mixin.py:190} INFO - [2024-11-20T07:26:04.715+0000] {dag.py:3262} INFO - Creating ORM DAG for example_bash_operator
[2024-11-20T07:26:04.734+0000] {logging_mixin.py:190} INFO - [2024-11-20T07:26:04.734+0000] {dag.py:4180} INFO - Setting next_dagrun for example_bash_operator to 2024-11-19 00:00:00+00:00, run_after=2024-11-20 00:00:00+00:00
[2024-11-20T07:26:04.765+0000] {processor.py:208} INFO - Processing /home/airflow/.local/lib/python3.12/site-packages/airflow/example_dags/example_bash_operator.py took 0.471 seconds
[2024-11-20T07:26:34.871+0000] {processor.py:186} INFO - Started process (PID=183) to work on /home/airflow/.local/lib/python3.12/site-packages/airflow/example_dags/example_bash_operator.py
[2024-11-20T07:26:34.872+0000] {processor.py:914} INFO - Processing file /home/airflow/.local/lib/python3.12/site-packages/airflow/example_dags/example_bash_operator.py for tasks to queue
[2024-11-20T07:26:34.875+0000] {logging_mixin.py:190} INFO - [2024-11-20T07:26:34.874+0000] {dagbag.py:588} INFO - Filling up the DagBag from /home/airflow/.local/lib/python3.12/site-packages/airflow/example_dags/example_bash_operator.py
[2024-11-20T07:26:34.887+0000] {processor.py:925} INFO - DAG(s) 'example_bash_operator' retrieved from /home/airflow/.local/lib/python3.12/site-packages/airflow/example_dags/example_bash_operator.py
[2024-11-20T07:26:34.918+0000] {logging_mixin.py:190} INFO - [2024-11-20T07:26:34.917+0000] {dag.py:3239} INFO - Sync 1 DAGs
[2024-11-20T07:26:34.945+0000] {logging_mixin.py:190} INFO - [2024-11-20T07:26:34.945+0000] {dag.py:4180} INFO - Setting next_dagrun for example_bash_operator to 2024-11-19 00:00:00+00:00, run_after=2024-11-20 00:00:00+00:00
[2024-11-20T07:26:34.970+0000] {processor.py:208} INFO - Processing /home/airflow/.local/lib/python3.12/site-packages/airflow/example_dags/example_bash_operator.py took 0.104 seconds
[2024-11-20T07:28:24.496+0000] {processor.py:186} INFO - Started process (PID=118) to work on /home/airflow/.local/lib/python3.12/site-packages/airflow/example_dags/example_bash_operator.py
[2024-11-20T07:28:24.498+0000] {processor.py:914} INFO - Processing file /home/airflow/.local/lib/python3.12/site-packages/airflow/example_dags/example_bash_operator.py for tasks to queue
[2024-11-20T07:28:24.501+0000] {logging_mixin.py:190} INFO - [2024-11-20T07:28:24.501+0000] {dagbag.py:588} INFO - Filling up the DagBag from /home/airflow/.local/lib/python3.12/site-packages/airflow/example_dags/example_bash_operator.py
[2024-11-20T07:28:24.518+0000] {processor.py:925} INFO - DAG(s) 'example_bash_operator' retrieved from /home/airflow/.local/lib/python3.12/site-packages/airflow/example_dags/example_bash_operator.py
[2024-11-20T07:28:24.564+0000] {logging_mixin.py:190} INFO - [2024-11-20T07:28:24.564+0000] {dag.py:3239} INFO - Sync 1 DAGs
[2024-11-20T07:28:24.599+0000] {logging_mixin.py:190} INFO - [2024-11-20T07:28:24.598+0000] {dag.py:4180} INFO - Setting next_dagrun for example_bash_operator to 2024-11-19 00:00:00+00:00, run_after=2024-11-20 00:00:00+00:00
[2024-11-20T07:28:24.626+0000] {processor.py:208} INFO - Processing /home/airflow/.local/lib/python3.12/site-packages/airflow/example_dags/example_bash_operator.py took 0.137 seconds
[2024-11-20T07:28:55.316+0000] {processor.py:186} INFO - Started process (PID=183) to work on /home/airflow/.local/lib/python3.12/site-packages/airflow/example_dags/example_bash_operator.py
[2024-11-20T07:28:55.321+0000] {processor.py:914} INFO - Processing file /home/airflow/.local/lib/python3.12/site-packages/airflow/example_dags/example_bash_operator.py for tasks to queue
[2024-11-20T07:28:55.323+0000] {logging_mixin.py:190} INFO - [2024-11-20T07:28:55.323+0000] {dagbag.py:588} INFO - Filling up the DagBag from /home/airflow/.local/lib/python3.12/site-packages/airflow/example_dags/example_bash_operator.py
[2024-11-20T07:28:55.340+0000] {processor.py:925} INFO - DAG(s) 'example_bash_operator' retrieved from /home/airflow/.local/lib/python3.12/site-packages/airflow/example_dags/example_bash_operator.py
[2024-11-20T07:28:55.376+0000] {logging_mixin.py:190} INFO - [2024-11-20T07:28:55.376+0000] {dag.py:3239} INFO - Sync 1 DAGs
[2024-11-20T07:28:55.407+0000] {logging_mixin.py:190} INFO - [2024-11-20T07:28:55.407+0000] {dag.py:4180} INFO - Setting next_dagrun for example_bash_operator to 2024-11-19 00:00:00+00:00, run_after=2024-11-20 00:00:00+00:00
[2024-11-20T07:28:55.429+0000] {processor.py:208} INFO - Processing /home/airflow/.local/lib/python3.12/site-packages/airflow/example_dags/example_bash_operator.py took 0.119 seconds
[2024-11-20T07:29:26.095+0000] {processor.py:186} INFO - Started process (PID=248) to work on /home/airflow/.local/lib/python3.12/site-packages/airflow/example_dags/example_bash_operator.py
[2024-11-20T07:29:26.096+0000] {processor.py:914} INFO - Processing file /home/airflow/.local/lib/python3.12/site-packages/airflow/example_dags/example_bash_operator.py for tasks to queue
[2024-11-20T07:29:26.100+0000] {logging_mixin.py:190} INFO - [2024-11-20T07:29:26.100+0000] {dagbag.py:588} INFO - Filling up the DagBag from /home/airflow/.local/lib/python3.12/site-packages/airflow/example_dags/example_bash_operator.py
[2024-11-20T07:29:26.120+0000] {processor.py:925} INFO - DAG(s) 'example_bash_operator' retrieved from /home/airflow/.local/lib/python3.12/site-packages/airflow/example_dags/example_bash_operator.py
[2024-11-20T07:29:26.170+0000] {logging_mixin.py:190} INFO - [2024-11-20T07:29:26.169+0000] {dag.py:3239} INFO - Sync 1 DAGs
[2024-11-20T07:29:26.220+0000] {logging_mixin.py:190} INFO - [2024-11-20T07:29:26.220+0000] {dag.py:4180} INFO - Setting next_dagrun for example_bash_operator to 2024-11-19 00:00:00+00:00, run_after=2024-11-20 00:00:00+00:00
[2024-11-20T07:29:26.247+0000] {processor.py:208} INFO - Processing /home/airflow/.local/lib/python3.12/site-packages/airflow/example_dags/example_bash_operator.py took 0.162 seconds
[2024-11-20T07:29:56.530+0000] {processor.py:186} INFO - Started process (PID=313) to work on /home/airflow/.local/lib/python3.12/site-packages/airflow/example_dags/example_bash_operator.py
[2024-11-20T07:29:56.531+0000] {processor.py:914} INFO - Processing file /home/airflow/.local/lib/python3.12/site-packages/airflow/example_dags/example_bash_operator.py for tasks to queue
[2024-11-20T07:29:56.533+0000] {logging_mixin.py:190} INFO - [2024-11-20T07:29:56.533+0000] {dagbag.py:588} INFO - Filling up the DagBag from /home/airflow/.local/lib/python3.12/site-packages/airflow/example_dags/example_bash_operator.py
[2024-11-20T07:29:56.549+0000] {processor.py:925} INFO - DAG(s) 'example_bash_operator' retrieved from /home/airflow/.local/lib/python3.12/site-packages/airflow/example_dags/example_bash_operator.py
[2024-11-20T07:29:56.585+0000] {logging_mixin.py:190} INFO - [2024-11-20T07:29:56.584+0000] {dag.py:3239} INFO - Sync 1 DAGs
[2024-11-20T07:29:56.618+0000] {logging_mixin.py:190} INFO - [2024-11-20T07:29:56.617+0000] {dag.py:4180} INFO - Setting next_dagrun for example_bash_operator to 2024-11-19 00:00:00+00:00, run_after=2024-11-20 00:00:00+00:00
[2024-11-20T07:29:56.645+0000] {processor.py:208} INFO - Processing /home/airflow/.local/lib/python3.12/site-packages/airflow/example_dags/example_bash_operator.py took 0.122 seconds
[2024-11-20T07:30:26.850+0000] {processor.py:186} INFO - Started process (PID=377) to work on /home/airflow/.local/lib/python3.12/site-packages/airflow/example_dags/example_bash_operator.py
[2024-11-20T07:30:26.851+0000] {processor.py:914} INFO - Processing file /home/airflow/.local/lib/python3.12/site-packages/airflow/example_dags/example_bash_operator.py for tasks to queue
[2024-11-20T07:30:26.855+0000] {logging_mixin.py:190} INFO - [2024-11-20T07:30:26.854+0000] {dagbag.py:588} INFO - Filling up the DagBag from /home/airflow/.local/lib/python3.12/site-packages/airflow/example_dags/example_bash_operator.py
[2024-11-20T07:30:26.876+0000] {processor.py:925} INFO - DAG(s) 'example_bash_operator' retrieved from /home/airflow/.local/lib/python3.12/site-packages/airflow/example_dags/example_bash_operator.py
[2024-11-20T07:30:26.926+0000] {logging_mixin.py:190} INFO - [2024-11-20T07:30:26.925+0000] {dag.py:3239} INFO - Sync 1 DAGs
[2024-11-20T07:30:26.969+0000] {logging_mixin.py:190} INFO - [2024-11-20T07:30:26.968+0000] {dag.py:4180} INFO - Setting next_dagrun for example_bash_operator to 2024-11-19 00:00:00+00:00, run_after=2024-11-20 00:00:00+00:00
[2024-11-20T07:30:26.998+0000] {processor.py:208} INFO - Processing /home/airflow/.local/lib/python3.12/site-packages/airflow/example_dags/example_bash_operator.py took 0.155 seconds
[2024-11-20T07:30:57.853+0000] {processor.py:186} INFO - Started process (PID=448) to work on /home/airflow/.local/lib/python3.12/site-packages/airflow/example_dags/example_bash_operator.py
[2024-11-20T07:30:57.854+0000] {processor.py:914} INFO - Processing file /home/airflow/.local/lib/python3.12/site-packages/airflow/example_dags/example_bash_operator.py for tasks to queue
[2024-11-20T07:30:57.857+0000] {logging_mixin.py:190} INFO - [2024-11-20T07:30:57.856+0000] {dagbag.py:588} INFO - Filling up the DagBag from /home/airflow/.local/lib/python3.12/site-packages/airflow/example_dags/example_bash_operator.py
[2024-11-20T07:30:57.868+0000] {processor.py:925} INFO - DAG(s) 'example_bash_operator' retrieved from /home/airflow/.local/lib/python3.12/site-packages/airflow/example_dags/example_bash_operator.py
[2024-11-20T07:30:57.896+0000] {logging_mixin.py:190} INFO - [2024-11-20T07:30:57.896+0000] {dag.py:3239} INFO - Sync 1 DAGs
[2024-11-20T07:30:57.921+0000] {logging_mixin.py:190} INFO - [2024-11-20T07:30:57.920+0000] {dag.py:4180} INFO - Setting next_dagrun for example_bash_operator to 2024-11-19 00:00:00+00:00, run_after=2024-11-20 00:00:00+00:00
[2024-11-20T07:30:57.943+0000] {processor.py:208} INFO - Processing /home/airflow/.local/lib/python3.12/site-packages/airflow/example_dags/example_bash_operator.py took 0.095 seconds
[2024-11-20T07:31:28.690+0000] {processor.py:186} INFO - Started process (PID=513) to work on /home/airflow/.local/lib/python3.12/site-packages/airflow/example_dags/example_bash_operator.py
[2024-11-20T07:31:28.691+0000] {processor.py:914} INFO - Processing file /home/airflow/.local/lib/python3.12/site-packages/airflow/example_dags/example_bash_operator.py for tasks to queue
[2024-11-20T07:31:28.694+0000] {logging_mixin.py:190} INFO - [2024-11-20T07:31:28.694+0000] {dagbag.py:588} INFO - Filling up the DagBag from /home/airflow/.local/lib/python3.12/site-packages/airflow/example_dags/example_bash_operator.py
[2024-11-20T07:31:28.710+0000] {processor.py:925} INFO - DAG(s) 'example_bash_operator' retrieved from /home/airflow/.local/lib/python3.12/site-packages/airflow/example_dags/example_bash_operator.py
[2024-11-20T07:31:28.755+0000] {logging_mixin.py:190} INFO - [2024-11-20T07:31:28.755+0000] {dag.py:3239} INFO - Sync 1 DAGs
[2024-11-20T07:31:28.797+0000] {logging_mixin.py:190} INFO - [2024-11-20T07:31:28.797+0000] {dag.py:4180} INFO - Setting next_dagrun for example_bash_operator to 2024-11-19 00:00:00+00:00, run_after=2024-11-20 00:00:00+00:00
[2024-11-20T07:31:28.831+0000] {processor.py:208} INFO - Processing /home/airflow/.local/lib/python3.12/site-packages/airflow/example_dags/example_bash_operator.py took 0.149 seconds
[2024-11-20T07:31:59.423+0000] {processor.py:186} INFO - Started process (PID=578) to work on /home/airflow/.local/lib/python3.12/site-packages/airflow/example_dags/example_bash_operator.py
[2024-11-20T07:31:59.424+0000] {processor.py:914} INFO - Processing file /home/airflow/.local/lib/python3.12/site-packages/airflow/example_dags/example_bash_operator.py for tasks to queue
[2024-11-20T07:31:59.427+0000] {logging_mixin.py:190} INFO - [2024-11-20T07:31:59.427+0000] {dagbag.py:588} INFO - Filling up the DagBag from /home/airflow/.local/lib/python3.12/site-packages/airflow/example_dags/example_bash_operator.py
[2024-11-20T07:31:59.441+0000] {processor.py:925} INFO - DAG(s) 'example_bash_operator' retrieved from /home/airflow/.local/lib/python3.12/site-packages/airflow/example_dags/example_bash_operator.py
[2024-11-20T07:31:59.472+0000] {logging_mixin.py:190} INFO - [2024-11-20T07:31:59.472+0000] {dag.py:3239} INFO - Sync 1 DAGs
[2024-11-20T07:31:59.503+0000] {logging_mixin.py:190} INFO - [2024-11-20T07:31:59.503+0000] {dag.py:4180} INFO - Setting next_dagrun for example_bash_operator to 2024-11-19 00:00:00+00:00, run_after=2024-11-20 00:00:00+00:00
[2024-11-20T07:31:59.524+0000] {processor.py:208} INFO - Processing /home/airflow/.local/lib/python3.12/site-packages/airflow/example_dags/example_bash_operator.py took 0.106 seconds
[2024-11-20T07:32:30.190+0000] {processor.py:186} INFO - Started process (PID=644) to work on /home/airflow/.local/lib/python3.12/site-packages/airflow/example_dags/example_bash_operator.py
[2024-11-20T07:32:30.191+0000] {processor.py:914} INFO - Processing file /home/airflow/.local/lib/python3.12/site-packages/airflow/example_dags/example_bash_operator.py for tasks to queue
[2024-11-20T07:32:30.194+0000] {logging_mixin.py:190} INFO - [2024-11-20T07:32:30.194+0000] {dagbag.py:588} INFO - Filling up the DagBag from /home/airflow/.local/lib/python3.12/site-packages/airflow/example_dags/example_bash_operator.py
[2024-11-20T07:32:30.212+0000] {processor.py:925} INFO - DAG(s) 'example_bash_operator' retrieved from /home/airflow/.local/lib/python3.12/site-packages/airflow/example_dags/example_bash_operator.py
[2024-11-20T07:32:30.248+0000] {logging_mixin.py:190} INFO - [2024-11-20T07:32:30.248+0000] {dag.py:3239} INFO - Sync 1 DAGs
[2024-11-20T07:32:30.280+0000] {logging_mixin.py:190} INFO - [2024-11-20T07:32:30.279+0000] {dag.py:4180} INFO - Setting next_dagrun for example_bash_operator to 2024-11-19 00:00:00+00:00, run_after=2024-11-20 00:00:00+00:00
[2024-11-20T07:32:30.302+0000] {processor.py:208} INFO - Processing /home/airflow/.local/lib/python3.12/site-packages/airflow/example_dags/example_bash_operator.py took 0.120 seconds
[2024-11-20T07:33:01.139+0000] {processor.py:186} INFO - Started process (PID=709) to work on /home/airflow/.local/lib/python3.12/site-packages/airflow/example_dags/example_bash_operator.py
[2024-11-20T07:33:01.140+0000] {processor.py:914} INFO - Processing file /home/airflow/.local/lib/python3.12/site-packages/airflow/example_dags/example_bash_operator.py for tasks to queue
[2024-11-20T07:33:01.144+0000] {logging_mixin.py:190} INFO - [2024-11-20T07:33:01.143+0000] {dagbag.py:588} INFO - Filling up the DagBag from /home/airflow/.local/lib/python3.12/site-packages/airflow/example_dags/example_bash_operator.py
[2024-11-20T07:33:01.161+0000] {processor.py:925} INFO - DAG(s) 'example_bash_operator' retrieved from /home/airflow/.local/lib/python3.12/site-packages/airflow/example_dags/example_bash_operator.py
[2024-11-20T07:33:01.194+0000] {logging_mixin.py:190} INFO - [2024-11-20T07:33:01.193+0000] {dag.py:3239} INFO - Sync 1 DAGs
[2024-11-20T07:33:01.222+0000] {logging_mixin.py:190} INFO - [2024-11-20T07:33:01.221+0000] {dag.py:4180} INFO - Setting next_dagrun for example_bash_operator to 2024-11-19 00:00:00+00:00, run_after=2024-11-20 00:00:00+00:00
[2024-11-20T07:33:01.251+0000] {processor.py:208} INFO - Processing /home/airflow/.local/lib/python3.12/site-packages/airflow/example_dags/example_bash_operator.py took 0.119 seconds
[2024-11-20T07:33:31.755+0000] {processor.py:186} INFO - Started process (PID=774) to work on /home/airflow/.local/lib/python3.12/site-packages/airflow/example_dags/example_bash_operator.py
[2024-11-20T07:33:31.756+0000] {processor.py:914} INFO - Processing file /home/airflow/.local/lib/python3.12/site-packages/airflow/example_dags/example_bash_operator.py for tasks to queue
[2024-11-20T07:33:31.758+0000] {logging_mixin.py:190} INFO - [2024-11-20T07:33:31.758+0000] {dagbag.py:588} INFO - Filling up the DagBag from /home/airflow/.local/lib/python3.12/site-packages/airflow/example_dags/example_bash_operator.py
[2024-11-20T07:33:31.771+0000] {processor.py:925} INFO - DAG(s) 'example_bash_operator' retrieved from /home/airflow/.local/lib/python3.12/site-packages/airflow/example_dags/example_bash_operator.py
[2024-11-20T07:33:31.808+0000] {logging_mixin.py:190} INFO - [2024-11-20T07:33:31.807+0000] {dag.py:3239} INFO - Sync 1 DAGs
[2024-11-20T07:33:31.838+0000] {logging_mixin.py:190} INFO - [2024-11-20T07:33:31.837+0000] {dag.py:4180} INFO - Setting next_dagrun for example_bash_operator to 2024-11-19 00:00:00+00:00, run_after=2024-11-20 00:00:00+00:00
[2024-11-20T07:33:31.873+0000] {processor.py:208} INFO - Processing /home/airflow/.local/lib/python3.12/site-packages/airflow/example_dags/example_bash_operator.py took 0.124 seconds
