[2024-11-20T07:26:13.606+0000] {processor.py:186} INFO - Started process (PID=149) to work on /home/airflow/.local/lib/python3.12/site-packages/airflow/example_dags/example_params_trigger_ui.py
[2024-11-20T07:26:13.608+0000] {processor.py:914} INFO - Processing file /home/airflow/.local/lib/python3.12/site-packages/airflow/example_dags/example_params_trigger_ui.py for tasks to queue
[2024-11-20T07:26:13.611+0000] {logging_mixin.py:190} INFO - [2024-11-20T07:26:13.611+0000] {dagbag.py:588} INFO - Filling up the DagBag from /home/airflow/.local/lib/python3.12/site-packages/airflow/example_dags/example_params_trigger_ui.py
[2024-11-20T07:26:13.631+0000] {processor.py:925} INFO - DAG(s) 'example_params_trigger_ui' retrieved from /home/airflow/.local/lib/python3.12/site-packages/airflow/example_dags/example_params_trigger_ui.py
[2024-11-20T07:26:13.850+0000] {logging_mixin.py:190} INFO - [2024-11-20T07:26:13.845+0000] {override.py:1911} INFO - Created Permission View: can delete on DAG:example_params_trigger_ui
[2024-11-20T07:26:13.865+0000] {logging_mixin.py:190} INFO - [2024-11-20T07:26:13.864+0000] {override.py:1911} INFO - Created Permission View: can read on DAG:example_params_trigger_ui
[2024-11-20T07:26:13.873+0000] {logging_mixin.py:190} INFO - [2024-11-20T07:26:13.873+0000] {override.py:1911} INFO - Created Permission View: can edit on DAG:example_params_trigger_ui
[2024-11-20T07:26:13.886+0000] {logging_mixin.py:190} INFO - [2024-11-20T07:26:13.885+0000] {override.py:1911} INFO - Created Permission View: can delete on DAG Run:example_params_trigger_ui
[2024-11-20T07:26:13.898+0000] {logging_mixin.py:190} INFO - [2024-11-20T07:26:13.897+0000] {override.py:1911} INFO - Created Permission View: can read on DAG Run:example_params_trigger_ui
[2024-11-20T07:26:13.909+0000] {logging_mixin.py:190} INFO - [2024-11-20T07:26:13.908+0000] {override.py:1911} INFO - Created Permission View: menu access on DAG Run:example_params_trigger_ui
[2024-11-20T07:26:13.921+0000] {logging_mixin.py:190} INFO - [2024-11-20T07:26:13.920+0000] {override.py:1911} INFO - Created Permission View: can create on DAG Run:example_params_trigger_ui
[2024-11-20T07:26:13.922+0000] {logging_mixin.py:190} INFO - [2024-11-20T07:26:13.922+0000] {dag.py:3239} INFO - Sync 1 DAGs
[2024-11-20T07:26:13.943+0000] {logging_mixin.py:190} INFO - [2024-11-20T07:26:13.942+0000] {dag.py:3262} INFO - Creating ORM DAG for example_params_trigger_ui
[2024-11-20T07:26:13.945+0000] {logging_mixin.py:190} INFO - [2024-11-20T07:26:13.944+0000] {dag.py:4180} INFO - Setting next_dagrun for example_params_trigger_ui to None, run_after=None
[2024-11-20T07:26:13.975+0000] {processor.py:208} INFO - Processing /home/airflow/.local/lib/python3.12/site-packages/airflow/example_dags/example_params_trigger_ui.py took 0.379 seconds
[2024-11-20T07:26:44.071+0000] {processor.py:186} INFO - Started process (PID=214) to work on /home/airflow/.local/lib/python3.12/site-packages/airflow/example_dags/example_params_trigger_ui.py
[2024-11-20T07:26:44.073+0000] {processor.py:914} INFO - Processing file /home/airflow/.local/lib/python3.12/site-packages/airflow/example_dags/example_params_trigger_ui.py for tasks to queue
[2024-11-20T07:26:44.077+0000] {logging_mixin.py:190} INFO - [2024-11-20T07:26:44.077+0000] {dagbag.py:588} INFO - Filling up the DagBag from /home/airflow/.local/lib/python3.12/site-packages/airflow/example_dags/example_params_trigger_ui.py
[2024-11-20T07:26:44.095+0000] {processor.py:925} INFO - DAG(s) 'example_params_trigger_ui' retrieved from /home/airflow/.local/lib/python3.12/site-packages/airflow/example_dags/example_params_trigger_ui.py
[2024-11-20T07:26:44.160+0000] {logging_mixin.py:190} INFO - [2024-11-20T07:26:44.160+0000] {dag.py:3239} INFO - Sync 1 DAGs
[2024-11-20T07:26:44.178+0000] {logging_mixin.py:190} INFO - [2024-11-20T07:26:44.178+0000] {dag.py:4180} INFO - Setting next_dagrun for example_params_trigger_ui to None, run_after=None
[2024-11-20T07:26:44.204+0000] {processor.py:208} INFO - Processing /home/airflow/.local/lib/python3.12/site-packages/airflow/example_dags/example_params_trigger_ui.py took 0.139 seconds
[2024-11-20T07:28:29.029+0000] {processor.py:186} INFO - Started process (PID=149) to work on /home/airflow/.local/lib/python3.12/site-packages/airflow/example_dags/example_params_trigger_ui.py
[2024-11-20T07:28:29.030+0000] {processor.py:914} INFO - Processing file /home/airflow/.local/lib/python3.12/site-packages/airflow/example_dags/example_params_trigger_ui.py for tasks to queue
[2024-11-20T07:28:29.033+0000] {logging_mixin.py:190} INFO - [2024-11-20T07:28:29.033+0000] {dagbag.py:588} INFO - Filling up the DagBag from /home/airflow/.local/lib/python3.12/site-packages/airflow/example_dags/example_params_trigger_ui.py
[2024-11-20T07:28:29.050+0000] {processor.py:925} INFO - DAG(s) 'example_params_trigger_ui' retrieved from /home/airflow/.local/lib/python3.12/site-packages/airflow/example_dags/example_params_trigger_ui.py
[2024-11-20T07:28:29.103+0000] {logging_mixin.py:190} INFO - [2024-11-20T07:28:29.103+0000] {dag.py:3239} INFO - Sync 1 DAGs
[2024-11-20T07:28:29.122+0000] {logging_mixin.py:190} INFO - [2024-11-20T07:28:29.122+0000] {dag.py:4180} INFO - Setting next_dagrun for example_params_trigger_ui to None, run_after=None
[2024-11-20T07:28:29.146+0000] {processor.py:208} INFO - Processing /home/airflow/.local/lib/python3.12/site-packages/airflow/example_dags/example_params_trigger_ui.py took 0.122 seconds
[2024-11-20T07:29:00.585+0000] {processor.py:186} INFO - Started process (PID=214) to work on /home/airflow/.local/lib/python3.12/site-packages/airflow/example_dags/example_params_trigger_ui.py
[2024-11-20T07:29:00.586+0000] {processor.py:914} INFO - Processing file /home/airflow/.local/lib/python3.12/site-packages/airflow/example_dags/example_params_trigger_ui.py for tasks to queue
[2024-11-20T07:29:00.588+0000] {logging_mixin.py:190} INFO - [2024-11-20T07:29:00.588+0000] {dagbag.py:588} INFO - Filling up the DagBag from /home/airflow/.local/lib/python3.12/site-packages/airflow/example_dags/example_params_trigger_ui.py
[2024-11-20T07:29:00.601+0000] {processor.py:925} INFO - DAG(s) 'example_params_trigger_ui' retrieved from /home/airflow/.local/lib/python3.12/site-packages/airflow/example_dags/example_params_trigger_ui.py
[2024-11-20T07:29:00.644+0000] {logging_mixin.py:190} INFO - [2024-11-20T07:29:00.644+0000] {dag.py:3239} INFO - Sync 1 DAGs
[2024-11-20T07:29:00.659+0000] {logging_mixin.py:190} INFO - [2024-11-20T07:29:00.659+0000] {dag.py:4180} INFO - Setting next_dagrun for example_params_trigger_ui to None, run_after=None
[2024-11-20T07:29:00.681+0000] {processor.py:208} INFO - Processing /home/airflow/.local/lib/python3.12/site-packages/airflow/example_dags/example_params_trigger_ui.py took 0.102 seconds
[2024-11-20T07:29:31.657+0000] {processor.py:186} INFO - Started process (PID=279) to work on /home/airflow/.local/lib/python3.12/site-packages/airflow/example_dags/example_params_trigger_ui.py
[2024-11-20T07:29:31.659+0000] {processor.py:914} INFO - Processing file /home/airflow/.local/lib/python3.12/site-packages/airflow/example_dags/example_params_trigger_ui.py for tasks to queue
[2024-11-20T07:29:31.662+0000] {logging_mixin.py:190} INFO - [2024-11-20T07:29:31.661+0000] {dagbag.py:588} INFO - Filling up the DagBag from /home/airflow/.local/lib/python3.12/site-packages/airflow/example_dags/example_params_trigger_ui.py
[2024-11-20T07:29:31.674+0000] {processor.py:925} INFO - DAG(s) 'example_params_trigger_ui' retrieved from /home/airflow/.local/lib/python3.12/site-packages/airflow/example_dags/example_params_trigger_ui.py
[2024-11-20T07:29:31.735+0000] {logging_mixin.py:190} INFO - [2024-11-20T07:29:31.734+0000] {dag.py:3239} INFO - Sync 1 DAGs
[2024-11-20T07:29:31.751+0000] {logging_mixin.py:190} INFO - [2024-11-20T07:29:31.750+0000] {dag.py:4180} INFO - Setting next_dagrun for example_params_trigger_ui to None, run_after=None
[2024-11-20T07:29:31.776+0000] {processor.py:208} INFO - Processing /home/airflow/.local/lib/python3.12/site-packages/airflow/example_dags/example_params_trigger_ui.py took 0.126 seconds
[2024-11-20T07:30:02.596+0000] {processor.py:186} INFO - Started process (PID=344) to work on /home/airflow/.local/lib/python3.12/site-packages/airflow/example_dags/example_params_trigger_ui.py
[2024-11-20T07:30:02.597+0000] {processor.py:914} INFO - Processing file /home/airflow/.local/lib/python3.12/site-packages/airflow/example_dags/example_params_trigger_ui.py for tasks to queue
[2024-11-20T07:30:02.599+0000] {logging_mixin.py:190} INFO - [2024-11-20T07:30:02.598+0000] {dagbag.py:588} INFO - Filling up the DagBag from /home/airflow/.local/lib/python3.12/site-packages/airflow/example_dags/example_params_trigger_ui.py
[2024-11-20T07:30:02.610+0000] {processor.py:925} INFO - DAG(s) 'example_params_trigger_ui' retrieved from /home/airflow/.local/lib/python3.12/site-packages/airflow/example_dags/example_params_trigger_ui.py
[2024-11-20T07:30:02.668+0000] {logging_mixin.py:190} INFO - [2024-11-20T07:30:02.667+0000] {dag.py:3239} INFO - Sync 1 DAGs
[2024-11-20T07:30:02.684+0000] {logging_mixin.py:190} INFO - [2024-11-20T07:30:02.684+0000] {dag.py:4180} INFO - Setting next_dagrun for example_params_trigger_ui to None, run_after=None
[2024-11-20T07:30:02.704+0000] {processor.py:208} INFO - Processing /home/airflow/.local/lib/python3.12/site-packages/airflow/example_dags/example_params_trigger_ui.py took 0.114 seconds
[2024-11-20T07:30:34.944+0000] {processor.py:186} INFO - Started process (PID=409) to work on /home/airflow/.local/lib/python3.12/site-packages/airflow/example_dags/example_params_trigger_ui.py
[2024-11-20T07:30:34.945+0000] {processor.py:914} INFO - Processing file /home/airflow/.local/lib/python3.12/site-packages/airflow/example_dags/example_params_trigger_ui.py for tasks to queue
[2024-11-20T07:30:34.947+0000] {logging_mixin.py:190} INFO - [2024-11-20T07:30:34.947+0000] {dagbag.py:588} INFO - Filling up the DagBag from /home/airflow/.local/lib/python3.12/site-packages/airflow/example_dags/example_params_trigger_ui.py
[2024-11-20T07:30:34.959+0000] {processor.py:925} INFO - DAG(s) 'example_params_trigger_ui' retrieved from /home/airflow/.local/lib/python3.12/site-packages/airflow/example_dags/example_params_trigger_ui.py
[2024-11-20T07:30:35.010+0000] {logging_mixin.py:190} INFO - [2024-11-20T07:30:35.010+0000] {dag.py:3239} INFO - Sync 1 DAGs
[2024-11-20T07:30:35.030+0000] {logging_mixin.py:190} INFO - [2024-11-20T07:30:35.029+0000] {dag.py:4180} INFO - Setting next_dagrun for example_params_trigger_ui to None, run_after=None
[2024-11-20T07:30:35.055+0000] {processor.py:208} INFO - Processing /home/airflow/.local/lib/python3.12/site-packages/airflow/example_dags/example_params_trigger_ui.py took 0.117 seconds
[2024-11-20T07:31:05.827+0000] {processor.py:186} INFO - Started process (PID=474) to work on /home/airflow/.local/lib/python3.12/site-packages/airflow/example_dags/example_params_trigger_ui.py
[2024-11-20T07:31:05.829+0000] {processor.py:914} INFO - Processing file /home/airflow/.local/lib/python3.12/site-packages/airflow/example_dags/example_params_trigger_ui.py for tasks to queue
[2024-11-20T07:31:05.832+0000] {logging_mixin.py:190} INFO - [2024-11-20T07:31:05.831+0000] {dagbag.py:588} INFO - Filling up the DagBag from /home/airflow/.local/lib/python3.12/site-packages/airflow/example_dags/example_params_trigger_ui.py
[2024-11-20T07:31:05.848+0000] {processor.py:925} INFO - DAG(s) 'example_params_trigger_ui' retrieved from /home/airflow/.local/lib/python3.12/site-packages/airflow/example_dags/example_params_trigger_ui.py
[2024-11-20T07:31:05.917+0000] {logging_mixin.py:190} INFO - [2024-11-20T07:31:05.916+0000] {dag.py:3239} INFO - Sync 1 DAGs
[2024-11-20T07:31:05.938+0000] {logging_mixin.py:190} INFO - [2024-11-20T07:31:05.937+0000] {dag.py:4180} INFO - Setting next_dagrun for example_params_trigger_ui to None, run_after=None
[2024-11-20T07:31:05.962+0000] {processor.py:208} INFO - Processing /home/airflow/.local/lib/python3.12/site-packages/airflow/example_dags/example_params_trigger_ui.py took 0.143 seconds
[2024-11-20T07:31:37.674+0000] {processor.py:186} INFO - Started process (PID=539) to work on /home/airflow/.local/lib/python3.12/site-packages/airflow/example_dags/example_params_trigger_ui.py
[2024-11-20T07:31:37.675+0000] {processor.py:914} INFO - Processing file /home/airflow/.local/lib/python3.12/site-packages/airflow/example_dags/example_params_trigger_ui.py for tasks to queue
[2024-11-20T07:31:37.678+0000] {logging_mixin.py:190} INFO - [2024-11-20T07:31:37.678+0000] {dagbag.py:588} INFO - Filling up the DagBag from /home/airflow/.local/lib/python3.12/site-packages/airflow/example_dags/example_params_trigger_ui.py
[2024-11-20T07:31:37.690+0000] {processor.py:925} INFO - DAG(s) 'example_params_trigger_ui' retrieved from /home/airflow/.local/lib/python3.12/site-packages/airflow/example_dags/example_params_trigger_ui.py
[2024-11-20T07:31:37.748+0000] {logging_mixin.py:190} INFO - [2024-11-20T07:31:37.748+0000] {dag.py:3239} INFO - Sync 1 DAGs
[2024-11-20T07:31:37.769+0000] {logging_mixin.py:190} INFO - [2024-11-20T07:31:37.769+0000] {dag.py:4180} INFO - Setting next_dagrun for example_params_trigger_ui to None, run_after=None
[2024-11-20T07:31:37.794+0000] {processor.py:208} INFO - Processing /home/airflow/.local/lib/python3.12/site-packages/airflow/example_dags/example_params_trigger_ui.py took 0.127 seconds
[2024-11-20T07:32:09.584+0000] {processor.py:186} INFO - Started process (PID=604) to work on /home/airflow/.local/lib/python3.12/site-packages/airflow/example_dags/example_params_trigger_ui.py
[2024-11-20T07:32:09.586+0000] {processor.py:914} INFO - Processing file /home/airflow/.local/lib/python3.12/site-packages/airflow/example_dags/example_params_trigger_ui.py for tasks to queue
[2024-11-20T07:32:09.589+0000] {logging_mixin.py:190} INFO - [2024-11-20T07:32:09.588+0000] {dagbag.py:588} INFO - Filling up the DagBag from /home/airflow/.local/lib/python3.12/site-packages/airflow/example_dags/example_params_trigger_ui.py
[2024-11-20T07:32:09.602+0000] {processor.py:925} INFO - DAG(s) 'example_params_trigger_ui' retrieved from /home/airflow/.local/lib/python3.12/site-packages/airflow/example_dags/example_params_trigger_ui.py
[2024-11-20T07:32:09.664+0000] {logging_mixin.py:190} INFO - [2024-11-20T07:32:09.664+0000] {dag.py:3239} INFO - Sync 1 DAGs
[2024-11-20T07:32:09.690+0000] {logging_mixin.py:190} INFO - [2024-11-20T07:32:09.689+0000] {dag.py:4180} INFO - Setting next_dagrun for example_params_trigger_ui to None, run_after=None
[2024-11-20T07:32:09.728+0000] {processor.py:208} INFO - Processing /home/airflow/.local/lib/python3.12/site-packages/airflow/example_dags/example_params_trigger_ui.py took 0.150 seconds
[2024-11-20T07:32:41.003+0000] {processor.py:186} INFO - Started process (PID=670) to work on /home/airflow/.local/lib/python3.12/site-packages/airflow/example_dags/example_params_trigger_ui.py
[2024-11-20T07:32:41.004+0000] {processor.py:914} INFO - Processing file /home/airflow/.local/lib/python3.12/site-packages/airflow/example_dags/example_params_trigger_ui.py for tasks to queue
[2024-11-20T07:32:41.008+0000] {logging_mixin.py:190} INFO - [2024-11-20T07:32:41.007+0000] {dagbag.py:588} INFO - Filling up the DagBag from /home/airflow/.local/lib/python3.12/site-packages/airflow/example_dags/example_params_trigger_ui.py
[2024-11-20T07:32:41.022+0000] {processor.py:925} INFO - DAG(s) 'example_params_trigger_ui' retrieved from /home/airflow/.local/lib/python3.12/site-packages/airflow/example_dags/example_params_trigger_ui.py
[2024-11-20T07:32:41.083+0000] {logging_mixin.py:190} INFO - [2024-11-20T07:32:41.083+0000] {dag.py:3239} INFO - Sync 1 DAGs
[2024-11-20T07:32:41.108+0000] {logging_mixin.py:190} INFO - [2024-11-20T07:32:41.107+0000] {dag.py:4180} INFO - Setting next_dagrun for example_params_trigger_ui to None, run_after=None
[2024-11-20T07:32:41.132+0000] {processor.py:208} INFO - Processing /home/airflow/.local/lib/python3.12/site-packages/airflow/example_dags/example_params_trigger_ui.py took 0.136 seconds
[2024-11-20T07:33:12.649+0000] {processor.py:186} INFO - Started process (PID=735) to work on /home/airflow/.local/lib/python3.12/site-packages/airflow/example_dags/example_params_trigger_ui.py
[2024-11-20T07:33:12.650+0000] {processor.py:914} INFO - Processing file /home/airflow/.local/lib/python3.12/site-packages/airflow/example_dags/example_params_trigger_ui.py for tasks to queue
[2024-11-20T07:33:12.654+0000] {logging_mixin.py:190} INFO - [2024-11-20T07:33:12.653+0000] {dagbag.py:588} INFO - Filling up the DagBag from /home/airflow/.local/lib/python3.12/site-packages/airflow/example_dags/example_params_trigger_ui.py
[2024-11-20T07:33:12.668+0000] {processor.py:925} INFO - DAG(s) 'example_params_trigger_ui' retrieved from /home/airflow/.local/lib/python3.12/site-packages/airflow/example_dags/example_params_trigger_ui.py
[2024-11-20T07:33:12.733+0000] {logging_mixin.py:190} INFO - [2024-11-20T07:33:12.733+0000] {dag.py:3239} INFO - Sync 1 DAGs
[2024-11-20T07:33:12.752+0000] {logging_mixin.py:190} INFO - [2024-11-20T07:33:12.752+0000] {dag.py:4180} INFO - Setting next_dagrun for example_params_trigger_ui to None, run_after=None
[2024-11-20T07:33:12.778+0000] {processor.py:208} INFO - Processing /home/airflow/.local/lib/python3.12/site-packages/airflow/example_dags/example_params_trigger_ui.py took 0.137 seconds
