[2024-11-20T07:26:13.604+0000] {processor.py:186} INFO - Started process (PID=148) to work on /home/airflow/.local/lib/python3.12/site-packages/airflow/example_dags/example_xcom.py
[2024-11-20T07:26:13.606+0000] {processor.py:914} INFO - Processing file /home/airflow/.local/lib/python3.12/site-packages/airflow/example_dags/example_xcom.py for tasks to queue
[2024-11-20T07:26:13.609+0000] {logging_mixin.py:190} INFO - [2024-11-20T07:26:13.609+0000] {dagbag.py:588} INFO - Filling up the DagBag from /home/airflow/.local/lib/python3.12/site-packages/airflow/example_dags/example_xcom.py
[2024-11-20T07:26:13.624+0000] {processor.py:925} INFO - DAG(s) 'example_xcom' retrieved from /home/airflow/.local/lib/python3.12/site-packages/airflow/example_dags/example_xcom.py
[2024-11-20T07:26:13.807+0000] {logging_mixin.py:190} INFO - [2024-11-20T07:26:13.806+0000] {override.py:1911} INFO - Created Permission View: can delete on DAG:example_xcom
[2024-11-20T07:26:13.827+0000] {logging_mixin.py:190} INFO - [2024-11-20T07:26:13.827+0000] {override.py:1911} INFO - Created Permission View: can read on DAG:example_xcom
[2024-11-20T07:26:13.838+0000] {logging_mixin.py:190} INFO - [2024-11-20T07:26:13.838+0000] {override.py:1911} INFO - Created Permission View: can edit on DAG:example_xcom
[2024-11-20T07:26:13.850+0000] {logging_mixin.py:190} INFO - [2024-11-20T07:26:13.849+0000] {override.py:1911} INFO - Created Permission View: can delete on DAG Run:example_xcom
[2024-11-20T07:26:13.860+0000] {logging_mixin.py:190} INFO - [2024-11-20T07:26:13.859+0000] {override.py:1911} INFO - Created Permission View: can read on DAG Run:example_xcom
[2024-11-20T07:26:13.870+0000] {logging_mixin.py:190} INFO - [2024-11-20T07:26:13.869+0000] {override.py:1911} INFO - Created Permission View: menu access on DAG Run:example_xcom
[2024-11-20T07:26:13.879+0000] {logging_mixin.py:190} INFO - [2024-11-20T07:26:13.879+0000] {override.py:1911} INFO - Created Permission View: can create on DAG Run:example_xcom
[2024-11-20T07:26:13.881+0000] {logging_mixin.py:190} INFO - [2024-11-20T07:26:13.880+0000] {dag.py:3239} INFO - Sync 1 DAGs
[2024-11-20T07:26:13.901+0000] {logging_mixin.py:190} INFO - [2024-11-20T07:26:13.900+0000] {dag.py:3262} INFO - Creating ORM DAG for example_xcom
[2024-11-20T07:26:13.916+0000] {logging_mixin.py:190} INFO - [2024-11-20T07:26:13.916+0000] {dag.py:4180} INFO - Setting next_dagrun for example_xcom to 2021-01-01 00:00:00+00:00, run_after=2021-01-01 00:00:00+00:00
[2024-11-20T07:26:13.945+0000] {processor.py:208} INFO - Processing /home/airflow/.local/lib/python3.12/site-packages/airflow/example_dags/example_xcom.py took 0.350 seconds
[2024-11-20T07:26:44.071+0000] {processor.py:186} INFO - Started process (PID=213) to work on /home/airflow/.local/lib/python3.12/site-packages/airflow/example_dags/example_xcom.py
[2024-11-20T07:26:44.073+0000] {processor.py:914} INFO - Processing file /home/airflow/.local/lib/python3.12/site-packages/airflow/example_dags/example_xcom.py for tasks to queue
[2024-11-20T07:26:44.076+0000] {logging_mixin.py:190} INFO - [2024-11-20T07:26:44.076+0000] {dagbag.py:588} INFO - Filling up the DagBag from /home/airflow/.local/lib/python3.12/site-packages/airflow/example_dags/example_xcom.py
[2024-11-20T07:26:44.091+0000] {processor.py:925} INFO - DAG(s) 'example_xcom' retrieved from /home/airflow/.local/lib/python3.12/site-packages/airflow/example_dags/example_xcom.py
[2024-11-20T07:26:44.121+0000] {logging_mixin.py:190} INFO - [2024-11-20T07:26:44.121+0000] {dag.py:3239} INFO - Sync 1 DAGs
[2024-11-20T07:26:44.156+0000] {logging_mixin.py:190} INFO - [2024-11-20T07:26:44.156+0000] {dag.py:4180} INFO - Setting next_dagrun for example_xcom to 2021-01-01 00:00:00+00:00, run_after=2021-01-01 00:00:00+00:00
[2024-11-20T07:26:44.182+0000] {processor.py:208} INFO - Processing /home/airflow/.local/lib/python3.12/site-packages/airflow/example_dags/example_xcom.py took 0.119 seconds
[2024-11-20T07:28:28.923+0000] {processor.py:186} INFO - Started process (PID=148) to work on /home/airflow/.local/lib/python3.12/site-packages/airflow/example_dags/example_xcom.py
[2024-11-20T07:28:28.924+0000] {processor.py:914} INFO - Processing file /home/airflow/.local/lib/python3.12/site-packages/airflow/example_dags/example_xcom.py for tasks to queue
[2024-11-20T07:28:28.928+0000] {logging_mixin.py:190} INFO - [2024-11-20T07:28:28.927+0000] {dagbag.py:588} INFO - Filling up the DagBag from /home/airflow/.local/lib/python3.12/site-packages/airflow/example_dags/example_xcom.py
[2024-11-20T07:28:28.939+0000] {processor.py:925} INFO - DAG(s) 'example_xcom' retrieved from /home/airflow/.local/lib/python3.12/site-packages/airflow/example_dags/example_xcom.py
[2024-11-20T07:28:28.967+0000] {logging_mixin.py:190} INFO - [2024-11-20T07:28:28.967+0000] {dag.py:3239} INFO - Sync 1 DAGs
[2024-11-20T07:28:28.997+0000] {logging_mixin.py:190} INFO - [2024-11-20T07:28:28.996+0000] {dag.py:4180} INFO - Setting next_dagrun for example_xcom to 2021-01-01 00:00:00+00:00, run_after=2021-01-01 00:00:00+00:00
[2024-11-20T07:28:29.021+0000] {processor.py:208} INFO - Processing /home/airflow/.local/lib/python3.12/site-packages/airflow/example_dags/example_xcom.py took 0.104 seconds
[2024-11-20T07:29:00.438+0000] {processor.py:186} INFO - Started process (PID=213) to work on /home/airflow/.local/lib/python3.12/site-packages/airflow/example_dags/example_xcom.py
[2024-11-20T07:29:00.439+0000] {processor.py:914} INFO - Processing file /home/airflow/.local/lib/python3.12/site-packages/airflow/example_dags/example_xcom.py for tasks to queue
[2024-11-20T07:29:00.441+0000] {logging_mixin.py:190} INFO - [2024-11-20T07:29:00.441+0000] {dagbag.py:588} INFO - Filling up the DagBag from /home/airflow/.local/lib/python3.12/site-packages/airflow/example_dags/example_xcom.py
[2024-11-20T07:29:00.450+0000] {processor.py:925} INFO - DAG(s) 'example_xcom' retrieved from /home/airflow/.local/lib/python3.12/site-packages/airflow/example_dags/example_xcom.py
[2024-11-20T07:29:00.474+0000] {logging_mixin.py:190} INFO - [2024-11-20T07:29:00.474+0000] {dag.py:3239} INFO - Sync 1 DAGs
[2024-11-20T07:29:00.502+0000] {logging_mixin.py:190} INFO - [2024-11-20T07:29:00.502+0000] {dag.py:4180} INFO - Setting next_dagrun for example_xcom to 2021-01-01 00:00:00+00:00, run_after=2021-01-01 00:00:00+00:00
[2024-11-20T07:29:00.527+0000] {processor.py:208} INFO - Processing /home/airflow/.local/lib/python3.12/site-packages/airflow/example_dags/example_xcom.py took 0.095 seconds
[2024-11-20T07:29:31.590+0000] {processor.py:186} INFO - Started process (PID=278) to work on /home/airflow/.local/lib/python3.12/site-packages/airflow/example_dags/example_xcom.py
[2024-11-20T07:29:31.591+0000] {processor.py:914} INFO - Processing file /home/airflow/.local/lib/python3.12/site-packages/airflow/example_dags/example_xcom.py for tasks to queue
[2024-11-20T07:29:31.594+0000] {logging_mixin.py:190} INFO - [2024-11-20T07:29:31.594+0000] {dagbag.py:588} INFO - Filling up the DagBag from /home/airflow/.local/lib/python3.12/site-packages/airflow/example_dags/example_xcom.py
[2024-11-20T07:29:31.608+0000] {processor.py:925} INFO - DAG(s) 'example_xcom' retrieved from /home/airflow/.local/lib/python3.12/site-packages/airflow/example_dags/example_xcom.py
[2024-11-20T07:29:31.636+0000] {logging_mixin.py:190} INFO - [2024-11-20T07:29:31.635+0000] {dag.py:3239} INFO - Sync 1 DAGs
[2024-11-20T07:29:31.665+0000] {logging_mixin.py:190} INFO - [2024-11-20T07:29:31.665+0000] {dag.py:4180} INFO - Setting next_dagrun for example_xcom to 2021-01-01 00:00:00+00:00, run_after=2021-01-01 00:00:00+00:00
[2024-11-20T07:29:31.691+0000] {processor.py:208} INFO - Processing /home/airflow/.local/lib/python3.12/site-packages/airflow/example_dags/example_xcom.py took 0.107 seconds
[2024-11-20T07:30:02.527+0000] {processor.py:186} INFO - Started process (PID=343) to work on /home/airflow/.local/lib/python3.12/site-packages/airflow/example_dags/example_xcom.py
[2024-11-20T07:30:02.528+0000] {processor.py:914} INFO - Processing file /home/airflow/.local/lib/python3.12/site-packages/airflow/example_dags/example_xcom.py for tasks to queue
[2024-11-20T07:30:02.530+0000] {logging_mixin.py:190} INFO - [2024-11-20T07:30:02.530+0000] {dagbag.py:588} INFO - Filling up the DagBag from /home/airflow/.local/lib/python3.12/site-packages/airflow/example_dags/example_xcom.py
[2024-11-20T07:30:02.544+0000] {processor.py:925} INFO - DAG(s) 'example_xcom' retrieved from /home/airflow/.local/lib/python3.12/site-packages/airflow/example_dags/example_xcom.py
[2024-11-20T07:30:02.573+0000] {logging_mixin.py:190} INFO - [2024-11-20T07:30:02.572+0000] {dag.py:3239} INFO - Sync 1 DAGs
[2024-11-20T07:30:02.601+0000] {logging_mixin.py:190} INFO - [2024-11-20T07:30:02.601+0000] {dag.py:4180} INFO - Setting next_dagrun for example_xcom to 2021-01-01 00:00:00+00:00, run_after=2021-01-01 00:00:00+00:00
[2024-11-20T07:30:02.624+0000] {processor.py:208} INFO - Processing /home/airflow/.local/lib/python3.12/site-packages/airflow/example_dags/example_xcom.py took 0.104 seconds
[2024-11-20T07:30:34.785+0000] {processor.py:186} INFO - Started process (PID=408) to work on /home/airflow/.local/lib/python3.12/site-packages/airflow/example_dags/example_xcom.py
[2024-11-20T07:30:34.786+0000] {processor.py:914} INFO - Processing file /home/airflow/.local/lib/python3.12/site-packages/airflow/example_dags/example_xcom.py for tasks to queue
[2024-11-20T07:30:34.790+0000] {logging_mixin.py:190} INFO - [2024-11-20T07:30:34.789+0000] {dagbag.py:588} INFO - Filling up the DagBag from /home/airflow/.local/lib/python3.12/site-packages/airflow/example_dags/example_xcom.py
[2024-11-20T07:30:34.804+0000] {processor.py:925} INFO - DAG(s) 'example_xcom' retrieved from /home/airflow/.local/lib/python3.12/site-packages/airflow/example_dags/example_xcom.py
[2024-11-20T07:30:34.838+0000] {logging_mixin.py:190} INFO - [2024-11-20T07:30:34.837+0000] {dag.py:3239} INFO - Sync 1 DAGs
[2024-11-20T07:30:34.865+0000] {logging_mixin.py:190} INFO - [2024-11-20T07:30:34.865+0000] {dag.py:4180} INFO - Setting next_dagrun for example_xcom to 2021-01-01 00:00:00+00:00, run_after=2021-01-01 00:00:00+00:00
[2024-11-20T07:30:34.886+0000] {processor.py:208} INFO - Processing /home/airflow/.local/lib/python3.12/site-packages/airflow/example_dags/example_xcom.py took 0.111 seconds
[2024-11-20T07:31:05.739+0000] {processor.py:186} INFO - Started process (PID=473) to work on /home/airflow/.local/lib/python3.12/site-packages/airflow/example_dags/example_xcom.py
[2024-11-20T07:31:05.740+0000] {processor.py:914} INFO - Processing file /home/airflow/.local/lib/python3.12/site-packages/airflow/example_dags/example_xcom.py for tasks to queue
[2024-11-20T07:31:05.743+0000] {logging_mixin.py:190} INFO - [2024-11-20T07:31:05.743+0000] {dagbag.py:588} INFO - Filling up the DagBag from /home/airflow/.local/lib/python3.12/site-packages/airflow/example_dags/example_xcom.py
[2024-11-20T07:31:05.759+0000] {processor.py:925} INFO - DAG(s) 'example_xcom' retrieved from /home/airflow/.local/lib/python3.12/site-packages/airflow/example_dags/example_xcom.py
[2024-11-20T07:31:05.784+0000] {logging_mixin.py:190} INFO - [2024-11-20T07:31:05.784+0000] {dag.py:3239} INFO - Sync 1 DAGs
[2024-11-20T07:31:05.819+0000] {logging_mixin.py:190} INFO - [2024-11-20T07:31:05.818+0000] {dag.py:4180} INFO - Setting next_dagrun for example_xcom to 2021-01-01 00:00:00+00:00, run_after=2021-01-01 00:00:00+00:00
[2024-11-20T07:31:05.847+0000] {processor.py:208} INFO - Processing /home/airflow/.local/lib/python3.12/site-packages/airflow/example_dags/example_xcom.py took 0.117 seconds
[2024-11-20T07:31:37.619+0000] {processor.py:186} INFO - Started process (PID=538) to work on /home/airflow/.local/lib/python3.12/site-packages/airflow/example_dags/example_xcom.py
[2024-11-20T07:31:37.620+0000] {processor.py:914} INFO - Processing file /home/airflow/.local/lib/python3.12/site-packages/airflow/example_dags/example_xcom.py for tasks to queue
[2024-11-20T07:31:37.623+0000] {logging_mixin.py:190} INFO - [2024-11-20T07:31:37.623+0000] {dagbag.py:588} INFO - Filling up the DagBag from /home/airflow/.local/lib/python3.12/site-packages/airflow/example_dags/example_xcom.py
[2024-11-20T07:31:37.635+0000] {processor.py:925} INFO - DAG(s) 'example_xcom' retrieved from /home/airflow/.local/lib/python3.12/site-packages/airflow/example_dags/example_xcom.py
[2024-11-20T07:31:37.664+0000] {logging_mixin.py:190} INFO - [2024-11-20T07:31:37.664+0000] {dag.py:3239} INFO - Sync 1 DAGs
[2024-11-20T07:31:37.695+0000] {logging_mixin.py:190} INFO - [2024-11-20T07:31:37.695+0000] {dag.py:4180} INFO - Setting next_dagrun for example_xcom to 2021-01-01 00:00:00+00:00, run_after=2021-01-01 00:00:00+00:00
[2024-11-20T07:31:37.717+0000] {processor.py:208} INFO - Processing /home/airflow/.local/lib/python3.12/site-packages/airflow/example_dags/example_xcom.py took 0.106 seconds
[2024-11-20T07:32:09.422+0000] {processor.py:186} INFO - Started process (PID=603) to work on /home/airflow/.local/lib/python3.12/site-packages/airflow/example_dags/example_xcom.py
[2024-11-20T07:32:09.424+0000] {processor.py:914} INFO - Processing file /home/airflow/.local/lib/python3.12/site-packages/airflow/example_dags/example_xcom.py for tasks to queue
[2024-11-20T07:32:09.427+0000] {logging_mixin.py:190} INFO - [2024-11-20T07:32:09.427+0000] {dagbag.py:588} INFO - Filling up the DagBag from /home/airflow/.local/lib/python3.12/site-packages/airflow/example_dags/example_xcom.py
[2024-11-20T07:32:09.439+0000] {processor.py:925} INFO - DAG(s) 'example_xcom' retrieved from /home/airflow/.local/lib/python3.12/site-packages/airflow/example_dags/example_xcom.py
[2024-11-20T07:32:09.468+0000] {logging_mixin.py:190} INFO - [2024-11-20T07:32:09.467+0000] {dag.py:3239} INFO - Sync 1 DAGs
[2024-11-20T07:32:09.502+0000] {logging_mixin.py:190} INFO - [2024-11-20T07:32:09.502+0000] {dag.py:4180} INFO - Setting next_dagrun for example_xcom to 2021-01-01 00:00:00+00:00, run_after=2021-01-01 00:00:00+00:00
[2024-11-20T07:32:09.527+0000] {processor.py:208} INFO - Processing /home/airflow/.local/lib/python3.12/site-packages/airflow/example_dags/example_xcom.py took 0.112 seconds
[2024-11-20T07:32:40.855+0000] {processor.py:186} INFO - Started process (PID=669) to work on /home/airflow/.local/lib/python3.12/site-packages/airflow/example_dags/example_xcom.py
[2024-11-20T07:32:40.857+0000] {processor.py:914} INFO - Processing file /home/airflow/.local/lib/python3.12/site-packages/airflow/example_dags/example_xcom.py for tasks to queue
[2024-11-20T07:32:40.859+0000] {logging_mixin.py:190} INFO - [2024-11-20T07:32:40.859+0000] {dagbag.py:588} INFO - Filling up the DagBag from /home/airflow/.local/lib/python3.12/site-packages/airflow/example_dags/example_xcom.py
[2024-11-20T07:32:40.870+0000] {processor.py:925} INFO - DAG(s) 'example_xcom' retrieved from /home/airflow/.local/lib/python3.12/site-packages/airflow/example_dags/example_xcom.py
[2024-11-20T07:32:40.897+0000] {logging_mixin.py:190} INFO - [2024-11-20T07:32:40.896+0000] {dag.py:3239} INFO - Sync 1 DAGs
[2024-11-20T07:32:40.923+0000] {logging_mixin.py:190} INFO - [2024-11-20T07:32:40.923+0000] {dag.py:4180} INFO - Setting next_dagrun for example_xcom to 2021-01-01 00:00:00+00:00, run_after=2021-01-01 00:00:00+00:00
[2024-11-20T07:32:40.944+0000] {processor.py:208} INFO - Processing /home/airflow/.local/lib/python3.12/site-packages/airflow/example_dags/example_xcom.py took 0.094 seconds
[2024-11-20T07:33:12.434+0000] {processor.py:186} INFO - Started process (PID=733) to work on /home/airflow/.local/lib/python3.12/site-packages/airflow/example_dags/example_xcom.py
[2024-11-20T07:33:12.436+0000] {processor.py:914} INFO - Processing file /home/airflow/.local/lib/python3.12/site-packages/airflow/example_dags/example_xcom.py for tasks to queue
[2024-11-20T07:33:12.439+0000] {logging_mixin.py:190} INFO - [2024-11-20T07:33:12.438+0000] {dagbag.py:588} INFO - Filling up the DagBag from /home/airflow/.local/lib/python3.12/site-packages/airflow/example_dags/example_xcom.py
[2024-11-20T07:33:12.451+0000] {processor.py:925} INFO - DAG(s) 'example_xcom' retrieved from /home/airflow/.local/lib/python3.12/site-packages/airflow/example_dags/example_xcom.py
[2024-11-20T07:33:12.492+0000] {logging_mixin.py:190} INFO - [2024-11-20T07:33:12.491+0000] {dag.py:3239} INFO - Sync 1 DAGs
[2024-11-20T07:33:12.546+0000] {logging_mixin.py:190} INFO - [2024-11-20T07:33:12.546+0000] {dag.py:4180} INFO - Setting next_dagrun for example_xcom to 2021-01-01 00:00:00+00:00, run_after=2021-01-01 00:00:00+00:00
[2024-11-20T07:33:12.586+0000] {processor.py:208} INFO - Processing /home/airflow/.local/lib/python3.12/site-packages/airflow/example_dags/example_xcom.py took 0.159 seconds
