[2024-11-20T07:26:10.198+0000] {processor.py:186} INFO - Started process (PID=139) to work on /home/airflow/.local/lib/python3.12/site-packages/airflow/example_dags/example_datasets.py
[2024-11-20T07:26:10.200+0000] {processor.py:914} INFO - Processing file /home/airflow/.local/lib/python3.12/site-packages/airflow/example_dags/example_datasets.py for tasks to queue
[2024-11-20T07:26:10.204+0000] {logging_mixin.py:190} INFO - [2024-11-20T07:26:10.203+0000] {dagbag.py:588} INFO - Filling up the DagBag from /home/airflow/.local/lib/python3.12/site-packages/airflow/example_dags/example_datasets.py
[2024-11-20T07:26:11.333+0000] {processor.py:925} INFO - DAG(s) 'dataset_consumes_unknown_never_scheduled', 'consume_1_or_2_with_dataset_expressions', 'consume_1_or_both_2_and_3_with_dataset_expressions', 'dataset_consumes_1', 'conditional_dataset_and_time_based_timetable', 'consume_1_and_2_with_dataset_expressions', 'dataset_consumes_1_and_2', 'dataset_produces_1', 'dataset_consumes_1_never_scheduled', 'dataset_produces_2' retrieved from /home/airflow/.local/lib/python3.12/site-packages/airflow/example_dags/example_datasets.py
[2024-11-20T07:26:11.543+0000] {logging_mixin.py:190} INFO - [2024-11-20T07:26:11.541+0000] {override.py:1911} INFO - Created Permission View: can delete on DAG:dataset_consumes_unknown_never_scheduled
[2024-11-20T07:26:11.567+0000] {logging_mixin.py:190} INFO - [2024-11-20T07:26:11.567+0000] {override.py:1911} INFO - Created Permission View: can read on DAG:dataset_consumes_unknown_never_scheduled
[2024-11-20T07:26:11.581+0000] {logging_mixin.py:190} INFO - [2024-11-20T07:26:11.580+0000] {override.py:1911} INFO - Created Permission View: can edit on DAG:dataset_consumes_unknown_never_scheduled
[2024-11-20T07:26:11.601+0000] {logging_mixin.py:190} INFO - [2024-11-20T07:26:11.600+0000] {override.py:1911} INFO - Created Permission View: can delete on DAG Run:dataset_consumes_unknown_never_scheduled
[2024-11-20T07:26:11.620+0000] {logging_mixin.py:190} INFO - [2024-11-20T07:26:11.619+0000] {override.py:1911} INFO - Created Permission View: can read on DAG Run:dataset_consumes_unknown_never_scheduled
[2024-11-20T07:26:11.631+0000] {logging_mixin.py:190} INFO - [2024-11-20T07:26:11.631+0000] {override.py:1911} INFO - Created Permission View: menu access on DAG Run:dataset_consumes_unknown_never_scheduled
[2024-11-20T07:26:11.646+0000] {logging_mixin.py:190} INFO - [2024-11-20T07:26:11.645+0000] {override.py:1911} INFO - Created Permission View: can create on DAG Run:dataset_consumes_unknown_never_scheduled
[2024-11-20T07:26:11.677+0000] {logging_mixin.py:190} INFO - [2024-11-20T07:26:11.676+0000] {override.py:1911} INFO - Created Permission View: can delete on DAG:consume_1_or_2_with_dataset_expressions
[2024-11-20T07:26:11.690+0000] {logging_mixin.py:190} INFO - [2024-11-20T07:26:11.689+0000] {override.py:1911} INFO - Created Permission View: can read on DAG:consume_1_or_2_with_dataset_expressions
[2024-11-20T07:26:11.704+0000] {logging_mixin.py:190} INFO - [2024-11-20T07:26:11.704+0000] {override.py:1911} INFO - Created Permission View: can edit on DAG:consume_1_or_2_with_dataset_expressions
[2024-11-20T07:26:11.720+0000] {logging_mixin.py:190} INFO - [2024-11-20T07:26:11.720+0000] {override.py:1911} INFO - Created Permission View: can delete on DAG Run:consume_1_or_2_with_dataset_expressions
[2024-11-20T07:26:11.731+0000] {logging_mixin.py:190} INFO - [2024-11-20T07:26:11.730+0000] {override.py:1911} INFO - Created Permission View: can read on DAG Run:consume_1_or_2_with_dataset_expressions
[2024-11-20T07:26:11.744+0000] {logging_mixin.py:190} INFO - [2024-11-20T07:26:11.744+0000] {override.py:1911} INFO - Created Permission View: menu access on DAG Run:consume_1_or_2_with_dataset_expressions
[2024-11-20T07:26:11.757+0000] {logging_mixin.py:190} INFO - [2024-11-20T07:26:11.757+0000] {override.py:1911} INFO - Created Permission View: can create on DAG Run:consume_1_or_2_with_dataset_expressions
[2024-11-20T07:26:11.776+0000] {logging_mixin.py:190} INFO - [2024-11-20T07:26:11.775+0000] {override.py:1911} INFO - Created Permission View: can delete on DAG:consume_1_or_both_2_and_3_with_dataset_expressions
[2024-11-20T07:26:11.785+0000] {logging_mixin.py:190} INFO - [2024-11-20T07:26:11.785+0000] {override.py:1911} INFO - Created Permission View: can read on DAG:consume_1_or_both_2_and_3_with_dataset_expressions
[2024-11-20T07:26:11.796+0000] {logging_mixin.py:190} INFO - [2024-11-20T07:26:11.795+0000] {override.py:1911} INFO - Created Permission View: can edit on DAG:consume_1_or_both_2_and_3_with_dataset_expressions
[2024-11-20T07:26:11.806+0000] {logging_mixin.py:190} INFO - [2024-11-20T07:26:11.806+0000] {override.py:1911} INFO - Created Permission View: can delete on DAG Run:consume_1_or_both_2_and_3_with_dataset_expressions
[2024-11-20T07:26:11.815+0000] {logging_mixin.py:190} INFO - [2024-11-20T07:26:11.815+0000] {override.py:1911} INFO - Created Permission View: can read on DAG Run:consume_1_or_both_2_and_3_with_dataset_expressions
[2024-11-20T07:26:11.831+0000] {logging_mixin.py:190} INFO - [2024-11-20T07:26:11.831+0000] {override.py:1911} INFO - Created Permission View: menu access on DAG Run:consume_1_or_both_2_and_3_with_dataset_expressions
[2024-11-20T07:26:11.840+0000] {logging_mixin.py:190} INFO - [2024-11-20T07:26:11.840+0000] {override.py:1911} INFO - Created Permission View: can create on DAG Run:consume_1_or_both_2_and_3_with_dataset_expressions
[2024-11-20T07:26:11.856+0000] {logging_mixin.py:190} INFO - [2024-11-20T07:26:11.855+0000] {override.py:1911} INFO - Created Permission View: can delete on DAG:dataset_consumes_1
[2024-11-20T07:26:11.865+0000] {logging_mixin.py:190} INFO - [2024-11-20T07:26:11.864+0000] {override.py:1911} INFO - Created Permission View: can read on DAG:dataset_consumes_1
[2024-11-20T07:26:11.875+0000] {logging_mixin.py:190} INFO - [2024-11-20T07:26:11.874+0000] {override.py:1911} INFO - Created Permission View: can edit on DAG:dataset_consumes_1
[2024-11-20T07:26:11.886+0000] {logging_mixin.py:190} INFO - [2024-11-20T07:26:11.885+0000] {override.py:1911} INFO - Created Permission View: can delete on DAG Run:dataset_consumes_1
[2024-11-20T07:26:11.897+0000] {logging_mixin.py:190} INFO - [2024-11-20T07:26:11.897+0000] {override.py:1911} INFO - Created Permission View: can read on DAG Run:dataset_consumes_1
[2024-11-20T07:26:11.909+0000] {logging_mixin.py:190} INFO - [2024-11-20T07:26:11.908+0000] {override.py:1911} INFO - Created Permission View: menu access on DAG Run:dataset_consumes_1
[2024-11-20T07:26:11.920+0000] {logging_mixin.py:190} INFO - [2024-11-20T07:26:11.920+0000] {override.py:1911} INFO - Created Permission View: can create on DAG Run:dataset_consumes_1
[2024-11-20T07:26:11.939+0000] {logging_mixin.py:190} INFO - [2024-11-20T07:26:11.939+0000] {override.py:1911} INFO - Created Permission View: can delete on DAG:conditional_dataset_and_time_based_timetable
[2024-11-20T07:26:11.950+0000] {logging_mixin.py:190} INFO - [2024-11-20T07:26:11.950+0000] {override.py:1911} INFO - Created Permission View: can read on DAG:conditional_dataset_and_time_based_timetable
[2024-11-20T07:26:11.960+0000] {logging_mixin.py:190} INFO - [2024-11-20T07:26:11.960+0000] {override.py:1911} INFO - Created Permission View: can edit on DAG:conditional_dataset_and_time_based_timetable
[2024-11-20T07:26:11.972+0000] {logging_mixin.py:190} INFO - [2024-11-20T07:26:11.972+0000] {override.py:1911} INFO - Created Permission View: can delete on DAG Run:conditional_dataset_and_time_based_timetable
[2024-11-20T07:26:11.984+0000] {logging_mixin.py:190} INFO - [2024-11-20T07:26:11.983+0000] {override.py:1911} INFO - Created Permission View: can read on DAG Run:conditional_dataset_and_time_based_timetable
[2024-11-20T07:26:11.994+0000] {logging_mixin.py:190} INFO - [2024-11-20T07:26:11.994+0000] {override.py:1911} INFO - Created Permission View: menu access on DAG Run:conditional_dataset_and_time_based_timetable
[2024-11-20T07:26:12.005+0000] {logging_mixin.py:190} INFO - [2024-11-20T07:26:12.004+0000] {override.py:1911} INFO - Created Permission View: can create on DAG Run:conditional_dataset_and_time_based_timetable
[2024-11-20T07:26:12.023+0000] {logging_mixin.py:190} INFO - [2024-11-20T07:26:12.022+0000] {override.py:1911} INFO - Created Permission View: can delete on DAG:consume_1_and_2_with_dataset_expressions
[2024-11-20T07:26:12.032+0000] {logging_mixin.py:190} INFO - [2024-11-20T07:26:12.031+0000] {override.py:1911} INFO - Created Permission View: can read on DAG:consume_1_and_2_with_dataset_expressions
[2024-11-20T07:26:12.042+0000] {logging_mixin.py:190} INFO - [2024-11-20T07:26:12.041+0000] {override.py:1911} INFO - Created Permission View: can edit on DAG:consume_1_and_2_with_dataset_expressions
[2024-11-20T07:26:12.054+0000] {logging_mixin.py:190} INFO - [2024-11-20T07:26:12.054+0000] {override.py:1911} INFO - Created Permission View: can delete on DAG Run:consume_1_and_2_with_dataset_expressions
[2024-11-20T07:26:12.072+0000] {logging_mixin.py:190} INFO - [2024-11-20T07:26:12.072+0000] {override.py:1911} INFO - Created Permission View: can read on DAG Run:consume_1_and_2_with_dataset_expressions
[2024-11-20T07:26:12.085+0000] {logging_mixin.py:190} INFO - [2024-11-20T07:26:12.084+0000] {override.py:1911} INFO - Created Permission View: menu access on DAG Run:consume_1_and_2_with_dataset_expressions
[2024-11-20T07:26:12.096+0000] {logging_mixin.py:190} INFO - [2024-11-20T07:26:12.095+0000] {override.py:1911} INFO - Created Permission View: can create on DAG Run:consume_1_and_2_with_dataset_expressions
[2024-11-20T07:26:12.118+0000] {logging_mixin.py:190} INFO - [2024-11-20T07:26:12.118+0000] {override.py:1911} INFO - Created Permission View: can delete on DAG:dataset_consumes_1_and_2
[2024-11-20T07:26:12.128+0000] {logging_mixin.py:190} INFO - [2024-11-20T07:26:12.128+0000] {override.py:1911} INFO - Created Permission View: can read on DAG:dataset_consumes_1_and_2
[2024-11-20T07:26:12.138+0000] {logging_mixin.py:190} INFO - [2024-11-20T07:26:12.138+0000] {override.py:1911} INFO - Created Permission View: can edit on DAG:dataset_consumes_1_and_2
[2024-11-20T07:26:12.149+0000] {logging_mixin.py:190} INFO - [2024-11-20T07:26:12.148+0000] {override.py:1911} INFO - Created Permission View: can delete on DAG Run:dataset_consumes_1_and_2
[2024-11-20T07:26:12.158+0000] {logging_mixin.py:190} INFO - [2024-11-20T07:26:12.158+0000] {override.py:1911} INFO - Created Permission View: can read on DAG Run:dataset_consumes_1_and_2
[2024-11-20T07:26:12.170+0000] {logging_mixin.py:190} INFO - [2024-11-20T07:26:12.170+0000] {override.py:1911} INFO - Created Permission View: menu access on DAG Run:dataset_consumes_1_and_2
[2024-11-20T07:26:12.180+0000] {logging_mixin.py:190} INFO - [2024-11-20T07:26:12.179+0000] {override.py:1911} INFO - Created Permission View: can create on DAG Run:dataset_consumes_1_and_2
[2024-11-20T07:26:12.202+0000] {logging_mixin.py:190} INFO - [2024-11-20T07:26:12.201+0000] {override.py:1911} INFO - Created Permission View: can delete on DAG:dataset_produces_1
[2024-11-20T07:26:12.214+0000] {logging_mixin.py:190} INFO - [2024-11-20T07:26:12.213+0000] {override.py:1911} INFO - Created Permission View: can read on DAG:dataset_produces_1
[2024-11-20T07:26:12.224+0000] {logging_mixin.py:190} INFO - [2024-11-20T07:26:12.224+0000] {override.py:1911} INFO - Created Permission View: can edit on DAG:dataset_produces_1
[2024-11-20T07:26:12.235+0000] {logging_mixin.py:190} INFO - [2024-11-20T07:26:12.234+0000] {override.py:1911} INFO - Created Permission View: can delete on DAG Run:dataset_produces_1
[2024-11-20T07:26:12.246+0000] {logging_mixin.py:190} INFO - [2024-11-20T07:26:12.245+0000] {override.py:1911} INFO - Created Permission View: can read on DAG Run:dataset_produces_1
[2024-11-20T07:26:12.260+0000] {logging_mixin.py:190} INFO - [2024-11-20T07:26:12.259+0000] {override.py:1911} INFO - Created Permission View: menu access on DAG Run:dataset_produces_1
[2024-11-20T07:26:12.275+0000] {logging_mixin.py:190} INFO - [2024-11-20T07:26:12.274+0000] {override.py:1911} INFO - Created Permission View: can create on DAG Run:dataset_produces_1
[2024-11-20T07:26:12.301+0000] {logging_mixin.py:190} INFO - [2024-11-20T07:26:12.300+0000] {override.py:1911} INFO - Created Permission View: can delete on DAG:dataset_consumes_1_never_scheduled
[2024-11-20T07:26:12.314+0000] {logging_mixin.py:190} INFO - [2024-11-20T07:26:12.314+0000] {override.py:1911} INFO - Created Permission View: can read on DAG:dataset_consumes_1_never_scheduled
[2024-11-20T07:26:12.334+0000] {logging_mixin.py:190} INFO - [2024-11-20T07:26:12.333+0000] {override.py:1911} INFO - Created Permission View: can edit on DAG:dataset_consumes_1_never_scheduled
[2024-11-20T07:26:12.357+0000] {logging_mixin.py:190} INFO - [2024-11-20T07:26:12.356+0000] {override.py:1911} INFO - Created Permission View: can delete on DAG Run:dataset_consumes_1_never_scheduled
[2024-11-20T07:26:12.372+0000] {logging_mixin.py:190} INFO - [2024-11-20T07:26:12.371+0000] {override.py:1911} INFO - Created Permission View: can read on DAG Run:dataset_consumes_1_never_scheduled
[2024-11-20T07:26:12.386+0000] {logging_mixin.py:190} INFO - [2024-11-20T07:26:12.385+0000] {override.py:1911} INFO - Created Permission View: menu access on DAG Run:dataset_consumes_1_never_scheduled
[2024-11-20T07:26:12.412+0000] {logging_mixin.py:190} INFO - [2024-11-20T07:26:12.411+0000] {override.py:1911} INFO - Created Permission View: can create on DAG Run:dataset_consumes_1_never_scheduled
[2024-11-20T07:26:12.446+0000] {logging_mixin.py:190} INFO - [2024-11-20T07:26:12.445+0000] {override.py:1911} INFO - Created Permission View: can delete on DAG:dataset_produces_2
[2024-11-20T07:26:12.463+0000] {logging_mixin.py:190} INFO - [2024-11-20T07:26:12.462+0000] {override.py:1911} INFO - Created Permission View: can read on DAG:dataset_produces_2
[2024-11-20T07:26:12.484+0000] {logging_mixin.py:190} INFO - [2024-11-20T07:26:12.483+0000] {override.py:1911} INFO - Created Permission View: can edit on DAG:dataset_produces_2
[2024-11-20T07:26:12.501+0000] {logging_mixin.py:190} INFO - [2024-11-20T07:26:12.500+0000] {override.py:1911} INFO - Created Permission View: can delete on DAG Run:dataset_produces_2
[2024-11-20T07:26:12.517+0000] {logging_mixin.py:190} INFO - [2024-11-20T07:26:12.517+0000] {override.py:1911} INFO - Created Permission View: can read on DAG Run:dataset_produces_2
[2024-11-20T07:26:12.533+0000] {logging_mixin.py:190} INFO - [2024-11-20T07:26:12.532+0000] {override.py:1911} INFO - Created Permission View: menu access on DAG Run:dataset_produces_2
[2024-11-20T07:26:12.556+0000] {logging_mixin.py:190} INFO - [2024-11-20T07:26:12.555+0000] {override.py:1911} INFO - Created Permission View: can create on DAG Run:dataset_produces_2
[2024-11-20T07:26:12.558+0000] {logging_mixin.py:190} INFO - [2024-11-20T07:26:12.558+0000] {dag.py:3239} INFO - Sync 10 DAGs
[2024-11-20T07:26:12.593+0000] {logging_mixin.py:190} INFO - [2024-11-20T07:26:12.591+0000] {dag.py:3262} INFO - Creating ORM DAG for consume_1_and_2_with_dataset_expressions
[2024-11-20T07:26:12.595+0000] {logging_mixin.py:190} INFO - [2024-11-20T07:26:12.594+0000] {dag.py:3262} INFO - Creating ORM DAG for dataset_consumes_unknown_never_scheduled
[2024-11-20T07:26:12.597+0000] {logging_mixin.py:190} INFO - [2024-11-20T07:26:12.597+0000] {dag.py:3262} INFO - Creating ORM DAG for dataset_produces_2
[2024-11-20T07:26:12.600+0000] {logging_mixin.py:190} INFO - [2024-11-20T07:26:12.599+0000] {dag.py:3262} INFO - Creating ORM DAG for consume_1_or_2_with_dataset_expressions
[2024-11-20T07:26:12.602+0000] {logging_mixin.py:190} INFO - [2024-11-20T07:26:12.601+0000] {dag.py:3262} INFO - Creating ORM DAG for conditional_dataset_and_time_based_timetable
[2024-11-20T07:26:12.606+0000] {logging_mixin.py:190} INFO - [2024-11-20T07:26:12.605+0000] {dag.py:3262} INFO - Creating ORM DAG for dataset_consumes_1_never_scheduled
[2024-11-20T07:26:12.608+0000] {logging_mixin.py:190} INFO - [2024-11-20T07:26:12.607+0000] {dag.py:3262} INFO - Creating ORM DAG for dataset_consumes_1
[2024-11-20T07:26:12.611+0000] {logging_mixin.py:190} INFO - [2024-11-20T07:26:12.610+0000] {dag.py:3262} INFO - Creating ORM DAG for dataset_produces_1
[2024-11-20T07:26:12.613+0000] {logging_mixin.py:190} INFO - [2024-11-20T07:26:12.613+0000] {dag.py:3262} INFO - Creating ORM DAG for dataset_consumes_1_and_2
[2024-11-20T07:26:12.617+0000] {logging_mixin.py:190} INFO - [2024-11-20T07:26:12.617+0000] {dag.py:3262} INFO - Creating ORM DAG for consume_1_or_both_2_and_3_with_dataset_expressions
[2024-11-20T07:26:12.651+0000] {logging_mixin.py:190} INFO - [2024-11-20T07:26:12.650+0000] {dag.py:4180} INFO - Setting next_dagrun for conditional_dataset_and_time_based_timetable to 2024-11-20 01:00:00+00:00, run_after=2024-11-20 01:00:00+00:00
[2024-11-20T07:26:12.654+0000] {logging_mixin.py:190} INFO - [2024-11-20T07:26:12.653+0000] {dag.py:4180} INFO - Setting next_dagrun for consume_1_and_2_with_dataset_expressions to None, run_after=None
[2024-11-20T07:26:12.656+0000] {logging_mixin.py:190} INFO - [2024-11-20T07:26:12.655+0000] {dag.py:4180} INFO - Setting next_dagrun for consume_1_or_2_with_dataset_expressions to None, run_after=None
[2024-11-20T07:26:12.657+0000] {logging_mixin.py:190} INFO - [2024-11-20T07:26:12.657+0000] {dag.py:4180} INFO - Setting next_dagrun for consume_1_or_both_2_and_3_with_dataset_expressions to None, run_after=None
[2024-11-20T07:26:12.659+0000] {logging_mixin.py:190} INFO - [2024-11-20T07:26:12.658+0000] {dag.py:4180} INFO - Setting next_dagrun for dataset_consumes_1 to None, run_after=None
[2024-11-20T07:26:12.661+0000] {logging_mixin.py:190} INFO - [2024-11-20T07:26:12.660+0000] {dag.py:4180} INFO - Setting next_dagrun for dataset_consumes_1_and_2 to None, run_after=None
[2024-11-20T07:26:12.663+0000] {logging_mixin.py:190} INFO - [2024-11-20T07:26:12.663+0000] {dag.py:4180} INFO - Setting next_dagrun for dataset_consumes_1_never_scheduled to None, run_after=None
[2024-11-20T07:26:12.667+0000] {logging_mixin.py:190} INFO - [2024-11-20T07:26:12.666+0000] {dag.py:4180} INFO - Setting next_dagrun for dataset_consumes_unknown_never_scheduled to None, run_after=None
[2024-11-20T07:26:12.673+0000] {logging_mixin.py:190} INFO - [2024-11-20T07:26:12.672+0000] {dag.py:4180} INFO - Setting next_dagrun for dataset_produces_1 to 2024-11-19 00:00:00+00:00, run_after=2024-11-20 00:00:00+00:00
[2024-11-20T07:26:12.675+0000] {logging_mixin.py:190} INFO - [2024-11-20T07:26:12.675+0000] {dag.py:4180} INFO - Setting next_dagrun for dataset_produces_2 to None, run_after=None
[2024-11-20T07:26:12.779+0000] {processor.py:208} INFO - Processing /home/airflow/.local/lib/python3.12/site-packages/airflow/example_dags/example_datasets.py took 2.589 seconds
[2024-11-20T07:26:42.853+0000] {processor.py:186} INFO - Started process (PID=208) to work on /home/airflow/.local/lib/python3.12/site-packages/airflow/example_dags/example_datasets.py
[2024-11-20T07:26:42.854+0000] {processor.py:914} INFO - Processing file /home/airflow/.local/lib/python3.12/site-packages/airflow/example_dags/example_datasets.py for tasks to queue
[2024-11-20T07:26:42.857+0000] {logging_mixin.py:190} INFO - [2024-11-20T07:26:42.856+0000] {dagbag.py:588} INFO - Filling up the DagBag from /home/airflow/.local/lib/python3.12/site-packages/airflow/example_dags/example_datasets.py
[2024-11-20T07:26:43.588+0000] {processor.py:925} INFO - DAG(s) 'conditional_dataset_and_time_based_timetable', 'dataset_consumes_1_and_2', 'consume_1_and_2_with_dataset_expressions', 'consume_1_or_2_with_dataset_expressions', 'consume_1_or_both_2_and_3_with_dataset_expressions', 'dataset_consumes_unknown_never_scheduled', 'dataset_produces_2', 'dataset_consumes_1_never_scheduled', 'dataset_produces_1', 'dataset_consumes_1' retrieved from /home/airflow/.local/lib/python3.12/site-packages/airflow/example_dags/example_datasets.py
[2024-11-20T07:26:43.651+0000] {logging_mixin.py:190} INFO - [2024-11-20T07:26:43.651+0000] {dag.py:3239} INFO - Sync 10 DAGs
[2024-11-20T07:26:43.687+0000] {logging_mixin.py:190} INFO - [2024-11-20T07:26:43.686+0000] {dag.py:4180} INFO - Setting next_dagrun for conditional_dataset_and_time_based_timetable to 2024-11-20 01:00:00+00:00, run_after=2024-11-20 01:00:00+00:00
[2024-11-20T07:26:43.692+0000] {logging_mixin.py:190} INFO - [2024-11-20T07:26:43.692+0000] {dag.py:4180} INFO - Setting next_dagrun for consume_1_and_2_with_dataset_expressions to None, run_after=None
[2024-11-20T07:26:43.694+0000] {logging_mixin.py:190} INFO - [2024-11-20T07:26:43.694+0000] {dag.py:4180} INFO - Setting next_dagrun for consume_1_or_2_with_dataset_expressions to None, run_after=None
[2024-11-20T07:26:43.696+0000] {logging_mixin.py:190} INFO - [2024-11-20T07:26:43.696+0000] {dag.py:4180} INFO - Setting next_dagrun for consume_1_or_both_2_and_3_with_dataset_expressions to None, run_after=None
[2024-11-20T07:26:43.699+0000] {logging_mixin.py:190} INFO - [2024-11-20T07:26:43.699+0000] {dag.py:4180} INFO - Setting next_dagrun for dataset_consumes_1 to None, run_after=None
[2024-11-20T07:26:43.701+0000] {logging_mixin.py:190} INFO - [2024-11-20T07:26:43.701+0000] {dag.py:4180} INFO - Setting next_dagrun for dataset_consumes_1_and_2 to None, run_after=None
[2024-11-20T07:26:43.703+0000] {logging_mixin.py:190} INFO - [2024-11-20T07:26:43.702+0000] {dag.py:4180} INFO - Setting next_dagrun for dataset_consumes_1_never_scheduled to None, run_after=None
[2024-11-20T07:26:43.704+0000] {logging_mixin.py:190} INFO - [2024-11-20T07:26:43.704+0000] {dag.py:4180} INFO - Setting next_dagrun for dataset_consumes_unknown_never_scheduled to None, run_after=None
[2024-11-20T07:26:43.707+0000] {logging_mixin.py:190} INFO - [2024-11-20T07:26:43.707+0000] {dag.py:4180} INFO - Setting next_dagrun for dataset_produces_1 to 2024-11-19 00:00:00+00:00, run_after=2024-11-20 00:00:00+00:00
[2024-11-20T07:26:43.709+0000] {logging_mixin.py:190} INFO - [2024-11-20T07:26:43.709+0000] {dag.py:4180} INFO - Setting next_dagrun for dataset_produces_2 to None, run_after=None
[2024-11-20T07:26:43.747+0000] {processor.py:208} INFO - Processing /home/airflow/.local/lib/python3.12/site-packages/airflow/example_dags/example_datasets.py took 0.901 seconds
[2024-11-20T07:28:27.598+0000] {processor.py:186} INFO - Started process (PID=139) to work on /home/airflow/.local/lib/python3.12/site-packages/airflow/example_dags/example_datasets.py
[2024-11-20T07:28:27.599+0000] {processor.py:914} INFO - Processing file /home/airflow/.local/lib/python3.12/site-packages/airflow/example_dags/example_datasets.py for tasks to queue
[2024-11-20T07:28:27.602+0000] {logging_mixin.py:190} INFO - [2024-11-20T07:28:27.602+0000] {dagbag.py:588} INFO - Filling up the DagBag from /home/airflow/.local/lib/python3.12/site-packages/airflow/example_dags/example_datasets.py
[2024-11-20T07:28:28.440+0000] {processor.py:925} INFO - DAG(s) 'dataset_consumes_unknown_never_scheduled', 'consume_1_or_both_2_and_3_with_dataset_expressions', 'dataset_consumes_1_never_scheduled', 'conditional_dataset_and_time_based_timetable', 'dataset_consumes_1', 'dataset_produces_2', 'dataset_produces_1', 'dataset_consumes_1_and_2', 'consume_1_or_2_with_dataset_expressions', 'consume_1_and_2_with_dataset_expressions' retrieved from /home/airflow/.local/lib/python3.12/site-packages/airflow/example_dags/example_datasets.py
[2024-11-20T07:28:28.521+0000] {logging_mixin.py:190} INFO - [2024-11-20T07:28:28.521+0000] {dag.py:3239} INFO - Sync 10 DAGs
[2024-11-20T07:28:28.565+0000] {logging_mixin.py:190} INFO - [2024-11-20T07:28:28.565+0000] {dag.py:4180} INFO - Setting next_dagrun for conditional_dataset_and_time_based_timetable to 2024-11-20 01:00:00+00:00, run_after=2024-11-20 01:00:00+00:00
[2024-11-20T07:28:28.572+0000] {logging_mixin.py:190} INFO - [2024-11-20T07:28:28.571+0000] {dag.py:4180} INFO - Setting next_dagrun for consume_1_and_2_with_dataset_expressions to None, run_after=None
[2024-11-20T07:28:28.575+0000] {logging_mixin.py:190} INFO - [2024-11-20T07:28:28.575+0000] {dag.py:4180} INFO - Setting next_dagrun for consume_1_or_2_with_dataset_expressions to None, run_after=None
[2024-11-20T07:28:28.578+0000] {logging_mixin.py:190} INFO - [2024-11-20T07:28:28.577+0000] {dag.py:4180} INFO - Setting next_dagrun for consume_1_or_both_2_and_3_with_dataset_expressions to None, run_after=None
[2024-11-20T07:28:28.580+0000] {logging_mixin.py:190} INFO - [2024-11-20T07:28:28.580+0000] {dag.py:4180} INFO - Setting next_dagrun for dataset_consumes_1 to None, run_after=None
[2024-11-20T07:28:28.582+0000] {logging_mixin.py:190} INFO - [2024-11-20T07:28:28.582+0000] {dag.py:4180} INFO - Setting next_dagrun for dataset_consumes_1_and_2 to None, run_after=None
[2024-11-20T07:28:28.584+0000] {logging_mixin.py:190} INFO - [2024-11-20T07:28:28.584+0000] {dag.py:4180} INFO - Setting next_dagrun for dataset_consumes_1_never_scheduled to None, run_after=None
[2024-11-20T07:28:28.587+0000] {logging_mixin.py:190} INFO - [2024-11-20T07:28:28.586+0000] {dag.py:4180} INFO - Setting next_dagrun for dataset_consumes_unknown_never_scheduled to None, run_after=None
[2024-11-20T07:28:28.592+0000] {logging_mixin.py:190} INFO - [2024-11-20T07:28:28.592+0000] {dag.py:4180} INFO - Setting next_dagrun for dataset_produces_1 to 2024-11-19 00:00:00+00:00, run_after=2024-11-20 00:00:00+00:00
[2024-11-20T07:28:28.595+0000] {logging_mixin.py:190} INFO - [2024-11-20T07:28:28.594+0000] {dag.py:4180} INFO - Setting next_dagrun for dataset_produces_2 to None, run_after=None
[2024-11-20T07:28:28.656+0000] {processor.py:208} INFO - Processing /home/airflow/.local/lib/python3.12/site-packages/airflow/example_dags/example_datasets.py took 1.066 seconds
[2024-11-20T07:28:58.832+0000] {processor.py:186} INFO - Started process (PID=204) to work on /home/airflow/.local/lib/python3.12/site-packages/airflow/example_dags/example_datasets.py
[2024-11-20T07:28:58.833+0000] {processor.py:914} INFO - Processing file /home/airflow/.local/lib/python3.12/site-packages/airflow/example_dags/example_datasets.py for tasks to queue
[2024-11-20T07:28:58.835+0000] {logging_mixin.py:190} INFO - [2024-11-20T07:28:58.835+0000] {dagbag.py:588} INFO - Filling up the DagBag from /home/airflow/.local/lib/python3.12/site-packages/airflow/example_dags/example_datasets.py
[2024-11-20T07:28:59.563+0000] {processor.py:925} INFO - DAG(s) 'dataset_consumes_1', 'dataset_consumes_1_never_scheduled', 'dataset_consumes_unknown_never_scheduled', 'dataset_consumes_1_and_2', 'consume_1_and_2_with_dataset_expressions', 'dataset_produces_1', 'consume_1_or_2_with_dataset_expressions', 'dataset_produces_2', 'consume_1_or_both_2_and_3_with_dataset_expressions', 'conditional_dataset_and_time_based_timetable' retrieved from /home/airflow/.local/lib/python3.12/site-packages/airflow/example_dags/example_datasets.py
[2024-11-20T07:28:59.619+0000] {logging_mixin.py:190} INFO - [2024-11-20T07:28:59.619+0000] {dag.py:3239} INFO - Sync 10 DAGs
[2024-11-20T07:28:59.650+0000] {logging_mixin.py:190} INFO - [2024-11-20T07:28:59.650+0000] {dag.py:4180} INFO - Setting next_dagrun for conditional_dataset_and_time_based_timetable to 2024-11-20 01:00:00+00:00, run_after=2024-11-20 01:00:00+00:00
[2024-11-20T07:28:59.655+0000] {logging_mixin.py:190} INFO - [2024-11-20T07:28:59.655+0000] {dag.py:4180} INFO - Setting next_dagrun for consume_1_and_2_with_dataset_expressions to None, run_after=None
[2024-11-20T07:28:59.657+0000] {logging_mixin.py:190} INFO - [2024-11-20T07:28:59.657+0000] {dag.py:4180} INFO - Setting next_dagrun for consume_1_or_2_with_dataset_expressions to None, run_after=None
[2024-11-20T07:28:59.659+0000] {logging_mixin.py:190} INFO - [2024-11-20T07:28:59.659+0000] {dag.py:4180} INFO - Setting next_dagrun for consume_1_or_both_2_and_3_with_dataset_expressions to None, run_after=None
[2024-11-20T07:28:59.660+0000] {logging_mixin.py:190} INFO - [2024-11-20T07:28:59.660+0000] {dag.py:4180} INFO - Setting next_dagrun for dataset_consumes_1 to None, run_after=None
[2024-11-20T07:28:59.662+0000] {logging_mixin.py:190} INFO - [2024-11-20T07:28:59.662+0000] {dag.py:4180} INFO - Setting next_dagrun for dataset_consumes_1_and_2 to None, run_after=None
[2024-11-20T07:28:59.663+0000] {logging_mixin.py:190} INFO - [2024-11-20T07:28:59.663+0000] {dag.py:4180} INFO - Setting next_dagrun for dataset_consumes_1_never_scheduled to None, run_after=None
[2024-11-20T07:28:59.664+0000] {logging_mixin.py:190} INFO - [2024-11-20T07:28:59.664+0000] {dag.py:4180} INFO - Setting next_dagrun for dataset_consumes_unknown_never_scheduled to None, run_after=None
[2024-11-20T07:28:59.667+0000] {logging_mixin.py:190} INFO - [2024-11-20T07:28:59.667+0000] {dag.py:4180} INFO - Setting next_dagrun for dataset_produces_1 to 2024-11-19 00:00:00+00:00, run_after=2024-11-20 00:00:00+00:00
[2024-11-20T07:28:59.669+0000] {logging_mixin.py:190} INFO - [2024-11-20T07:28:59.669+0000] {dag.py:4180} INFO - Setting next_dagrun for dataset_produces_2 to None, run_after=None
[2024-11-20T07:28:59.705+0000] {processor.py:208} INFO - Processing /home/airflow/.local/lib/python3.12/site-packages/airflow/example_dags/example_datasets.py took 0.879 seconds
[2024-11-20T07:29:29.963+0000] {processor.py:186} INFO - Started process (PID=269) to work on /home/airflow/.local/lib/python3.12/site-packages/airflow/example_dags/example_datasets.py
[2024-11-20T07:29:29.964+0000] {processor.py:914} INFO - Processing file /home/airflow/.local/lib/python3.12/site-packages/airflow/example_dags/example_datasets.py for tasks to queue
[2024-11-20T07:29:29.967+0000] {logging_mixin.py:190} INFO - [2024-11-20T07:29:29.966+0000] {dagbag.py:588} INFO - Filling up the DagBag from /home/airflow/.local/lib/python3.12/site-packages/airflow/example_dags/example_datasets.py
[2024-11-20T07:29:30.810+0000] {processor.py:925} INFO - DAG(s) 'dataset_consumes_1_never_scheduled', 'dataset_produces_1', 'dataset_consumes_unknown_never_scheduled', 'dataset_consumes_1_and_2', 'dataset_consumes_1', 'consume_1_and_2_with_dataset_expressions', 'conditional_dataset_and_time_based_timetable', 'consume_1_or_2_with_dataset_expressions', 'consume_1_or_both_2_and_3_with_dataset_expressions', 'dataset_produces_2' retrieved from /home/airflow/.local/lib/python3.12/site-packages/airflow/example_dags/example_datasets.py
[2024-11-20T07:29:30.870+0000] {logging_mixin.py:190} INFO - [2024-11-20T07:29:30.869+0000] {dag.py:3239} INFO - Sync 10 DAGs
[2024-11-20T07:29:30.904+0000] {logging_mixin.py:190} INFO - [2024-11-20T07:29:30.904+0000] {dag.py:4180} INFO - Setting next_dagrun for conditional_dataset_and_time_based_timetable to 2024-11-20 01:00:00+00:00, run_after=2024-11-20 01:00:00+00:00
[2024-11-20T07:29:30.910+0000] {logging_mixin.py:190} INFO - [2024-11-20T07:29:30.909+0000] {dag.py:4180} INFO - Setting next_dagrun for consume_1_and_2_with_dataset_expressions to None, run_after=None
[2024-11-20T07:29:30.912+0000] {logging_mixin.py:190} INFO - [2024-11-20T07:29:30.911+0000] {dag.py:4180} INFO - Setting next_dagrun for consume_1_or_2_with_dataset_expressions to None, run_after=None
[2024-11-20T07:29:30.914+0000] {logging_mixin.py:190} INFO - [2024-11-20T07:29:30.914+0000] {dag.py:4180} INFO - Setting next_dagrun for consume_1_or_both_2_and_3_with_dataset_expressions to None, run_after=None
[2024-11-20T07:29:30.917+0000] {logging_mixin.py:190} INFO - [2024-11-20T07:29:30.916+0000] {dag.py:4180} INFO - Setting next_dagrun for dataset_consumes_1 to None, run_after=None
[2024-11-20T07:29:30.919+0000] {logging_mixin.py:190} INFO - [2024-11-20T07:29:30.919+0000] {dag.py:4180} INFO - Setting next_dagrun for dataset_consumes_1_and_2 to None, run_after=None
[2024-11-20T07:29:30.921+0000] {logging_mixin.py:190} INFO - [2024-11-20T07:29:30.921+0000] {dag.py:4180} INFO - Setting next_dagrun for dataset_consumes_1_never_scheduled to None, run_after=None
[2024-11-20T07:29:30.923+0000] {logging_mixin.py:190} INFO - [2024-11-20T07:29:30.922+0000] {dag.py:4180} INFO - Setting next_dagrun for dataset_consumes_unknown_never_scheduled to None, run_after=None
[2024-11-20T07:29:30.926+0000] {logging_mixin.py:190} INFO - [2024-11-20T07:29:30.925+0000] {dag.py:4180} INFO - Setting next_dagrun for dataset_produces_1 to 2024-11-19 00:00:00+00:00, run_after=2024-11-20 00:00:00+00:00
[2024-11-20T07:29:30.927+0000] {logging_mixin.py:190} INFO - [2024-11-20T07:29:30.927+0000] {dag.py:4180} INFO - Setting next_dagrun for dataset_produces_2 to None, run_after=None
[2024-11-20T07:29:30.974+0000] {processor.py:208} INFO - Processing /home/airflow/.local/lib/python3.12/site-packages/airflow/example_dags/example_datasets.py took 1.020 seconds
[2024-11-20T07:30:01.142+0000] {processor.py:186} INFO - Started process (PID=335) to work on /home/airflow/.local/lib/python3.12/site-packages/airflow/example_dags/example_datasets.py
[2024-11-20T07:30:01.143+0000] {processor.py:914} INFO - Processing file /home/airflow/.local/lib/python3.12/site-packages/airflow/example_dags/example_datasets.py for tasks to queue
[2024-11-20T07:30:01.145+0000] {logging_mixin.py:190} INFO - [2024-11-20T07:30:01.145+0000] {dagbag.py:588} INFO - Filling up the DagBag from /home/airflow/.local/lib/python3.12/site-packages/airflow/example_dags/example_datasets.py
[2024-11-20T07:30:01.934+0000] {processor.py:925} INFO - DAG(s) 'dataset_consumes_unknown_never_scheduled', 'consume_1_or_both_2_and_3_with_dataset_expressions', 'dataset_produces_2', 'dataset_consumes_1', 'dataset_consumes_1_never_scheduled', 'dataset_produces_1', 'conditional_dataset_and_time_based_timetable', 'consume_1_and_2_with_dataset_expressions', 'consume_1_or_2_with_dataset_expressions', 'dataset_consumes_1_and_2' retrieved from /home/airflow/.local/lib/python3.12/site-packages/airflow/example_dags/example_datasets.py
[2024-11-20T07:30:01.994+0000] {logging_mixin.py:190} INFO - [2024-11-20T07:30:01.994+0000] {dag.py:3239} INFO - Sync 10 DAGs
[2024-11-20T07:30:02.035+0000] {logging_mixin.py:190} INFO - [2024-11-20T07:30:02.034+0000] {dag.py:4180} INFO - Setting next_dagrun for conditional_dataset_and_time_based_timetable to 2024-11-20 01:00:00+00:00, run_after=2024-11-20 01:00:00+00:00
[2024-11-20T07:30:02.044+0000] {logging_mixin.py:190} INFO - [2024-11-20T07:30:02.044+0000] {dag.py:4180} INFO - Setting next_dagrun for consume_1_and_2_with_dataset_expressions to None, run_after=None
[2024-11-20T07:30:02.046+0000] {logging_mixin.py:190} INFO - [2024-11-20T07:30:02.046+0000] {dag.py:4180} INFO - Setting next_dagrun for consume_1_or_2_with_dataset_expressions to None, run_after=None
[2024-11-20T07:30:02.048+0000] {logging_mixin.py:190} INFO - [2024-11-20T07:30:02.048+0000] {dag.py:4180} INFO - Setting next_dagrun for consume_1_or_both_2_and_3_with_dataset_expressions to None, run_after=None
[2024-11-20T07:30:02.050+0000] {logging_mixin.py:190} INFO - [2024-11-20T07:30:02.050+0000] {dag.py:4180} INFO - Setting next_dagrun for dataset_consumes_1 to None, run_after=None
[2024-11-20T07:30:02.052+0000] {logging_mixin.py:190} INFO - [2024-11-20T07:30:02.052+0000] {dag.py:4180} INFO - Setting next_dagrun for dataset_consumes_1_and_2 to None, run_after=None
[2024-11-20T07:30:02.054+0000] {logging_mixin.py:190} INFO - [2024-11-20T07:30:02.054+0000] {dag.py:4180} INFO - Setting next_dagrun for dataset_consumes_1_never_scheduled to None, run_after=None
[2024-11-20T07:30:02.056+0000] {logging_mixin.py:190} INFO - [2024-11-20T07:30:02.056+0000] {dag.py:4180} INFO - Setting next_dagrun for dataset_consumes_unknown_never_scheduled to None, run_after=None
[2024-11-20T07:30:02.059+0000] {logging_mixin.py:190} INFO - [2024-11-20T07:30:02.059+0000] {dag.py:4180} INFO - Setting next_dagrun for dataset_produces_1 to 2024-11-19 00:00:00+00:00, run_after=2024-11-20 00:00:00+00:00
[2024-11-20T07:30:02.061+0000] {logging_mixin.py:190} INFO - [2024-11-20T07:30:02.061+0000] {dag.py:4180} INFO - Setting next_dagrun for dataset_produces_2 to None, run_after=None
[2024-11-20T07:30:02.112+0000] {processor.py:208} INFO - Processing /home/airflow/.local/lib/python3.12/site-packages/airflow/example_dags/example_datasets.py took 0.976 seconds
[2024-11-20T07:30:33.081+0000] {processor.py:186} INFO - Started process (PID=399) to work on /home/airflow/.local/lib/python3.12/site-packages/airflow/example_dags/example_datasets.py
[2024-11-20T07:30:33.083+0000] {processor.py:914} INFO - Processing file /home/airflow/.local/lib/python3.12/site-packages/airflow/example_dags/example_datasets.py for tasks to queue
[2024-11-20T07:30:33.085+0000] {logging_mixin.py:190} INFO - [2024-11-20T07:30:33.085+0000] {dagbag.py:588} INFO - Filling up the DagBag from /home/airflow/.local/lib/python3.12/site-packages/airflow/example_dags/example_datasets.py
[2024-11-20T07:30:33.919+0000] {processor.py:925} INFO - DAG(s) 'consume_1_or_2_with_dataset_expressions', 'dataset_consumes_1_and_2', 'dataset_consumes_1_never_scheduled', 'conditional_dataset_and_time_based_timetable', 'dataset_consumes_1', 'dataset_produces_1', 'dataset_consumes_unknown_never_scheduled', 'consume_1_and_2_with_dataset_expressions', 'dataset_produces_2', 'consume_1_or_both_2_and_3_with_dataset_expressions' retrieved from /home/airflow/.local/lib/python3.12/site-packages/airflow/example_dags/example_datasets.py
[2024-11-20T07:30:33.980+0000] {logging_mixin.py:190} INFO - [2024-11-20T07:30:33.980+0000] {dag.py:3239} INFO - Sync 10 DAGs
[2024-11-20T07:30:34.022+0000] {logging_mixin.py:190} INFO - [2024-11-20T07:30:34.021+0000] {dag.py:4180} INFO - Setting next_dagrun for conditional_dataset_and_time_based_timetable to 2024-11-20 01:00:00+00:00, run_after=2024-11-20 01:00:00+00:00
[2024-11-20T07:30:34.027+0000] {logging_mixin.py:190} INFO - [2024-11-20T07:30:34.026+0000] {dag.py:4180} INFO - Setting next_dagrun for consume_1_and_2_with_dataset_expressions to None, run_after=None
[2024-11-20T07:30:34.029+0000] {logging_mixin.py:190} INFO - [2024-11-20T07:30:34.028+0000] {dag.py:4180} INFO - Setting next_dagrun for consume_1_or_2_with_dataset_expressions to None, run_after=None
[2024-11-20T07:30:34.030+0000] {logging_mixin.py:190} INFO - [2024-11-20T07:30:34.030+0000] {dag.py:4180} INFO - Setting next_dagrun for consume_1_or_both_2_and_3_with_dataset_expressions to None, run_after=None
[2024-11-20T07:30:34.032+0000] {logging_mixin.py:190} INFO - [2024-11-20T07:30:34.032+0000] {dag.py:4180} INFO - Setting next_dagrun for dataset_consumes_1 to None, run_after=None
[2024-11-20T07:30:34.033+0000] {logging_mixin.py:190} INFO - [2024-11-20T07:30:34.033+0000] {dag.py:4180} INFO - Setting next_dagrun for dataset_consumes_1_and_2 to None, run_after=None
[2024-11-20T07:30:34.035+0000] {logging_mixin.py:190} INFO - [2024-11-20T07:30:34.035+0000] {dag.py:4180} INFO - Setting next_dagrun for dataset_consumes_1_never_scheduled to None, run_after=None
[2024-11-20T07:30:34.036+0000] {logging_mixin.py:190} INFO - [2024-11-20T07:30:34.036+0000] {dag.py:4180} INFO - Setting next_dagrun for dataset_consumes_unknown_never_scheduled to None, run_after=None
[2024-11-20T07:30:34.039+0000] {logging_mixin.py:190} INFO - [2024-11-20T07:30:34.039+0000] {dag.py:4180} INFO - Setting next_dagrun for dataset_produces_1 to 2024-11-19 00:00:00+00:00, run_after=2024-11-20 00:00:00+00:00
[2024-11-20T07:30:34.041+0000] {logging_mixin.py:190} INFO - [2024-11-20T07:30:34.041+0000] {dag.py:4180} INFO - Setting next_dagrun for dataset_produces_2 to None, run_after=None
[2024-11-20T07:30:34.084+0000] {processor.py:208} INFO - Processing /home/airflow/.local/lib/python3.12/site-packages/airflow/example_dags/example_datasets.py took 1.008 seconds
[2024-11-20T07:31:04.223+0000] {processor.py:186} INFO - Started process (PID=465) to work on /home/airflow/.local/lib/python3.12/site-packages/airflow/example_dags/example_datasets.py
[2024-11-20T07:31:04.225+0000] {processor.py:914} INFO - Processing file /home/airflow/.local/lib/python3.12/site-packages/airflow/example_dags/example_datasets.py for tasks to queue
[2024-11-20T07:31:04.227+0000] {logging_mixin.py:190} INFO - [2024-11-20T07:31:04.227+0000] {dagbag.py:588} INFO - Filling up the DagBag from /home/airflow/.local/lib/python3.12/site-packages/airflow/example_dags/example_datasets.py
[2024-11-20T07:31:05.104+0000] {processor.py:925} INFO - DAG(s) 'dataset_produces_1', 'dataset_consumes_unknown_never_scheduled', 'consume_1_or_both_2_and_3_with_dataset_expressions', 'consume_1_and_2_with_dataset_expressions', 'dataset_consumes_1_never_scheduled', 'consume_1_or_2_with_dataset_expressions', 'dataset_consumes_1', 'dataset_produces_2', 'conditional_dataset_and_time_based_timetable', 'dataset_consumes_1_and_2' retrieved from /home/airflow/.local/lib/python3.12/site-packages/airflow/example_dags/example_datasets.py
[2024-11-20T07:31:05.171+0000] {logging_mixin.py:190} INFO - [2024-11-20T07:31:05.171+0000] {dag.py:3239} INFO - Sync 10 DAGs
[2024-11-20T07:31:05.210+0000] {logging_mixin.py:190} INFO - [2024-11-20T07:31:05.209+0000] {dag.py:4180} INFO - Setting next_dagrun for conditional_dataset_and_time_based_timetable to 2024-11-20 01:00:00+00:00, run_after=2024-11-20 01:00:00+00:00
[2024-11-20T07:31:05.221+0000] {logging_mixin.py:190} INFO - [2024-11-20T07:31:05.220+0000] {dag.py:4180} INFO - Setting next_dagrun for consume_1_and_2_with_dataset_expressions to None, run_after=None
[2024-11-20T07:31:05.223+0000] {logging_mixin.py:190} INFO - [2024-11-20T07:31:05.223+0000] {dag.py:4180} INFO - Setting next_dagrun for consume_1_or_2_with_dataset_expressions to None, run_after=None
[2024-11-20T07:31:05.225+0000] {logging_mixin.py:190} INFO - [2024-11-20T07:31:05.225+0000] {dag.py:4180} INFO - Setting next_dagrun for consume_1_or_both_2_and_3_with_dataset_expressions to None, run_after=None
[2024-11-20T07:31:05.227+0000] {logging_mixin.py:190} INFO - [2024-11-20T07:31:05.227+0000] {dag.py:4180} INFO - Setting next_dagrun for dataset_consumes_1 to None, run_after=None
[2024-11-20T07:31:05.229+0000] {logging_mixin.py:190} INFO - [2024-11-20T07:31:05.228+0000] {dag.py:4180} INFO - Setting next_dagrun for dataset_consumes_1_and_2 to None, run_after=None
[2024-11-20T07:31:05.231+0000] {logging_mixin.py:190} INFO - [2024-11-20T07:31:05.230+0000] {dag.py:4180} INFO - Setting next_dagrun for dataset_consumes_1_never_scheduled to None, run_after=None
[2024-11-20T07:31:05.232+0000] {logging_mixin.py:190} INFO - [2024-11-20T07:31:05.232+0000] {dag.py:4180} INFO - Setting next_dagrun for dataset_consumes_unknown_never_scheduled to None, run_after=None
[2024-11-20T07:31:05.236+0000] {logging_mixin.py:190} INFO - [2024-11-20T07:31:05.236+0000] {dag.py:4180} INFO - Setting next_dagrun for dataset_produces_1 to 2024-11-19 00:00:00+00:00, run_after=2024-11-20 00:00:00+00:00
[2024-11-20T07:31:05.238+0000] {logging_mixin.py:190} INFO - [2024-11-20T07:31:05.238+0000] {dag.py:4180} INFO - Setting next_dagrun for dataset_produces_2 to None, run_after=None
[2024-11-20T07:31:05.292+0000] {processor.py:208} INFO - Processing /home/airflow/.local/lib/python3.12/site-packages/airflow/example_dags/example_datasets.py took 1.078 seconds
[2024-11-20T07:31:36.173+0000] {processor.py:186} INFO - Started process (PID=529) to work on /home/airflow/.local/lib/python3.12/site-packages/airflow/example_dags/example_datasets.py
[2024-11-20T07:31:36.174+0000] {processor.py:914} INFO - Processing file /home/airflow/.local/lib/python3.12/site-packages/airflow/example_dags/example_datasets.py for tasks to queue
[2024-11-20T07:31:36.177+0000] {logging_mixin.py:190} INFO - [2024-11-20T07:31:36.176+0000] {dagbag.py:588} INFO - Filling up the DagBag from /home/airflow/.local/lib/python3.12/site-packages/airflow/example_dags/example_datasets.py
[2024-11-20T07:31:37.018+0000] {processor.py:925} INFO - DAG(s) 'dataset_consumes_1_never_scheduled', 'consume_1_and_2_with_dataset_expressions', 'dataset_produces_2', 'dataset_consumes_1', 'dataset_consumes_unknown_never_scheduled', 'dataset_consumes_1_and_2', 'consume_1_or_both_2_and_3_with_dataset_expressions', 'consume_1_or_2_with_dataset_expressions', 'dataset_produces_1', 'conditional_dataset_and_time_based_timetable' retrieved from /home/airflow/.local/lib/python3.12/site-packages/airflow/example_dags/example_datasets.py
[2024-11-20T07:31:37.073+0000] {logging_mixin.py:190} INFO - [2024-11-20T07:31:37.073+0000] {dag.py:3239} INFO - Sync 10 DAGs
[2024-11-20T07:31:37.102+0000] {logging_mixin.py:190} INFO - [2024-11-20T07:31:37.101+0000] {dag.py:4180} INFO - Setting next_dagrun for conditional_dataset_and_time_based_timetable to 2024-11-20 01:00:00+00:00, run_after=2024-11-20 01:00:00+00:00
[2024-11-20T07:31:37.107+0000] {logging_mixin.py:190} INFO - [2024-11-20T07:31:37.107+0000] {dag.py:4180} INFO - Setting next_dagrun for consume_1_and_2_with_dataset_expressions to None, run_after=None
[2024-11-20T07:31:37.109+0000] {logging_mixin.py:190} INFO - [2024-11-20T07:31:37.109+0000] {dag.py:4180} INFO - Setting next_dagrun for consume_1_or_2_with_dataset_expressions to None, run_after=None
[2024-11-20T07:31:37.110+0000] {logging_mixin.py:190} INFO - [2024-11-20T07:31:37.110+0000] {dag.py:4180} INFO - Setting next_dagrun for consume_1_or_both_2_and_3_with_dataset_expressions to None, run_after=None
[2024-11-20T07:31:37.112+0000] {logging_mixin.py:190} INFO - [2024-11-20T07:31:37.112+0000] {dag.py:4180} INFO - Setting next_dagrun for dataset_consumes_1 to None, run_after=None
[2024-11-20T07:31:37.114+0000] {logging_mixin.py:190} INFO - [2024-11-20T07:31:37.114+0000] {dag.py:4180} INFO - Setting next_dagrun for dataset_consumes_1_and_2 to None, run_after=None
[2024-11-20T07:31:37.116+0000] {logging_mixin.py:190} INFO - [2024-11-20T07:31:37.115+0000] {dag.py:4180} INFO - Setting next_dagrun for dataset_consumes_1_never_scheduled to None, run_after=None
[2024-11-20T07:31:37.117+0000] {logging_mixin.py:190} INFO - [2024-11-20T07:31:37.117+0000] {dag.py:4180} INFO - Setting next_dagrun for dataset_consumes_unknown_never_scheduled to None, run_after=None
[2024-11-20T07:31:37.121+0000] {logging_mixin.py:190} INFO - [2024-11-20T07:31:37.121+0000] {dag.py:4180} INFO - Setting next_dagrun for dataset_produces_1 to 2024-11-19 00:00:00+00:00, run_after=2024-11-20 00:00:00+00:00
[2024-11-20T07:31:37.123+0000] {logging_mixin.py:190} INFO - [2024-11-20T07:31:37.122+0000] {dag.py:4180} INFO - Setting next_dagrun for dataset_produces_2 to None, run_after=None
[2024-11-20T07:31:37.166+0000] {processor.py:208} INFO - Processing /home/airflow/.local/lib/python3.12/site-packages/airflow/example_dags/example_datasets.py took 0.999 seconds
[2024-11-20T07:32:08.159+0000] {processor.py:186} INFO - Started process (PID=596) to work on /home/airflow/.local/lib/python3.12/site-packages/airflow/example_dags/example_datasets.py
[2024-11-20T07:32:08.161+0000] {processor.py:914} INFO - Processing file /home/airflow/.local/lib/python3.12/site-packages/airflow/example_dags/example_datasets.py for tasks to queue
[2024-11-20T07:32:08.164+0000] {logging_mixin.py:190} INFO - [2024-11-20T07:32:08.163+0000] {dagbag.py:588} INFO - Filling up the DagBag from /home/airflow/.local/lib/python3.12/site-packages/airflow/example_dags/example_datasets.py
[2024-11-20T07:32:09.163+0000] {processor.py:925} INFO - DAG(s) 'dataset_consumes_1_never_scheduled', 'dataset_produces_1', 'consume_1_or_2_with_dataset_expressions', 'dataset_consumes_1_and_2', 'consume_1_and_2_with_dataset_expressions', 'dataset_consumes_1', 'dataset_produces_2', 'consume_1_or_both_2_and_3_with_dataset_expressions', 'conditional_dataset_and_time_based_timetable', 'dataset_consumes_unknown_never_scheduled' retrieved from /home/airflow/.local/lib/python3.12/site-packages/airflow/example_dags/example_datasets.py
[2024-11-20T07:32:09.234+0000] {logging_mixin.py:190} INFO - [2024-11-20T07:32:09.234+0000] {dag.py:3239} INFO - Sync 10 DAGs
[2024-11-20T07:32:09.277+0000] {logging_mixin.py:190} INFO - [2024-11-20T07:32:09.277+0000] {dag.py:4180} INFO - Setting next_dagrun for conditional_dataset_and_time_based_timetable to 2024-11-20 01:00:00+00:00, run_after=2024-11-20 01:00:00+00:00
[2024-11-20T07:32:09.284+0000] {logging_mixin.py:190} INFO - [2024-11-20T07:32:09.284+0000] {dag.py:4180} INFO - Setting next_dagrun for consume_1_and_2_with_dataset_expressions to None, run_after=None
[2024-11-20T07:32:09.288+0000] {logging_mixin.py:190} INFO - [2024-11-20T07:32:09.288+0000] {dag.py:4180} INFO - Setting next_dagrun for consume_1_or_2_with_dataset_expressions to None, run_after=None
[2024-11-20T07:32:09.291+0000] {logging_mixin.py:190} INFO - [2024-11-20T07:32:09.290+0000] {dag.py:4180} INFO - Setting next_dagrun for consume_1_or_both_2_and_3_with_dataset_expressions to None, run_after=None
[2024-11-20T07:32:09.293+0000] {logging_mixin.py:190} INFO - [2024-11-20T07:32:09.292+0000] {dag.py:4180} INFO - Setting next_dagrun for dataset_consumes_1 to None, run_after=None
[2024-11-20T07:32:09.295+0000] {logging_mixin.py:190} INFO - [2024-11-20T07:32:09.295+0000] {dag.py:4180} INFO - Setting next_dagrun for dataset_consumes_1_and_2 to None, run_after=None
[2024-11-20T07:32:09.298+0000] {logging_mixin.py:190} INFO - [2024-11-20T07:32:09.298+0000] {dag.py:4180} INFO - Setting next_dagrun for dataset_consumes_1_never_scheduled to None, run_after=None
[2024-11-20T07:32:09.302+0000] {logging_mixin.py:190} INFO - [2024-11-20T07:32:09.301+0000] {dag.py:4180} INFO - Setting next_dagrun for dataset_consumes_unknown_never_scheduled to None, run_after=None
[2024-11-20T07:32:09.306+0000] {logging_mixin.py:190} INFO - [2024-11-20T07:32:09.306+0000] {dag.py:4180} INFO - Setting next_dagrun for dataset_produces_1 to 2024-11-19 00:00:00+00:00, run_after=2024-11-20 00:00:00+00:00
[2024-11-20T07:32:09.309+0000] {logging_mixin.py:190} INFO - [2024-11-20T07:32:09.309+0000] {dag.py:4180} INFO - Setting next_dagrun for dataset_produces_2 to None, run_after=None
[2024-11-20T07:32:09.362+0000] {processor.py:208} INFO - Processing /home/airflow/.local/lib/python3.12/site-packages/airflow/example_dags/example_datasets.py took 1.211 seconds
[2024-11-20T07:32:40.448+0000] {processor.py:186} INFO - Started process (PID=666) to work on /home/airflow/.local/lib/python3.12/site-packages/airflow/example_dags/example_datasets.py
[2024-11-20T07:32:40.449+0000] {processor.py:914} INFO - Processing file /home/airflow/.local/lib/python3.12/site-packages/airflow/example_dags/example_datasets.py for tasks to queue
[2024-11-20T07:32:40.452+0000] {logging_mixin.py:190} INFO - [2024-11-20T07:32:40.451+0000] {dagbag.py:588} INFO - Filling up the DagBag from /home/airflow/.local/lib/python3.12/site-packages/airflow/example_dags/example_datasets.py
[2024-11-20T07:32:41.262+0000] {processor.py:925} INFO - DAG(s) 'dataset_produces_2', 'consume_1_or_2_with_dataset_expressions', 'consume_1_or_both_2_and_3_with_dataset_expressions', 'dataset_produces_1', 'conditional_dataset_and_time_based_timetable', 'dataset_consumes_1_never_scheduled', 'dataset_consumes_1', 'dataset_consumes_1_and_2', 'consume_1_and_2_with_dataset_expressions', 'dataset_consumes_unknown_never_scheduled' retrieved from /home/airflow/.local/lib/python3.12/site-packages/airflow/example_dags/example_datasets.py
[2024-11-20T07:32:41.334+0000] {logging_mixin.py:190} INFO - [2024-11-20T07:32:41.334+0000] {dag.py:3239} INFO - Sync 10 DAGs
[2024-11-20T07:32:41.367+0000] {logging_mixin.py:190} INFO - [2024-11-20T07:32:41.366+0000] {dag.py:4180} INFO - Setting next_dagrun for conditional_dataset_and_time_based_timetable to 2024-11-20 01:00:00+00:00, run_after=2024-11-20 01:00:00+00:00
[2024-11-20T07:32:41.372+0000] {logging_mixin.py:190} INFO - [2024-11-20T07:32:41.372+0000] {dag.py:4180} INFO - Setting next_dagrun for consume_1_and_2_with_dataset_expressions to None, run_after=None
[2024-11-20T07:32:41.375+0000] {logging_mixin.py:190} INFO - [2024-11-20T07:32:41.375+0000] {dag.py:4180} INFO - Setting next_dagrun for consume_1_or_2_with_dataset_expressions to None, run_after=None
[2024-11-20T07:32:41.377+0000] {logging_mixin.py:190} INFO - [2024-11-20T07:32:41.376+0000] {dag.py:4180} INFO - Setting next_dagrun for consume_1_or_both_2_and_3_with_dataset_expressions to None, run_after=None
[2024-11-20T07:32:41.378+0000] {logging_mixin.py:190} INFO - [2024-11-20T07:32:41.378+0000] {dag.py:4180} INFO - Setting next_dagrun for dataset_consumes_1 to None, run_after=None
[2024-11-20T07:32:41.380+0000] {logging_mixin.py:190} INFO - [2024-11-20T07:32:41.379+0000] {dag.py:4180} INFO - Setting next_dagrun for dataset_consumes_1_and_2 to None, run_after=None
[2024-11-20T07:32:41.381+0000] {logging_mixin.py:190} INFO - [2024-11-20T07:32:41.381+0000] {dag.py:4180} INFO - Setting next_dagrun for dataset_consumes_1_never_scheduled to None, run_after=None
[2024-11-20T07:32:41.383+0000] {logging_mixin.py:190} INFO - [2024-11-20T07:32:41.383+0000] {dag.py:4180} INFO - Setting next_dagrun for dataset_consumes_unknown_never_scheduled to None, run_after=None
[2024-11-20T07:32:41.387+0000] {logging_mixin.py:190} INFO - [2024-11-20T07:32:41.386+0000] {dag.py:4180} INFO - Setting next_dagrun for dataset_produces_1 to 2024-11-19 00:00:00+00:00, run_after=2024-11-20 00:00:00+00:00
[2024-11-20T07:32:41.389+0000] {logging_mixin.py:190} INFO - [2024-11-20T07:32:41.389+0000] {dag.py:4180} INFO - Setting next_dagrun for dataset_produces_2 to None, run_after=None
[2024-11-20T07:32:41.437+0000] {processor.py:208} INFO - Processing /home/airflow/.local/lib/python3.12/site-packages/airflow/example_dags/example_datasets.py took 0.996 seconds
[2024-11-20T07:33:12.506+0000] {processor.py:186} INFO - Started process (PID=734) to work on /home/airflow/.local/lib/python3.12/site-packages/airflow/example_dags/example_datasets.py
[2024-11-20T07:33:12.508+0000] {processor.py:914} INFO - Processing file /home/airflow/.local/lib/python3.12/site-packages/airflow/example_dags/example_datasets.py for tasks to queue
[2024-11-20T07:33:12.513+0000] {logging_mixin.py:190} INFO - [2024-11-20T07:33:12.513+0000] {dagbag.py:588} INFO - Filling up the DagBag from /home/airflow/.local/lib/python3.12/site-packages/airflow/example_dags/example_datasets.py
[2024-11-20T07:33:13.441+0000] {processor.py:925} INFO - DAG(s) 'dataset_consumes_unknown_never_scheduled', 'dataset_produces_2', 'dataset_consumes_1_and_2', 'conditional_dataset_and_time_based_timetable', 'consume_1_and_2_with_dataset_expressions', 'dataset_consumes_1_never_scheduled', 'consume_1_or_2_with_dataset_expressions', 'dataset_produces_1', 'consume_1_or_both_2_and_3_with_dataset_expressions', 'dataset_consumes_1' retrieved from /home/airflow/.local/lib/python3.12/site-packages/airflow/example_dags/example_datasets.py
[2024-11-20T07:33:13.511+0000] {logging_mixin.py:190} INFO - [2024-11-20T07:33:13.510+0000] {dag.py:3239} INFO - Sync 10 DAGs
[2024-11-20T07:33:13.544+0000] {logging_mixin.py:190} INFO - [2024-11-20T07:33:13.544+0000] {dag.py:4180} INFO - Setting next_dagrun for conditional_dataset_and_time_based_timetable to 2024-11-20 01:00:00+00:00, run_after=2024-11-20 01:00:00+00:00
[2024-11-20T07:33:13.551+0000] {logging_mixin.py:190} INFO - [2024-11-20T07:33:13.551+0000] {dag.py:4180} INFO - Setting next_dagrun for consume_1_and_2_with_dataset_expressions to None, run_after=None
[2024-11-20T07:33:13.554+0000] {logging_mixin.py:190} INFO - [2024-11-20T07:33:13.554+0000] {dag.py:4180} INFO - Setting next_dagrun for consume_1_or_2_with_dataset_expressions to None, run_after=None
[2024-11-20T07:33:13.556+0000] {logging_mixin.py:190} INFO - [2024-11-20T07:33:13.556+0000] {dag.py:4180} INFO - Setting next_dagrun for consume_1_or_both_2_and_3_with_dataset_expressions to None, run_after=None
[2024-11-20T07:33:13.558+0000] {logging_mixin.py:190} INFO - [2024-11-20T07:33:13.558+0000] {dag.py:4180} INFO - Setting next_dagrun for dataset_consumes_1 to None, run_after=None
[2024-11-20T07:33:13.560+0000] {logging_mixin.py:190} INFO - [2024-11-20T07:33:13.560+0000] {dag.py:4180} INFO - Setting next_dagrun for dataset_consumes_1_and_2 to None, run_after=None
[2024-11-20T07:33:13.563+0000] {logging_mixin.py:190} INFO - [2024-11-20T07:33:13.562+0000] {dag.py:4180} INFO - Setting next_dagrun for dataset_consumes_1_never_scheduled to None, run_after=None
[2024-11-20T07:33:13.565+0000] {logging_mixin.py:190} INFO - [2024-11-20T07:33:13.564+0000] {dag.py:4180} INFO - Setting next_dagrun for dataset_consumes_unknown_never_scheduled to None, run_after=None
[2024-11-20T07:33:13.569+0000] {logging_mixin.py:190} INFO - [2024-11-20T07:33:13.569+0000] {dag.py:4180} INFO - Setting next_dagrun for dataset_produces_1 to 2024-11-19 00:00:00+00:00, run_after=2024-11-20 00:00:00+00:00
[2024-11-20T07:33:13.572+0000] {logging_mixin.py:190} INFO - [2024-11-20T07:33:13.572+0000] {dag.py:4180} INFO - Setting next_dagrun for dataset_produces_2 to None, run_after=None
[2024-11-20T07:33:13.626+0000] {processor.py:208} INFO - Processing /home/airflow/.local/lib/python3.12/site-packages/airflow/example_dags/example_datasets.py took 1.129 seconds
