[2024-11-20T07:26:06.788+0000] {processor.py:186} INFO - Started process (PID=122) to work on /home/airflow/.local/lib/python3.12/site-packages/airflow/example_dags/example_skip_dag.py
[2024-11-20T07:26:06.790+0000] {processor.py:914} INFO - Processing file /home/airflow/.local/lib/python3.12/site-packages/airflow/example_dags/example_skip_dag.py for tasks to queue
[2024-11-20T07:26:06.793+0000] {logging_mixin.py:190} INFO - [2024-11-20T07:26:06.793+0000] {dagbag.py:588} INFO - Filling up the DagBag from /home/airflow/.local/lib/python3.12/site-packages/airflow/example_dags/example_skip_dag.py
[2024-11-20T07:26:06.806+0000] {processor.py:925} INFO - DAG(s) 'example_skip_dag' retrieved from /home/airflow/.local/lib/python3.12/site-packages/airflow/example_dags/example_skip_dag.py
[2024-11-20T07:26:06.978+0000] {logging_mixin.py:190} INFO - [2024-11-20T07:26:06.977+0000] {override.py:1911} INFO - Created Permission View: can delete on DAG:example_skip_dag
[2024-11-20T07:26:06.993+0000] {logging_mixin.py:190} INFO - [2024-11-20T07:26:06.993+0000] {override.py:1911} INFO - Created Permission View: can read on DAG:example_skip_dag
[2024-11-20T07:26:07.003+0000] {logging_mixin.py:190} INFO - [2024-11-20T07:26:07.002+0000] {override.py:1911} INFO - Created Permission View: can edit on DAG:example_skip_dag
[2024-11-20T07:26:07.013+0000] {logging_mixin.py:190} INFO - [2024-11-20T07:26:07.012+0000] {override.py:1911} INFO - Created Permission View: can delete on DAG Run:example_skip_dag
[2024-11-20T07:26:07.022+0000] {logging_mixin.py:190} INFO - [2024-11-20T07:26:07.021+0000] {override.py:1911} INFO - Created Permission View: can read on DAG Run:example_skip_dag
[2024-11-20T07:26:07.033+0000] {logging_mixin.py:190} INFO - [2024-11-20T07:26:07.033+0000] {override.py:1911} INFO - Created Permission View: menu access on DAG Run:example_skip_dag
[2024-11-20T07:26:07.044+0000] {logging_mixin.py:190} INFO - [2024-11-20T07:26:07.044+0000] {override.py:1911} INFO - Created Permission View: can create on DAG Run:example_skip_dag
[2024-11-20T07:26:07.045+0000] {logging_mixin.py:190} INFO - [2024-11-20T07:26:07.045+0000] {dag.py:3239} INFO - Sync 1 DAGs
[2024-11-20T07:26:07.073+0000] {logging_mixin.py:190} INFO - [2024-11-20T07:26:07.072+0000] {dag.py:3262} INFO - Creating ORM DAG for example_skip_dag
[2024-11-20T07:26:07.095+0000] {logging_mixin.py:190} INFO - [2024-11-20T07:26:07.095+0000] {dag.py:4180} INFO - Setting next_dagrun for example_skip_dag to 2024-11-19 00:00:00+00:00, run_after=2024-11-20 00:00:00+00:00
[2024-11-20T07:26:07.127+0000] {processor.py:208} INFO - Processing /home/airflow/.local/lib/python3.12/site-packages/airflow/example_dags/example_skip_dag.py took 0.345 seconds
[2024-11-20T07:26:37.915+0000] {processor.py:186} INFO - Started process (PID=187) to work on /home/airflow/.local/lib/python3.12/site-packages/airflow/example_dags/example_skip_dag.py
[2024-11-20T07:26:37.917+0000] {processor.py:914} INFO - Processing file /home/airflow/.local/lib/python3.12/site-packages/airflow/example_dags/example_skip_dag.py for tasks to queue
[2024-11-20T07:26:37.922+0000] {logging_mixin.py:190} INFO - [2024-11-20T07:26:37.921+0000] {dagbag.py:588} INFO - Filling up the DagBag from /home/airflow/.local/lib/python3.12/site-packages/airflow/example_dags/example_skip_dag.py
[2024-11-20T07:26:37.935+0000] {processor.py:925} INFO - DAG(s) 'example_skip_dag' retrieved from /home/airflow/.local/lib/python3.12/site-packages/airflow/example_dags/example_skip_dag.py
[2024-11-20T07:26:37.963+0000] {logging_mixin.py:190} INFO - [2024-11-20T07:26:37.963+0000] {dag.py:3239} INFO - Sync 1 DAGs
[2024-11-20T07:26:37.996+0000] {logging_mixin.py:190} INFO - [2024-11-20T07:26:37.995+0000] {dag.py:4180} INFO - Setting next_dagrun for example_skip_dag to 2024-11-19 00:00:00+00:00, run_after=2024-11-20 00:00:00+00:00
[2024-11-20T07:26:38.020+0000] {processor.py:208} INFO - Processing /home/airflow/.local/lib/python3.12/site-packages/airflow/example_dags/example_skip_dag.py took 0.116 seconds
[2024-11-20T07:28:26.181+0000] {processor.py:186} INFO - Started process (PID=122) to work on /home/airflow/.local/lib/python3.12/site-packages/airflow/example_dags/example_skip_dag.py
[2024-11-20T07:28:26.183+0000] {processor.py:914} INFO - Processing file /home/airflow/.local/lib/python3.12/site-packages/airflow/example_dags/example_skip_dag.py for tasks to queue
[2024-11-20T07:28:26.187+0000] {logging_mixin.py:190} INFO - [2024-11-20T07:28:26.187+0000] {dagbag.py:588} INFO - Filling up the DagBag from /home/airflow/.local/lib/python3.12/site-packages/airflow/example_dags/example_skip_dag.py
[2024-11-20T07:28:26.201+0000] {processor.py:925} INFO - DAG(s) 'example_skip_dag' retrieved from /home/airflow/.local/lib/python3.12/site-packages/airflow/example_dags/example_skip_dag.py
[2024-11-20T07:28:26.239+0000] {logging_mixin.py:190} INFO - [2024-11-20T07:28:26.238+0000] {dag.py:3239} INFO - Sync 1 DAGs
[2024-11-20T07:28:26.279+0000] {logging_mixin.py:190} INFO - [2024-11-20T07:28:26.279+0000] {dag.py:4180} INFO - Setting next_dagrun for example_skip_dag to 2024-11-19 00:00:00+00:00, run_after=2024-11-20 00:00:00+00:00
[2024-11-20T07:28:26.306+0000] {processor.py:208} INFO - Processing /home/airflow/.local/lib/python3.12/site-packages/airflow/example_dags/example_skip_dag.py took 0.134 seconds
[2024-11-20T07:28:57.654+0000] {processor.py:186} INFO - Started process (PID=193) to work on /home/airflow/.local/lib/python3.12/site-packages/airflow/example_dags/example_skip_dag.py
[2024-11-20T07:28:57.655+0000] {processor.py:914} INFO - Processing file /home/airflow/.local/lib/python3.12/site-packages/airflow/example_dags/example_skip_dag.py for tasks to queue
[2024-11-20T07:28:57.658+0000] {logging_mixin.py:190} INFO - [2024-11-20T07:28:57.658+0000] {dagbag.py:588} INFO - Filling up the DagBag from /home/airflow/.local/lib/python3.12/site-packages/airflow/example_dags/example_skip_dag.py
[2024-11-20T07:28:57.668+0000] {processor.py:925} INFO - DAG(s) 'example_skip_dag' retrieved from /home/airflow/.local/lib/python3.12/site-packages/airflow/example_dags/example_skip_dag.py
[2024-11-20T07:28:57.692+0000] {logging_mixin.py:190} INFO - [2024-11-20T07:28:57.692+0000] {dag.py:3239} INFO - Sync 1 DAGs
[2024-11-20T07:28:57.723+0000] {logging_mixin.py:190} INFO - [2024-11-20T07:28:57.723+0000] {dag.py:4180} INFO - Setting next_dagrun for example_skip_dag to 2024-11-19 00:00:00+00:00, run_after=2024-11-20 00:00:00+00:00
[2024-11-20T07:28:57.748+0000] {processor.py:208} INFO - Processing /home/airflow/.local/lib/python3.12/site-packages/airflow/example_dags/example_skip_dag.py took 0.100 seconds
[2024-11-20T07:29:29.127+0000] {processor.py:186} INFO - Started process (PID=258) to work on /home/airflow/.local/lib/python3.12/site-packages/airflow/example_dags/example_skip_dag.py
[2024-11-20T07:29:29.128+0000] {processor.py:914} INFO - Processing file /home/airflow/.local/lib/python3.12/site-packages/airflow/example_dags/example_skip_dag.py for tasks to queue
[2024-11-20T07:29:29.131+0000] {logging_mixin.py:190} INFO - [2024-11-20T07:29:29.130+0000] {dagbag.py:588} INFO - Filling up the DagBag from /home/airflow/.local/lib/python3.12/site-packages/airflow/example_dags/example_skip_dag.py
[2024-11-20T07:29:29.141+0000] {processor.py:925} INFO - DAG(s) 'example_skip_dag' retrieved from /home/airflow/.local/lib/python3.12/site-packages/airflow/example_dags/example_skip_dag.py
[2024-11-20T07:29:29.165+0000] {logging_mixin.py:190} INFO - [2024-11-20T07:29:29.165+0000] {dag.py:3239} INFO - Sync 1 DAGs
[2024-11-20T07:29:29.195+0000] {logging_mixin.py:190} INFO - [2024-11-20T07:29:29.194+0000] {dag.py:4180} INFO - Setting next_dagrun for example_skip_dag to 2024-11-19 00:00:00+00:00, run_after=2024-11-20 00:00:00+00:00
[2024-11-20T07:29:29.219+0000] {processor.py:208} INFO - Processing /home/airflow/.local/lib/python3.12/site-packages/airflow/example_dags/example_skip_dag.py took 0.098 seconds
[2024-11-20T07:30:00.113+0000] {processor.py:186} INFO - Started process (PID=323) to work on /home/airflow/.local/lib/python3.12/site-packages/airflow/example_dags/example_skip_dag.py
[2024-11-20T07:30:00.114+0000] {processor.py:914} INFO - Processing file /home/airflow/.local/lib/python3.12/site-packages/airflow/example_dags/example_skip_dag.py for tasks to queue
[2024-11-20T07:30:00.117+0000] {logging_mixin.py:190} INFO - [2024-11-20T07:30:00.117+0000] {dagbag.py:588} INFO - Filling up the DagBag from /home/airflow/.local/lib/python3.12/site-packages/airflow/example_dags/example_skip_dag.py
[2024-11-20T07:30:00.127+0000] {processor.py:925} INFO - DAG(s) 'example_skip_dag' retrieved from /home/airflow/.local/lib/python3.12/site-packages/airflow/example_dags/example_skip_dag.py
[2024-11-20T07:30:00.155+0000] {logging_mixin.py:190} INFO - [2024-11-20T07:30:00.155+0000] {dag.py:3239} INFO - Sync 1 DAGs
[2024-11-20T07:30:00.193+0000] {logging_mixin.py:190} INFO - [2024-11-20T07:30:00.193+0000] {dag.py:4180} INFO - Setting next_dagrun for example_skip_dag to 2024-11-19 00:00:00+00:00, run_after=2024-11-20 00:00:00+00:00
[2024-11-20T07:30:00.217+0000] {processor.py:208} INFO - Processing /home/airflow/.local/lib/python3.12/site-packages/airflow/example_dags/example_skip_dag.py took 0.112 seconds
[2024-11-20T07:30:31.980+0000] {processor.py:186} INFO - Started process (PID=388) to work on /home/airflow/.local/lib/python3.12/site-packages/airflow/example_dags/example_skip_dag.py
[2024-11-20T07:30:31.981+0000] {processor.py:914} INFO - Processing file /home/airflow/.local/lib/python3.12/site-packages/airflow/example_dags/example_skip_dag.py for tasks to queue
[2024-11-20T07:30:31.984+0000] {logging_mixin.py:190} INFO - [2024-11-20T07:30:31.984+0000] {dagbag.py:588} INFO - Filling up the DagBag from /home/airflow/.local/lib/python3.12/site-packages/airflow/example_dags/example_skip_dag.py
[2024-11-20T07:30:31.995+0000] {processor.py:925} INFO - DAG(s) 'example_skip_dag' retrieved from /home/airflow/.local/lib/python3.12/site-packages/airflow/example_dags/example_skip_dag.py
[2024-11-20T07:30:32.020+0000] {logging_mixin.py:190} INFO - [2024-11-20T07:30:32.020+0000] {dag.py:3239} INFO - Sync 1 DAGs
[2024-11-20T07:30:32.047+0000] {logging_mixin.py:190} INFO - [2024-11-20T07:30:32.047+0000] {dag.py:4180} INFO - Setting next_dagrun for example_skip_dag to 2024-11-19 00:00:00+00:00, run_after=2024-11-20 00:00:00+00:00
[2024-11-20T07:30:32.073+0000] {processor.py:208} INFO - Processing /home/airflow/.local/lib/python3.12/site-packages/airflow/example_dags/example_skip_dag.py took 0.099 seconds
[2024-11-20T07:31:03.084+0000] {processor.py:186} INFO - Started process (PID=453) to work on /home/airflow/.local/lib/python3.12/site-packages/airflow/example_dags/example_skip_dag.py
[2024-11-20T07:31:03.085+0000] {processor.py:914} INFO - Processing file /home/airflow/.local/lib/python3.12/site-packages/airflow/example_dags/example_skip_dag.py for tasks to queue
[2024-11-20T07:31:03.087+0000] {logging_mixin.py:190} INFO - [2024-11-20T07:31:03.087+0000] {dagbag.py:588} INFO - Filling up the DagBag from /home/airflow/.local/lib/python3.12/site-packages/airflow/example_dags/example_skip_dag.py
[2024-11-20T07:31:03.096+0000] {processor.py:925} INFO - DAG(s) 'example_skip_dag' retrieved from /home/airflow/.local/lib/python3.12/site-packages/airflow/example_dags/example_skip_dag.py
[2024-11-20T07:31:03.119+0000] {logging_mixin.py:190} INFO - [2024-11-20T07:31:03.119+0000] {dag.py:3239} INFO - Sync 1 DAGs
[2024-11-20T07:31:03.150+0000] {logging_mixin.py:190} INFO - [2024-11-20T07:31:03.150+0000] {dag.py:4180} INFO - Setting next_dagrun for example_skip_dag to 2024-11-19 00:00:00+00:00, run_after=2024-11-20 00:00:00+00:00
[2024-11-20T07:31:03.176+0000] {processor.py:208} INFO - Processing /home/airflow/.local/lib/python3.12/site-packages/airflow/example_dags/example_skip_dag.py took 0.098 seconds
[2024-11-20T07:31:34.946+0000] {processor.py:186} INFO - Started process (PID=518) to work on /home/airflow/.local/lib/python3.12/site-packages/airflow/example_dags/example_skip_dag.py
[2024-11-20T07:31:34.947+0000] {processor.py:914} INFO - Processing file /home/airflow/.local/lib/python3.12/site-packages/airflow/example_dags/example_skip_dag.py for tasks to queue
[2024-11-20T07:31:34.950+0000] {logging_mixin.py:190} INFO - [2024-11-20T07:31:34.950+0000] {dagbag.py:588} INFO - Filling up the DagBag from /home/airflow/.local/lib/python3.12/site-packages/airflow/example_dags/example_skip_dag.py
[2024-11-20T07:31:34.959+0000] {processor.py:925} INFO - DAG(s) 'example_skip_dag' retrieved from /home/airflow/.local/lib/python3.12/site-packages/airflow/example_dags/example_skip_dag.py
[2024-11-20T07:31:34.985+0000] {logging_mixin.py:190} INFO - [2024-11-20T07:31:34.984+0000] {dag.py:3239} INFO - Sync 1 DAGs
[2024-11-20T07:31:35.012+0000] {logging_mixin.py:190} INFO - [2024-11-20T07:31:35.011+0000] {dag.py:4180} INFO - Setting next_dagrun for example_skip_dag to 2024-11-19 00:00:00+00:00, run_after=2024-11-20 00:00:00+00:00
[2024-11-20T07:31:35.035+0000] {processor.py:208} INFO - Processing /home/airflow/.local/lib/python3.12/site-packages/airflow/example_dags/example_skip_dag.py took 0.095 seconds
[2024-11-20T07:32:06.594+0000] {processor.py:186} INFO - Started process (PID=583) to work on /home/airflow/.local/lib/python3.12/site-packages/airflow/example_dags/example_skip_dag.py
[2024-11-20T07:32:06.595+0000] {processor.py:914} INFO - Processing file /home/airflow/.local/lib/python3.12/site-packages/airflow/example_dags/example_skip_dag.py for tasks to queue
[2024-11-20T07:32:06.597+0000] {logging_mixin.py:190} INFO - [2024-11-20T07:32:06.597+0000] {dagbag.py:588} INFO - Filling up the DagBag from /home/airflow/.local/lib/python3.12/site-packages/airflow/example_dags/example_skip_dag.py
[2024-11-20T07:32:06.607+0000] {processor.py:925} INFO - DAG(s) 'example_skip_dag' retrieved from /home/airflow/.local/lib/python3.12/site-packages/airflow/example_dags/example_skip_dag.py
[2024-11-20T07:32:06.631+0000] {logging_mixin.py:190} INFO - [2024-11-20T07:32:06.631+0000] {dag.py:3239} INFO - Sync 1 DAGs
[2024-11-20T07:32:06.658+0000] {logging_mixin.py:190} INFO - [2024-11-20T07:32:06.658+0000] {dag.py:4180} INFO - Setting next_dagrun for example_skip_dag to 2024-11-19 00:00:00+00:00, run_after=2024-11-20 00:00:00+00:00
[2024-11-20T07:32:06.678+0000] {processor.py:208} INFO - Processing /home/airflow/.local/lib/python3.12/site-packages/airflow/example_dags/example_skip_dag.py took 0.090 seconds
[2024-11-20T07:32:38.424+0000] {processor.py:186} INFO - Started process (PID=649) to work on /home/airflow/.local/lib/python3.12/site-packages/airflow/example_dags/example_skip_dag.py
[2024-11-20T07:32:38.426+0000] {processor.py:914} INFO - Processing file /home/airflow/.local/lib/python3.12/site-packages/airflow/example_dags/example_skip_dag.py for tasks to queue
[2024-11-20T07:32:38.429+0000] {logging_mixin.py:190} INFO - [2024-11-20T07:32:38.428+0000] {dagbag.py:588} INFO - Filling up the DagBag from /home/airflow/.local/lib/python3.12/site-packages/airflow/example_dags/example_skip_dag.py
[2024-11-20T07:32:38.440+0000] {processor.py:925} INFO - DAG(s) 'example_skip_dag' retrieved from /home/airflow/.local/lib/python3.12/site-packages/airflow/example_dags/example_skip_dag.py
[2024-11-20T07:32:38.471+0000] {logging_mixin.py:190} INFO - [2024-11-20T07:32:38.470+0000] {dag.py:3239} INFO - Sync 1 DAGs
[2024-11-20T07:32:38.504+0000] {logging_mixin.py:190} INFO - [2024-11-20T07:32:38.503+0000] {dag.py:4180} INFO - Setting next_dagrun for example_skip_dag to 2024-11-19 00:00:00+00:00, run_after=2024-11-20 00:00:00+00:00
[2024-11-20T07:32:38.534+0000] {processor.py:208} INFO - Processing /home/airflow/.local/lib/python3.12/site-packages/airflow/example_dags/example_skip_dag.py took 0.117 seconds
[2024-11-20T07:33:10.330+0000] {processor.py:186} INFO - Started process (PID=714) to work on /home/airflow/.local/lib/python3.12/site-packages/airflow/example_dags/example_skip_dag.py
[2024-11-20T07:33:10.332+0000] {processor.py:914} INFO - Processing file /home/airflow/.local/lib/python3.12/site-packages/airflow/example_dags/example_skip_dag.py for tasks to queue
[2024-11-20T07:33:10.335+0000] {logging_mixin.py:190} INFO - [2024-11-20T07:33:10.335+0000] {dagbag.py:588} INFO - Filling up the DagBag from /home/airflow/.local/lib/python3.12/site-packages/airflow/example_dags/example_skip_dag.py
[2024-11-20T07:33:10.345+0000] {processor.py:925} INFO - DAG(s) 'example_skip_dag' retrieved from /home/airflow/.local/lib/python3.12/site-packages/airflow/example_dags/example_skip_dag.py
[2024-11-20T07:33:10.381+0000] {logging_mixin.py:190} INFO - [2024-11-20T07:33:10.380+0000] {dag.py:3239} INFO - Sync 1 DAGs
[2024-11-20T07:33:10.413+0000] {logging_mixin.py:190} INFO - [2024-11-20T07:33:10.412+0000] {dag.py:4180} INFO - Setting next_dagrun for example_skip_dag to 2024-11-19 00:00:00+00:00, run_after=2024-11-20 00:00:00+00:00
[2024-11-20T07:33:10.438+0000] {processor.py:208} INFO - Processing /home/airflow/.local/lib/python3.12/site-packages/airflow/example_dags/example_skip_dag.py took 0.114 seconds
