[2024-11-20T07:25:59.724+0000] {processor.py:186} INFO - Started process (PID=103) to work on /home/airflow/.local/lib/python3.12/site-packages/airflow/example_dags/example_inlet_event_extra.py
[2024-11-20T07:25:59.725+0000] {processor.py:914} INFO - Processing file /home/airflow/.local/lib/python3.12/site-packages/airflow/example_dags/example_inlet_event_extra.py for tasks to queue
[2024-11-20T07:25:59.728+0000] {logging_mixin.py:190} INFO - [2024-11-20T07:25:59.728+0000] {dagbag.py:588} INFO - Filling up the DagBag from /home/airflow/.local/lib/python3.12/site-packages/airflow/example_dags/example_inlet_event_extra.py
[2024-11-20T07:26:02.757+0000] {processor.py:925} INFO - DAG(s) 'read_dataset_event', 'read_dataset_event_from_classic' retrieved from /home/airflow/.local/lib/python3.12/site-packages/airflow/example_dags/example_inlet_event_extra.py
[2024-11-20T07:26:02.956+0000] {logging_mixin.py:190} INFO - [2024-11-20T07:26:02.954+0000] {override.py:1911} INFO - Created Permission View: can delete on DAG:read_dataset_event
[2024-11-20T07:26:02.972+0000] {logging_mixin.py:190} INFO - [2024-11-20T07:26:02.971+0000] {override.py:1911} INFO - Created Permission View: can read on DAG:read_dataset_event
[2024-11-20T07:26:02.982+0000] {logging_mixin.py:190} INFO - [2024-11-20T07:26:02.981+0000] {override.py:1911} INFO - Created Permission View: can edit on DAG:read_dataset_event
[2024-11-20T07:26:02.993+0000] {logging_mixin.py:190} INFO - [2024-11-20T07:26:02.993+0000] {override.py:1911} INFO - Created Permission View: can delete on DAG Run:read_dataset_event
[2024-11-20T07:26:03.003+0000] {logging_mixin.py:190} INFO - [2024-11-20T07:26:03.003+0000] {override.py:1911} INFO - Created Permission View: can read on DAG Run:read_dataset_event
[2024-11-20T07:26:03.012+0000] {logging_mixin.py:190} INFO - [2024-11-20T07:26:03.011+0000] {override.py:1911} INFO - Created Permission View: menu access on DAG Run:read_dataset_event
[2024-11-20T07:26:03.023+0000] {logging_mixin.py:190} INFO - [2024-11-20T07:26:03.022+0000] {override.py:1911} INFO - Created Permission View: can create on DAG Run:read_dataset_event
[2024-11-20T07:26:03.041+0000] {logging_mixin.py:190} INFO - [2024-11-20T07:26:03.041+0000] {override.py:1911} INFO - Created Permission View: can delete on DAG:read_dataset_event_from_classic
[2024-11-20T07:26:03.052+0000] {logging_mixin.py:190} INFO - [2024-11-20T07:26:03.052+0000] {override.py:1911} INFO - Created Permission View: can read on DAG:read_dataset_event_from_classic
[2024-11-20T07:26:03.062+0000] {logging_mixin.py:190} INFO - [2024-11-20T07:26:03.062+0000] {override.py:1911} INFO - Created Permission View: can edit on DAG:read_dataset_event_from_classic
[2024-11-20T07:26:03.075+0000] {logging_mixin.py:190} INFO - [2024-11-20T07:26:03.074+0000] {override.py:1911} INFO - Created Permission View: can delete on DAG Run:read_dataset_event_from_classic
[2024-11-20T07:26:03.086+0000] {logging_mixin.py:190} INFO - [2024-11-20T07:26:03.085+0000] {override.py:1911} INFO - Created Permission View: can read on DAG Run:read_dataset_event_from_classic
[2024-11-20T07:26:03.096+0000] {logging_mixin.py:190} INFO - [2024-11-20T07:26:03.095+0000] {override.py:1911} INFO - Created Permission View: menu access on DAG Run:read_dataset_event_from_classic
[2024-11-20T07:26:03.107+0000] {logging_mixin.py:190} INFO - [2024-11-20T07:26:03.106+0000] {override.py:1911} INFO - Created Permission View: can create on DAG Run:read_dataset_event_from_classic
[2024-11-20T07:26:03.107+0000] {logging_mixin.py:190} INFO - [2024-11-20T07:26:03.107+0000] {dag.py:3239} INFO - Sync 2 DAGs
[2024-11-20T07:26:03.128+0000] {logging_mixin.py:190} INFO - [2024-11-20T07:26:03.127+0000] {dag.py:3262} INFO - Creating ORM DAG for read_dataset_event_from_classic
[2024-11-20T07:26:03.129+0000] {logging_mixin.py:190} INFO - [2024-11-20T07:26:03.129+0000] {dag.py:3262} INFO - Creating ORM DAG for read_dataset_event
[2024-11-20T07:26:03.149+0000] {logging_mixin.py:190} INFO - [2024-11-20T07:26:03.149+0000] {dag.py:4180} INFO - Setting next_dagrun for read_dataset_event to 2024-11-19 00:00:00+00:00, run_after=2024-11-20 00:00:00+00:00
[2024-11-20T07:26:03.152+0000] {logging_mixin.py:190} INFO - [2024-11-20T07:26:03.152+0000] {dag.py:4180} INFO - Setting next_dagrun for read_dataset_event_from_classic to 2024-11-19 00:00:00+00:00, run_after=2024-11-20 00:00:00+00:00
[2024-11-20T07:26:03.180+0000] {processor.py:208} INFO - Processing /home/airflow/.local/lib/python3.12/site-packages/airflow/example_dags/example_inlet_event_extra.py took 3.462 seconds
[2024-11-20T07:26:33.545+0000] {processor.py:186} INFO - Started process (PID=174) to work on /home/airflow/.local/lib/python3.12/site-packages/airflow/example_dags/example_inlet_event_extra.py
[2024-11-20T07:26:33.547+0000] {processor.py:914} INFO - Processing file /home/airflow/.local/lib/python3.12/site-packages/airflow/example_dags/example_inlet_event_extra.py for tasks to queue
[2024-11-20T07:26:33.551+0000] {logging_mixin.py:190} INFO - [2024-11-20T07:26:33.550+0000] {dagbag.py:588} INFO - Filling up the DagBag from /home/airflow/.local/lib/python3.12/site-packages/airflow/example_dags/example_inlet_event_extra.py
[2024-11-20T07:26:34.515+0000] {processor.py:925} INFO - DAG(s) 'read_dataset_event', 'read_dataset_event_from_classic' retrieved from /home/airflow/.local/lib/python3.12/site-packages/airflow/example_dags/example_inlet_event_extra.py
[2024-11-20T07:26:34.552+0000] {logging_mixin.py:190} INFO - [2024-11-20T07:26:34.552+0000] {dag.py:3239} INFO - Sync 2 DAGs
[2024-11-20T07:26:34.589+0000] {logging_mixin.py:190} INFO - [2024-11-20T07:26:34.589+0000] {dag.py:4180} INFO - Setting next_dagrun for read_dataset_event to 2024-11-19 00:00:00+00:00, run_after=2024-11-20 00:00:00+00:00
[2024-11-20T07:26:34.595+0000] {logging_mixin.py:190} INFO - [2024-11-20T07:26:34.595+0000] {dag.py:4180} INFO - Setting next_dagrun for read_dataset_event_from_classic to 2024-11-19 00:00:00+00:00, run_after=2024-11-20 00:00:00+00:00
[2024-11-20T07:26:34.616+0000] {processor.py:208} INFO - Processing /home/airflow/.local/lib/python3.12/site-packages/airflow/example_dags/example_inlet_event_extra.py took 1.077 seconds
[2024-11-20T07:28:21.705+0000] {processor.py:186} INFO - Started process (PID=103) to work on /home/airflow/.local/lib/python3.12/site-packages/airflow/example_dags/example_inlet_event_extra.py
[2024-11-20T07:28:21.707+0000] {processor.py:914} INFO - Processing file /home/airflow/.local/lib/python3.12/site-packages/airflow/example_dags/example_inlet_event_extra.py for tasks to queue
[2024-11-20T07:28:21.710+0000] {logging_mixin.py:190} INFO - [2024-11-20T07:28:21.710+0000] {dagbag.py:588} INFO - Filling up the DagBag from /home/airflow/.local/lib/python3.12/site-packages/airflow/example_dags/example_inlet_event_extra.py
[2024-11-20T07:28:23.681+0000] {processor.py:925} INFO - DAG(s) 'read_dataset_event', 'read_dataset_event_from_classic' retrieved from /home/airflow/.local/lib/python3.12/site-packages/airflow/example_dags/example_inlet_event_extra.py
[2024-11-20T07:28:23.712+0000] {logging_mixin.py:190} INFO - [2024-11-20T07:28:23.711+0000] {dag.py:3239} INFO - Sync 2 DAGs
[2024-11-20T07:28:23.748+0000] {logging_mixin.py:190} INFO - [2024-11-20T07:28:23.747+0000] {dag.py:4180} INFO - Setting next_dagrun for read_dataset_event to 2024-11-19 00:00:00+00:00, run_after=2024-11-20 00:00:00+00:00
[2024-11-20T07:28:23.755+0000] {logging_mixin.py:190} INFO - [2024-11-20T07:28:23.755+0000] {dag.py:4180} INFO - Setting next_dagrun for read_dataset_event_from_classic to 2024-11-19 00:00:00+00:00, run_after=2024-11-20 00:00:00+00:00
[2024-11-20T07:28:23.777+0000] {processor.py:208} INFO - Processing /home/airflow/.local/lib/python3.12/site-packages/airflow/example_dags/example_inlet_event_extra.py took 2.078 seconds
[2024-11-20T07:28:53.851+0000] {processor.py:186} INFO - Started process (PID=175) to work on /home/airflow/.local/lib/python3.12/site-packages/airflow/example_dags/example_inlet_event_extra.py
[2024-11-20T07:28:53.852+0000] {processor.py:914} INFO - Processing file /home/airflow/.local/lib/python3.12/site-packages/airflow/example_dags/example_inlet_event_extra.py for tasks to queue
[2024-11-20T07:28:53.855+0000] {logging_mixin.py:190} INFO - [2024-11-20T07:28:53.854+0000] {dagbag.py:588} INFO - Filling up the DagBag from /home/airflow/.local/lib/python3.12/site-packages/airflow/example_dags/example_inlet_event_extra.py
[2024-11-20T07:28:54.547+0000] {processor.py:925} INFO - DAG(s) 'read_dataset_event', 'read_dataset_event_from_classic' retrieved from /home/airflow/.local/lib/python3.12/site-packages/airflow/example_dags/example_inlet_event_extra.py
[2024-11-20T07:28:54.572+0000] {logging_mixin.py:190} INFO - [2024-11-20T07:28:54.572+0000] {dag.py:3239} INFO - Sync 2 DAGs
[2024-11-20T07:28:54.599+0000] {logging_mixin.py:190} INFO - [2024-11-20T07:28:54.599+0000] {dag.py:4180} INFO - Setting next_dagrun for read_dataset_event to 2024-11-19 00:00:00+00:00, run_after=2024-11-20 00:00:00+00:00
[2024-11-20T07:28:54.605+0000] {logging_mixin.py:190} INFO - [2024-11-20T07:28:54.605+0000] {dag.py:4180} INFO - Setting next_dagrun for read_dataset_event_from_classic to 2024-11-19 00:00:00+00:00, run_after=2024-11-20 00:00:00+00:00
[2024-11-20T07:28:54.623+0000] {processor.py:208} INFO - Processing /home/airflow/.local/lib/python3.12/site-packages/airflow/example_dags/example_inlet_event_extra.py took 0.777 seconds
[2024-11-20T07:29:24.952+0000] {processor.py:186} INFO - Started process (PID=240) to work on /home/airflow/.local/lib/python3.12/site-packages/airflow/example_dags/example_inlet_event_extra.py
[2024-11-20T07:29:24.953+0000] {processor.py:914} INFO - Processing file /home/airflow/.local/lib/python3.12/site-packages/airflow/example_dags/example_inlet_event_extra.py for tasks to queue
[2024-11-20T07:29:24.957+0000] {logging_mixin.py:190} INFO - [2024-11-20T07:29:24.956+0000] {dagbag.py:588} INFO - Filling up the DagBag from /home/airflow/.local/lib/python3.12/site-packages/airflow/example_dags/example_inlet_event_extra.py
[2024-11-20T07:29:25.900+0000] {processor.py:925} INFO - DAG(s) 'read_dataset_event_from_classic', 'read_dataset_event' retrieved from /home/airflow/.local/lib/python3.12/site-packages/airflow/example_dags/example_inlet_event_extra.py
[2024-11-20T07:29:25.933+0000] {logging_mixin.py:190} INFO - [2024-11-20T07:29:25.932+0000] {dag.py:3239} INFO - Sync 2 DAGs
[2024-11-20T07:29:25.987+0000] {logging_mixin.py:190} INFO - [2024-11-20T07:29:25.987+0000] {dag.py:4180} INFO - Setting next_dagrun for read_dataset_event to 2024-11-19 00:00:00+00:00, run_after=2024-11-20 00:00:00+00:00
[2024-11-20T07:29:26.000+0000] {logging_mixin.py:190} INFO - [2024-11-20T07:29:26.000+0000] {dag.py:4180} INFO - Setting next_dagrun for read_dataset_event_from_classic to 2024-11-19 00:00:00+00:00, run_after=2024-11-20 00:00:00+00:00
[2024-11-20T07:29:26.024+0000] {processor.py:208} INFO - Processing /home/airflow/.local/lib/python3.12/site-packages/airflow/example_dags/example_inlet_event_extra.py took 1.079 seconds
[2024-11-20T07:29:56.215+0000] {processor.py:186} INFO - Started process (PID=310) to work on /home/airflow/.local/lib/python3.12/site-packages/airflow/example_dags/example_inlet_event_extra.py
[2024-11-20T07:29:56.216+0000] {processor.py:914} INFO - Processing file /home/airflow/.local/lib/python3.12/site-packages/airflow/example_dags/example_inlet_event_extra.py for tasks to queue
[2024-11-20T07:29:56.220+0000] {logging_mixin.py:190} INFO - [2024-11-20T07:29:56.219+0000] {dagbag.py:588} INFO - Filling up the DagBag from /home/airflow/.local/lib/python3.12/site-packages/airflow/example_dags/example_inlet_event_extra.py
[2024-11-20T07:29:56.988+0000] {processor.py:925} INFO - DAG(s) 'read_dataset_event', 'read_dataset_event_from_classic' retrieved from /home/airflow/.local/lib/python3.12/site-packages/airflow/example_dags/example_inlet_event_extra.py
[2024-11-20T07:29:57.012+0000] {logging_mixin.py:190} INFO - [2024-11-20T07:29:57.012+0000] {dag.py:3239} INFO - Sync 2 DAGs
[2024-11-20T07:29:57.039+0000] {logging_mixin.py:190} INFO - [2024-11-20T07:29:57.039+0000] {dag.py:4180} INFO - Setting next_dagrun for read_dataset_event to 2024-11-19 00:00:00+00:00, run_after=2024-11-20 00:00:00+00:00
[2024-11-20T07:29:57.045+0000] {logging_mixin.py:190} INFO - [2024-11-20T07:29:57.045+0000] {dag.py:4180} INFO - Setting next_dagrun for read_dataset_event_from_classic to 2024-11-19 00:00:00+00:00, run_after=2024-11-20 00:00:00+00:00
[2024-11-20T07:29:57.072+0000] {processor.py:208} INFO - Processing /home/airflow/.local/lib/python3.12/site-packages/airflow/example_dags/example_inlet_event_extra.py took 0.863 seconds
[2024-11-20T07:30:27.900+0000] {processor.py:186} INFO - Started process (PID=384) to work on /home/airflow/.local/lib/python3.12/site-packages/airflow/example_dags/example_inlet_event_extra.py
[2024-11-20T07:30:27.902+0000] {processor.py:914} INFO - Processing file /home/airflow/.local/lib/python3.12/site-packages/airflow/example_dags/example_inlet_event_extra.py for tasks to queue
[2024-11-20T07:30:27.905+0000] {logging_mixin.py:190} INFO - [2024-11-20T07:30:27.905+0000] {dagbag.py:588} INFO - Filling up the DagBag from /home/airflow/.local/lib/python3.12/site-packages/airflow/example_dags/example_inlet_event_extra.py
[2024-11-20T07:30:28.802+0000] {processor.py:925} INFO - DAG(s) 'read_dataset_event', 'read_dataset_event_from_classic' retrieved from /home/airflow/.local/lib/python3.12/site-packages/airflow/example_dags/example_inlet_event_extra.py
[2024-11-20T07:30:28.830+0000] {logging_mixin.py:190} INFO - [2024-11-20T07:30:28.830+0000] {dag.py:3239} INFO - Sync 2 DAGs
[2024-11-20T07:30:28.863+0000] {logging_mixin.py:190} INFO - [2024-11-20T07:30:28.863+0000] {dag.py:4180} INFO - Setting next_dagrun for read_dataset_event to 2024-11-19 00:00:00+00:00, run_after=2024-11-20 00:00:00+00:00
[2024-11-20T07:30:28.871+0000] {logging_mixin.py:190} INFO - [2024-11-20T07:30:28.870+0000] {dag.py:4180} INFO - Setting next_dagrun for read_dataset_event_from_classic to 2024-11-19 00:00:00+00:00, run_after=2024-11-20 00:00:00+00:00
[2024-11-20T07:30:28.890+0000] {processor.py:208} INFO - Processing /home/airflow/.local/lib/python3.12/site-packages/airflow/example_dags/example_inlet_event_extra.py took 0.999 seconds
[2024-11-20T07:30:59.015+0000] {processor.py:186} INFO - Started process (PID=449) to work on /home/airflow/.local/lib/python3.12/site-packages/airflow/example_dags/example_inlet_event_extra.py
[2024-11-20T07:30:59.017+0000] {processor.py:914} INFO - Processing file /home/airflow/.local/lib/python3.12/site-packages/airflow/example_dags/example_inlet_event_extra.py for tasks to queue
[2024-11-20T07:30:59.021+0000] {logging_mixin.py:190} INFO - [2024-11-20T07:30:59.021+0000] {dagbag.py:588} INFO - Filling up the DagBag from /home/airflow/.local/lib/python3.12/site-packages/airflow/example_dags/example_inlet_event_extra.py
[2024-11-20T07:31:00.034+0000] {processor.py:925} INFO - DAG(s) 'read_dataset_event', 'read_dataset_event_from_classic' retrieved from /home/airflow/.local/lib/python3.12/site-packages/airflow/example_dags/example_inlet_event_extra.py
[2024-11-20T07:31:00.071+0000] {logging_mixin.py:190} INFO - [2024-11-20T07:31:00.070+0000] {dag.py:3239} INFO - Sync 2 DAGs
[2024-11-20T07:31:00.110+0000] {logging_mixin.py:190} INFO - [2024-11-20T07:31:00.109+0000] {dag.py:4180} INFO - Setting next_dagrun for read_dataset_event to 2024-11-19 00:00:00+00:00, run_after=2024-11-20 00:00:00+00:00
[2024-11-20T07:31:00.117+0000] {logging_mixin.py:190} INFO - [2024-11-20T07:31:00.117+0000] {dag.py:4180} INFO - Setting next_dagrun for read_dataset_event_from_classic to 2024-11-19 00:00:00+00:00, run_after=2024-11-20 00:00:00+00:00
[2024-11-20T07:31:00.143+0000] {processor.py:208} INFO - Processing /home/airflow/.local/lib/python3.12/site-packages/airflow/example_dags/example_inlet_event_extra.py took 1.137 seconds
[2024-11-20T07:31:30.773+0000] {processor.py:186} INFO - Started process (PID=514) to work on /home/airflow/.local/lib/python3.12/site-packages/airflow/example_dags/example_inlet_event_extra.py
[2024-11-20T07:31:30.774+0000] {processor.py:914} INFO - Processing file /home/airflow/.local/lib/python3.12/site-packages/airflow/example_dags/example_inlet_event_extra.py for tasks to queue
[2024-11-20T07:31:30.776+0000] {logging_mixin.py:190} INFO - [2024-11-20T07:31:30.776+0000] {dagbag.py:588} INFO - Filling up the DagBag from /home/airflow/.local/lib/python3.12/site-packages/airflow/example_dags/example_inlet_event_extra.py
[2024-11-20T07:31:31.554+0000] {processor.py:925} INFO - DAG(s) 'read_dataset_event_from_classic', 'read_dataset_event' retrieved from /home/airflow/.local/lib/python3.12/site-packages/airflow/example_dags/example_inlet_event_extra.py
[2024-11-20T07:31:31.589+0000] {logging_mixin.py:190} INFO - [2024-11-20T07:31:31.589+0000] {dag.py:3239} INFO - Sync 2 DAGs
[2024-11-20T07:31:31.636+0000] {logging_mixin.py:190} INFO - [2024-11-20T07:31:31.635+0000] {dag.py:4180} INFO - Setting next_dagrun for read_dataset_event to 2024-11-19 00:00:00+00:00, run_after=2024-11-20 00:00:00+00:00
[2024-11-20T07:31:31.644+0000] {logging_mixin.py:190} INFO - [2024-11-20T07:31:31.644+0000] {dag.py:4180} INFO - Setting next_dagrun for read_dataset_event_from_classic to 2024-11-19 00:00:00+00:00, run_after=2024-11-20 00:00:00+00:00
[2024-11-20T07:31:31.670+0000] {processor.py:208} INFO - Processing /home/airflow/.local/lib/python3.12/site-packages/airflow/example_dags/example_inlet_event_extra.py took 0.902 seconds
[2024-11-20T07:32:02.502+0000] {processor.py:186} INFO - Started process (PID=579) to work on /home/airflow/.local/lib/python3.12/site-packages/airflow/example_dags/example_inlet_event_extra.py
[2024-11-20T07:32:02.503+0000] {processor.py:914} INFO - Processing file /home/airflow/.local/lib/python3.12/site-packages/airflow/example_dags/example_inlet_event_extra.py for tasks to queue
[2024-11-20T07:32:02.505+0000] {logging_mixin.py:190} INFO - [2024-11-20T07:32:02.505+0000] {dagbag.py:588} INFO - Filling up the DagBag from /home/airflow/.local/lib/python3.12/site-packages/airflow/example_dags/example_inlet_event_extra.py
[2024-11-20T07:32:03.389+0000] {processor.py:925} INFO - DAG(s) 'read_dataset_event_from_classic', 'read_dataset_event' retrieved from /home/airflow/.local/lib/python3.12/site-packages/airflow/example_dags/example_inlet_event_extra.py
[2024-11-20T07:32:03.422+0000] {logging_mixin.py:190} INFO - [2024-11-20T07:32:03.422+0000] {dag.py:3239} INFO - Sync 2 DAGs
[2024-11-20T07:32:03.458+0000] {logging_mixin.py:190} INFO - [2024-11-20T07:32:03.457+0000] {dag.py:4180} INFO - Setting next_dagrun for read_dataset_event to 2024-11-19 00:00:00+00:00, run_after=2024-11-20 00:00:00+00:00
[2024-11-20T07:32:03.467+0000] {logging_mixin.py:190} INFO - [2024-11-20T07:32:03.466+0000] {dag.py:4180} INFO - Setting next_dagrun for read_dataset_event_from_classic to 2024-11-19 00:00:00+00:00, run_after=2024-11-20 00:00:00+00:00
[2024-11-20T07:32:03.491+0000] {processor.py:208} INFO - Processing /home/airflow/.local/lib/python3.12/site-packages/airflow/example_dags/example_inlet_event_extra.py took 0.995 seconds
[2024-11-20T07:32:34.332+0000] {processor.py:186} INFO - Started process (PID=645) to work on /home/airflow/.local/lib/python3.12/site-packages/airflow/example_dags/example_inlet_event_extra.py
[2024-11-20T07:32:34.334+0000] {processor.py:914} INFO - Processing file /home/airflow/.local/lib/python3.12/site-packages/airflow/example_dags/example_inlet_event_extra.py for tasks to queue
[2024-11-20T07:32:34.337+0000] {logging_mixin.py:190} INFO - [2024-11-20T07:32:34.337+0000] {dagbag.py:588} INFO - Filling up the DagBag from /home/airflow/.local/lib/python3.12/site-packages/airflow/example_dags/example_inlet_event_extra.py
[2024-11-20T07:32:35.123+0000] {processor.py:925} INFO - DAG(s) 'read_dataset_event', 'read_dataset_event_from_classic' retrieved from /home/airflow/.local/lib/python3.12/site-packages/airflow/example_dags/example_inlet_event_extra.py
[2024-11-20T07:32:35.152+0000] {logging_mixin.py:190} INFO - [2024-11-20T07:32:35.151+0000] {dag.py:3239} INFO - Sync 2 DAGs
[2024-11-20T07:32:35.188+0000] {logging_mixin.py:190} INFO - [2024-11-20T07:32:35.188+0000] {dag.py:4180} INFO - Setting next_dagrun for read_dataset_event to 2024-11-19 00:00:00+00:00, run_after=2024-11-20 00:00:00+00:00
[2024-11-20T07:32:35.195+0000] {logging_mixin.py:190} INFO - [2024-11-20T07:32:35.194+0000] {dag.py:4180} INFO - Setting next_dagrun for read_dataset_event_from_classic to 2024-11-19 00:00:00+00:00, run_after=2024-11-20 00:00:00+00:00
[2024-11-20T07:32:35.220+0000] {processor.py:208} INFO - Processing /home/airflow/.local/lib/python3.12/site-packages/airflow/example_dags/example_inlet_event_extra.py took 0.896 seconds
[2024-11-20T07:33:05.337+0000] {processor.py:186} INFO - Started process (PID=710) to work on /home/airflow/.local/lib/python3.12/site-packages/airflow/example_dags/example_inlet_event_extra.py
[2024-11-20T07:33:05.338+0000] {processor.py:914} INFO - Processing file /home/airflow/.local/lib/python3.12/site-packages/airflow/example_dags/example_inlet_event_extra.py for tasks to queue
[2024-11-20T07:33:05.341+0000] {logging_mixin.py:190} INFO - [2024-11-20T07:33:05.340+0000] {dagbag.py:588} INFO - Filling up the DagBag from /home/airflow/.local/lib/python3.12/site-packages/airflow/example_dags/example_inlet_event_extra.py
[2024-11-20T07:33:06.114+0000] {processor.py:925} INFO - DAG(s) 'read_dataset_event', 'read_dataset_event_from_classic' retrieved from /home/airflow/.local/lib/python3.12/site-packages/airflow/example_dags/example_inlet_event_extra.py
[2024-11-20T07:33:06.142+0000] {logging_mixin.py:190} INFO - [2024-11-20T07:33:06.142+0000] {dag.py:3239} INFO - Sync 2 DAGs
[2024-11-20T07:33:06.178+0000] {logging_mixin.py:190} INFO - [2024-11-20T07:33:06.177+0000] {dag.py:4180} INFO - Setting next_dagrun for read_dataset_event to 2024-11-19 00:00:00+00:00, run_after=2024-11-20 00:00:00+00:00
[2024-11-20T07:33:06.185+0000] {logging_mixin.py:190} INFO - [2024-11-20T07:33:06.185+0000] {dag.py:4180} INFO - Setting next_dagrun for read_dataset_event_from_classic to 2024-11-19 00:00:00+00:00, run_after=2024-11-20 00:00:00+00:00
[2024-11-20T07:33:06.211+0000] {processor.py:208} INFO - Processing /home/airflow/.local/lib/python3.12/site-packages/airflow/example_dags/example_inlet_event_extra.py took 0.880 seconds
[2024-11-20T07:33:36.898+0000] {processor.py:186} INFO - Started process (PID=775) to work on /home/airflow/.local/lib/python3.12/site-packages/airflow/example_dags/example_inlet_event_extra.py
[2024-11-20T07:33:36.900+0000] {processor.py:914} INFO - Processing file /home/airflow/.local/lib/python3.12/site-packages/airflow/example_dags/example_inlet_event_extra.py for tasks to queue
[2024-11-20T07:33:36.903+0000] {logging_mixin.py:190} INFO - [2024-11-20T07:33:36.902+0000] {dagbag.py:588} INFO - Filling up the DagBag from /home/airflow/.local/lib/python3.12/site-packages/airflow/example_dags/example_inlet_event_extra.py
[2024-11-20T07:33:37.721+0000] {processor.py:925} INFO - DAG(s) 'read_dataset_event', 'read_dataset_event_from_classic' retrieved from /home/airflow/.local/lib/python3.12/site-packages/airflow/example_dags/example_inlet_event_extra.py
[2024-11-20T07:33:37.749+0000] {logging_mixin.py:190} INFO - [2024-11-20T07:33:37.749+0000] {dag.py:3239} INFO - Sync 2 DAGs
[2024-11-20T07:33:37.798+0000] {logging_mixin.py:190} INFO - [2024-11-20T07:33:37.797+0000] {dag.py:4180} INFO - Setting next_dagrun for read_dataset_event to 2024-11-19 00:00:00+00:00, run_after=2024-11-20 00:00:00+00:00
[2024-11-20T07:33:37.806+0000] {logging_mixin.py:190} INFO - [2024-11-20T07:33:37.806+0000] {dag.py:4180} INFO - Setting next_dagrun for read_dataset_event_from_classic to 2024-11-19 00:00:00+00:00, run_after=2024-11-20 00:00:00+00:00
[2024-11-20T07:33:37.830+0000] {processor.py:208} INFO - Processing /home/airflow/.local/lib/python3.12/site-packages/airflow/example_dags/example_inlet_event_extra.py took 0.939 seconds
