[2024-11-20T07:26:04.475+0000] {processor.py:186} INFO - Started process (PID=119) to work on /home/airflow/.local/lib/python3.12/site-packages/airflow/example_dags/example_outlet_event_extra.py
[2024-11-20T07:26:04.476+0000] {processor.py:914} INFO - Processing file /home/airflow/.local/lib/python3.12/site-packages/airflow/example_dags/example_outlet_event_extra.py for tasks to queue
[2024-11-20T07:26:04.485+0000] {logging_mixin.py:190} INFO - [2024-11-20T07:26:04.485+0000] {dagbag.py:588} INFO - Filling up the DagBag from /home/airflow/.local/lib/python3.12/site-packages/airflow/example_dags/example_outlet_event_extra.py
[2024-11-20T07:26:05.728+0000] {processor.py:925} INFO - DAG(s) 'dataset_with_extra_by_context', 'dataset_with_extra_from_classic_operator', 'dataset_with_extra_by_yield' retrieved from /home/airflow/.local/lib/python3.12/site-packages/airflow/example_dags/example_outlet_event_extra.py
[2024-11-20T07:26:05.887+0000] {logging_mixin.py:190} INFO - [2024-11-20T07:26:05.886+0000] {override.py:1911} INFO - Created Permission View: can delete on DAG:dataset_with_extra_by_context
[2024-11-20T07:26:05.907+0000] {logging_mixin.py:190} INFO - [2024-11-20T07:26:05.906+0000] {override.py:1911} INFO - Created Permission View: can read on DAG:dataset_with_extra_by_context
[2024-11-20T07:26:05.921+0000] {logging_mixin.py:190} INFO - [2024-11-20T07:26:05.920+0000] {override.py:1911} INFO - Created Permission View: can edit on DAG:dataset_with_extra_by_context
[2024-11-20T07:26:05.935+0000] {logging_mixin.py:190} INFO - [2024-11-20T07:26:05.934+0000] {override.py:1911} INFO - Created Permission View: can delete on DAG Run:dataset_with_extra_by_context
[2024-11-20T07:26:05.950+0000] {logging_mixin.py:190} INFO - [2024-11-20T07:26:05.949+0000] {override.py:1911} INFO - Created Permission View: can read on DAG Run:dataset_with_extra_by_context
[2024-11-20T07:26:05.965+0000] {logging_mixin.py:190} INFO - [2024-11-20T07:26:05.965+0000] {override.py:1911} INFO - Created Permission View: menu access on DAG Run:dataset_with_extra_by_context
[2024-11-20T07:26:05.983+0000] {logging_mixin.py:190} INFO - [2024-11-20T07:26:05.982+0000] {override.py:1911} INFO - Created Permission View: can create on DAG Run:dataset_with_extra_by_context
[2024-11-20T07:26:06.013+0000] {logging_mixin.py:190} INFO - [2024-11-20T07:26:06.013+0000] {override.py:1911} INFO - Created Permission View: can delete on DAG:dataset_with_extra_from_classic_operator
[2024-11-20T07:26:06.027+0000] {logging_mixin.py:190} INFO - [2024-11-20T07:26:06.026+0000] {override.py:1911} INFO - Created Permission View: can read on DAG:dataset_with_extra_from_classic_operator
[2024-11-20T07:26:06.042+0000] {logging_mixin.py:190} INFO - [2024-11-20T07:26:06.042+0000] {override.py:1911} INFO - Created Permission View: can edit on DAG:dataset_with_extra_from_classic_operator
[2024-11-20T07:26:06.059+0000] {logging_mixin.py:190} INFO - [2024-11-20T07:26:06.058+0000] {override.py:1911} INFO - Created Permission View: can delete on DAG Run:dataset_with_extra_from_classic_operator
[2024-11-20T07:26:06.073+0000] {logging_mixin.py:190} INFO - [2024-11-20T07:26:06.073+0000] {override.py:1911} INFO - Created Permission View: can read on DAG Run:dataset_with_extra_from_classic_operator
[2024-11-20T07:26:06.091+0000] {logging_mixin.py:190} INFO - [2024-11-20T07:26:06.090+0000] {override.py:1911} INFO - Created Permission View: menu access on DAG Run:dataset_with_extra_from_classic_operator
[2024-11-20T07:26:06.107+0000] {logging_mixin.py:190} INFO - [2024-11-20T07:26:06.107+0000] {override.py:1911} INFO - Created Permission View: can create on DAG Run:dataset_with_extra_from_classic_operator
[2024-11-20T07:26:06.134+0000] {logging_mixin.py:190} INFO - [2024-11-20T07:26:06.133+0000] {override.py:1911} INFO - Created Permission View: can delete on DAG:dataset_with_extra_by_yield
[2024-11-20T07:26:06.146+0000] {logging_mixin.py:190} INFO - [2024-11-20T07:26:06.145+0000] {override.py:1911} INFO - Created Permission View: can read on DAG:dataset_with_extra_by_yield
[2024-11-20T07:26:06.160+0000] {logging_mixin.py:190} INFO - [2024-11-20T07:26:06.159+0000] {override.py:1911} INFO - Created Permission View: can edit on DAG:dataset_with_extra_by_yield
[2024-11-20T07:26:06.173+0000] {logging_mixin.py:190} INFO - [2024-11-20T07:26:06.173+0000] {override.py:1911} INFO - Created Permission View: can delete on DAG Run:dataset_with_extra_by_yield
[2024-11-20T07:26:06.185+0000] {logging_mixin.py:190} INFO - [2024-11-20T07:26:06.185+0000] {override.py:1911} INFO - Created Permission View: can read on DAG Run:dataset_with_extra_by_yield
[2024-11-20T07:26:06.197+0000] {logging_mixin.py:190} INFO - [2024-11-20T07:26:06.196+0000] {override.py:1911} INFO - Created Permission View: menu access on DAG Run:dataset_with_extra_by_yield
[2024-11-20T07:26:06.208+0000] {logging_mixin.py:190} INFO - [2024-11-20T07:26:06.208+0000] {override.py:1911} INFO - Created Permission View: can create on DAG Run:dataset_with_extra_by_yield
[2024-11-20T07:26:06.209+0000] {logging_mixin.py:190} INFO - [2024-11-20T07:26:06.209+0000] {dag.py:3239} INFO - Sync 3 DAGs
[2024-11-20T07:26:06.235+0000] {logging_mixin.py:190} INFO - [2024-11-20T07:26:06.234+0000] {dag.py:3262} INFO - Creating ORM DAG for dataset_with_extra_from_classic_operator
[2024-11-20T07:26:06.237+0000] {logging_mixin.py:190} INFO - [2024-11-20T07:26:06.237+0000] {dag.py:3262} INFO - Creating ORM DAG for dataset_with_extra_by_yield
[2024-11-20T07:26:06.239+0000] {logging_mixin.py:190} INFO - [2024-11-20T07:26:06.238+0000] {dag.py:3262} INFO - Creating ORM DAG for dataset_with_extra_by_context
[2024-11-20T07:26:06.259+0000] {logging_mixin.py:190} INFO - [2024-11-20T07:26:06.258+0000] {dag.py:4180} INFO - Setting next_dagrun for dataset_with_extra_by_context to 2024-11-19 00:00:00+00:00, run_after=2024-11-20 00:00:00+00:00
[2024-11-20T07:26:06.263+0000] {logging_mixin.py:190} INFO - [2024-11-20T07:26:06.263+0000] {dag.py:4180} INFO - Setting next_dagrun for dataset_with_extra_by_yield to 2024-11-19 00:00:00+00:00, run_after=2024-11-20 00:00:00+00:00
[2024-11-20T07:26:06.267+0000] {logging_mixin.py:190} INFO - [2024-11-20T07:26:06.267+0000] {dag.py:4180} INFO - Setting next_dagrun for dataset_with_extra_from_classic_operator to 2024-11-19 00:00:00+00:00, run_after=2024-11-20 00:00:00+00:00
[2024-11-20T07:26:06.307+0000] {processor.py:208} INFO - Processing /home/airflow/.local/lib/python3.12/site-packages/airflow/example_dags/example_outlet_event_extra.py took 1.845 seconds
[2024-11-20T07:26:36.889+0000] {processor.py:186} INFO - Started process (PID=184) to work on /home/airflow/.local/lib/python3.12/site-packages/airflow/example_dags/example_outlet_event_extra.py
[2024-11-20T07:26:36.891+0000] {processor.py:914} INFO - Processing file /home/airflow/.local/lib/python3.12/site-packages/airflow/example_dags/example_outlet_event_extra.py for tasks to queue
[2024-11-20T07:26:36.894+0000] {logging_mixin.py:190} INFO - [2024-11-20T07:26:36.893+0000] {dagbag.py:588} INFO - Filling up the DagBag from /home/airflow/.local/lib/python3.12/site-packages/airflow/example_dags/example_outlet_event_extra.py
[2024-11-20T07:26:37.680+0000] {processor.py:925} INFO - DAG(s) 'dataset_with_extra_by_context', 'dataset_with_extra_by_yield', 'dataset_with_extra_from_classic_operator' retrieved from /home/airflow/.local/lib/python3.12/site-packages/airflow/example_dags/example_outlet_event_extra.py
[2024-11-20T07:26:37.712+0000] {logging_mixin.py:190} INFO - [2024-11-20T07:26:37.712+0000] {dag.py:3239} INFO - Sync 3 DAGs
[2024-11-20T07:26:37.764+0000] {logging_mixin.py:190} INFO - [2024-11-20T07:26:37.764+0000] {dag.py:4180} INFO - Setting next_dagrun for dataset_with_extra_by_context to 2024-11-19 00:00:00+00:00, run_after=2024-11-20 00:00:00+00:00
[2024-11-20T07:26:37.779+0000] {logging_mixin.py:190} INFO - [2024-11-20T07:26:37.779+0000] {dag.py:4180} INFO - Setting next_dagrun for dataset_with_extra_by_yield to 2024-11-19 00:00:00+00:00, run_after=2024-11-20 00:00:00+00:00
[2024-11-20T07:26:37.791+0000] {logging_mixin.py:190} INFO - [2024-11-20T07:26:37.791+0000] {dag.py:4180} INFO - Setting next_dagrun for dataset_with_extra_from_classic_operator to 2024-11-19 00:00:00+00:00, run_after=2024-11-20 00:00:00+00:00
[2024-11-20T07:26:37.832+0000] {processor.py:208} INFO - Processing /home/airflow/.local/lib/python3.12/site-packages/airflow/example_dags/example_outlet_event_extra.py took 0.947 seconds
[2024-11-20T07:28:24.755+0000] {processor.py:186} INFO - Started process (PID=119) to work on /home/airflow/.local/lib/python3.12/site-packages/airflow/example_dags/example_outlet_event_extra.py
[2024-11-20T07:28:24.756+0000] {processor.py:914} INFO - Processing file /home/airflow/.local/lib/python3.12/site-packages/airflow/example_dags/example_outlet_event_extra.py for tasks to queue
[2024-11-20T07:28:24.760+0000] {logging_mixin.py:190} INFO - [2024-11-20T07:28:24.759+0000] {dagbag.py:588} INFO - Filling up the DagBag from /home/airflow/.local/lib/python3.12/site-packages/airflow/example_dags/example_outlet_event_extra.py
[2024-11-20T07:28:25.662+0000] {processor.py:925} INFO - DAG(s) 'dataset_with_extra_by_context', 'dataset_with_extra_by_yield', 'dataset_with_extra_from_classic_operator' retrieved from /home/airflow/.local/lib/python3.12/site-packages/airflow/example_dags/example_outlet_event_extra.py
[2024-11-20T07:28:25.710+0000] {logging_mixin.py:190} INFO - [2024-11-20T07:28:25.709+0000] {dag.py:3239} INFO - Sync 3 DAGs
[2024-11-20T07:28:25.756+0000] {logging_mixin.py:190} INFO - [2024-11-20T07:28:25.756+0000] {dag.py:4180} INFO - Setting next_dagrun for dataset_with_extra_by_context to 2024-11-19 00:00:00+00:00, run_after=2024-11-20 00:00:00+00:00
[2024-11-20T07:28:25.765+0000] {logging_mixin.py:190} INFO - [2024-11-20T07:28:25.764+0000] {dag.py:4180} INFO - Setting next_dagrun for dataset_with_extra_by_yield to 2024-11-19 00:00:00+00:00, run_after=2024-11-20 00:00:00+00:00
[2024-11-20T07:28:25.770+0000] {logging_mixin.py:190} INFO - [2024-11-20T07:28:25.770+0000] {dag.py:4180} INFO - Setting next_dagrun for dataset_with_extra_from_classic_operator to 2024-11-19 00:00:00+00:00, run_after=2024-11-20 00:00:00+00:00
[2024-11-20T07:28:25.810+0000] {processor.py:208} INFO - Processing /home/airflow/.local/lib/python3.12/site-packages/airflow/example_dags/example_outlet_event_extra.py took 1.064 seconds
[2024-11-20T07:28:56.330+0000] {processor.py:186} INFO - Started process (PID=184) to work on /home/airflow/.local/lib/python3.12/site-packages/airflow/example_dags/example_outlet_event_extra.py
[2024-11-20T07:28:56.331+0000] {processor.py:914} INFO - Processing file /home/airflow/.local/lib/python3.12/site-packages/airflow/example_dags/example_outlet_event_extra.py for tasks to queue
[2024-11-20T07:28:56.334+0000] {logging_mixin.py:190} INFO - [2024-11-20T07:28:56.333+0000] {dagbag.py:588} INFO - Filling up the DagBag from /home/airflow/.local/lib/python3.12/site-packages/airflow/example_dags/example_outlet_event_extra.py
[2024-11-20T07:28:57.259+0000] {processor.py:925} INFO - DAG(s) 'dataset_with_extra_by_context', 'dataset_with_extra_by_yield', 'dataset_with_extra_from_classic_operator' retrieved from /home/airflow/.local/lib/python3.12/site-packages/airflow/example_dags/example_outlet_event_extra.py
[2024-11-20T07:28:57.306+0000] {logging_mixin.py:190} INFO - [2024-11-20T07:28:57.306+0000] {dag.py:3239} INFO - Sync 3 DAGs
[2024-11-20T07:28:57.356+0000] {logging_mixin.py:190} INFO - [2024-11-20T07:28:57.356+0000] {dag.py:4180} INFO - Setting next_dagrun for dataset_with_extra_by_context to 2024-11-19 00:00:00+00:00, run_after=2024-11-20 00:00:00+00:00
[2024-11-20T07:28:57.366+0000] {logging_mixin.py:190} INFO - [2024-11-20T07:28:57.366+0000] {dag.py:4180} INFO - Setting next_dagrun for dataset_with_extra_by_yield to 2024-11-19 00:00:00+00:00, run_after=2024-11-20 00:00:00+00:00
[2024-11-20T07:28:57.372+0000] {logging_mixin.py:190} INFO - [2024-11-20T07:28:57.372+0000] {dag.py:4180} INFO - Setting next_dagrun for dataset_with_extra_from_classic_operator to 2024-11-19 00:00:00+00:00, run_after=2024-11-20 00:00:00+00:00
[2024-11-20T07:28:57.400+0000] {processor.py:208} INFO - Processing /home/airflow/.local/lib/python3.12/site-packages/airflow/example_dags/example_outlet_event_extra.py took 1.077 seconds
[2024-11-20T07:29:28.237+0000] {processor.py:186} INFO - Started process (PID=255) to work on /home/airflow/.local/lib/python3.12/site-packages/airflow/example_dags/example_outlet_event_extra.py
[2024-11-20T07:29:28.238+0000] {processor.py:914} INFO - Processing file /home/airflow/.local/lib/python3.12/site-packages/airflow/example_dags/example_outlet_event_extra.py for tasks to queue
[2024-11-20T07:29:28.241+0000] {logging_mixin.py:190} INFO - [2024-11-20T07:29:28.240+0000] {dagbag.py:588} INFO - Filling up the DagBag from /home/airflow/.local/lib/python3.12/site-packages/airflow/example_dags/example_outlet_event_extra.py
[2024-11-20T07:29:28.917+0000] {processor.py:925} INFO - DAG(s) 'dataset_with_extra_from_classic_operator', 'dataset_with_extra_by_yield', 'dataset_with_extra_by_context' retrieved from /home/airflow/.local/lib/python3.12/site-packages/airflow/example_dags/example_outlet_event_extra.py
[2024-11-20T07:29:28.947+0000] {logging_mixin.py:190} INFO - [2024-11-20T07:29:28.947+0000] {dag.py:3239} INFO - Sync 3 DAGs
[2024-11-20T07:29:28.977+0000] {logging_mixin.py:190} INFO - [2024-11-20T07:29:28.977+0000] {dag.py:4180} INFO - Setting next_dagrun for dataset_with_extra_by_context to 2024-11-19 00:00:00+00:00, run_after=2024-11-20 00:00:00+00:00
[2024-11-20T07:29:28.984+0000] {logging_mixin.py:190} INFO - [2024-11-20T07:29:28.983+0000] {dag.py:4180} INFO - Setting next_dagrun for dataset_with_extra_by_yield to 2024-11-19 00:00:00+00:00, run_after=2024-11-20 00:00:00+00:00
[2024-11-20T07:29:28.988+0000] {logging_mixin.py:190} INFO - [2024-11-20T07:29:28.987+0000] {dag.py:4180} INFO - Setting next_dagrun for dataset_with_extra_from_classic_operator to 2024-11-19 00:00:00+00:00, run_after=2024-11-20 00:00:00+00:00
[2024-11-20T07:29:29.016+0000] {processor.py:208} INFO - Processing /home/airflow/.local/lib/python3.12/site-packages/airflow/example_dags/example_outlet_event_extra.py took 0.784 seconds
[2024-11-20T07:29:59.155+0000] {processor.py:186} INFO - Started process (PID=320) to work on /home/airflow/.local/lib/python3.12/site-packages/airflow/example_dags/example_outlet_event_extra.py
[2024-11-20T07:29:59.157+0000] {processor.py:914} INFO - Processing file /home/airflow/.local/lib/python3.12/site-packages/airflow/example_dags/example_outlet_event_extra.py for tasks to queue
[2024-11-20T07:29:59.160+0000] {logging_mixin.py:190} INFO - [2024-11-20T07:29:59.159+0000] {dagbag.py:588} INFO - Filling up the DagBag from /home/airflow/.local/lib/python3.12/site-packages/airflow/example_dags/example_outlet_event_extra.py
[2024-11-20T07:29:59.901+0000] {processor.py:925} INFO - DAG(s) 'dataset_with_extra_by_context', 'dataset_with_extra_from_classic_operator', 'dataset_with_extra_by_yield' retrieved from /home/airflow/.local/lib/python3.12/site-packages/airflow/example_dags/example_outlet_event_extra.py
[2024-11-20T07:29:59.938+0000] {logging_mixin.py:190} INFO - [2024-11-20T07:29:59.938+0000] {dag.py:3239} INFO - Sync 3 DAGs
[2024-11-20T07:29:59.974+0000] {logging_mixin.py:190} INFO - [2024-11-20T07:29:59.974+0000] {dag.py:4180} INFO - Setting next_dagrun for dataset_with_extra_by_context to 2024-11-19 00:00:00+00:00, run_after=2024-11-20 00:00:00+00:00
[2024-11-20T07:29:59.981+0000] {logging_mixin.py:190} INFO - [2024-11-20T07:29:59.980+0000] {dag.py:4180} INFO - Setting next_dagrun for dataset_with_extra_by_yield to 2024-11-19 00:00:00+00:00, run_after=2024-11-20 00:00:00+00:00
[2024-11-20T07:29:59.986+0000] {logging_mixin.py:190} INFO - [2024-11-20T07:29:59.986+0000] {dag.py:4180} INFO - Setting next_dagrun for dataset_with_extra_from_classic_operator to 2024-11-19 00:00:00+00:00, run_after=2024-11-20 00:00:00+00:00
[2024-11-20T07:30:00.019+0000] {processor.py:208} INFO - Processing /home/airflow/.local/lib/python3.12/site-packages/airflow/example_dags/example_outlet_event_extra.py took 0.870 seconds
[2024-11-20T07:30:30.909+0000] {processor.py:186} INFO - Started process (PID=385) to work on /home/airflow/.local/lib/python3.12/site-packages/airflow/example_dags/example_outlet_event_extra.py
[2024-11-20T07:30:30.911+0000] {processor.py:914} INFO - Processing file /home/airflow/.local/lib/python3.12/site-packages/airflow/example_dags/example_outlet_event_extra.py for tasks to queue
[2024-11-20T07:30:30.914+0000] {logging_mixin.py:190} INFO - [2024-11-20T07:30:30.913+0000] {dagbag.py:588} INFO - Filling up the DagBag from /home/airflow/.local/lib/python3.12/site-packages/airflow/example_dags/example_outlet_event_extra.py
[2024-11-20T07:30:31.674+0000] {processor.py:925} INFO - DAG(s) 'dataset_with_extra_from_classic_operator', 'dataset_with_extra_by_context', 'dataset_with_extra_by_yield' retrieved from /home/airflow/.local/lib/python3.12/site-packages/airflow/example_dags/example_outlet_event_extra.py
[2024-11-20T07:30:31.702+0000] {logging_mixin.py:190} INFO - [2024-11-20T07:30:31.701+0000] {dag.py:3239} INFO - Sync 3 DAGs
[2024-11-20T07:30:31.730+0000] {logging_mixin.py:190} INFO - [2024-11-20T07:30:31.730+0000] {dag.py:4180} INFO - Setting next_dagrun for dataset_with_extra_by_context to 2024-11-19 00:00:00+00:00, run_after=2024-11-20 00:00:00+00:00
[2024-11-20T07:30:31.737+0000] {logging_mixin.py:190} INFO - [2024-11-20T07:30:31.737+0000] {dag.py:4180} INFO - Setting next_dagrun for dataset_with_extra_by_yield to 2024-11-19 00:00:00+00:00, run_after=2024-11-20 00:00:00+00:00
[2024-11-20T07:30:31.741+0000] {logging_mixin.py:190} INFO - [2024-11-20T07:30:31.740+0000] {dag.py:4180} INFO - Setting next_dagrun for dataset_with_extra_from_classic_operator to 2024-11-19 00:00:00+00:00, run_after=2024-11-20 00:00:00+00:00
[2024-11-20T07:30:31.771+0000] {processor.py:208} INFO - Processing /home/airflow/.local/lib/python3.12/site-packages/airflow/example_dags/example_outlet_event_extra.py took 0.867 seconds
[2024-11-20T07:31:02.055+0000] {processor.py:186} INFO - Started process (PID=450) to work on /home/airflow/.local/lib/python3.12/site-packages/airflow/example_dags/example_outlet_event_extra.py
[2024-11-20T07:31:02.056+0000] {processor.py:914} INFO - Processing file /home/airflow/.local/lib/python3.12/site-packages/airflow/example_dags/example_outlet_event_extra.py for tasks to queue
[2024-11-20T07:31:02.061+0000] {logging_mixin.py:190} INFO - [2024-11-20T07:31:02.060+0000] {dagbag.py:588} INFO - Filling up the DagBag from /home/airflow/.local/lib/python3.12/site-packages/airflow/example_dags/example_outlet_event_extra.py
[2024-11-20T07:31:02.916+0000] {processor.py:925} INFO - DAG(s) 'dataset_with_extra_by_yield', 'dataset_with_extra_from_classic_operator', 'dataset_with_extra_by_context' retrieved from /home/airflow/.local/lib/python3.12/site-packages/airflow/example_dags/example_outlet_event_extra.py
[2024-11-20T07:31:02.950+0000] {logging_mixin.py:190} INFO - [2024-11-20T07:31:02.950+0000] {dag.py:3239} INFO - Sync 3 DAGs
[2024-11-20T07:31:02.983+0000] {logging_mixin.py:190} INFO - [2024-11-20T07:31:02.983+0000] {dag.py:4180} INFO - Setting next_dagrun for dataset_with_extra_by_context to 2024-11-19 00:00:00+00:00, run_after=2024-11-20 00:00:00+00:00
[2024-11-20T07:31:02.991+0000] {logging_mixin.py:190} INFO - [2024-11-20T07:31:02.990+0000] {dag.py:4180} INFO - Setting next_dagrun for dataset_with_extra_by_yield to 2024-11-19 00:00:00+00:00, run_after=2024-11-20 00:00:00+00:00
[2024-11-20T07:31:02.996+0000] {logging_mixin.py:190} INFO - [2024-11-20T07:31:02.995+0000] {dag.py:4180} INFO - Setting next_dagrun for dataset_with_extra_from_classic_operator to 2024-11-19 00:00:00+00:00, run_after=2024-11-20 00:00:00+00:00
[2024-11-20T07:31:03.027+0000] {processor.py:208} INFO - Processing /home/airflow/.local/lib/python3.12/site-packages/airflow/example_dags/example_outlet_event_extra.py took 0.980 seconds
[2024-11-20T07:31:33.758+0000] {processor.py:186} INFO - Started process (PID=515) to work on /home/airflow/.local/lib/python3.12/site-packages/airflow/example_dags/example_outlet_event_extra.py
[2024-11-20T07:31:33.759+0000] {processor.py:914} INFO - Processing file /home/airflow/.local/lib/python3.12/site-packages/airflow/example_dags/example_outlet_event_extra.py for tasks to queue
[2024-11-20T07:31:33.761+0000] {logging_mixin.py:190} INFO - [2024-11-20T07:31:33.761+0000] {dagbag.py:588} INFO - Filling up the DagBag from /home/airflow/.local/lib/python3.12/site-packages/airflow/example_dags/example_outlet_event_extra.py
[2024-11-20T07:31:34.627+0000] {processor.py:925} INFO - DAG(s) 'dataset_with_extra_from_classic_operator', 'dataset_with_extra_by_yield', 'dataset_with_extra_by_context' retrieved from /home/airflow/.local/lib/python3.12/site-packages/airflow/example_dags/example_outlet_event_extra.py
[2024-11-20T07:31:34.668+0000] {logging_mixin.py:190} INFO - [2024-11-20T07:31:34.668+0000] {dag.py:3239} INFO - Sync 3 DAGs
[2024-11-20T07:31:34.703+0000] {logging_mixin.py:190} INFO - [2024-11-20T07:31:34.703+0000] {dag.py:4180} INFO - Setting next_dagrun for dataset_with_extra_by_context to 2024-11-19 00:00:00+00:00, run_after=2024-11-20 00:00:00+00:00
[2024-11-20T07:31:34.712+0000] {logging_mixin.py:190} INFO - [2024-11-20T07:31:34.711+0000] {dag.py:4180} INFO - Setting next_dagrun for dataset_with_extra_by_yield to 2024-11-19 00:00:00+00:00, run_after=2024-11-20 00:00:00+00:00
[2024-11-20T07:31:34.716+0000] {logging_mixin.py:190} INFO - [2024-11-20T07:31:34.716+0000] {dag.py:4180} INFO - Setting next_dagrun for dataset_with_extra_from_classic_operator to 2024-11-19 00:00:00+00:00, run_after=2024-11-20 00:00:00+00:00
[2024-11-20T07:31:34.745+0000] {processor.py:208} INFO - Processing /home/airflow/.local/lib/python3.12/site-packages/airflow/example_dags/example_outlet_event_extra.py took 0.994 seconds
[2024-11-20T07:32:05.542+0000] {processor.py:186} INFO - Started process (PID=580) to work on /home/airflow/.local/lib/python3.12/site-packages/airflow/example_dags/example_outlet_event_extra.py
[2024-11-20T07:32:05.543+0000] {processor.py:914} INFO - Processing file /home/airflow/.local/lib/python3.12/site-packages/airflow/example_dags/example_outlet_event_extra.py for tasks to queue
[2024-11-20T07:32:05.546+0000] {logging_mixin.py:190} INFO - [2024-11-20T07:32:05.546+0000] {dagbag.py:588} INFO - Filling up the DagBag from /home/airflow/.local/lib/python3.12/site-packages/airflow/example_dags/example_outlet_event_extra.py
[2024-11-20T07:32:06.397+0000] {processor.py:925} INFO - DAG(s) 'dataset_with_extra_by_context', 'dataset_with_extra_by_yield', 'dataset_with_extra_from_classic_operator' retrieved from /home/airflow/.local/lib/python3.12/site-packages/airflow/example_dags/example_outlet_event_extra.py
[2024-11-20T07:32:06.431+0000] {logging_mixin.py:190} INFO - [2024-11-20T07:32:06.431+0000] {dag.py:3239} INFO - Sync 3 DAGs
[2024-11-20T07:32:06.464+0000] {logging_mixin.py:190} INFO - [2024-11-20T07:32:06.464+0000] {dag.py:4180} INFO - Setting next_dagrun for dataset_with_extra_by_context to 2024-11-19 00:00:00+00:00, run_after=2024-11-20 00:00:00+00:00
[2024-11-20T07:32:06.474+0000] {logging_mixin.py:190} INFO - [2024-11-20T07:32:06.474+0000] {dag.py:4180} INFO - Setting next_dagrun for dataset_with_extra_by_yield to 2024-11-19 00:00:00+00:00, run_after=2024-11-20 00:00:00+00:00
[2024-11-20T07:32:06.479+0000] {logging_mixin.py:190} INFO - [2024-11-20T07:32:06.478+0000] {dag.py:4180} INFO - Setting next_dagrun for dataset_with_extra_from_classic_operator to 2024-11-19 00:00:00+00:00, run_after=2024-11-20 00:00:00+00:00
[2024-11-20T07:32:06.513+0000] {processor.py:208} INFO - Processing /home/airflow/.local/lib/python3.12/site-packages/airflow/example_dags/example_outlet_event_extra.py took 0.979 seconds
[2024-11-20T07:32:37.327+0000] {processor.py:186} INFO - Started process (PID=646) to work on /home/airflow/.local/lib/python3.12/site-packages/airflow/example_dags/example_outlet_event_extra.py
[2024-11-20T07:32:37.329+0000] {processor.py:914} INFO - Processing file /home/airflow/.local/lib/python3.12/site-packages/airflow/example_dags/example_outlet_event_extra.py for tasks to queue
[2024-11-20T07:32:37.332+0000] {logging_mixin.py:190} INFO - [2024-11-20T07:32:37.332+0000] {dagbag.py:588} INFO - Filling up the DagBag from /home/airflow/.local/lib/python3.12/site-packages/airflow/example_dags/example_outlet_event_extra.py
[2024-11-20T07:32:38.119+0000] {processor.py:925} INFO - DAG(s) 'dataset_with_extra_by_context', 'dataset_with_extra_by_yield', 'dataset_with_extra_from_classic_operator' retrieved from /home/airflow/.local/lib/python3.12/site-packages/airflow/example_dags/example_outlet_event_extra.py
[2024-11-20T07:32:38.158+0000] {logging_mixin.py:190} INFO - [2024-11-20T07:32:38.157+0000] {dag.py:3239} INFO - Sync 3 DAGs
[2024-11-20T07:32:38.208+0000] {logging_mixin.py:190} INFO - [2024-11-20T07:32:38.207+0000] {dag.py:4180} INFO - Setting next_dagrun for dataset_with_extra_by_context to 2024-11-19 00:00:00+00:00, run_after=2024-11-20 00:00:00+00:00
[2024-11-20T07:32:38.217+0000] {logging_mixin.py:190} INFO - [2024-11-20T07:32:38.216+0000] {dag.py:4180} INFO - Setting next_dagrun for dataset_with_extra_by_yield to 2024-11-19 00:00:00+00:00, run_after=2024-11-20 00:00:00+00:00
[2024-11-20T07:32:38.223+0000] {logging_mixin.py:190} INFO - [2024-11-20T07:32:38.222+0000] {dag.py:4180} INFO - Setting next_dagrun for dataset_with_extra_from_classic_operator to 2024-11-19 00:00:00+00:00, run_after=2024-11-20 00:00:00+00:00
[2024-11-20T07:32:38.250+0000] {processor.py:208} INFO - Processing /home/airflow/.local/lib/python3.12/site-packages/airflow/example_dags/example_outlet_event_extra.py took 0.931 seconds
[2024-11-20T07:33:09.289+0000] {processor.py:186} INFO - Started process (PID=711) to work on /home/airflow/.local/lib/python3.12/site-packages/airflow/example_dags/example_outlet_event_extra.py
[2024-11-20T07:33:09.291+0000] {processor.py:914} INFO - Processing file /home/airflow/.local/lib/python3.12/site-packages/airflow/example_dags/example_outlet_event_extra.py for tasks to queue
[2024-11-20T07:33:09.294+0000] {logging_mixin.py:190} INFO - [2024-11-20T07:33:09.294+0000] {dagbag.py:588} INFO - Filling up the DagBag from /home/airflow/.local/lib/python3.12/site-packages/airflow/example_dags/example_outlet_event_extra.py
[2024-11-20T07:33:10.136+0000] {processor.py:925} INFO - DAG(s) 'dataset_with_extra_by_yield', 'dataset_with_extra_from_classic_operator', 'dataset_with_extra_by_context' retrieved from /home/airflow/.local/lib/python3.12/site-packages/airflow/example_dags/example_outlet_event_extra.py
[2024-11-20T07:33:10.178+0000] {logging_mixin.py:190} INFO - [2024-11-20T07:33:10.177+0000] {dag.py:3239} INFO - Sync 3 DAGs
[2024-11-20T07:33:10.211+0000] {logging_mixin.py:190} INFO - [2024-11-20T07:33:10.211+0000] {dag.py:4180} INFO - Setting next_dagrun for dataset_with_extra_by_context to 2024-11-19 00:00:00+00:00, run_after=2024-11-20 00:00:00+00:00
[2024-11-20T07:33:10.219+0000] {logging_mixin.py:190} INFO - [2024-11-20T07:33:10.219+0000] {dag.py:4180} INFO - Setting next_dagrun for dataset_with_extra_by_yield to 2024-11-19 00:00:00+00:00, run_after=2024-11-20 00:00:00+00:00
[2024-11-20T07:33:10.223+0000] {logging_mixin.py:190} INFO - [2024-11-20T07:33:10.223+0000] {dag.py:4180} INFO - Setting next_dagrun for dataset_with_extra_from_classic_operator to 2024-11-19 00:00:00+00:00, run_after=2024-11-20 00:00:00+00:00
[2024-11-20T07:33:10.252+0000] {processor.py:208} INFO - Processing /home/airflow/.local/lib/python3.12/site-packages/airflow/example_dags/example_outlet_event_extra.py took 0.970 seconds
