[2024-11-20T07:26:01.932+0000] {processor.py:186} INFO - Started process (PID=109) to work on /home/airflow/.local/lib/python3.12/site-packages/airflow/example_dags/example_latest_only.py
[2024-11-20T07:26:01.934+0000] {processor.py:914} INFO - Processing file /home/airflow/.local/lib/python3.12/site-packages/airflow/example_dags/example_latest_only.py for tasks to queue
[2024-11-20T07:26:01.937+0000] {logging_mixin.py:190} INFO - [2024-11-20T07:26:01.936+0000] {dagbag.py:588} INFO - Filling up the DagBag from /home/airflow/.local/lib/python3.12/site-packages/airflow/example_dags/example_latest_only.py
[2024-11-20T07:26:01.947+0000] {processor.py:925} INFO - DAG(s) 'latest_only' retrieved from /home/airflow/.local/lib/python3.12/site-packages/airflow/example_dags/example_latest_only.py
[2024-11-20T07:26:02.087+0000] {logging_mixin.py:190} INFO - [2024-11-20T07:26:02.086+0000] {override.py:1911} INFO - Created Permission View: can delete on DAG:latest_only
[2024-11-20T07:26:02.101+0000] {logging_mixin.py:190} INFO - [2024-11-20T07:26:02.100+0000] {override.py:1911} INFO - Created Permission View: can read on DAG:latest_only
[2024-11-20T07:26:02.110+0000] {logging_mixin.py:190} INFO - [2024-11-20T07:26:02.110+0000] {override.py:1911} INFO - Created Permission View: can edit on DAG:latest_only
[2024-11-20T07:26:02.120+0000] {logging_mixin.py:190} INFO - [2024-11-20T07:26:02.119+0000] {override.py:1911} INFO - Created Permission View: can delete on DAG Run:latest_only
[2024-11-20T07:26:02.127+0000] {logging_mixin.py:190} INFO - [2024-11-20T07:26:02.127+0000] {override.py:1911} INFO - Created Permission View: can read on DAG Run:latest_only
[2024-11-20T07:26:02.136+0000] {logging_mixin.py:190} INFO - [2024-11-20T07:26:02.136+0000] {override.py:1911} INFO - Created Permission View: menu access on DAG Run:latest_only
[2024-11-20T07:26:02.148+0000] {logging_mixin.py:190} INFO - [2024-11-20T07:26:02.147+0000] {override.py:1911} INFO - Created Permission View: can create on DAG Run:latest_only
[2024-11-20T07:26:02.149+0000] {logging_mixin.py:190} INFO - [2024-11-20T07:26:02.149+0000] {dag.py:3239} INFO - Sync 1 DAGs
[2024-11-20T07:26:02.176+0000] {logging_mixin.py:190} INFO - [2024-11-20T07:26:02.175+0000] {dag.py:3262} INFO - Creating ORM DAG for latest_only
[2024-11-20T07:26:02.195+0000] {logging_mixin.py:190} INFO - [2024-11-20T07:26:02.195+0000] {dag.py:4180} INFO - Setting next_dagrun for latest_only to 2024-11-20 00:00:00+00:00, run_after=2024-11-20 04:00:00+00:00
[2024-11-20T07:26:02.241+0000] {processor.py:208} INFO - Processing /home/airflow/.local/lib/python3.12/site-packages/airflow/example_dags/example_latest_only.py took 0.314 seconds
[2024-11-20T07:26:32.530+0000] {processor.py:186} INFO - Started process (PID=173) to work on /home/airflow/.local/lib/python3.12/site-packages/airflow/example_dags/example_latest_only.py
[2024-11-20T07:26:32.532+0000] {processor.py:914} INFO - Processing file /home/airflow/.local/lib/python3.12/site-packages/airflow/example_dags/example_latest_only.py for tasks to queue
[2024-11-20T07:26:32.535+0000] {logging_mixin.py:190} INFO - [2024-11-20T07:26:32.534+0000] {dagbag.py:588} INFO - Filling up the DagBag from /home/airflow/.local/lib/python3.12/site-packages/airflow/example_dags/example_latest_only.py
[2024-11-20T07:26:32.542+0000] {processor.py:925} INFO - DAG(s) 'latest_only' retrieved from /home/airflow/.local/lib/python3.12/site-packages/airflow/example_dags/example_latest_only.py
[2024-11-20T07:26:32.565+0000] {logging_mixin.py:190} INFO - [2024-11-20T07:26:32.564+0000] {dag.py:3239} INFO - Sync 1 DAGs
[2024-11-20T07:26:32.597+0000] {logging_mixin.py:190} INFO - [2024-11-20T07:26:32.597+0000] {dag.py:4180} INFO - Setting next_dagrun for latest_only to 2024-11-20 00:00:00+00:00, run_after=2024-11-20 04:00:00+00:00
[2024-11-20T07:26:32.620+0000] {processor.py:208} INFO - Processing /home/airflow/.local/lib/python3.12/site-packages/airflow/example_dags/example_latest_only.py took 0.095 seconds
[2024-11-20T07:28:23.307+0000] {processor.py:186} INFO - Started process (PID=109) to work on /home/airflow/.local/lib/python3.12/site-packages/airflow/example_dags/example_latest_only.py
[2024-11-20T07:28:23.309+0000] {processor.py:914} INFO - Processing file /home/airflow/.local/lib/python3.12/site-packages/airflow/example_dags/example_latest_only.py for tasks to queue
[2024-11-20T07:28:23.312+0000] {logging_mixin.py:190} INFO - [2024-11-20T07:28:23.311+0000] {dagbag.py:588} INFO - Filling up the DagBag from /home/airflow/.local/lib/python3.12/site-packages/airflow/example_dags/example_latest_only.py
[2024-11-20T07:28:23.321+0000] {processor.py:925} INFO - DAG(s) 'latest_only' retrieved from /home/airflow/.local/lib/python3.12/site-packages/airflow/example_dags/example_latest_only.py
[2024-11-20T07:28:23.354+0000] {logging_mixin.py:190} INFO - [2024-11-20T07:28:23.354+0000] {dag.py:3239} INFO - Sync 1 DAGs
[2024-11-20T07:28:23.383+0000] {logging_mixin.py:190} INFO - [2024-11-20T07:28:23.383+0000] {dag.py:4180} INFO - Setting next_dagrun for latest_only to 2024-11-20 00:00:00+00:00, run_after=2024-11-20 04:00:00+00:00
[2024-11-20T07:28:23.407+0000] {processor.py:208} INFO - Processing /home/airflow/.local/lib/python3.12/site-packages/airflow/example_dags/example_latest_only.py took 0.105 seconds
[2024-11-20T07:28:53.561+0000] {processor.py:186} INFO - Started process (PID=173) to work on /home/airflow/.local/lib/python3.12/site-packages/airflow/example_dags/example_latest_only.py
[2024-11-20T07:28:53.562+0000] {processor.py:914} INFO - Processing file /home/airflow/.local/lib/python3.12/site-packages/airflow/example_dags/example_latest_only.py for tasks to queue
[2024-11-20T07:28:53.565+0000] {logging_mixin.py:190} INFO - [2024-11-20T07:28:53.565+0000] {dagbag.py:588} INFO - Filling up the DagBag from /home/airflow/.local/lib/python3.12/site-packages/airflow/example_dags/example_latest_only.py
[2024-11-20T07:28:53.572+0000] {processor.py:925} INFO - DAG(s) 'latest_only' retrieved from /home/airflow/.local/lib/python3.12/site-packages/airflow/example_dags/example_latest_only.py
[2024-11-20T07:28:53.594+0000] {logging_mixin.py:190} INFO - [2024-11-20T07:28:53.594+0000] {dag.py:3239} INFO - Sync 1 DAGs
[2024-11-20T07:28:53.621+0000] {logging_mixin.py:190} INFO - [2024-11-20T07:28:53.621+0000] {dag.py:4180} INFO - Setting next_dagrun for latest_only to 2024-11-20 00:00:00+00:00, run_after=2024-11-20 04:00:00+00:00
[2024-11-20T07:28:53.646+0000] {processor.py:208} INFO - Processing /home/airflow/.local/lib/python3.12/site-packages/airflow/example_dags/example_latest_only.py took 0.091 seconds
[2024-11-20T07:29:23.763+0000] {processor.py:186} INFO - Started process (PID=238) to work on /home/airflow/.local/lib/python3.12/site-packages/airflow/example_dags/example_latest_only.py
[2024-11-20T07:29:23.765+0000] {processor.py:914} INFO - Processing file /home/airflow/.local/lib/python3.12/site-packages/airflow/example_dags/example_latest_only.py for tasks to queue
[2024-11-20T07:29:23.769+0000] {logging_mixin.py:190} INFO - [2024-11-20T07:29:23.768+0000] {dagbag.py:588} INFO - Filling up the DagBag from /home/airflow/.local/lib/python3.12/site-packages/airflow/example_dags/example_latest_only.py
[2024-11-20T07:29:23.781+0000] {processor.py:925} INFO - DAG(s) 'latest_only' retrieved from /home/airflow/.local/lib/python3.12/site-packages/airflow/example_dags/example_latest_only.py
[2024-11-20T07:29:23.807+0000] {logging_mixin.py:190} INFO - [2024-11-20T07:29:23.807+0000] {dag.py:3239} INFO - Sync 1 DAGs
[2024-11-20T07:29:23.838+0000] {logging_mixin.py:190} INFO - [2024-11-20T07:29:23.838+0000] {dag.py:4180} INFO - Setting next_dagrun for latest_only to 2024-11-20 00:00:00+00:00, run_after=2024-11-20 04:00:00+00:00
[2024-11-20T07:29:23.865+0000] {processor.py:208} INFO - Processing /home/airflow/.local/lib/python3.12/site-packages/airflow/example_dags/example_latest_only.py took 0.111 seconds
[2024-11-20T07:29:54.511+0000] {processor.py:186} INFO - Started process (PID=303) to work on /home/airflow/.local/lib/python3.12/site-packages/airflow/example_dags/example_latest_only.py
[2024-11-20T07:29:54.512+0000] {processor.py:914} INFO - Processing file /home/airflow/.local/lib/python3.12/site-packages/airflow/example_dags/example_latest_only.py for tasks to queue
[2024-11-20T07:29:54.514+0000] {logging_mixin.py:190} INFO - [2024-11-20T07:29:54.514+0000] {dagbag.py:588} INFO - Filling up the DagBag from /home/airflow/.local/lib/python3.12/site-packages/airflow/example_dags/example_latest_only.py
[2024-11-20T07:29:54.523+0000] {processor.py:925} INFO - DAG(s) 'latest_only' retrieved from /home/airflow/.local/lib/python3.12/site-packages/airflow/example_dags/example_latest_only.py
[2024-11-20T07:29:54.546+0000] {logging_mixin.py:190} INFO - [2024-11-20T07:29:54.545+0000] {dag.py:3239} INFO - Sync 1 DAGs
[2024-11-20T07:29:54.571+0000] {logging_mixin.py:190} INFO - [2024-11-20T07:29:54.571+0000] {dag.py:4180} INFO - Setting next_dagrun for latest_only to 2024-11-20 00:00:00+00:00, run_after=2024-11-20 04:00:00+00:00
[2024-11-20T07:29:54.589+0000] {processor.py:208} INFO - Processing /home/airflow/.local/lib/python3.12/site-packages/airflow/example_dags/example_latest_only.py took 0.085 seconds
[2024-11-20T07:30:25.574+0000] {processor.py:186} INFO - Started process (PID=368) to work on /home/airflow/.local/lib/python3.12/site-packages/airflow/example_dags/example_latest_only.py
[2024-11-20T07:30:25.575+0000] {processor.py:914} INFO - Processing file /home/airflow/.local/lib/python3.12/site-packages/airflow/example_dags/example_latest_only.py for tasks to queue
[2024-11-20T07:30:25.577+0000] {logging_mixin.py:190} INFO - [2024-11-20T07:30:25.577+0000] {dagbag.py:588} INFO - Filling up the DagBag from /home/airflow/.local/lib/python3.12/site-packages/airflow/example_dags/example_latest_only.py
[2024-11-20T07:30:25.588+0000] {processor.py:925} INFO - DAG(s) 'latest_only' retrieved from /home/airflow/.local/lib/python3.12/site-packages/airflow/example_dags/example_latest_only.py
[2024-11-20T07:30:25.612+0000] {logging_mixin.py:190} INFO - [2024-11-20T07:30:25.612+0000] {dag.py:3239} INFO - Sync 1 DAGs
[2024-11-20T07:30:25.645+0000] {logging_mixin.py:190} INFO - [2024-11-20T07:30:25.644+0000] {dag.py:4180} INFO - Setting next_dagrun for latest_only to 2024-11-20 00:00:00+00:00, run_after=2024-11-20 04:00:00+00:00
[2024-11-20T07:30:25.672+0000] {processor.py:208} INFO - Processing /home/airflow/.local/lib/python3.12/site-packages/airflow/example_dags/example_latest_only.py took 0.105 seconds
[2024-11-20T07:30:55.896+0000] {processor.py:186} INFO - Started process (PID=433) to work on /home/airflow/.local/lib/python3.12/site-packages/airflow/example_dags/example_latest_only.py
[2024-11-20T07:30:55.897+0000] {processor.py:914} INFO - Processing file /home/airflow/.local/lib/python3.12/site-packages/airflow/example_dags/example_latest_only.py for tasks to queue
[2024-11-20T07:30:55.900+0000] {logging_mixin.py:190} INFO - [2024-11-20T07:30:55.899+0000] {dagbag.py:588} INFO - Filling up the DagBag from /home/airflow/.local/lib/python3.12/site-packages/airflow/example_dags/example_latest_only.py
[2024-11-20T07:30:55.910+0000] {processor.py:925} INFO - DAG(s) 'latest_only' retrieved from /home/airflow/.local/lib/python3.12/site-packages/airflow/example_dags/example_latest_only.py
[2024-11-20T07:30:55.933+0000] {logging_mixin.py:190} INFO - [2024-11-20T07:30:55.933+0000] {dag.py:3239} INFO - Sync 1 DAGs
[2024-11-20T07:30:55.965+0000] {logging_mixin.py:190} INFO - [2024-11-20T07:30:55.965+0000] {dag.py:4180} INFO - Setting next_dagrun for latest_only to 2024-11-20 00:00:00+00:00, run_after=2024-11-20 04:00:00+00:00
[2024-11-20T07:30:55.991+0000] {processor.py:208} INFO - Processing /home/airflow/.local/lib/python3.12/site-packages/airflow/example_dags/example_latest_only.py took 0.101 seconds
[2024-11-20T07:31:26.907+0000] {processor.py:186} INFO - Started process (PID=498) to work on /home/airflow/.local/lib/python3.12/site-packages/airflow/example_dags/example_latest_only.py
[2024-11-20T07:31:26.908+0000] {processor.py:914} INFO - Processing file /home/airflow/.local/lib/python3.12/site-packages/airflow/example_dags/example_latest_only.py for tasks to queue
[2024-11-20T07:31:26.911+0000] {logging_mixin.py:190} INFO - [2024-11-20T07:31:26.910+0000] {dagbag.py:588} INFO - Filling up the DagBag from /home/airflow/.local/lib/python3.12/site-packages/airflow/example_dags/example_latest_only.py
[2024-11-20T07:31:26.918+0000] {processor.py:925} INFO - DAG(s) 'latest_only' retrieved from /home/airflow/.local/lib/python3.12/site-packages/airflow/example_dags/example_latest_only.py
[2024-11-20T07:31:26.943+0000] {logging_mixin.py:190} INFO - [2024-11-20T07:31:26.942+0000] {dag.py:3239} INFO - Sync 1 DAGs
[2024-11-20T07:31:26.969+0000] {logging_mixin.py:190} INFO - [2024-11-20T07:31:26.968+0000] {dag.py:4180} INFO - Setting next_dagrun for latest_only to 2024-11-20 00:00:00+00:00, run_after=2024-11-20 04:00:00+00:00
[2024-11-20T07:31:26.993+0000] {processor.py:208} INFO - Processing /home/airflow/.local/lib/python3.12/site-packages/airflow/example_dags/example_latest_only.py took 0.094 seconds
[2024-11-20T07:31:57.665+0000] {processor.py:186} INFO - Started process (PID=569) to work on /home/airflow/.local/lib/python3.12/site-packages/airflow/example_dags/example_latest_only.py
[2024-11-20T07:31:57.666+0000] {processor.py:914} INFO - Processing file /home/airflow/.local/lib/python3.12/site-packages/airflow/example_dags/example_latest_only.py for tasks to queue
[2024-11-20T07:31:57.670+0000] {logging_mixin.py:190} INFO - [2024-11-20T07:31:57.669+0000] {dagbag.py:588} INFO - Filling up the DagBag from /home/airflow/.local/lib/python3.12/site-packages/airflow/example_dags/example_latest_only.py
[2024-11-20T07:31:57.677+0000] {processor.py:925} INFO - DAG(s) 'latest_only' retrieved from /home/airflow/.local/lib/python3.12/site-packages/airflow/example_dags/example_latest_only.py
[2024-11-20T07:31:57.699+0000] {logging_mixin.py:190} INFO - [2024-11-20T07:31:57.699+0000] {dag.py:3239} INFO - Sync 1 DAGs
[2024-11-20T07:31:57.729+0000] {logging_mixin.py:190} INFO - [2024-11-20T07:31:57.729+0000] {dag.py:4180} INFO - Setting next_dagrun for latest_only to 2024-11-20 00:00:00+00:00, run_after=2024-11-20 04:00:00+00:00
[2024-11-20T07:31:57.753+0000] {processor.py:208} INFO - Processing /home/airflow/.local/lib/python3.12/site-packages/airflow/example_dags/example_latest_only.py took 0.094 seconds
[2024-11-20T07:32:28.211+0000] {processor.py:186} INFO - Started process (PID=635) to work on /home/airflow/.local/lib/python3.12/site-packages/airflow/example_dags/example_latest_only.py
[2024-11-20T07:32:28.212+0000] {processor.py:914} INFO - Processing file /home/airflow/.local/lib/python3.12/site-packages/airflow/example_dags/example_latest_only.py for tasks to queue
[2024-11-20T07:32:28.216+0000] {logging_mixin.py:190} INFO - [2024-11-20T07:32:28.215+0000] {dagbag.py:588} INFO - Filling up the DagBag from /home/airflow/.local/lib/python3.12/site-packages/airflow/example_dags/example_latest_only.py
[2024-11-20T07:32:28.228+0000] {processor.py:925} INFO - DAG(s) 'latest_only' retrieved from /home/airflow/.local/lib/python3.12/site-packages/airflow/example_dags/example_latest_only.py
[2024-11-20T07:32:28.260+0000] {logging_mixin.py:190} INFO - [2024-11-20T07:32:28.260+0000] {dag.py:3239} INFO - Sync 1 DAGs
[2024-11-20T07:32:28.299+0000] {logging_mixin.py:190} INFO - [2024-11-20T07:32:28.299+0000] {dag.py:4180} INFO - Setting next_dagrun for latest_only to 2024-11-20 00:00:00+00:00, run_after=2024-11-20 04:00:00+00:00
[2024-11-20T07:32:28.328+0000] {processor.py:208} INFO - Processing /home/airflow/.local/lib/python3.12/site-packages/airflow/example_dags/example_latest_only.py took 0.129 seconds
[2024-11-20T07:32:58.381+0000] {processor.py:186} INFO - Started process (PID=700) to work on /home/airflow/.local/lib/python3.12/site-packages/airflow/example_dags/example_latest_only.py
[2024-11-20T07:32:58.383+0000] {processor.py:914} INFO - Processing file /home/airflow/.local/lib/python3.12/site-packages/airflow/example_dags/example_latest_only.py for tasks to queue
[2024-11-20T07:32:58.385+0000] {logging_mixin.py:190} INFO - [2024-11-20T07:32:58.385+0000] {dagbag.py:588} INFO - Filling up the DagBag from /home/airflow/.local/lib/python3.12/site-packages/airflow/example_dags/example_latest_only.py
[2024-11-20T07:32:58.392+0000] {processor.py:925} INFO - DAG(s) 'latest_only' retrieved from /home/airflow/.local/lib/python3.12/site-packages/airflow/example_dags/example_latest_only.py
[2024-11-20T07:32:58.413+0000] {logging_mixin.py:190} INFO - [2024-11-20T07:32:58.412+0000] {dag.py:3239} INFO - Sync 1 DAGs
[2024-11-20T07:32:58.437+0000] {logging_mixin.py:190} INFO - [2024-11-20T07:32:58.437+0000] {dag.py:4180} INFO - Setting next_dagrun for latest_only to 2024-11-20 00:00:00+00:00, run_after=2024-11-20 04:00:00+00:00
[2024-11-20T07:32:58.456+0000] {processor.py:208} INFO - Processing /home/airflow/.local/lib/python3.12/site-packages/airflow/example_dags/example_latest_only.py took 0.080 seconds
[2024-11-20T07:33:29.124+0000] {processor.py:186} INFO - Started process (PID=765) to work on /home/airflow/.local/lib/python3.12/site-packages/airflow/example_dags/example_latest_only.py
[2024-11-20T07:33:29.126+0000] {processor.py:914} INFO - Processing file /home/airflow/.local/lib/python3.12/site-packages/airflow/example_dags/example_latest_only.py for tasks to queue
[2024-11-20T07:33:29.129+0000] {logging_mixin.py:190} INFO - [2024-11-20T07:33:29.129+0000] {dagbag.py:588} INFO - Filling up the DagBag from /home/airflow/.local/lib/python3.12/site-packages/airflow/example_dags/example_latest_only.py
[2024-11-20T07:33:29.143+0000] {processor.py:925} INFO - DAG(s) 'latest_only' retrieved from /home/airflow/.local/lib/python3.12/site-packages/airflow/example_dags/example_latest_only.py
[2024-11-20T07:33:29.172+0000] {logging_mixin.py:190} INFO - [2024-11-20T07:33:29.172+0000] {dag.py:3239} INFO - Sync 1 DAGs
[2024-11-20T07:33:29.211+0000] {logging_mixin.py:190} INFO - [2024-11-20T07:33:29.211+0000] {dag.py:4180} INFO - Setting next_dagrun for latest_only to 2024-11-20 00:00:00+00:00, run_after=2024-11-20 04:00:00+00:00
[2024-11-20T07:33:29.235+0000] {processor.py:208} INFO - Processing /home/airflow/.local/lib/python3.12/site-packages/airflow/example_dags/example_latest_only.py took 0.115 seconds
