[2024-11-20T07:26:04.826+0000] {processor.py:186} INFO - Started process (PID=120) to work on /home/airflow/.local/lib/python3.12/site-packages/airflow/example_dags/example_dataset_alias_with_no_taskflow.py
[2024-11-20T07:26:04.831+0000] {processor.py:914} INFO - Processing file /home/airflow/.local/lib/python3.12/site-packages/airflow/example_dags/example_dataset_alias_with_no_taskflow.py for tasks to queue
[2024-11-20T07:26:04.835+0000] {logging_mixin.py:190} INFO - [2024-11-20T07:26:04.835+0000] {dagbag.py:588} INFO - Filling up the DagBag from /home/airflow/.local/lib/python3.12/site-packages/airflow/example_dags/example_dataset_alias_with_no_taskflow.py
[2024-11-20T07:26:05.972+0000] {processor.py:925} INFO - DAG(s) 'dataset_alias_example_alias_consumer_with_no_taskflow', 'dataset_s3_bucket_producer_with_no_taskflow', 'dataset_s3_bucket_consumer_with_no_taskflow', 'dataset_alias_example_alias_producer_with_no_taskflow' retrieved from /home/airflow/.local/lib/python3.12/site-packages/airflow/example_dags/example_dataset_alias_with_no_taskflow.py
[2024-11-20T07:26:06.188+0000] {logging_mixin.py:190} INFO - [2024-11-20T07:26:06.187+0000] {override.py:1911} INFO - Created Permission View: can delete on DAG:dataset_alias_example_alias_consumer_with_no_taskflow
[2024-11-20T07:26:06.205+0000] {logging_mixin.py:190} INFO - [2024-11-20T07:26:06.204+0000] {override.py:1911} INFO - Created Permission View: can read on DAG:dataset_alias_example_alias_consumer_with_no_taskflow
[2024-11-20T07:26:06.216+0000] {logging_mixin.py:190} INFO - [2024-11-20T07:26:06.216+0000] {override.py:1911} INFO - Created Permission View: can edit on DAG:dataset_alias_example_alias_consumer_with_no_taskflow
[2024-11-20T07:26:06.228+0000] {logging_mixin.py:190} INFO - [2024-11-20T07:26:06.227+0000] {override.py:1911} INFO - Created Permission View: can delete on DAG Run:dataset_alias_example_alias_consumer_with_no_taskflow
[2024-11-20T07:26:06.240+0000] {logging_mixin.py:190} INFO - [2024-11-20T07:26:06.239+0000] {override.py:1911} INFO - Created Permission View: can read on DAG Run:dataset_alias_example_alias_consumer_with_no_taskflow
[2024-11-20T07:26:06.254+0000] {logging_mixin.py:190} INFO - [2024-11-20T07:26:06.253+0000] {override.py:1911} INFO - Created Permission View: menu access on DAG Run:dataset_alias_example_alias_consumer_with_no_taskflow
[2024-11-20T07:26:06.266+0000] {logging_mixin.py:190} INFO - [2024-11-20T07:26:06.265+0000] {override.py:1911} INFO - Created Permission View: can create on DAG Run:dataset_alias_example_alias_consumer_with_no_taskflow
[2024-11-20T07:26:06.288+0000] {logging_mixin.py:190} INFO - [2024-11-20T07:26:06.288+0000] {override.py:1911} INFO - Created Permission View: can delete on DAG:dataset_s3_bucket_producer_with_no_taskflow
[2024-11-20T07:26:06.299+0000] {logging_mixin.py:190} INFO - [2024-11-20T07:26:06.298+0000] {override.py:1911} INFO - Created Permission View: can read on DAG:dataset_s3_bucket_producer_with_no_taskflow
[2024-11-20T07:26:06.310+0000] {logging_mixin.py:190} INFO - [2024-11-20T07:26:06.309+0000] {override.py:1911} INFO - Created Permission View: can edit on DAG:dataset_s3_bucket_producer_with_no_taskflow
[2024-11-20T07:26:06.321+0000] {logging_mixin.py:190} INFO - [2024-11-20T07:26:06.320+0000] {override.py:1911} INFO - Created Permission View: can delete on DAG Run:dataset_s3_bucket_producer_with_no_taskflow
[2024-11-20T07:26:06.334+0000] {logging_mixin.py:190} INFO - [2024-11-20T07:26:06.334+0000] {override.py:1911} INFO - Created Permission View: can read on DAG Run:dataset_s3_bucket_producer_with_no_taskflow
[2024-11-20T07:26:06.345+0000] {logging_mixin.py:190} INFO - [2024-11-20T07:26:06.345+0000] {override.py:1911} INFO - Created Permission View: menu access on DAG Run:dataset_s3_bucket_producer_with_no_taskflow
[2024-11-20T07:26:06.358+0000] {logging_mixin.py:190} INFO - [2024-11-20T07:26:06.358+0000] {override.py:1911} INFO - Created Permission View: can create on DAG Run:dataset_s3_bucket_producer_with_no_taskflow
[2024-11-20T07:26:06.379+0000] {logging_mixin.py:190} INFO - [2024-11-20T07:26:06.379+0000] {override.py:1911} INFO - Created Permission View: can delete on DAG:dataset_s3_bucket_consumer_with_no_taskflow
[2024-11-20T07:26:06.390+0000] {logging_mixin.py:190} INFO - [2024-11-20T07:26:06.389+0000] {override.py:1911} INFO - Created Permission View: can read on DAG:dataset_s3_bucket_consumer_with_no_taskflow
[2024-11-20T07:26:06.401+0000] {logging_mixin.py:190} INFO - [2024-11-20T07:26:06.401+0000] {override.py:1911} INFO - Created Permission View: can edit on DAG:dataset_s3_bucket_consumer_with_no_taskflow
[2024-11-20T07:26:06.414+0000] {logging_mixin.py:190} INFO - [2024-11-20T07:26:06.413+0000] {override.py:1911} INFO - Created Permission View: can delete on DAG Run:dataset_s3_bucket_consumer_with_no_taskflow
[2024-11-20T07:26:06.425+0000] {logging_mixin.py:190} INFO - [2024-11-20T07:26:06.424+0000] {override.py:1911} INFO - Created Permission View: can read on DAG Run:dataset_s3_bucket_consumer_with_no_taskflow
[2024-11-20T07:26:06.436+0000] {logging_mixin.py:190} INFO - [2024-11-20T07:26:06.435+0000] {override.py:1911} INFO - Created Permission View: menu access on DAG Run:dataset_s3_bucket_consumer_with_no_taskflow
[2024-11-20T07:26:06.446+0000] {logging_mixin.py:190} INFO - [2024-11-20T07:26:06.446+0000] {override.py:1911} INFO - Created Permission View: can create on DAG Run:dataset_s3_bucket_consumer_with_no_taskflow
[2024-11-20T07:26:06.468+0000] {logging_mixin.py:190} INFO - [2024-11-20T07:26:06.467+0000] {override.py:1911} INFO - Created Permission View: can delete on DAG:dataset_alias_example_alias_producer_with_no_taskflow
[2024-11-20T07:26:06.481+0000] {logging_mixin.py:190} INFO - [2024-11-20T07:26:06.480+0000] {override.py:1911} INFO - Created Permission View: can read on DAG:dataset_alias_example_alias_producer_with_no_taskflow
[2024-11-20T07:26:06.501+0000] {logging_mixin.py:190} INFO - [2024-11-20T07:26:06.500+0000] {override.py:1911} INFO - Created Permission View: can edit on DAG:dataset_alias_example_alias_producer_with_no_taskflow
[2024-11-20T07:26:06.530+0000] {logging_mixin.py:190} INFO - [2024-11-20T07:26:06.529+0000] {override.py:1911} INFO - Created Permission View: can delete on DAG Run:dataset_alias_example_alias_producer_with_no_taskflow
[2024-11-20T07:26:06.565+0000] {logging_mixin.py:190} INFO - [2024-11-20T07:26:06.564+0000] {override.py:1911} INFO - Created Permission View: can read on DAG Run:dataset_alias_example_alias_producer_with_no_taskflow
[2024-11-20T07:26:06.591+0000] {logging_mixin.py:190} INFO - [2024-11-20T07:26:06.591+0000] {override.py:1911} INFO - Created Permission View: menu access on DAG Run:dataset_alias_example_alias_producer_with_no_taskflow
[2024-11-20T07:26:06.607+0000] {logging_mixin.py:190} INFO - [2024-11-20T07:26:06.606+0000] {override.py:1911} INFO - Created Permission View: can create on DAG Run:dataset_alias_example_alias_producer_with_no_taskflow
[2024-11-20T07:26:06.609+0000] {logging_mixin.py:190} INFO - [2024-11-20T07:26:06.608+0000] {dag.py:3239} INFO - Sync 4 DAGs
[2024-11-20T07:26:06.634+0000] {logging_mixin.py:190} INFO - [2024-11-20T07:26:06.633+0000] {dag.py:3262} INFO - Creating ORM DAG for dataset_s3_bucket_consumer_with_no_taskflow
[2024-11-20T07:26:06.636+0000] {logging_mixin.py:190} INFO - [2024-11-20T07:26:06.635+0000] {dag.py:3262} INFO - Creating ORM DAG for dataset_alias_example_alias_producer_with_no_taskflow
[2024-11-20T07:26:06.637+0000] {logging_mixin.py:190} INFO - [2024-11-20T07:26:06.637+0000] {dag.py:3262} INFO - Creating ORM DAG for dataset_s3_bucket_producer_with_no_taskflow
[2024-11-20T07:26:06.638+0000] {logging_mixin.py:190} INFO - [2024-11-20T07:26:06.638+0000] {dag.py:3262} INFO - Creating ORM DAG for dataset_alias_example_alias_consumer_with_no_taskflow
[2024-11-20T07:26:06.657+0000] {logging_mixin.py:190} INFO - [2024-11-20T07:26:06.657+0000] {dag.py:4180} INFO - Setting next_dagrun for dataset_alias_example_alias_consumer_with_no_taskflow to None, run_after=None
[2024-11-20T07:26:06.659+0000] {logging_mixin.py:190} INFO - [2024-11-20T07:26:06.659+0000] {dag.py:4180} INFO - Setting next_dagrun for dataset_alias_example_alias_producer_with_no_taskflow to None, run_after=None
[2024-11-20T07:26:06.660+0000] {logging_mixin.py:190} INFO - [2024-11-20T07:26:06.660+0000] {dag.py:4180} INFO - Setting next_dagrun for dataset_s3_bucket_consumer_with_no_taskflow to None, run_after=None
[2024-11-20T07:26:06.661+0000] {logging_mixin.py:190} INFO - [2024-11-20T07:26:06.661+0000] {dag.py:4180} INFO - Setting next_dagrun for dataset_s3_bucket_producer_with_no_taskflow to None, run_after=None
[2024-11-20T07:26:06.711+0000] {processor.py:208} INFO - Processing /home/airflow/.local/lib/python3.12/site-packages/airflow/example_dags/example_dataset_alias_with_no_taskflow.py took 1.892 seconds
[2024-11-20T07:26:36.890+0000] {processor.py:186} INFO - Started process (PID=185) to work on /home/airflow/.local/lib/python3.12/site-packages/airflow/example_dags/example_dataset_alias_with_no_taskflow.py
[2024-11-20T07:26:36.891+0000] {processor.py:914} INFO - Processing file /home/airflow/.local/lib/python3.12/site-packages/airflow/example_dags/example_dataset_alias_with_no_taskflow.py for tasks to queue
[2024-11-20T07:26:36.894+0000] {logging_mixin.py:190} INFO - [2024-11-20T07:26:36.893+0000] {dagbag.py:588} INFO - Filling up the DagBag from /home/airflow/.local/lib/python3.12/site-packages/airflow/example_dags/example_dataset_alias_with_no_taskflow.py
[2024-11-20T07:26:37.688+0000] {processor.py:925} INFO - DAG(s) 'dataset_alias_example_alias_producer_with_no_taskflow', 'dataset_alias_example_alias_consumer_with_no_taskflow', 'dataset_s3_bucket_producer_with_no_taskflow', 'dataset_s3_bucket_consumer_with_no_taskflow' retrieved from /home/airflow/.local/lib/python3.12/site-packages/airflow/example_dags/example_dataset_alias_with_no_taskflow.py
[2024-11-20T07:26:37.717+0000] {logging_mixin.py:190} INFO - [2024-11-20T07:26:37.716+0000] {dag.py:3239} INFO - Sync 4 DAGs
[2024-11-20T07:26:37.755+0000] {logging_mixin.py:190} INFO - [2024-11-20T07:26:37.754+0000] {dag.py:4180} INFO - Setting next_dagrun for dataset_alias_example_alias_consumer_with_no_taskflow to None, run_after=None
[2024-11-20T07:26:37.762+0000] {logging_mixin.py:190} INFO - [2024-11-20T07:26:37.762+0000] {dag.py:4180} INFO - Setting next_dagrun for dataset_alias_example_alias_producer_with_no_taskflow to None, run_after=None
[2024-11-20T07:26:37.769+0000] {logging_mixin.py:190} INFO - [2024-11-20T07:26:37.769+0000] {dag.py:4180} INFO - Setting next_dagrun for dataset_s3_bucket_consumer_with_no_taskflow to None, run_after=None
[2024-11-20T07:26:37.772+0000] {logging_mixin.py:190} INFO - [2024-11-20T07:26:37.771+0000] {dag.py:4180} INFO - Setting next_dagrun for dataset_s3_bucket_producer_with_no_taskflow to None, run_after=None
[2024-11-20T07:26:37.813+0000] {processor.py:208} INFO - Processing /home/airflow/.local/lib/python3.12/site-packages/airflow/example_dags/example_dataset_alias_with_no_taskflow.py took 0.928 seconds
[2024-11-20T07:28:24.794+0000] {processor.py:186} INFO - Started process (PID=120) to work on /home/airflow/.local/lib/python3.12/site-packages/airflow/example_dags/example_dataset_alias_with_no_taskflow.py
[2024-11-20T07:28:24.796+0000] {processor.py:914} INFO - Processing file /home/airflow/.local/lib/python3.12/site-packages/airflow/example_dags/example_dataset_alias_with_no_taskflow.py for tasks to queue
[2024-11-20T07:28:24.799+0000] {logging_mixin.py:190} INFO - [2024-11-20T07:28:24.798+0000] {dagbag.py:588} INFO - Filling up the DagBag from /home/airflow/.local/lib/python3.12/site-packages/airflow/example_dags/example_dataset_alias_with_no_taskflow.py
[2024-11-20T07:28:25.667+0000] {processor.py:925} INFO - DAG(s) 'dataset_alias_example_alias_consumer_with_no_taskflow', 'dataset_alias_example_alias_producer_with_no_taskflow', 'dataset_s3_bucket_producer_with_no_taskflow', 'dataset_s3_bucket_consumer_with_no_taskflow' retrieved from /home/airflow/.local/lib/python3.12/site-packages/airflow/example_dags/example_dataset_alias_with_no_taskflow.py
[2024-11-20T07:28:25.709+0000] {logging_mixin.py:190} INFO - [2024-11-20T07:28:25.708+0000] {dag.py:3239} INFO - Sync 4 DAGs
[2024-11-20T07:28:25.753+0000] {logging_mixin.py:190} INFO - [2024-11-20T07:28:25.753+0000] {dag.py:4180} INFO - Setting next_dagrun for dataset_alias_example_alias_consumer_with_no_taskflow to None, run_after=None
[2024-11-20T07:28:25.758+0000] {logging_mixin.py:190} INFO - [2024-11-20T07:28:25.757+0000] {dag.py:4180} INFO - Setting next_dagrun for dataset_alias_example_alias_producer_with_no_taskflow to None, run_after=None
[2024-11-20T07:28:25.761+0000] {logging_mixin.py:190} INFO - [2024-11-20T07:28:25.760+0000] {dag.py:4180} INFO - Setting next_dagrun for dataset_s3_bucket_consumer_with_no_taskflow to None, run_after=None
[2024-11-20T07:28:25.763+0000] {logging_mixin.py:190} INFO - [2024-11-20T07:28:25.763+0000] {dag.py:4180} INFO - Setting next_dagrun for dataset_s3_bucket_producer_with_no_taskflow to None, run_after=None
[2024-11-20T07:28:25.804+0000] {processor.py:208} INFO - Processing /home/airflow/.local/lib/python3.12/site-packages/airflow/example_dags/example_dataset_alias_with_no_taskflow.py took 1.017 seconds
[2024-11-20T07:28:56.332+0000] {processor.py:186} INFO - Started process (PID=185) to work on /home/airflow/.local/lib/python3.12/site-packages/airflow/example_dags/example_dataset_alias_with_no_taskflow.py
[2024-11-20T07:28:56.333+0000] {processor.py:914} INFO - Processing file /home/airflow/.local/lib/python3.12/site-packages/airflow/example_dags/example_dataset_alias_with_no_taskflow.py for tasks to queue
[2024-11-20T07:28:56.335+0000] {logging_mixin.py:190} INFO - [2024-11-20T07:28:56.335+0000] {dagbag.py:588} INFO - Filling up the DagBag from /home/airflow/.local/lib/python3.12/site-packages/airflow/example_dags/example_dataset_alias_with_no_taskflow.py
[2024-11-20T07:28:57.266+0000] {processor.py:925} INFO - DAG(s) 'dataset_s3_bucket_producer_with_no_taskflow', 'dataset_s3_bucket_consumer_with_no_taskflow', 'dataset_alias_example_alias_consumer_with_no_taskflow', 'dataset_alias_example_alias_producer_with_no_taskflow' retrieved from /home/airflow/.local/lib/python3.12/site-packages/airflow/example_dags/example_dataset_alias_with_no_taskflow.py
[2024-11-20T07:28:57.308+0000] {logging_mixin.py:190} INFO - [2024-11-20T07:28:57.307+0000] {dag.py:3239} INFO - Sync 4 DAGs
[2024-11-20T07:28:57.354+0000] {logging_mixin.py:190} INFO - [2024-11-20T07:28:57.353+0000] {dag.py:4180} INFO - Setting next_dagrun for dataset_alias_example_alias_consumer_with_no_taskflow to None, run_after=None
[2024-11-20T07:28:57.360+0000] {logging_mixin.py:190} INFO - [2024-11-20T07:28:57.360+0000] {dag.py:4180} INFO - Setting next_dagrun for dataset_alias_example_alias_producer_with_no_taskflow to None, run_after=None
[2024-11-20T07:28:57.364+0000] {logging_mixin.py:190} INFO - [2024-11-20T07:28:57.364+0000] {dag.py:4180} INFO - Setting next_dagrun for dataset_s3_bucket_consumer_with_no_taskflow to None, run_after=None
[2024-11-20T07:28:57.367+0000] {logging_mixin.py:190} INFO - [2024-11-20T07:28:57.367+0000] {dag.py:4180} INFO - Setting next_dagrun for dataset_s3_bucket_producer_with_no_taskflow to None, run_after=None
[2024-11-20T07:28:57.398+0000] {processor.py:208} INFO - Processing /home/airflow/.local/lib/python3.12/site-packages/airflow/example_dags/example_dataset_alias_with_no_taskflow.py took 1.073 seconds
[2024-11-20T07:29:28.238+0000] {processor.py:186} INFO - Started process (PID=256) to work on /home/airflow/.local/lib/python3.12/site-packages/airflow/example_dags/example_dataset_alias_with_no_taskflow.py
[2024-11-20T07:29:28.239+0000] {processor.py:914} INFO - Processing file /home/airflow/.local/lib/python3.12/site-packages/airflow/example_dags/example_dataset_alias_with_no_taskflow.py for tasks to queue
[2024-11-20T07:29:28.241+0000] {logging_mixin.py:190} INFO - [2024-11-20T07:29:28.241+0000] {dagbag.py:588} INFO - Filling up the DagBag from /home/airflow/.local/lib/python3.12/site-packages/airflow/example_dags/example_dataset_alias_with_no_taskflow.py
[2024-11-20T07:29:28.964+0000] {processor.py:925} INFO - DAG(s) 'dataset_s3_bucket_producer_with_no_taskflow', 'dataset_alias_example_alias_producer_with_no_taskflow', 'dataset_alias_example_alias_consumer_with_no_taskflow', 'dataset_s3_bucket_consumer_with_no_taskflow' retrieved from /home/airflow/.local/lib/python3.12/site-packages/airflow/example_dags/example_dataset_alias_with_no_taskflow.py
[2024-11-20T07:29:28.992+0000] {logging_mixin.py:190} INFO - [2024-11-20T07:29:28.991+0000] {dag.py:3239} INFO - Sync 4 DAGs
[2024-11-20T07:29:29.019+0000] {logging_mixin.py:190} INFO - [2024-11-20T07:29:29.019+0000] {dag.py:4180} INFO - Setting next_dagrun for dataset_alias_example_alias_consumer_with_no_taskflow to None, run_after=None
[2024-11-20T07:29:29.024+0000] {logging_mixin.py:190} INFO - [2024-11-20T07:29:29.023+0000] {dag.py:4180} INFO - Setting next_dagrun for dataset_alias_example_alias_producer_with_no_taskflow to None, run_after=None
[2024-11-20T07:29:29.027+0000] {logging_mixin.py:190} INFO - [2024-11-20T07:29:29.027+0000] {dag.py:4180} INFO - Setting next_dagrun for dataset_s3_bucket_consumer_with_no_taskflow to None, run_after=None
[2024-11-20T07:29:29.034+0000] {logging_mixin.py:190} INFO - [2024-11-20T07:29:29.034+0000] {dag.py:4180} INFO - Setting next_dagrun for dataset_s3_bucket_producer_with_no_taskflow to None, run_after=None
[2024-11-20T07:29:29.075+0000] {processor.py:208} INFO - Processing /home/airflow/.local/lib/python3.12/site-packages/airflow/example_dags/example_dataset_alias_with_no_taskflow.py took 0.843 seconds
[2024-11-20T07:29:59.156+0000] {processor.py:186} INFO - Started process (PID=321) to work on /home/airflow/.local/lib/python3.12/site-packages/airflow/example_dags/example_dataset_alias_with_no_taskflow.py
[2024-11-20T07:29:59.157+0000] {processor.py:914} INFO - Processing file /home/airflow/.local/lib/python3.12/site-packages/airflow/example_dags/example_dataset_alias_with_no_taskflow.py for tasks to queue
[2024-11-20T07:29:59.160+0000] {logging_mixin.py:190} INFO - [2024-11-20T07:29:59.160+0000] {dagbag.py:588} INFO - Filling up the DagBag from /home/airflow/.local/lib/python3.12/site-packages/airflow/example_dags/example_dataset_alias_with_no_taskflow.py
[2024-11-20T07:29:59.942+0000] {processor.py:925} INFO - DAG(s) 'dataset_s3_bucket_consumer_with_no_taskflow', 'dataset_alias_example_alias_consumer_with_no_taskflow', 'dataset_s3_bucket_producer_with_no_taskflow', 'dataset_alias_example_alias_producer_with_no_taskflow' retrieved from /home/airflow/.local/lib/python3.12/site-packages/airflow/example_dags/example_dataset_alias_with_no_taskflow.py
[2024-11-20T07:29:59.976+0000] {logging_mixin.py:190} INFO - [2024-11-20T07:29:59.975+0000] {dag.py:3239} INFO - Sync 4 DAGs
[2024-11-20T07:30:00.008+0000] {logging_mixin.py:190} INFO - [2024-11-20T07:30:00.007+0000] {dag.py:4180} INFO - Setting next_dagrun for dataset_alias_example_alias_consumer_with_no_taskflow to None, run_after=None
[2024-11-20T07:30:00.012+0000] {logging_mixin.py:190} INFO - [2024-11-20T07:30:00.012+0000] {dag.py:4180} INFO - Setting next_dagrun for dataset_alias_example_alias_producer_with_no_taskflow to None, run_after=None
[2024-11-20T07:30:00.015+0000] {logging_mixin.py:190} INFO - [2024-11-20T07:30:00.014+0000] {dag.py:4180} INFO - Setting next_dagrun for dataset_s3_bucket_consumer_with_no_taskflow to None, run_after=None
[2024-11-20T07:30:00.017+0000] {logging_mixin.py:190} INFO - [2024-11-20T07:30:00.017+0000] {dag.py:4180} INFO - Setting next_dagrun for dataset_s3_bucket_producer_with_no_taskflow to None, run_after=None
[2024-11-20T07:30:00.049+0000] {processor.py:208} INFO - Processing /home/airflow/.local/lib/python3.12/site-packages/airflow/example_dags/example_dataset_alias_with_no_taskflow.py took 0.897 seconds
[2024-11-20T07:30:30.911+0000] {processor.py:186} INFO - Started process (PID=386) to work on /home/airflow/.local/lib/python3.12/site-packages/airflow/example_dags/example_dataset_alias_with_no_taskflow.py
[2024-11-20T07:30:30.912+0000] {processor.py:914} INFO - Processing file /home/airflow/.local/lib/python3.12/site-packages/airflow/example_dags/example_dataset_alias_with_no_taskflow.py for tasks to queue
[2024-11-20T07:30:30.914+0000] {logging_mixin.py:190} INFO - [2024-11-20T07:30:30.914+0000] {dagbag.py:588} INFO - Filling up the DagBag from /home/airflow/.local/lib/python3.12/site-packages/airflow/example_dags/example_dataset_alias_with_no_taskflow.py
[2024-11-20T07:30:31.683+0000] {processor.py:925} INFO - DAG(s) 'dataset_alias_example_alias_consumer_with_no_taskflow', 'dataset_s3_bucket_producer_with_no_taskflow', 'dataset_alias_example_alias_producer_with_no_taskflow', 'dataset_s3_bucket_consumer_with_no_taskflow' retrieved from /home/airflow/.local/lib/python3.12/site-packages/airflow/example_dags/example_dataset_alias_with_no_taskflow.py
[2024-11-20T07:30:31.710+0000] {logging_mixin.py:190} INFO - [2024-11-20T07:30:31.709+0000] {dag.py:3239} INFO - Sync 4 DAGs
[2024-11-20T07:30:31.735+0000] {logging_mixin.py:190} INFO - [2024-11-20T07:30:31.735+0000] {dag.py:4180} INFO - Setting next_dagrun for dataset_alias_example_alias_consumer_with_no_taskflow to None, run_after=None
[2024-11-20T07:30:31.739+0000] {logging_mixin.py:190} INFO - [2024-11-20T07:30:31.739+0000] {dag.py:4180} INFO - Setting next_dagrun for dataset_alias_example_alias_producer_with_no_taskflow to None, run_after=None
[2024-11-20T07:30:31.742+0000] {logging_mixin.py:190} INFO - [2024-11-20T07:30:31.741+0000] {dag.py:4180} INFO - Setting next_dagrun for dataset_s3_bucket_consumer_with_no_taskflow to None, run_after=None
[2024-11-20T07:30:31.744+0000] {logging_mixin.py:190} INFO - [2024-11-20T07:30:31.744+0000] {dag.py:4180} INFO - Setting next_dagrun for dataset_s3_bucket_producer_with_no_taskflow to None, run_after=None
[2024-11-20T07:30:31.771+0000] {processor.py:208} INFO - Processing /home/airflow/.local/lib/python3.12/site-packages/airflow/example_dags/example_dataset_alias_with_no_taskflow.py took 0.865 seconds
[2024-11-20T07:31:02.060+0000] {processor.py:186} INFO - Started process (PID=451) to work on /home/airflow/.local/lib/python3.12/site-packages/airflow/example_dags/example_dataset_alias_with_no_taskflow.py
[2024-11-20T07:31:02.062+0000] {processor.py:914} INFO - Processing file /home/airflow/.local/lib/python3.12/site-packages/airflow/example_dags/example_dataset_alias_with_no_taskflow.py for tasks to queue
[2024-11-20T07:31:02.065+0000] {logging_mixin.py:190} INFO - [2024-11-20T07:31:02.065+0000] {dagbag.py:588} INFO - Filling up the DagBag from /home/airflow/.local/lib/python3.12/site-packages/airflow/example_dags/example_dataset_alias_with_no_taskflow.py
[2024-11-20T07:31:02.884+0000] {processor.py:925} INFO - DAG(s) 'dataset_s3_bucket_producer_with_no_taskflow', 'dataset_alias_example_alias_producer_with_no_taskflow', 'dataset_s3_bucket_consumer_with_no_taskflow', 'dataset_alias_example_alias_consumer_with_no_taskflow' retrieved from /home/airflow/.local/lib/python3.12/site-packages/airflow/example_dags/example_dataset_alias_with_no_taskflow.py
[2024-11-20T07:31:02.916+0000] {logging_mixin.py:190} INFO - [2024-11-20T07:31:02.915+0000] {dag.py:3239} INFO - Sync 4 DAGs
[2024-11-20T07:31:02.947+0000] {logging_mixin.py:190} INFO - [2024-11-20T07:31:02.947+0000] {dag.py:4180} INFO - Setting next_dagrun for dataset_alias_example_alias_consumer_with_no_taskflow to None, run_after=None
[2024-11-20T07:31:02.951+0000] {logging_mixin.py:190} INFO - [2024-11-20T07:31:02.951+0000] {dag.py:4180} INFO - Setting next_dagrun for dataset_alias_example_alias_producer_with_no_taskflow to None, run_after=None
[2024-11-20T07:31:02.953+0000] {logging_mixin.py:190} INFO - [2024-11-20T07:31:02.952+0000] {dag.py:4180} INFO - Setting next_dagrun for dataset_s3_bucket_consumer_with_no_taskflow to None, run_after=None
[2024-11-20T07:31:02.954+0000] {logging_mixin.py:190} INFO - [2024-11-20T07:31:02.954+0000] {dag.py:4180} INFO - Setting next_dagrun for dataset_s3_bucket_producer_with_no_taskflow to None, run_after=None
[2024-11-20T07:31:02.977+0000] {processor.py:208} INFO - Processing /home/airflow/.local/lib/python3.12/site-packages/airflow/example_dags/example_dataset_alias_with_no_taskflow.py took 0.925 seconds
[2024-11-20T07:31:33.757+0000] {processor.py:186} INFO - Started process (PID=516) to work on /home/airflow/.local/lib/python3.12/site-packages/airflow/example_dags/example_dataset_alias_with_no_taskflow.py
[2024-11-20T07:31:33.759+0000] {processor.py:914} INFO - Processing file /home/airflow/.local/lib/python3.12/site-packages/airflow/example_dags/example_dataset_alias_with_no_taskflow.py for tasks to queue
[2024-11-20T07:31:33.761+0000] {logging_mixin.py:190} INFO - [2024-11-20T07:31:33.761+0000] {dagbag.py:588} INFO - Filling up the DagBag from /home/airflow/.local/lib/python3.12/site-packages/airflow/example_dags/example_dataset_alias_with_no_taskflow.py
[2024-11-20T07:31:34.652+0000] {processor.py:925} INFO - DAG(s) 'dataset_alias_example_alias_consumer_with_no_taskflow', 'dataset_s3_bucket_consumer_with_no_taskflow', 'dataset_alias_example_alias_producer_with_no_taskflow', 'dataset_s3_bucket_producer_with_no_taskflow' retrieved from /home/airflow/.local/lib/python3.12/site-packages/airflow/example_dags/example_dataset_alias_with_no_taskflow.py
[2024-11-20T07:31:34.688+0000] {logging_mixin.py:190} INFO - [2024-11-20T07:31:34.687+0000] {dag.py:3239} INFO - Sync 4 DAGs
[2024-11-20T07:31:34.718+0000] {logging_mixin.py:190} INFO - [2024-11-20T07:31:34.718+0000] {dag.py:4180} INFO - Setting next_dagrun for dataset_alias_example_alias_consumer_with_no_taskflow to None, run_after=None
[2024-11-20T07:31:34.722+0000] {logging_mixin.py:190} INFO - [2024-11-20T07:31:34.722+0000] {dag.py:4180} INFO - Setting next_dagrun for dataset_alias_example_alias_producer_with_no_taskflow to None, run_after=None
[2024-11-20T07:31:34.725+0000] {logging_mixin.py:190} INFO - [2024-11-20T07:31:34.725+0000] {dag.py:4180} INFO - Setting next_dagrun for dataset_s3_bucket_consumer_with_no_taskflow to None, run_after=None
[2024-11-20T07:31:34.727+0000] {logging_mixin.py:190} INFO - [2024-11-20T07:31:34.727+0000] {dag.py:4180} INFO - Setting next_dagrun for dataset_s3_bucket_producer_with_no_taskflow to None, run_after=None
[2024-11-20T07:31:34.755+0000] {processor.py:208} INFO - Processing /home/airflow/.local/lib/python3.12/site-packages/airflow/example_dags/example_dataset_alias_with_no_taskflow.py took 1.003 seconds
[2024-11-20T07:32:05.544+0000] {processor.py:186} INFO - Started process (PID=581) to work on /home/airflow/.local/lib/python3.12/site-packages/airflow/example_dags/example_dataset_alias_with_no_taskflow.py
[2024-11-20T07:32:05.545+0000] {processor.py:914} INFO - Processing file /home/airflow/.local/lib/python3.12/site-packages/airflow/example_dags/example_dataset_alias_with_no_taskflow.py for tasks to queue
[2024-11-20T07:32:05.548+0000] {logging_mixin.py:190} INFO - [2024-11-20T07:32:05.547+0000] {dagbag.py:588} INFO - Filling up the DagBag from /home/airflow/.local/lib/python3.12/site-packages/airflow/example_dags/example_dataset_alias_with_no_taskflow.py
[2024-11-20T07:32:06.414+0000] {processor.py:925} INFO - DAG(s) 'dataset_alias_example_alias_consumer_with_no_taskflow', 'dataset_s3_bucket_producer_with_no_taskflow', 'dataset_alias_example_alias_producer_with_no_taskflow', 'dataset_s3_bucket_consumer_with_no_taskflow' retrieved from /home/airflow/.local/lib/python3.12/site-packages/airflow/example_dags/example_dataset_alias_with_no_taskflow.py
[2024-11-20T07:32:06.446+0000] {logging_mixin.py:190} INFO - [2024-11-20T07:32:06.446+0000] {dag.py:3239} INFO - Sync 4 DAGs
[2024-11-20T07:32:06.483+0000] {logging_mixin.py:190} INFO - [2024-11-20T07:32:06.482+0000] {dag.py:4180} INFO - Setting next_dagrun for dataset_alias_example_alias_consumer_with_no_taskflow to None, run_after=None
[2024-11-20T07:32:06.488+0000] {logging_mixin.py:190} INFO - [2024-11-20T07:32:06.487+0000] {dag.py:4180} INFO - Setting next_dagrun for dataset_alias_example_alias_producer_with_no_taskflow to None, run_after=None
[2024-11-20T07:32:06.490+0000] {logging_mixin.py:190} INFO - [2024-11-20T07:32:06.490+0000] {dag.py:4180} INFO - Setting next_dagrun for dataset_s3_bucket_consumer_with_no_taskflow to None, run_after=None
[2024-11-20T07:32:06.492+0000] {logging_mixin.py:190} INFO - [2024-11-20T07:32:06.492+0000] {dag.py:4180} INFO - Setting next_dagrun for dataset_s3_bucket_producer_with_no_taskflow to None, run_after=None
[2024-11-20T07:32:06.521+0000] {processor.py:208} INFO - Processing /home/airflow/.local/lib/python3.12/site-packages/airflow/example_dags/example_dataset_alias_with_no_taskflow.py took 0.984 seconds
[2024-11-20T07:32:37.328+0000] {processor.py:186} INFO - Started process (PID=647) to work on /home/airflow/.local/lib/python3.12/site-packages/airflow/example_dags/example_dataset_alias_with_no_taskflow.py
[2024-11-20T07:32:37.329+0000] {processor.py:914} INFO - Processing file /home/airflow/.local/lib/python3.12/site-packages/airflow/example_dags/example_dataset_alias_with_no_taskflow.py for tasks to queue
[2024-11-20T07:32:37.333+0000] {logging_mixin.py:190} INFO - [2024-11-20T07:32:37.332+0000] {dagbag.py:588} INFO - Filling up the DagBag from /home/airflow/.local/lib/python3.12/site-packages/airflow/example_dags/example_dataset_alias_with_no_taskflow.py
[2024-11-20T07:32:38.136+0000] {processor.py:925} INFO - DAG(s) 'dataset_s3_bucket_producer_with_no_taskflow', 'dataset_s3_bucket_consumer_with_no_taskflow', 'dataset_alias_example_alias_consumer_with_no_taskflow', 'dataset_alias_example_alias_producer_with_no_taskflow' retrieved from /home/airflow/.local/lib/python3.12/site-packages/airflow/example_dags/example_dataset_alias_with_no_taskflow.py
[2024-11-20T07:32:38.175+0000] {logging_mixin.py:190} INFO - [2024-11-20T07:32:38.174+0000] {dag.py:3239} INFO - Sync 4 DAGs
[2024-11-20T07:32:38.224+0000] {logging_mixin.py:190} INFO - [2024-11-20T07:32:38.223+0000] {dag.py:4180} INFO - Setting next_dagrun for dataset_alias_example_alias_consumer_with_no_taskflow to None, run_after=None
[2024-11-20T07:32:38.228+0000] {logging_mixin.py:190} INFO - [2024-11-20T07:32:38.227+0000] {dag.py:4180} INFO - Setting next_dagrun for dataset_alias_example_alias_producer_with_no_taskflow to None, run_after=None
[2024-11-20T07:32:38.230+0000] {logging_mixin.py:190} INFO - [2024-11-20T07:32:38.230+0000] {dag.py:4180} INFO - Setting next_dagrun for dataset_s3_bucket_consumer_with_no_taskflow to None, run_after=None
[2024-11-20T07:32:38.232+0000] {logging_mixin.py:190} INFO - [2024-11-20T07:32:38.232+0000] {dag.py:4180} INFO - Setting next_dagrun for dataset_s3_bucket_producer_with_no_taskflow to None, run_after=None
[2024-11-20T07:32:38.260+0000] {processor.py:208} INFO - Processing /home/airflow/.local/lib/python3.12/site-packages/airflow/example_dags/example_dataset_alias_with_no_taskflow.py took 0.940 seconds
[2024-11-20T07:33:09.290+0000] {processor.py:186} INFO - Started process (PID=712) to work on /home/airflow/.local/lib/python3.12/site-packages/airflow/example_dags/example_dataset_alias_with_no_taskflow.py
[2024-11-20T07:33:09.291+0000] {processor.py:914} INFO - Processing file /home/airflow/.local/lib/python3.12/site-packages/airflow/example_dags/example_dataset_alias_with_no_taskflow.py for tasks to queue
[2024-11-20T07:33:09.294+0000] {logging_mixin.py:190} INFO - [2024-11-20T07:33:09.293+0000] {dagbag.py:588} INFO - Filling up the DagBag from /home/airflow/.local/lib/python3.12/site-packages/airflow/example_dags/example_dataset_alias_with_no_taskflow.py
[2024-11-20T07:33:10.155+0000] {processor.py:925} INFO - DAG(s) 'dataset_s3_bucket_producer_with_no_taskflow', 'dataset_alias_example_alias_producer_with_no_taskflow', 'dataset_s3_bucket_consumer_with_no_taskflow', 'dataset_alias_example_alias_consumer_with_no_taskflow' retrieved from /home/airflow/.local/lib/python3.12/site-packages/airflow/example_dags/example_dataset_alias_with_no_taskflow.py
[2024-11-20T07:33:10.189+0000] {logging_mixin.py:190} INFO - [2024-11-20T07:33:10.189+0000] {dag.py:3239} INFO - Sync 4 DAGs
[2024-11-20T07:33:10.224+0000] {logging_mixin.py:190} INFO - [2024-11-20T07:33:10.223+0000] {dag.py:4180} INFO - Setting next_dagrun for dataset_alias_example_alias_consumer_with_no_taskflow to None, run_after=None
[2024-11-20T07:33:10.228+0000] {logging_mixin.py:190} INFO - [2024-11-20T07:33:10.227+0000] {dag.py:4180} INFO - Setting next_dagrun for dataset_alias_example_alias_producer_with_no_taskflow to None, run_after=None
[2024-11-20T07:33:10.230+0000] {logging_mixin.py:190} INFO - [2024-11-20T07:33:10.230+0000] {dag.py:4180} INFO - Setting next_dagrun for dataset_s3_bucket_consumer_with_no_taskflow to None, run_after=None
[2024-11-20T07:33:10.233+0000] {logging_mixin.py:190} INFO - [2024-11-20T07:33:10.232+0000] {dag.py:4180} INFO - Setting next_dagrun for dataset_s3_bucket_producer_with_no_taskflow to None, run_after=None
[2024-11-20T07:33:10.262+0000] {processor.py:208} INFO - Processing /home/airflow/.local/lib/python3.12/site-packages/airflow/example_dags/example_dataset_alias_with_no_taskflow.py took 0.978 seconds
