[2024-11-20T07:26:15.100+0000] {processor.py:186} INFO - Started process (PID=157) to work on /home/airflow/.local/lib/python3.12/site-packages/airflow/example_dags/example_external_task_marker_dag.py
[2024-11-20T07:26:15.101+0000] {processor.py:914} INFO - Processing file /home/airflow/.local/lib/python3.12/site-packages/airflow/example_dags/example_external_task_marker_dag.py for tasks to queue
[2024-11-20T07:26:15.104+0000] {logging_mixin.py:190} INFO - [2024-11-20T07:26:15.104+0000] {dagbag.py:588} INFO - Filling up the DagBag from /home/airflow/.local/lib/python3.12/site-packages/airflow/example_dags/example_external_task_marker_dag.py
[2024-11-20T07:26:15.115+0000] {processor.py:925} INFO - DAG(s) 'example_external_task_marker_parent', 'example_external_task_marker_child' retrieved from /home/airflow/.local/lib/python3.12/site-packages/airflow/example_dags/example_external_task_marker_dag.py
[2024-11-20T07:26:15.268+0000] {logging_mixin.py:190} INFO - [2024-11-20T07:26:15.267+0000] {override.py:1911} INFO - Created Permission View: can delete on DAG:example_external_task_marker_parent
[2024-11-20T07:26:15.281+0000] {logging_mixin.py:190} INFO - [2024-11-20T07:26:15.280+0000] {override.py:1911} INFO - Created Permission View: can read on DAG:example_external_task_marker_parent
[2024-11-20T07:26:15.290+0000] {logging_mixin.py:190} INFO - [2024-11-20T07:26:15.289+0000] {override.py:1911} INFO - Created Permission View: can edit on DAG:example_external_task_marker_parent
[2024-11-20T07:26:15.300+0000] {logging_mixin.py:190} INFO - [2024-11-20T07:26:15.299+0000] {override.py:1911} INFO - Created Permission View: can delete on DAG Run:example_external_task_marker_parent
[2024-11-20T07:26:15.309+0000] {logging_mixin.py:190} INFO - [2024-11-20T07:26:15.309+0000] {override.py:1911} INFO - Created Permission View: can read on DAG Run:example_external_task_marker_parent
[2024-11-20T07:26:15.318+0000] {logging_mixin.py:190} INFO - [2024-11-20T07:26:15.318+0000] {override.py:1911} INFO - Created Permission View: menu access on DAG Run:example_external_task_marker_parent
[2024-11-20T07:26:15.327+0000] {logging_mixin.py:190} INFO - [2024-11-20T07:26:15.327+0000] {override.py:1911} INFO - Created Permission View: can create on DAG Run:example_external_task_marker_parent
[2024-11-20T07:26:15.351+0000] {logging_mixin.py:190} INFO - [2024-11-20T07:26:15.351+0000] {override.py:1911} INFO - Created Permission View: can delete on DAG:example_external_task_marker_child
[2024-11-20T07:26:15.363+0000] {logging_mixin.py:190} INFO - [2024-11-20T07:26:15.362+0000] {override.py:1911} INFO - Created Permission View: can read on DAG:example_external_task_marker_child
[2024-11-20T07:26:15.375+0000] {logging_mixin.py:190} INFO - [2024-11-20T07:26:15.375+0000] {override.py:1911} INFO - Created Permission View: can edit on DAG:example_external_task_marker_child
[2024-11-20T07:26:15.389+0000] {logging_mixin.py:190} INFO - [2024-11-20T07:26:15.388+0000] {override.py:1911} INFO - Created Permission View: can delete on DAG Run:example_external_task_marker_child
[2024-11-20T07:26:15.401+0000] {logging_mixin.py:190} INFO - [2024-11-20T07:26:15.400+0000] {override.py:1911} INFO - Created Permission View: can read on DAG Run:example_external_task_marker_child
[2024-11-20T07:26:15.411+0000] {logging_mixin.py:190} INFO - [2024-11-20T07:26:15.411+0000] {override.py:1911} INFO - Created Permission View: menu access on DAG Run:example_external_task_marker_child
[2024-11-20T07:26:15.421+0000] {logging_mixin.py:190} INFO - [2024-11-20T07:26:15.420+0000] {override.py:1911} INFO - Created Permission View: can create on DAG Run:example_external_task_marker_child
[2024-11-20T07:26:15.422+0000] {logging_mixin.py:190} INFO - [2024-11-20T07:26:15.421+0000] {dag.py:3239} INFO - Sync 2 DAGs
[2024-11-20T07:26:15.440+0000] {logging_mixin.py:190} INFO - [2024-11-20T07:26:15.440+0000] {dag.py:3262} INFO - Creating ORM DAG for example_external_task_marker_parent
[2024-11-20T07:26:15.441+0000] {logging_mixin.py:190} INFO - [2024-11-20T07:26:15.441+0000] {dag.py:3262} INFO - Creating ORM DAG for example_external_task_marker_child
[2024-11-20T07:26:15.443+0000] {logging_mixin.py:190} INFO - [2024-11-20T07:26:15.442+0000] {dag.py:4180} INFO - Setting next_dagrun for example_external_task_marker_child to None, run_after=None
[2024-11-20T07:26:15.444+0000] {logging_mixin.py:190} INFO - [2024-11-20T07:26:15.443+0000] {dag.py:4180} INFO - Setting next_dagrun for example_external_task_marker_parent to None, run_after=None
[2024-11-20T07:26:15.470+0000] {processor.py:208} INFO - Processing /home/airflow/.local/lib/python3.12/site-packages/airflow/example_dags/example_external_task_marker_dag.py took 0.377 seconds
[2024-11-20T07:26:45.993+0000] {processor.py:186} INFO - Started process (PID=222) to work on /home/airflow/.local/lib/python3.12/site-packages/airflow/example_dags/example_external_task_marker_dag.py
[2024-11-20T07:26:45.994+0000] {processor.py:914} INFO - Processing file /home/airflow/.local/lib/python3.12/site-packages/airflow/example_dags/example_external_task_marker_dag.py for tasks to queue
[2024-11-20T07:26:45.997+0000] {logging_mixin.py:190} INFO - [2024-11-20T07:26:45.997+0000] {dagbag.py:588} INFO - Filling up the DagBag from /home/airflow/.local/lib/python3.12/site-packages/airflow/example_dags/example_external_task_marker_dag.py
[2024-11-20T07:26:46.007+0000] {processor.py:925} INFO - DAG(s) 'example_external_task_marker_child', 'example_external_task_marker_parent' retrieved from /home/airflow/.local/lib/python3.12/site-packages/airflow/example_dags/example_external_task_marker_dag.py
[2024-11-20T07:26:46.042+0000] {logging_mixin.py:190} INFO - [2024-11-20T07:26:46.042+0000] {dag.py:3239} INFO - Sync 2 DAGs
[2024-11-20T07:26:46.066+0000] {logging_mixin.py:190} INFO - [2024-11-20T07:26:46.066+0000] {dag.py:4180} INFO - Setting next_dagrun for example_external_task_marker_child to None, run_after=None
[2024-11-20T07:26:46.072+0000] {logging_mixin.py:190} INFO - [2024-11-20T07:26:46.071+0000] {dag.py:4180} INFO - Setting next_dagrun for example_external_task_marker_parent to None, run_after=None
[2024-11-20T07:26:46.092+0000] {processor.py:208} INFO - Processing /home/airflow/.local/lib/python3.12/site-packages/airflow/example_dags/example_external_task_marker_dag.py took 0.108 seconds
[2024-11-20T07:28:29.693+0000] {processor.py:186} INFO - Started process (PID=157) to work on /home/airflow/.local/lib/python3.12/site-packages/airflow/example_dags/example_external_task_marker_dag.py
[2024-11-20T07:28:29.695+0000] {processor.py:914} INFO - Processing file /home/airflow/.local/lib/python3.12/site-packages/airflow/example_dags/example_external_task_marker_dag.py for tasks to queue
[2024-11-20T07:28:29.698+0000] {logging_mixin.py:190} INFO - [2024-11-20T07:28:29.698+0000] {dagbag.py:588} INFO - Filling up the DagBag from /home/airflow/.local/lib/python3.12/site-packages/airflow/example_dags/example_external_task_marker_dag.py
[2024-11-20T07:28:29.710+0000] {processor.py:925} INFO - DAG(s) 'example_external_task_marker_child', 'example_external_task_marker_parent' retrieved from /home/airflow/.local/lib/python3.12/site-packages/airflow/example_dags/example_external_task_marker_dag.py
[2024-11-20T07:28:29.746+0000] {logging_mixin.py:190} INFO - [2024-11-20T07:28:29.745+0000] {dag.py:3239} INFO - Sync 2 DAGs
[2024-11-20T07:28:29.768+0000] {logging_mixin.py:190} INFO - [2024-11-20T07:28:29.768+0000] {dag.py:4180} INFO - Setting next_dagrun for example_external_task_marker_child to None, run_after=None
[2024-11-20T07:28:29.774+0000] {logging_mixin.py:190} INFO - [2024-11-20T07:28:29.774+0000] {dag.py:4180} INFO - Setting next_dagrun for example_external_task_marker_parent to None, run_after=None
[2024-11-20T07:28:29.800+0000] {processor.py:208} INFO - Processing /home/airflow/.local/lib/python3.12/site-packages/airflow/example_dags/example_external_task_marker_dag.py took 0.112 seconds
[2024-11-20T07:29:01.325+0000] {processor.py:186} INFO - Started process (PID=222) to work on /home/airflow/.local/lib/python3.12/site-packages/airflow/example_dags/example_external_task_marker_dag.py
[2024-11-20T07:29:01.327+0000] {processor.py:914} INFO - Processing file /home/airflow/.local/lib/python3.12/site-packages/airflow/example_dags/example_external_task_marker_dag.py for tasks to queue
[2024-11-20T07:29:01.330+0000] {logging_mixin.py:190} INFO - [2024-11-20T07:29:01.330+0000] {dagbag.py:588} INFO - Filling up the DagBag from /home/airflow/.local/lib/python3.12/site-packages/airflow/example_dags/example_external_task_marker_dag.py
[2024-11-20T07:29:01.342+0000] {processor.py:925} INFO - DAG(s) 'example_external_task_marker_child', 'example_external_task_marker_parent' retrieved from /home/airflow/.local/lib/python3.12/site-packages/airflow/example_dags/example_external_task_marker_dag.py
[2024-11-20T07:29:01.375+0000] {logging_mixin.py:190} INFO - [2024-11-20T07:29:01.374+0000] {dag.py:3239} INFO - Sync 2 DAGs
[2024-11-20T07:29:01.395+0000] {logging_mixin.py:190} INFO - [2024-11-20T07:29:01.395+0000] {dag.py:4180} INFO - Setting next_dagrun for example_external_task_marker_child to None, run_after=None
[2024-11-20T07:29:01.403+0000] {logging_mixin.py:190} INFO - [2024-11-20T07:29:01.403+0000] {dag.py:4180} INFO - Setting next_dagrun for example_external_task_marker_parent to None, run_after=None
[2024-11-20T07:29:01.426+0000] {processor.py:208} INFO - Processing /home/airflow/.local/lib/python3.12/site-packages/airflow/example_dags/example_external_task_marker_dag.py took 0.109 seconds
[2024-11-20T07:29:32.256+0000] {processor.py:186} INFO - Started process (PID=287) to work on /home/airflow/.local/lib/python3.12/site-packages/airflow/example_dags/example_external_task_marker_dag.py
[2024-11-20T07:29:32.257+0000] {processor.py:914} INFO - Processing file /home/airflow/.local/lib/python3.12/site-packages/airflow/example_dags/example_external_task_marker_dag.py for tasks to queue
[2024-11-20T07:29:32.259+0000] {logging_mixin.py:190} INFO - [2024-11-20T07:29:32.258+0000] {dagbag.py:588} INFO - Filling up the DagBag from /home/airflow/.local/lib/python3.12/site-packages/airflow/example_dags/example_external_task_marker_dag.py
[2024-11-20T07:29:32.267+0000] {processor.py:925} INFO - DAG(s) 'example_external_task_marker_parent', 'example_external_task_marker_child' retrieved from /home/airflow/.local/lib/python3.12/site-packages/airflow/example_dags/example_external_task_marker_dag.py
[2024-11-20T07:29:32.297+0000] {logging_mixin.py:190} INFO - [2024-11-20T07:29:32.297+0000] {dag.py:3239} INFO - Sync 2 DAGs
[2024-11-20T07:29:32.318+0000] {logging_mixin.py:190} INFO - [2024-11-20T07:29:32.317+0000] {dag.py:4180} INFO - Setting next_dagrun for example_external_task_marker_child to None, run_after=None
[2024-11-20T07:29:32.324+0000] {logging_mixin.py:190} INFO - [2024-11-20T07:29:32.324+0000] {dag.py:4180} INFO - Setting next_dagrun for example_external_task_marker_parent to None, run_after=None
[2024-11-20T07:29:32.346+0000] {processor.py:208} INFO - Processing /home/airflow/.local/lib/python3.12/site-packages/airflow/example_dags/example_external_task_marker_dag.py took 0.096 seconds
[2024-11-20T07:30:03.184+0000] {processor.py:186} INFO - Started process (PID=352) to work on /home/airflow/.local/lib/python3.12/site-packages/airflow/example_dags/example_external_task_marker_dag.py
[2024-11-20T07:30:03.185+0000] {processor.py:914} INFO - Processing file /home/airflow/.local/lib/python3.12/site-packages/airflow/example_dags/example_external_task_marker_dag.py for tasks to queue
[2024-11-20T07:30:03.188+0000] {logging_mixin.py:190} INFO - [2024-11-20T07:30:03.187+0000] {dagbag.py:588} INFO - Filling up the DagBag from /home/airflow/.local/lib/python3.12/site-packages/airflow/example_dags/example_external_task_marker_dag.py
[2024-11-20T07:30:03.196+0000] {processor.py:925} INFO - DAG(s) 'example_external_task_marker_parent', 'example_external_task_marker_child' retrieved from /home/airflow/.local/lib/python3.12/site-packages/airflow/example_dags/example_external_task_marker_dag.py
[2024-11-20T07:30:03.226+0000] {logging_mixin.py:190} INFO - [2024-11-20T07:30:03.226+0000] {dag.py:3239} INFO - Sync 2 DAGs
[2024-11-20T07:30:03.244+0000] {logging_mixin.py:190} INFO - [2024-11-20T07:30:03.244+0000] {dag.py:4180} INFO - Setting next_dagrun for example_external_task_marker_child to None, run_after=None
[2024-11-20T07:30:03.250+0000] {logging_mixin.py:190} INFO - [2024-11-20T07:30:03.250+0000] {dag.py:4180} INFO - Setting next_dagrun for example_external_task_marker_parent to None, run_after=None
[2024-11-20T07:30:03.269+0000] {processor.py:208} INFO - Processing /home/airflow/.local/lib/python3.12/site-packages/airflow/example_dags/example_external_task_marker_dag.py took 0.091 seconds
[2024-11-20T07:30:35.681+0000] {processor.py:186} INFO - Started process (PID=417) to work on /home/airflow/.local/lib/python3.12/site-packages/airflow/example_dags/example_external_task_marker_dag.py
[2024-11-20T07:30:35.683+0000] {processor.py:914} INFO - Processing file /home/airflow/.local/lib/python3.12/site-packages/airflow/example_dags/example_external_task_marker_dag.py for tasks to queue
[2024-11-20T07:30:35.686+0000] {logging_mixin.py:190} INFO - [2024-11-20T07:30:35.685+0000] {dagbag.py:588} INFO - Filling up the DagBag from /home/airflow/.local/lib/python3.12/site-packages/airflow/example_dags/example_external_task_marker_dag.py
[2024-11-20T07:30:35.696+0000] {processor.py:925} INFO - DAG(s) 'example_external_task_marker_child', 'example_external_task_marker_parent' retrieved from /home/airflow/.local/lib/python3.12/site-packages/airflow/example_dags/example_external_task_marker_dag.py
[2024-11-20T07:30:35.732+0000] {logging_mixin.py:190} INFO - [2024-11-20T07:30:35.731+0000] {dag.py:3239} INFO - Sync 2 DAGs
[2024-11-20T07:30:35.755+0000] {logging_mixin.py:190} INFO - [2024-11-20T07:30:35.755+0000] {dag.py:4180} INFO - Setting next_dagrun for example_external_task_marker_child to None, run_after=None
[2024-11-20T07:30:35.761+0000] {logging_mixin.py:190} INFO - [2024-11-20T07:30:35.761+0000] {dag.py:4180} INFO - Setting next_dagrun for example_external_task_marker_parent to None, run_after=None
[2024-11-20T07:30:35.783+0000] {processor.py:208} INFO - Processing /home/airflow/.local/lib/python3.12/site-packages/airflow/example_dags/example_external_task_marker_dag.py took 0.109 seconds
[2024-11-20T07:31:06.528+0000] {processor.py:186} INFO - Started process (PID=482) to work on /home/airflow/.local/lib/python3.12/site-packages/airflow/example_dags/example_external_task_marker_dag.py
[2024-11-20T07:31:06.529+0000] {processor.py:914} INFO - Processing file /home/airflow/.local/lib/python3.12/site-packages/airflow/example_dags/example_external_task_marker_dag.py for tasks to queue
[2024-11-20T07:31:06.532+0000] {logging_mixin.py:190} INFO - [2024-11-20T07:31:06.532+0000] {dagbag.py:588} INFO - Filling up the DagBag from /home/airflow/.local/lib/python3.12/site-packages/airflow/example_dags/example_external_task_marker_dag.py
[2024-11-20T07:31:06.544+0000] {processor.py:925} INFO - DAG(s) 'example_external_task_marker_child', 'example_external_task_marker_parent' retrieved from /home/airflow/.local/lib/python3.12/site-packages/airflow/example_dags/example_external_task_marker_dag.py
[2024-11-20T07:31:06.576+0000] {logging_mixin.py:190} INFO - [2024-11-20T07:31:06.576+0000] {dag.py:3239} INFO - Sync 2 DAGs
[2024-11-20T07:31:06.597+0000] {logging_mixin.py:190} INFO - [2024-11-20T07:31:06.597+0000] {dag.py:4180} INFO - Setting next_dagrun for example_external_task_marker_child to None, run_after=None
[2024-11-20T07:31:06.603+0000] {logging_mixin.py:190} INFO - [2024-11-20T07:31:06.602+0000] {dag.py:4180} INFO - Setting next_dagrun for example_external_task_marker_parent to None, run_after=None
[2024-11-20T07:31:06.624+0000] {processor.py:208} INFO - Processing /home/airflow/.local/lib/python3.12/site-packages/airflow/example_dags/example_external_task_marker_dag.py took 0.104 seconds
[2024-11-20T07:31:38.258+0000] {processor.py:186} INFO - Started process (PID=547) to work on /home/airflow/.local/lib/python3.12/site-packages/airflow/example_dags/example_external_task_marker_dag.py
[2024-11-20T07:31:38.259+0000] {processor.py:914} INFO - Processing file /home/airflow/.local/lib/python3.12/site-packages/airflow/example_dags/example_external_task_marker_dag.py for tasks to queue
[2024-11-20T07:31:38.261+0000] {logging_mixin.py:190} INFO - [2024-11-20T07:31:38.261+0000] {dagbag.py:588} INFO - Filling up the DagBag from /home/airflow/.local/lib/python3.12/site-packages/airflow/example_dags/example_external_task_marker_dag.py
[2024-11-20T07:31:38.269+0000] {processor.py:925} INFO - DAG(s) 'example_external_task_marker_parent', 'example_external_task_marker_child' retrieved from /home/airflow/.local/lib/python3.12/site-packages/airflow/example_dags/example_external_task_marker_dag.py
[2024-11-20T07:31:38.296+0000] {logging_mixin.py:190} INFO - [2024-11-20T07:31:38.296+0000] {dag.py:3239} INFO - Sync 2 DAGs
[2024-11-20T07:31:38.316+0000] {logging_mixin.py:190} INFO - [2024-11-20T07:31:38.316+0000] {dag.py:4180} INFO - Setting next_dagrun for example_external_task_marker_child to None, run_after=None
[2024-11-20T07:31:38.323+0000] {logging_mixin.py:190} INFO - [2024-11-20T07:31:38.323+0000] {dag.py:4180} INFO - Setting next_dagrun for example_external_task_marker_parent to None, run_after=None
[2024-11-20T07:31:38.344+0000] {processor.py:208} INFO - Processing /home/airflow/.local/lib/python3.12/site-packages/airflow/example_dags/example_external_task_marker_dag.py took 0.091 seconds
[2024-11-20T07:32:10.531+0000] {processor.py:186} INFO - Started process (PID=612) to work on /home/airflow/.local/lib/python3.12/site-packages/airflow/example_dags/example_external_task_marker_dag.py
[2024-11-20T07:32:10.533+0000] {processor.py:914} INFO - Processing file /home/airflow/.local/lib/python3.12/site-packages/airflow/example_dags/example_external_task_marker_dag.py for tasks to queue
[2024-11-20T07:32:10.537+0000] {logging_mixin.py:190} INFO - [2024-11-20T07:32:10.537+0000] {dagbag.py:588} INFO - Filling up the DagBag from /home/airflow/.local/lib/python3.12/site-packages/airflow/example_dags/example_external_task_marker_dag.py
[2024-11-20T07:32:10.549+0000] {processor.py:925} INFO - DAG(s) 'example_external_task_marker_child', 'example_external_task_marker_parent' retrieved from /home/airflow/.local/lib/python3.12/site-packages/airflow/example_dags/example_external_task_marker_dag.py
[2024-11-20T07:32:10.584+0000] {logging_mixin.py:190} INFO - [2024-11-20T07:32:10.583+0000] {dag.py:3239} INFO - Sync 2 DAGs
[2024-11-20T07:32:10.611+0000] {logging_mixin.py:190} INFO - [2024-11-20T07:32:10.611+0000] {dag.py:4180} INFO - Setting next_dagrun for example_external_task_marker_child to None, run_after=None
[2024-11-20T07:32:10.619+0000] {logging_mixin.py:190} INFO - [2024-11-20T07:32:10.619+0000] {dag.py:4180} INFO - Setting next_dagrun for example_external_task_marker_parent to None, run_after=None
[2024-11-20T07:32:10.650+0000] {processor.py:208} INFO - Processing /home/airflow/.local/lib/python3.12/site-packages/airflow/example_dags/example_external_task_marker_dag.py took 0.127 seconds
[2024-11-20T07:32:42.010+0000] {processor.py:186} INFO - Started process (PID=678) to work on /home/airflow/.local/lib/python3.12/site-packages/airflow/example_dags/example_external_task_marker_dag.py
[2024-11-20T07:32:42.011+0000] {processor.py:914} INFO - Processing file /home/airflow/.local/lib/python3.12/site-packages/airflow/example_dags/example_external_task_marker_dag.py for tasks to queue
[2024-11-20T07:32:42.014+0000] {logging_mixin.py:190} INFO - [2024-11-20T07:32:42.013+0000] {dagbag.py:588} INFO - Filling up the DagBag from /home/airflow/.local/lib/python3.12/site-packages/airflow/example_dags/example_external_task_marker_dag.py
[2024-11-20T07:32:42.023+0000] {processor.py:925} INFO - DAG(s) 'example_external_task_marker_child', 'example_external_task_marker_parent' retrieved from /home/airflow/.local/lib/python3.12/site-packages/airflow/example_dags/example_external_task_marker_dag.py
[2024-11-20T07:32:42.050+0000] {logging_mixin.py:190} INFO - [2024-11-20T07:32:42.049+0000] {dag.py:3239} INFO - Sync 2 DAGs
[2024-11-20T07:32:42.071+0000] {logging_mixin.py:190} INFO - [2024-11-20T07:32:42.071+0000] {dag.py:4180} INFO - Setting next_dagrun for example_external_task_marker_child to None, run_after=None
[2024-11-20T07:32:42.077+0000] {logging_mixin.py:190} INFO - [2024-11-20T07:32:42.076+0000] {dag.py:4180} INFO - Setting next_dagrun for example_external_task_marker_parent to None, run_after=None
[2024-11-20T07:32:42.103+0000] {processor.py:208} INFO - Processing /home/airflow/.local/lib/python3.12/site-packages/airflow/example_dags/example_external_task_marker_dag.py took 0.100 seconds
[2024-11-20T07:33:13.755+0000] {processor.py:186} INFO - Started process (PID=743) to work on /home/airflow/.local/lib/python3.12/site-packages/airflow/example_dags/example_external_task_marker_dag.py
[2024-11-20T07:33:13.756+0000] {processor.py:914} INFO - Processing file /home/airflow/.local/lib/python3.12/site-packages/airflow/example_dags/example_external_task_marker_dag.py for tasks to queue
[2024-11-20T07:33:13.759+0000] {logging_mixin.py:190} INFO - [2024-11-20T07:33:13.759+0000] {dagbag.py:588} INFO - Filling up the DagBag from /home/airflow/.local/lib/python3.12/site-packages/airflow/example_dags/example_external_task_marker_dag.py
[2024-11-20T07:33:13.769+0000] {processor.py:925} INFO - DAG(s) 'example_external_task_marker_parent', 'example_external_task_marker_child' retrieved from /home/airflow/.local/lib/python3.12/site-packages/airflow/example_dags/example_external_task_marker_dag.py
[2024-11-20T07:33:13.805+0000] {logging_mixin.py:190} INFO - [2024-11-20T07:33:13.805+0000] {dag.py:3239} INFO - Sync 2 DAGs
[2024-11-20T07:33:13.825+0000] {logging_mixin.py:190} INFO - [2024-11-20T07:33:13.825+0000] {dag.py:4180} INFO - Setting next_dagrun for example_external_task_marker_child to None, run_after=None
[2024-11-20T07:33:13.832+0000] {logging_mixin.py:190} INFO - [2024-11-20T07:33:13.832+0000] {dag.py:4180} INFO - Setting next_dagrun for example_external_task_marker_parent to None, run_after=None
[2024-11-20T07:33:13.858+0000] {processor.py:208} INFO - Processing /home/airflow/.local/lib/python3.12/site-packages/airflow/example_dags/example_external_task_marker_dag.py took 0.110 seconds
