[2024-11-20T07:26:14.782+0000] {processor.py:186} INFO - Started process (PID=155) to work on /home/airflow/.local/lib/python3.12/site-packages/airflow/example_dags/example_setup_teardown.py
[2024-11-20T07:26:14.783+0000] {processor.py:914} INFO - Processing file /home/airflow/.local/lib/python3.12/site-packages/airflow/example_dags/example_setup_teardown.py for tasks to queue
[2024-11-20T07:26:14.786+0000] {logging_mixin.py:190} INFO - [2024-11-20T07:26:14.786+0000] {dagbag.py:588} INFO - Filling up the DagBag from /home/airflow/.local/lib/python3.12/site-packages/airflow/example_dags/example_setup_teardown.py
[2024-11-20T07:26:14.799+0000] {processor.py:925} INFO - DAG(s) 'example_setup_teardown' retrieved from /home/airflow/.local/lib/python3.12/site-packages/airflow/example_dags/example_setup_teardown.py
[2024-11-20T07:26:14.934+0000] {logging_mixin.py:190} INFO - [2024-11-20T07:26:14.933+0000] {override.py:1911} INFO - Created Permission View: can delete on DAG:example_setup_teardown
[2024-11-20T07:26:14.949+0000] {logging_mixin.py:190} INFO - [2024-11-20T07:26:14.949+0000] {override.py:1911} INFO - Created Permission View: can read on DAG:example_setup_teardown
[2024-11-20T07:26:14.959+0000] {logging_mixin.py:190} INFO - [2024-11-20T07:26:14.959+0000] {override.py:1911} INFO - Created Permission View: can edit on DAG:example_setup_teardown
[2024-11-20T07:26:14.969+0000] {logging_mixin.py:190} INFO - [2024-11-20T07:26:14.968+0000] {override.py:1911} INFO - Created Permission View: can delete on DAG Run:example_setup_teardown
[2024-11-20T07:26:14.978+0000] {logging_mixin.py:190} INFO - [2024-11-20T07:26:14.978+0000] {override.py:1911} INFO - Created Permission View: can read on DAG Run:example_setup_teardown
[2024-11-20T07:26:14.989+0000] {logging_mixin.py:190} INFO - [2024-11-20T07:26:14.989+0000] {override.py:1911} INFO - Created Permission View: menu access on DAG Run:example_setup_teardown
[2024-11-20T07:26:15.000+0000] {logging_mixin.py:190} INFO - [2024-11-20T07:26:14.999+0000] {override.py:1911} INFO - Created Permission View: can create on DAG Run:example_setup_teardown
[2024-11-20T07:26:15.001+0000] {logging_mixin.py:190} INFO - [2024-11-20T07:26:15.000+0000] {dag.py:3239} INFO - Sync 1 DAGs
[2024-11-20T07:26:15.021+0000] {logging_mixin.py:190} INFO - [2024-11-20T07:26:15.020+0000] {dag.py:3262} INFO - Creating ORM DAG for example_setup_teardown
[2024-11-20T07:26:15.022+0000] {logging_mixin.py:190} INFO - [2024-11-20T07:26:15.022+0000] {dag.py:4180} INFO - Setting next_dagrun for example_setup_teardown to None, run_after=None
[2024-11-20T07:26:15.046+0000] {processor.py:208} INFO - Processing /home/airflow/.local/lib/python3.12/site-packages/airflow/example_dags/example_setup_teardown.py took 0.271 seconds
[2024-11-20T07:26:45.746+0000] {processor.py:186} INFO - Started process (PID=220) to work on /home/airflow/.local/lib/python3.12/site-packages/airflow/example_dags/example_setup_teardown.py
[2024-11-20T07:26:45.748+0000] {processor.py:914} INFO - Processing file /home/airflow/.local/lib/python3.12/site-packages/airflow/example_dags/example_setup_teardown.py for tasks to queue
[2024-11-20T07:26:45.750+0000] {logging_mixin.py:190} INFO - [2024-11-20T07:26:45.750+0000] {dagbag.py:588} INFO - Filling up the DagBag from /home/airflow/.local/lib/python3.12/site-packages/airflow/example_dags/example_setup_teardown.py
[2024-11-20T07:26:45.759+0000] {processor.py:925} INFO - DAG(s) 'example_setup_teardown' retrieved from /home/airflow/.local/lib/python3.12/site-packages/airflow/example_dags/example_setup_teardown.py
[2024-11-20T07:26:45.784+0000] {logging_mixin.py:190} INFO - [2024-11-20T07:26:45.784+0000] {dag.py:3239} INFO - Sync 1 DAGs
[2024-11-20T07:26:45.801+0000] {logging_mixin.py:190} INFO - [2024-11-20T07:26:45.801+0000] {dag.py:4180} INFO - Setting next_dagrun for example_setup_teardown to None, run_after=None
[2024-11-20T07:26:45.920+0000] {processor.py:208} INFO - Processing /home/airflow/.local/lib/python3.12/site-packages/airflow/example_dags/example_setup_teardown.py took 0.181 seconds
[2024-11-20T07:28:29.533+0000] {processor.py:186} INFO - Started process (PID=155) to work on /home/airflow/.local/lib/python3.12/site-packages/airflow/example_dags/example_setup_teardown.py
[2024-11-20T07:28:29.534+0000] {processor.py:914} INFO - Processing file /home/airflow/.local/lib/python3.12/site-packages/airflow/example_dags/example_setup_teardown.py for tasks to queue
[2024-11-20T07:28:29.537+0000] {logging_mixin.py:190} INFO - [2024-11-20T07:28:29.537+0000] {dagbag.py:588} INFO - Filling up the DagBag from /home/airflow/.local/lib/python3.12/site-packages/airflow/example_dags/example_setup_teardown.py
[2024-11-20T07:28:29.548+0000] {processor.py:925} INFO - DAG(s) 'example_setup_teardown' retrieved from /home/airflow/.local/lib/python3.12/site-packages/airflow/example_dags/example_setup_teardown.py
[2024-11-20T07:28:29.578+0000] {logging_mixin.py:190} INFO - [2024-11-20T07:28:29.578+0000] {dag.py:3239} INFO - Sync 1 DAGs
[2024-11-20T07:28:29.597+0000] {logging_mixin.py:190} INFO - [2024-11-20T07:28:29.597+0000] {dag.py:4180} INFO - Setting next_dagrun for example_setup_teardown to None, run_after=None
[2024-11-20T07:28:29.619+0000] {processor.py:208} INFO - Processing /home/airflow/.local/lib/python3.12/site-packages/airflow/example_dags/example_setup_teardown.py took 0.092 seconds
[2024-11-20T07:29:01.021+0000] {processor.py:186} INFO - Started process (PID=220) to work on /home/airflow/.local/lib/python3.12/site-packages/airflow/example_dags/example_setup_teardown.py
[2024-11-20T07:29:01.022+0000] {processor.py:914} INFO - Processing file /home/airflow/.local/lib/python3.12/site-packages/airflow/example_dags/example_setup_teardown.py for tasks to queue
[2024-11-20T07:29:01.025+0000] {logging_mixin.py:190} INFO - [2024-11-20T07:29:01.025+0000] {dagbag.py:588} INFO - Filling up the DagBag from /home/airflow/.local/lib/python3.12/site-packages/airflow/example_dags/example_setup_teardown.py
[2024-11-20T07:29:01.033+0000] {processor.py:925} INFO - DAG(s) 'example_setup_teardown' retrieved from /home/airflow/.local/lib/python3.12/site-packages/airflow/example_dags/example_setup_teardown.py
[2024-11-20T07:29:01.063+0000] {logging_mixin.py:190} INFO - [2024-11-20T07:29:01.062+0000] {dag.py:3239} INFO - Sync 1 DAGs
[2024-11-20T07:29:01.081+0000] {logging_mixin.py:190} INFO - [2024-11-20T07:29:01.080+0000] {dag.py:4180} INFO - Setting next_dagrun for example_setup_teardown to None, run_after=None
[2024-11-20T07:29:01.107+0000] {processor.py:208} INFO - Processing /home/airflow/.local/lib/python3.12/site-packages/airflow/example_dags/example_setup_teardown.py took 0.092 seconds
[2024-11-20T07:29:32.127+0000] {processor.py:186} INFO - Started process (PID=285) to work on /home/airflow/.local/lib/python3.12/site-packages/airflow/example_dags/example_setup_teardown.py
[2024-11-20T07:29:32.128+0000] {processor.py:914} INFO - Processing file /home/airflow/.local/lib/python3.12/site-packages/airflow/example_dags/example_setup_teardown.py for tasks to queue
[2024-11-20T07:29:32.131+0000] {logging_mixin.py:190} INFO - [2024-11-20T07:29:32.130+0000] {dagbag.py:588} INFO - Filling up the DagBag from /home/airflow/.local/lib/python3.12/site-packages/airflow/example_dags/example_setup_teardown.py
[2024-11-20T07:29:32.140+0000] {processor.py:925} INFO - DAG(s) 'example_setup_teardown' retrieved from /home/airflow/.local/lib/python3.12/site-packages/airflow/example_dags/example_setup_teardown.py
[2024-11-20T07:29:32.164+0000] {logging_mixin.py:190} INFO - [2024-11-20T07:29:32.164+0000] {dag.py:3239} INFO - Sync 1 DAGs
[2024-11-20T07:29:32.184+0000] {logging_mixin.py:190} INFO - [2024-11-20T07:29:32.183+0000] {dag.py:4180} INFO - Setting next_dagrun for example_setup_teardown to None, run_after=None
[2024-11-20T07:29:32.211+0000] {processor.py:208} INFO - Processing /home/airflow/.local/lib/python3.12/site-packages/airflow/example_dags/example_setup_teardown.py took 0.091 seconds
[2024-11-20T07:30:03.053+0000] {processor.py:186} INFO - Started process (PID=350) to work on /home/airflow/.local/lib/python3.12/site-packages/airflow/example_dags/example_setup_teardown.py
[2024-11-20T07:30:03.054+0000] {processor.py:914} INFO - Processing file /home/airflow/.local/lib/python3.12/site-packages/airflow/example_dags/example_setup_teardown.py for tasks to queue
[2024-11-20T07:30:03.057+0000] {logging_mixin.py:190} INFO - [2024-11-20T07:30:03.056+0000] {dagbag.py:588} INFO - Filling up the DagBag from /home/airflow/.local/lib/python3.12/site-packages/airflow/example_dags/example_setup_teardown.py
[2024-11-20T07:30:03.066+0000] {processor.py:925} INFO - DAG(s) 'example_setup_teardown' retrieved from /home/airflow/.local/lib/python3.12/site-packages/airflow/example_dags/example_setup_teardown.py
[2024-11-20T07:30:03.096+0000] {logging_mixin.py:190} INFO - [2024-11-20T07:30:03.095+0000] {dag.py:3239} INFO - Sync 1 DAGs
[2024-11-20T07:30:03.113+0000] {logging_mixin.py:190} INFO - [2024-11-20T07:30:03.113+0000] {dag.py:4180} INFO - Setting next_dagrun for example_setup_teardown to None, run_after=None
[2024-11-20T07:30:03.136+0000] {processor.py:208} INFO - Processing /home/airflow/.local/lib/python3.12/site-packages/airflow/example_dags/example_setup_teardown.py took 0.089 seconds
[2024-11-20T07:30:35.539+0000] {processor.py:186} INFO - Started process (PID=415) to work on /home/airflow/.local/lib/python3.12/site-packages/airflow/example_dags/example_setup_teardown.py
[2024-11-20T07:30:35.541+0000] {processor.py:914} INFO - Processing file /home/airflow/.local/lib/python3.12/site-packages/airflow/example_dags/example_setup_teardown.py for tasks to queue
[2024-11-20T07:30:35.544+0000] {logging_mixin.py:190} INFO - [2024-11-20T07:30:35.544+0000] {dagbag.py:588} INFO - Filling up the DagBag from /home/airflow/.local/lib/python3.12/site-packages/airflow/example_dags/example_setup_teardown.py
[2024-11-20T07:30:35.556+0000] {processor.py:925} INFO - DAG(s) 'example_setup_teardown' retrieved from /home/airflow/.local/lib/python3.12/site-packages/airflow/example_dags/example_setup_teardown.py
[2024-11-20T07:30:35.586+0000] {logging_mixin.py:190} INFO - [2024-11-20T07:30:35.586+0000] {dag.py:3239} INFO - Sync 1 DAGs
[2024-11-20T07:30:35.605+0000] {logging_mixin.py:190} INFO - [2024-11-20T07:30:35.605+0000] {dag.py:4180} INFO - Setting next_dagrun for example_setup_teardown to None, run_after=None
[2024-11-20T07:30:35.631+0000] {processor.py:208} INFO - Processing /home/airflow/.local/lib/python3.12/site-packages/airflow/example_dags/example_setup_teardown.py took 0.099 seconds
[2024-11-20T07:31:06.361+0000] {processor.py:186} INFO - Started process (PID=480) to work on /home/airflow/.local/lib/python3.12/site-packages/airflow/example_dags/example_setup_teardown.py
[2024-11-20T07:31:06.362+0000] {processor.py:914} INFO - Processing file /home/airflow/.local/lib/python3.12/site-packages/airflow/example_dags/example_setup_teardown.py for tasks to queue
[2024-11-20T07:31:06.365+0000] {logging_mixin.py:190} INFO - [2024-11-20T07:31:06.365+0000] {dagbag.py:588} INFO - Filling up the DagBag from /home/airflow/.local/lib/python3.12/site-packages/airflow/example_dags/example_setup_teardown.py
[2024-11-20T07:31:06.375+0000] {processor.py:925} INFO - DAG(s) 'example_setup_teardown' retrieved from /home/airflow/.local/lib/python3.12/site-packages/airflow/example_dags/example_setup_teardown.py
[2024-11-20T07:31:06.405+0000] {logging_mixin.py:190} INFO - [2024-11-20T07:31:06.404+0000] {dag.py:3239} INFO - Sync 1 DAGs
[2024-11-20T07:31:06.426+0000] {logging_mixin.py:190} INFO - [2024-11-20T07:31:06.426+0000] {dag.py:4180} INFO - Setting next_dagrun for example_setup_teardown to None, run_after=None
[2024-11-20T07:31:06.451+0000] {processor.py:208} INFO - Processing /home/airflow/.local/lib/python3.12/site-packages/airflow/example_dags/example_setup_teardown.py took 0.096 seconds
[2024-11-20T07:31:38.135+0000] {processor.py:186} INFO - Started process (PID=545) to work on /home/airflow/.local/lib/python3.12/site-packages/airflow/example_dags/example_setup_teardown.py
[2024-11-20T07:31:38.136+0000] {processor.py:914} INFO - Processing file /home/airflow/.local/lib/python3.12/site-packages/airflow/example_dags/example_setup_teardown.py for tasks to queue
[2024-11-20T07:31:38.140+0000] {logging_mixin.py:190} INFO - [2024-11-20T07:31:38.139+0000] {dagbag.py:588} INFO - Filling up the DagBag from /home/airflow/.local/lib/python3.12/site-packages/airflow/example_dags/example_setup_teardown.py
[2024-11-20T07:31:38.150+0000] {processor.py:925} INFO - DAG(s) 'example_setup_teardown' retrieved from /home/airflow/.local/lib/python3.12/site-packages/airflow/example_dags/example_setup_teardown.py
[2024-11-20T07:31:38.174+0000] {logging_mixin.py:190} INFO - [2024-11-20T07:31:38.173+0000] {dag.py:3239} INFO - Sync 1 DAGs
[2024-11-20T07:31:38.191+0000] {logging_mixin.py:190} INFO - [2024-11-20T07:31:38.191+0000] {dag.py:4180} INFO - Setting next_dagrun for example_setup_teardown to None, run_after=None
[2024-11-20T07:31:38.214+0000] {processor.py:208} INFO - Processing /home/airflow/.local/lib/python3.12/site-packages/airflow/example_dags/example_setup_teardown.py took 0.085 seconds
[2024-11-20T07:32:10.151+0000] {processor.py:186} INFO - Started process (PID=610) to work on /home/airflow/.local/lib/python3.12/site-packages/airflow/example_dags/example_setup_teardown.py
[2024-11-20T07:32:10.152+0000] {processor.py:914} INFO - Processing file /home/airflow/.local/lib/python3.12/site-packages/airflow/example_dags/example_setup_teardown.py for tasks to queue
[2024-11-20T07:32:10.156+0000] {logging_mixin.py:190} INFO - [2024-11-20T07:32:10.156+0000] {dagbag.py:588} INFO - Filling up the DagBag from /home/airflow/.local/lib/python3.12/site-packages/airflow/example_dags/example_setup_teardown.py
[2024-11-20T07:32:10.171+0000] {processor.py:925} INFO - DAG(s) 'example_setup_teardown' retrieved from /home/airflow/.local/lib/python3.12/site-packages/airflow/example_dags/example_setup_teardown.py
[2024-11-20T07:32:10.206+0000] {logging_mixin.py:190} INFO - [2024-11-20T07:32:10.206+0000] {dag.py:3239} INFO - Sync 1 DAGs
[2024-11-20T07:32:10.230+0000] {logging_mixin.py:190} INFO - [2024-11-20T07:32:10.230+0000] {dag.py:4180} INFO - Setting next_dagrun for example_setup_teardown to None, run_after=None
[2024-11-20T07:32:10.260+0000] {processor.py:208} INFO - Processing /home/airflow/.local/lib/python3.12/site-packages/airflow/example_dags/example_setup_teardown.py took 0.118 seconds
[2024-11-20T07:32:41.692+0000] {processor.py:186} INFO - Started process (PID=676) to work on /home/airflow/.local/lib/python3.12/site-packages/airflow/example_dags/example_setup_teardown.py
[2024-11-20T07:32:41.696+0000] {processor.py:914} INFO - Processing file /home/airflow/.local/lib/python3.12/site-packages/airflow/example_dags/example_setup_teardown.py for tasks to queue
[2024-11-20T07:32:41.701+0000] {logging_mixin.py:190} INFO - [2024-11-20T07:32:41.700+0000] {dagbag.py:588} INFO - Filling up the DagBag from /home/airflow/.local/lib/python3.12/site-packages/airflow/example_dags/example_setup_teardown.py
[2024-11-20T07:32:41.714+0000] {processor.py:925} INFO - DAG(s) 'example_setup_teardown' retrieved from /home/airflow/.local/lib/python3.12/site-packages/airflow/example_dags/example_setup_teardown.py
[2024-11-20T07:32:41.747+0000] {logging_mixin.py:190} INFO - [2024-11-20T07:32:41.747+0000] {dag.py:3239} INFO - Sync 1 DAGs
[2024-11-20T07:32:41.770+0000] {logging_mixin.py:190} INFO - [2024-11-20T07:32:41.770+0000] {dag.py:4180} INFO - Setting next_dagrun for example_setup_teardown to None, run_after=None
[2024-11-20T07:32:41.796+0000] {processor.py:208} INFO - Processing /home/airflow/.local/lib/python3.12/site-packages/airflow/example_dags/example_setup_teardown.py took 0.114 seconds
[2024-11-20T07:33:13.609+0000] {processor.py:186} INFO - Started process (PID=741) to work on /home/airflow/.local/lib/python3.12/site-packages/airflow/example_dags/example_setup_teardown.py
[2024-11-20T07:33:13.610+0000] {processor.py:914} INFO - Processing file /home/airflow/.local/lib/python3.12/site-packages/airflow/example_dags/example_setup_teardown.py for tasks to queue
[2024-11-20T07:33:13.613+0000] {logging_mixin.py:190} INFO - [2024-11-20T07:33:13.613+0000] {dagbag.py:588} INFO - Filling up the DagBag from /home/airflow/.local/lib/python3.12/site-packages/airflow/example_dags/example_setup_teardown.py
[2024-11-20T07:33:13.625+0000] {processor.py:925} INFO - DAG(s) 'example_setup_teardown' retrieved from /home/airflow/.local/lib/python3.12/site-packages/airflow/example_dags/example_setup_teardown.py
[2024-11-20T07:33:13.658+0000] {logging_mixin.py:190} INFO - [2024-11-20T07:33:13.657+0000] {dag.py:3239} INFO - Sync 1 DAGs
[2024-11-20T07:33:13.682+0000] {logging_mixin.py:190} INFO - [2024-11-20T07:33:13.682+0000] {dag.py:4180} INFO - Setting next_dagrun for example_setup_teardown to None, run_after=None
[2024-11-20T07:33:13.709+0000] {processor.py:208} INFO - Processing /home/airflow/.local/lib/python3.12/site-packages/airflow/example_dags/example_setup_teardown.py took 0.107 seconds
