[2024-11-20T07:26:07.193+0000] {processor.py:186} INFO - Started process (PID=124) to work on /home/airflow/.local/lib/python3.12/site-packages/airflow/example_dags/example_subdag_operator.py
[2024-11-20T07:26:07.194+0000] {processor.py:914} INFO - Processing file /home/airflow/.local/lib/python3.12/site-packages/airflow/example_dags/example_subdag_operator.py for tasks to queue
[2024-11-20T07:26:07.198+0000] {logging_mixin.py:190} INFO - [2024-11-20T07:26:07.197+0000] {dagbag.py:588} INFO - Filling up the DagBag from /home/airflow/.local/lib/python3.12/site-packages/airflow/example_dags/example_subdag_operator.py
[2024-11-20T07:26:07.252+0000] {processor.py:925} INFO - DAG(s) 'example_subdag_operator.section-1', 'example_subdag_operator.section-2', 'example_subdag_operator' retrieved from /home/airflow/.local/lib/python3.12/site-packages/airflow/example_dags/example_subdag_operator.py
[2024-11-20T07:26:07.456+0000] {logging_mixin.py:190} INFO - [2024-11-20T07:26:07.455+0000] {override.py:1911} INFO - Created Permission View: can delete on DAG:example_subdag_operator
[2024-11-20T07:26:07.471+0000] {logging_mixin.py:190} INFO - [2024-11-20T07:26:07.471+0000] {override.py:1911} INFO - Created Permission View: can read on DAG:example_subdag_operator
[2024-11-20T07:26:07.481+0000] {logging_mixin.py:190} INFO - [2024-11-20T07:26:07.481+0000] {override.py:1911} INFO - Created Permission View: can edit on DAG:example_subdag_operator
[2024-11-20T07:26:07.491+0000] {logging_mixin.py:190} INFO - [2024-11-20T07:26:07.491+0000] {override.py:1911} INFO - Created Permission View: can delete on DAG Run:example_subdag_operator
[2024-11-20T07:26:07.501+0000] {logging_mixin.py:190} INFO - [2024-11-20T07:26:07.500+0000] {override.py:1911} INFO - Created Permission View: can read on DAG Run:example_subdag_operator
[2024-11-20T07:26:07.509+0000] {logging_mixin.py:190} INFO - [2024-11-20T07:26:07.509+0000] {override.py:1911} INFO - Created Permission View: menu access on DAG Run:example_subdag_operator
[2024-11-20T07:26:07.517+0000] {logging_mixin.py:190} INFO - [2024-11-20T07:26:07.517+0000] {override.py:1911} INFO - Created Permission View: can create on DAG Run:example_subdag_operator
[2024-11-20T07:26:07.518+0000] {logging_mixin.py:190} INFO - [2024-11-20T07:26:07.518+0000] {dag.py:3239} INFO - Sync 3 DAGs
[2024-11-20T07:26:07.536+0000] {logging_mixin.py:190} INFO - [2024-11-20T07:26:07.535+0000] {dag.py:3262} INFO - Creating ORM DAG for example_subdag_operator.section-1
[2024-11-20T07:26:07.537+0000] {logging_mixin.py:190} INFO - [2024-11-20T07:26:07.537+0000] {dag.py:3262} INFO - Creating ORM DAG for example_subdag_operator.section-2
[2024-11-20T07:26:07.538+0000] {logging_mixin.py:190} INFO - [2024-11-20T07:26:07.538+0000] {dag.py:3262} INFO - Creating ORM DAG for example_subdag_operator
[2024-11-20T07:26:07.554+0000] {logging_mixin.py:190} INFO - [2024-11-20T07:26:07.554+0000] {dag.py:4180} INFO - Setting next_dagrun for example_subdag_operator to 2022-01-01 00:00:00+00:00, run_after=2022-01-01 00:00:00+00:00
[2024-11-20T07:26:07.555+0000] {logging_mixin.py:190} INFO - [2024-11-20T07:26:07.555+0000] {dag.py:4180} INFO - Setting next_dagrun for example_subdag_operator.section-1 to None, run_after=None
[2024-11-20T07:26:07.556+0000] {logging_mixin.py:190} INFO - [2024-11-20T07:26:07.556+0000] {dag.py:4180} INFO - Setting next_dagrun for example_subdag_operator.section-2 to None, run_after=None
[2024-11-20T07:26:07.571+0000] {logging_mixin.py:190} INFO - [2024-11-20T07:26:07.570+0000] {dag.py:3239} INFO - Sync 2 DAGs
[2024-11-20T07:26:07.579+0000] {logging_mixin.py:190} INFO - [2024-11-20T07:26:07.579+0000] {dag.py:4180} INFO - Setting next_dagrun for example_subdag_operator.section-1 to None, run_after=None
[2024-11-20T07:26:07.585+0000] {logging_mixin.py:190} INFO - [2024-11-20T07:26:07.584+0000] {dag.py:4180} INFO - Setting next_dagrun for example_subdag_operator.section-2 to None, run_after=None
[2024-11-20T07:26:07.604+0000] {processor.py:208} INFO - Processing /home/airflow/.local/lib/python3.12/site-packages/airflow/example_dags/example_subdag_operator.py took 0.423 seconds
[2024-11-20T07:26:38.067+0000] {processor.py:186} INFO - Started process (PID=189) to work on /home/airflow/.local/lib/python3.12/site-packages/airflow/example_dags/example_subdag_operator.py
[2024-11-20T07:26:38.068+0000] {processor.py:914} INFO - Processing file /home/airflow/.local/lib/python3.12/site-packages/airflow/example_dags/example_subdag_operator.py for tasks to queue
[2024-11-20T07:26:38.071+0000] {logging_mixin.py:190} INFO - [2024-11-20T07:26:38.071+0000] {dagbag.py:588} INFO - Filling up the DagBag from /home/airflow/.local/lib/python3.12/site-packages/airflow/example_dags/example_subdag_operator.py
[2024-11-20T07:26:38.100+0000] {processor.py:925} INFO - DAG(s) 'example_subdag_operator.section-1', 'example_subdag_operator.section-2', 'example_subdag_operator' retrieved from /home/airflow/.local/lib/python3.12/site-packages/airflow/example_dags/example_subdag_operator.py
[2024-11-20T07:26:38.118+0000] {logging_mixin.py:190} INFO - [2024-11-20T07:26:38.118+0000] {dag.py:3239} INFO - Sync 3 DAGs
[2024-11-20T07:26:38.146+0000] {logging_mixin.py:190} INFO - [2024-11-20T07:26:38.146+0000] {dag.py:4180} INFO - Setting next_dagrun for example_subdag_operator to 2022-01-01 00:00:00+00:00, run_after=2022-01-01 00:00:00+00:00
[2024-11-20T07:26:38.151+0000] {logging_mixin.py:190} INFO - [2024-11-20T07:26:38.151+0000] {dag.py:4180} INFO - Setting next_dagrun for example_subdag_operator.section-1 to None, run_after=None
[2024-11-20T07:26:38.153+0000] {logging_mixin.py:190} INFO - [2024-11-20T07:26:38.153+0000] {dag.py:4180} INFO - Setting next_dagrun for example_subdag_operator.section-2 to None, run_after=None
[2024-11-20T07:26:38.166+0000] {logging_mixin.py:190} INFO - [2024-11-20T07:26:38.165+0000] {dag.py:3239} INFO - Sync 2 DAGs
[2024-11-20T07:26:38.174+0000] {logging_mixin.py:190} INFO - [2024-11-20T07:26:38.173+0000] {dag.py:4180} INFO - Setting next_dagrun for example_subdag_operator.section-1 to None, run_after=None
[2024-11-20T07:26:38.175+0000] {logging_mixin.py:190} INFO - [2024-11-20T07:26:38.175+0000] {dag.py:4180} INFO - Setting next_dagrun for example_subdag_operator.section-2 to None, run_after=None
[2024-11-20T07:26:38.190+0000] {processor.py:208} INFO - Processing /home/airflow/.local/lib/python3.12/site-packages/airflow/example_dags/example_subdag_operator.py took 0.130 seconds
[2024-11-20T07:28:26.363+0000] {processor.py:186} INFO - Started process (PID=124) to work on /home/airflow/.local/lib/python3.12/site-packages/airflow/example_dags/example_subdag_operator.py
[2024-11-20T07:28:26.365+0000] {processor.py:914} INFO - Processing file /home/airflow/.local/lib/python3.12/site-packages/airflow/example_dags/example_subdag_operator.py for tasks to queue
[2024-11-20T07:28:26.368+0000] {logging_mixin.py:190} INFO - [2024-11-20T07:28:26.368+0000] {dagbag.py:588} INFO - Filling up the DagBag from /home/airflow/.local/lib/python3.12/site-packages/airflow/example_dags/example_subdag_operator.py
[2024-11-20T07:28:26.402+0000] {processor.py:925} INFO - DAG(s) 'example_subdag_operator.section-1', 'example_subdag_operator.section-2', 'example_subdag_operator' retrieved from /home/airflow/.local/lib/python3.12/site-packages/airflow/example_dags/example_subdag_operator.py
[2024-11-20T07:28:26.428+0000] {logging_mixin.py:190} INFO - [2024-11-20T07:28:26.428+0000] {dag.py:3239} INFO - Sync 3 DAGs
[2024-11-20T07:28:26.463+0000] {logging_mixin.py:190} INFO - [2024-11-20T07:28:26.462+0000] {dag.py:4180} INFO - Setting next_dagrun for example_subdag_operator to 2022-01-01 00:00:00+00:00, run_after=2022-01-01 00:00:00+00:00
[2024-11-20T07:28:26.468+0000] {logging_mixin.py:190} INFO - [2024-11-20T07:28:26.467+0000] {dag.py:4180} INFO - Setting next_dagrun for example_subdag_operator.section-1 to None, run_after=None
[2024-11-20T07:28:26.470+0000] {logging_mixin.py:190} INFO - [2024-11-20T07:28:26.470+0000] {dag.py:4180} INFO - Setting next_dagrun for example_subdag_operator.section-2 to None, run_after=None
[2024-11-20T07:28:26.480+0000] {logging_mixin.py:190} INFO - [2024-11-20T07:28:26.479+0000] {dag.py:3239} INFO - Sync 2 DAGs
[2024-11-20T07:28:26.489+0000] {logging_mixin.py:190} INFO - [2024-11-20T07:28:26.489+0000] {dag.py:4180} INFO - Setting next_dagrun for example_subdag_operator.section-1 to None, run_after=None
[2024-11-20T07:28:26.490+0000] {logging_mixin.py:190} INFO - [2024-11-20T07:28:26.490+0000] {dag.py:4180} INFO - Setting next_dagrun for example_subdag_operator.section-2 to None, run_after=None
[2024-11-20T07:28:26.507+0000] {processor.py:208} INFO - Processing /home/airflow/.local/lib/python3.12/site-packages/airflow/example_dags/example_subdag_operator.py took 0.150 seconds
[2024-11-20T07:28:57.800+0000] {processor.py:186} INFO - Started process (PID=195) to work on /home/airflow/.local/lib/python3.12/site-packages/airflow/example_dags/example_subdag_operator.py
[2024-11-20T07:28:57.801+0000] {processor.py:914} INFO - Processing file /home/airflow/.local/lib/python3.12/site-packages/airflow/example_dags/example_subdag_operator.py for tasks to queue
[2024-11-20T07:28:57.803+0000] {logging_mixin.py:190} INFO - [2024-11-20T07:28:57.803+0000] {dagbag.py:588} INFO - Filling up the DagBag from /home/airflow/.local/lib/python3.12/site-packages/airflow/example_dags/example_subdag_operator.py
[2024-11-20T07:28:57.831+0000] {processor.py:925} INFO - DAG(s) 'example_subdag_operator.section-1', 'example_subdag_operator.section-2', 'example_subdag_operator' retrieved from /home/airflow/.local/lib/python3.12/site-packages/airflow/example_dags/example_subdag_operator.py
[2024-11-20T07:28:57.849+0000] {logging_mixin.py:190} INFO - [2024-11-20T07:28:57.848+0000] {dag.py:3239} INFO - Sync 3 DAGs
[2024-11-20T07:28:57.877+0000] {logging_mixin.py:190} INFO - [2024-11-20T07:28:57.877+0000] {dag.py:4180} INFO - Setting next_dagrun for example_subdag_operator to 2022-01-01 00:00:00+00:00, run_after=2022-01-01 00:00:00+00:00
[2024-11-20T07:28:57.883+0000] {logging_mixin.py:190} INFO - [2024-11-20T07:28:57.883+0000] {dag.py:4180} INFO - Setting next_dagrun for example_subdag_operator.section-1 to None, run_after=None
[2024-11-20T07:28:57.885+0000] {logging_mixin.py:190} INFO - [2024-11-20T07:28:57.885+0000] {dag.py:4180} INFO - Setting next_dagrun for example_subdag_operator.section-2 to None, run_after=None
[2024-11-20T07:28:57.896+0000] {logging_mixin.py:190} INFO - [2024-11-20T07:28:57.895+0000] {dag.py:3239} INFO - Sync 2 DAGs
[2024-11-20T07:28:57.904+0000] {logging_mixin.py:190} INFO - [2024-11-20T07:28:57.904+0000] {dag.py:4180} INFO - Setting next_dagrun for example_subdag_operator.section-1 to None, run_after=None
[2024-11-20T07:28:57.905+0000] {logging_mixin.py:190} INFO - [2024-11-20T07:28:57.905+0000] {dag.py:4180} INFO - Setting next_dagrun for example_subdag_operator.section-2 to None, run_after=None
[2024-11-20T07:28:57.920+0000] {processor.py:208} INFO - Processing /home/airflow/.local/lib/python3.12/site-packages/airflow/example_dags/example_subdag_operator.py took 0.126 seconds
[2024-11-20T07:29:29.267+0000] {processor.py:186} INFO - Started process (PID=260) to work on /home/airflow/.local/lib/python3.12/site-packages/airflow/example_dags/example_subdag_operator.py
[2024-11-20T07:29:29.268+0000] {processor.py:914} INFO - Processing file /home/airflow/.local/lib/python3.12/site-packages/airflow/example_dags/example_subdag_operator.py for tasks to queue
[2024-11-20T07:29:29.271+0000] {logging_mixin.py:190} INFO - [2024-11-20T07:29:29.271+0000] {dagbag.py:588} INFO - Filling up the DagBag from /home/airflow/.local/lib/python3.12/site-packages/airflow/example_dags/example_subdag_operator.py
[2024-11-20T07:29:29.303+0000] {processor.py:925} INFO - DAG(s) 'example_subdag_operator.section-1', 'example_subdag_operator.section-2', 'example_subdag_operator' retrieved from /home/airflow/.local/lib/python3.12/site-packages/airflow/example_dags/example_subdag_operator.py
[2024-11-20T07:29:29.324+0000] {logging_mixin.py:190} INFO - [2024-11-20T07:29:29.324+0000] {dag.py:3239} INFO - Sync 3 DAGs
[2024-11-20T07:29:29.355+0000] {logging_mixin.py:190} INFO - [2024-11-20T07:29:29.355+0000] {dag.py:4180} INFO - Setting next_dagrun for example_subdag_operator to 2022-01-01 00:00:00+00:00, run_after=2022-01-01 00:00:00+00:00
[2024-11-20T07:29:29.361+0000] {logging_mixin.py:190} INFO - [2024-11-20T07:29:29.360+0000] {dag.py:4180} INFO - Setting next_dagrun for example_subdag_operator.section-1 to None, run_after=None
[2024-11-20T07:29:29.363+0000] {logging_mixin.py:190} INFO - [2024-11-20T07:29:29.362+0000] {dag.py:4180} INFO - Setting next_dagrun for example_subdag_operator.section-2 to None, run_after=None
[2024-11-20T07:29:29.372+0000] {logging_mixin.py:190} INFO - [2024-11-20T07:29:29.372+0000] {dag.py:3239} INFO - Sync 2 DAGs
[2024-11-20T07:29:29.379+0000] {logging_mixin.py:190} INFO - [2024-11-20T07:29:29.379+0000] {dag.py:4180} INFO - Setting next_dagrun for example_subdag_operator.section-1 to None, run_after=None
[2024-11-20T07:29:29.380+0000] {logging_mixin.py:190} INFO - [2024-11-20T07:29:29.380+0000] {dag.py:4180} INFO - Setting next_dagrun for example_subdag_operator.section-2 to None, run_after=None
[2024-11-20T07:29:29.393+0000] {processor.py:208} INFO - Processing /home/airflow/.local/lib/python3.12/site-packages/airflow/example_dags/example_subdag_operator.py took 0.134 seconds
[2024-11-20T07:30:00.268+0000] {processor.py:186} INFO - Started process (PID=325) to work on /home/airflow/.local/lib/python3.12/site-packages/airflow/example_dags/example_subdag_operator.py
[2024-11-20T07:30:00.269+0000] {processor.py:914} INFO - Processing file /home/airflow/.local/lib/python3.12/site-packages/airflow/example_dags/example_subdag_operator.py for tasks to queue
[2024-11-20T07:30:00.273+0000] {logging_mixin.py:190} INFO - [2024-11-20T07:30:00.272+0000] {dagbag.py:588} INFO - Filling up the DagBag from /home/airflow/.local/lib/python3.12/site-packages/airflow/example_dags/example_subdag_operator.py
[2024-11-20T07:30:00.310+0000] {processor.py:925} INFO - DAG(s) 'example_subdag_operator.section-1', 'example_subdag_operator.section-2', 'example_subdag_operator' retrieved from /home/airflow/.local/lib/python3.12/site-packages/airflow/example_dags/example_subdag_operator.py
[2024-11-20T07:30:00.336+0000] {logging_mixin.py:190} INFO - [2024-11-20T07:30:00.335+0000] {dag.py:3239} INFO - Sync 3 DAGs
[2024-11-20T07:30:00.371+0000] {logging_mixin.py:190} INFO - [2024-11-20T07:30:00.370+0000] {dag.py:4180} INFO - Setting next_dagrun for example_subdag_operator to 2022-01-01 00:00:00+00:00, run_after=2022-01-01 00:00:00+00:00
[2024-11-20T07:30:00.376+0000] {logging_mixin.py:190} INFO - [2024-11-20T07:30:00.376+0000] {dag.py:4180} INFO - Setting next_dagrun for example_subdag_operator.section-1 to None, run_after=None
[2024-11-20T07:30:00.378+0000] {logging_mixin.py:190} INFO - [2024-11-20T07:30:00.378+0000] {dag.py:4180} INFO - Setting next_dagrun for example_subdag_operator.section-2 to None, run_after=None
[2024-11-20T07:30:00.389+0000] {logging_mixin.py:190} INFO - [2024-11-20T07:30:00.389+0000] {dag.py:3239} INFO - Sync 2 DAGs
[2024-11-20T07:30:00.398+0000] {logging_mixin.py:190} INFO - [2024-11-20T07:30:00.397+0000] {dag.py:4180} INFO - Setting next_dagrun for example_subdag_operator.section-1 to None, run_after=None
[2024-11-20T07:30:00.399+0000] {logging_mixin.py:190} INFO - [2024-11-20T07:30:00.398+0000] {dag.py:4180} INFO - Setting next_dagrun for example_subdag_operator.section-2 to None, run_after=None
[2024-11-20T07:30:00.413+0000] {processor.py:208} INFO - Processing /home/airflow/.local/lib/python3.12/site-packages/airflow/example_dags/example_subdag_operator.py took 0.152 seconds
[2024-11-20T07:30:32.123+0000] {processor.py:186} INFO - Started process (PID=390) to work on /home/airflow/.local/lib/python3.12/site-packages/airflow/example_dags/example_subdag_operator.py
[2024-11-20T07:30:32.124+0000] {processor.py:914} INFO - Processing file /home/airflow/.local/lib/python3.12/site-packages/airflow/example_dags/example_subdag_operator.py for tasks to queue
[2024-11-20T07:30:32.126+0000] {logging_mixin.py:190} INFO - [2024-11-20T07:30:32.126+0000] {dagbag.py:588} INFO - Filling up the DagBag from /home/airflow/.local/lib/python3.12/site-packages/airflow/example_dags/example_subdag_operator.py
[2024-11-20T07:30:32.156+0000] {processor.py:925} INFO - DAG(s) 'example_subdag_operator.section-1', 'example_subdag_operator.section-2', 'example_subdag_operator' retrieved from /home/airflow/.local/lib/python3.12/site-packages/airflow/example_dags/example_subdag_operator.py
[2024-11-20T07:30:32.179+0000] {logging_mixin.py:190} INFO - [2024-11-20T07:30:32.178+0000] {dag.py:3239} INFO - Sync 3 DAGs
[2024-11-20T07:30:32.211+0000] {logging_mixin.py:190} INFO - [2024-11-20T07:30:32.211+0000] {dag.py:4180} INFO - Setting next_dagrun for example_subdag_operator to 2022-01-01 00:00:00+00:00, run_after=2022-01-01 00:00:00+00:00
[2024-11-20T07:30:32.216+0000] {logging_mixin.py:190} INFO - [2024-11-20T07:30:32.216+0000] {dag.py:4180} INFO - Setting next_dagrun for example_subdag_operator.section-1 to None, run_after=None
[2024-11-20T07:30:32.218+0000] {logging_mixin.py:190} INFO - [2024-11-20T07:30:32.217+0000] {dag.py:4180} INFO - Setting next_dagrun for example_subdag_operator.section-2 to None, run_after=None
[2024-11-20T07:30:32.227+0000] {logging_mixin.py:190} INFO - [2024-11-20T07:30:32.226+0000] {dag.py:3239} INFO - Sync 2 DAGs
[2024-11-20T07:30:32.235+0000] {logging_mixin.py:190} INFO - [2024-11-20T07:30:32.234+0000] {dag.py:4180} INFO - Setting next_dagrun for example_subdag_operator.section-1 to None, run_after=None
[2024-11-20T07:30:32.235+0000] {logging_mixin.py:190} INFO - [2024-11-20T07:30:32.235+0000] {dag.py:4180} INFO - Setting next_dagrun for example_subdag_operator.section-2 to None, run_after=None
[2024-11-20T07:30:32.250+0000] {processor.py:208} INFO - Processing /home/airflow/.local/lib/python3.12/site-packages/airflow/example_dags/example_subdag_operator.py took 0.132 seconds
[2024-11-20T07:31:03.221+0000] {processor.py:186} INFO - Started process (PID=455) to work on /home/airflow/.local/lib/python3.12/site-packages/airflow/example_dags/example_subdag_operator.py
[2024-11-20T07:31:03.222+0000] {processor.py:914} INFO - Processing file /home/airflow/.local/lib/python3.12/site-packages/airflow/example_dags/example_subdag_operator.py for tasks to queue
[2024-11-20T07:31:03.225+0000] {logging_mixin.py:190} INFO - [2024-11-20T07:31:03.224+0000] {dagbag.py:588} INFO - Filling up the DagBag from /home/airflow/.local/lib/python3.12/site-packages/airflow/example_dags/example_subdag_operator.py
[2024-11-20T07:31:03.261+0000] {processor.py:925} INFO - DAG(s) 'example_subdag_operator.section-1', 'example_subdag_operator.section-2', 'example_subdag_operator' retrieved from /home/airflow/.local/lib/python3.12/site-packages/airflow/example_dags/example_subdag_operator.py
[2024-11-20T07:31:03.290+0000] {logging_mixin.py:190} INFO - [2024-11-20T07:31:03.290+0000] {dag.py:3239} INFO - Sync 3 DAGs
[2024-11-20T07:31:03.332+0000] {logging_mixin.py:190} INFO - [2024-11-20T07:31:03.331+0000] {dag.py:4180} INFO - Setting next_dagrun for example_subdag_operator to 2022-01-01 00:00:00+00:00, run_after=2022-01-01 00:00:00+00:00
[2024-11-20T07:31:03.339+0000] {logging_mixin.py:190} INFO - [2024-11-20T07:31:03.338+0000] {dag.py:4180} INFO - Setting next_dagrun for example_subdag_operator.section-1 to None, run_after=None
[2024-11-20T07:31:03.341+0000] {logging_mixin.py:190} INFO - [2024-11-20T07:31:03.341+0000] {dag.py:4180} INFO - Setting next_dagrun for example_subdag_operator.section-2 to None, run_after=None
[2024-11-20T07:31:03.351+0000] {logging_mixin.py:190} INFO - [2024-11-20T07:31:03.351+0000] {dag.py:3239} INFO - Sync 2 DAGs
[2024-11-20T07:31:03.363+0000] {logging_mixin.py:190} INFO - [2024-11-20T07:31:03.362+0000] {dag.py:4180} INFO - Setting next_dagrun for example_subdag_operator.section-1 to None, run_after=None
[2024-11-20T07:31:03.364+0000] {logging_mixin.py:190} INFO - [2024-11-20T07:31:03.364+0000] {dag.py:4180} INFO - Setting next_dagrun for example_subdag_operator.section-2 to None, run_after=None
[2024-11-20T07:31:03.381+0000] {processor.py:208} INFO - Processing /home/airflow/.local/lib/python3.12/site-packages/airflow/example_dags/example_subdag_operator.py took 0.166 seconds
[2024-11-20T07:31:35.093+0000] {processor.py:186} INFO - Started process (PID=520) to work on /home/airflow/.local/lib/python3.12/site-packages/airflow/example_dags/example_subdag_operator.py
[2024-11-20T07:31:35.094+0000] {processor.py:914} INFO - Processing file /home/airflow/.local/lib/python3.12/site-packages/airflow/example_dags/example_subdag_operator.py for tasks to queue
[2024-11-20T07:31:35.096+0000] {logging_mixin.py:190} INFO - [2024-11-20T07:31:35.096+0000] {dagbag.py:588} INFO - Filling up the DagBag from /home/airflow/.local/lib/python3.12/site-packages/airflow/example_dags/example_subdag_operator.py
[2024-11-20T07:31:35.125+0000] {processor.py:925} INFO - DAG(s) 'example_subdag_operator.section-1', 'example_subdag_operator.section-2', 'example_subdag_operator' retrieved from /home/airflow/.local/lib/python3.12/site-packages/airflow/example_dags/example_subdag_operator.py
[2024-11-20T07:31:35.145+0000] {logging_mixin.py:190} INFO - [2024-11-20T07:31:35.145+0000] {dag.py:3239} INFO - Sync 3 DAGs
[2024-11-20T07:31:35.173+0000] {logging_mixin.py:190} INFO - [2024-11-20T07:31:35.173+0000] {dag.py:4180} INFO - Setting next_dagrun for example_subdag_operator to 2022-01-01 00:00:00+00:00, run_after=2022-01-01 00:00:00+00:00
[2024-11-20T07:31:35.180+0000] {logging_mixin.py:190} INFO - [2024-11-20T07:31:35.180+0000] {dag.py:4180} INFO - Setting next_dagrun for example_subdag_operator.section-1 to None, run_after=None
[2024-11-20T07:31:35.182+0000] {logging_mixin.py:190} INFO - [2024-11-20T07:31:35.182+0000] {dag.py:4180} INFO - Setting next_dagrun for example_subdag_operator.section-2 to None, run_after=None
[2024-11-20T07:31:35.192+0000] {logging_mixin.py:190} INFO - [2024-11-20T07:31:35.192+0000] {dag.py:3239} INFO - Sync 2 DAGs
[2024-11-20T07:31:35.204+0000] {logging_mixin.py:190} INFO - [2024-11-20T07:31:35.203+0000] {dag.py:4180} INFO - Setting next_dagrun for example_subdag_operator.section-1 to None, run_after=None
[2024-11-20T07:31:35.205+0000] {logging_mixin.py:190} INFO - [2024-11-20T07:31:35.204+0000] {dag.py:4180} INFO - Setting next_dagrun for example_subdag_operator.section-2 to None, run_after=None
[2024-11-20T07:31:35.221+0000] {processor.py:208} INFO - Processing /home/airflow/.local/lib/python3.12/site-packages/airflow/example_dags/example_subdag_operator.py took 0.136 seconds
[2024-11-20T07:32:06.864+0000] {processor.py:186} INFO - Started process (PID=585) to work on /home/airflow/.local/lib/python3.12/site-packages/airflow/example_dags/example_subdag_operator.py
[2024-11-20T07:32:06.866+0000] {processor.py:914} INFO - Processing file /home/airflow/.local/lib/python3.12/site-packages/airflow/example_dags/example_subdag_operator.py for tasks to queue
[2024-11-20T07:32:06.869+0000] {logging_mixin.py:190} INFO - [2024-11-20T07:32:06.869+0000] {dagbag.py:588} INFO - Filling up the DagBag from /home/airflow/.local/lib/python3.12/site-packages/airflow/example_dags/example_subdag_operator.py
[2024-11-20T07:32:06.896+0000] {processor.py:925} INFO - DAG(s) 'example_subdag_operator.section-1', 'example_subdag_operator.section-2', 'example_subdag_operator' retrieved from /home/airflow/.local/lib/python3.12/site-packages/airflow/example_dags/example_subdag_operator.py
[2024-11-20T07:32:06.918+0000] {logging_mixin.py:190} INFO - [2024-11-20T07:32:06.917+0000] {dag.py:3239} INFO - Sync 3 DAGs
[2024-11-20T07:32:06.949+0000] {logging_mixin.py:190} INFO - [2024-11-20T07:32:06.949+0000] {dag.py:4180} INFO - Setting next_dagrun for example_subdag_operator to 2022-01-01 00:00:00+00:00, run_after=2022-01-01 00:00:00+00:00
[2024-11-20T07:32:06.955+0000] {logging_mixin.py:190} INFO - [2024-11-20T07:32:06.954+0000] {dag.py:4180} INFO - Setting next_dagrun for example_subdag_operator.section-1 to None, run_after=None
[2024-11-20T07:32:06.957+0000] {logging_mixin.py:190} INFO - [2024-11-20T07:32:06.956+0000] {dag.py:4180} INFO - Setting next_dagrun for example_subdag_operator.section-2 to None, run_after=None
[2024-11-20T07:32:06.965+0000] {logging_mixin.py:190} INFO - [2024-11-20T07:32:06.965+0000] {dag.py:3239} INFO - Sync 2 DAGs
[2024-11-20T07:32:06.974+0000] {logging_mixin.py:190} INFO - [2024-11-20T07:32:06.974+0000] {dag.py:4180} INFO - Setting next_dagrun for example_subdag_operator.section-1 to None, run_after=None
[2024-11-20T07:32:06.975+0000] {logging_mixin.py:190} INFO - [2024-11-20T07:32:06.975+0000] {dag.py:4180} INFO - Setting next_dagrun for example_subdag_operator.section-2 to None, run_after=None
[2024-11-20T07:32:06.991+0000] {processor.py:208} INFO - Processing /home/airflow/.local/lib/python3.12/site-packages/airflow/example_dags/example_subdag_operator.py took 0.132 seconds
[2024-11-20T07:32:38.583+0000] {processor.py:186} INFO - Started process (PID=651) to work on /home/airflow/.local/lib/python3.12/site-packages/airflow/example_dags/example_subdag_operator.py
[2024-11-20T07:32:38.584+0000] {processor.py:914} INFO - Processing file /home/airflow/.local/lib/python3.12/site-packages/airflow/example_dags/example_subdag_operator.py for tasks to queue
[2024-11-20T07:32:38.586+0000] {logging_mixin.py:190} INFO - [2024-11-20T07:32:38.586+0000] {dagbag.py:588} INFO - Filling up the DagBag from /home/airflow/.local/lib/python3.12/site-packages/airflow/example_dags/example_subdag_operator.py
[2024-11-20T07:32:38.617+0000] {processor.py:925} INFO - DAG(s) 'example_subdag_operator.section-1', 'example_subdag_operator.section-2', 'example_subdag_operator' retrieved from /home/airflow/.local/lib/python3.12/site-packages/airflow/example_dags/example_subdag_operator.py
[2024-11-20T07:32:38.634+0000] {logging_mixin.py:190} INFO - [2024-11-20T07:32:38.634+0000] {dag.py:3239} INFO - Sync 3 DAGs
[2024-11-20T07:32:38.665+0000] {logging_mixin.py:190} INFO - [2024-11-20T07:32:38.665+0000] {dag.py:4180} INFO - Setting next_dagrun for example_subdag_operator to 2022-01-01 00:00:00+00:00, run_after=2022-01-01 00:00:00+00:00
[2024-11-20T07:32:38.671+0000] {logging_mixin.py:190} INFO - [2024-11-20T07:32:38.671+0000] {dag.py:4180} INFO - Setting next_dagrun for example_subdag_operator.section-1 to None, run_after=None
[2024-11-20T07:32:38.674+0000] {logging_mixin.py:190} INFO - [2024-11-20T07:32:38.674+0000] {dag.py:4180} INFO - Setting next_dagrun for example_subdag_operator.section-2 to None, run_after=None
[2024-11-20T07:32:38.683+0000] {logging_mixin.py:190} INFO - [2024-11-20T07:32:38.683+0000] {dag.py:3239} INFO - Sync 2 DAGs
[2024-11-20T07:32:38.691+0000] {logging_mixin.py:190} INFO - [2024-11-20T07:32:38.691+0000] {dag.py:4180} INFO - Setting next_dagrun for example_subdag_operator.section-1 to None, run_after=None
[2024-11-20T07:32:38.692+0000] {logging_mixin.py:190} INFO - [2024-11-20T07:32:38.692+0000] {dag.py:4180} INFO - Setting next_dagrun for example_subdag_operator.section-2 to None, run_after=None
[2024-11-20T07:32:38.708+0000] {processor.py:208} INFO - Processing /home/airflow/.local/lib/python3.12/site-packages/airflow/example_dags/example_subdag_operator.py took 0.132 seconds
[2024-11-20T07:33:10.490+0000] {processor.py:186} INFO - Started process (PID=716) to work on /home/airflow/.local/lib/python3.12/site-packages/airflow/example_dags/example_subdag_operator.py
[2024-11-20T07:33:10.491+0000] {processor.py:914} INFO - Processing file /home/airflow/.local/lib/python3.12/site-packages/airflow/example_dags/example_subdag_operator.py for tasks to queue
[2024-11-20T07:33:10.494+0000] {logging_mixin.py:190} INFO - [2024-11-20T07:33:10.494+0000] {dagbag.py:588} INFO - Filling up the DagBag from /home/airflow/.local/lib/python3.12/site-packages/airflow/example_dags/example_subdag_operator.py
[2024-11-20T07:33:10.534+0000] {processor.py:925} INFO - DAG(s) 'example_subdag_operator.section-1', 'example_subdag_operator.section-2', 'example_subdag_operator' retrieved from /home/airflow/.local/lib/python3.12/site-packages/airflow/example_dags/example_subdag_operator.py
[2024-11-20T07:33:10.554+0000] {logging_mixin.py:190} INFO - [2024-11-20T07:33:10.553+0000] {dag.py:3239} INFO - Sync 3 DAGs
[2024-11-20T07:33:10.594+0000] {logging_mixin.py:190} INFO - [2024-11-20T07:33:10.593+0000] {dag.py:4180} INFO - Setting next_dagrun for example_subdag_operator to 2022-01-01 00:00:00+00:00, run_after=2022-01-01 00:00:00+00:00
[2024-11-20T07:33:10.615+0000] {logging_mixin.py:190} INFO - [2024-11-20T07:33:10.614+0000] {dag.py:4180} INFO - Setting next_dagrun for example_subdag_operator.section-1 to None, run_after=None
[2024-11-20T07:33:10.617+0000] {logging_mixin.py:190} INFO - [2024-11-20T07:33:10.617+0000] {dag.py:4180} INFO - Setting next_dagrun for example_subdag_operator.section-2 to None, run_after=None
[2024-11-20T07:33:10.634+0000] {logging_mixin.py:190} INFO - [2024-11-20T07:33:10.633+0000] {dag.py:3239} INFO - Sync 2 DAGs
[2024-11-20T07:33:10.645+0000] {logging_mixin.py:190} INFO - [2024-11-20T07:33:10.645+0000] {dag.py:4180} INFO - Setting next_dagrun for example_subdag_operator.section-1 to None, run_after=None
[2024-11-20T07:33:10.647+0000] {logging_mixin.py:190} INFO - [2024-11-20T07:33:10.646+0000] {dag.py:4180} INFO - Setting next_dagrun for example_subdag_operator.section-2 to None, run_after=None
[2024-11-20T07:33:10.665+0000] {processor.py:208} INFO - Processing /home/airflow/.local/lib/python3.12/site-packages/airflow/example_dags/example_subdag_operator.py took 0.182 seconds
