[2024-11-20T07:26:01.556+0000] {processor.py:186} INFO - Started process (PID=108) to work on /home/airflow/.local/lib/python3.12/site-packages/airflow/example_dags/example_task_group_decorator.py
[2024-11-20T07:26:01.558+0000] {processor.py:914} INFO - Processing file /home/airflow/.local/lib/python3.12/site-packages/airflow/example_dags/example_task_group_decorator.py for tasks to queue
[2024-11-20T07:26:01.561+0000] {logging_mixin.py:190} INFO - [2024-11-20T07:26:01.561+0000] {dagbag.py:588} INFO - Filling up the DagBag from /home/airflow/.local/lib/python3.12/site-packages/airflow/example_dags/example_task_group_decorator.py
[2024-11-20T07:26:01.591+0000] {processor.py:925} INFO - DAG(s) 'example_task_group_decorator' retrieved from /home/airflow/.local/lib/python3.12/site-packages/airflow/example_dags/example_task_group_decorator.py
[2024-11-20T07:26:01.765+0000] {logging_mixin.py:190} INFO - [2024-11-20T07:26:01.764+0000] {override.py:1911} INFO - Created Permission View: can delete on DAG:example_task_group_decorator
[2024-11-20T07:26:01.782+0000] {logging_mixin.py:190} INFO - [2024-11-20T07:26:01.782+0000] {override.py:1911} INFO - Created Permission View: can read on DAG:example_task_group_decorator
[2024-11-20T07:26:01.793+0000] {logging_mixin.py:190} INFO - [2024-11-20T07:26:01.792+0000] {override.py:1911} INFO - Created Permission View: can edit on DAG:example_task_group_decorator
[2024-11-20T07:26:01.803+0000] {logging_mixin.py:190} INFO - [2024-11-20T07:26:01.803+0000] {override.py:1911} INFO - Created Permission View: can delete on DAG Run:example_task_group_decorator
[2024-11-20T07:26:01.812+0000] {logging_mixin.py:190} INFO - [2024-11-20T07:26:01.812+0000] {override.py:1911} INFO - Created Permission View: can read on DAG Run:example_task_group_decorator
[2024-11-20T07:26:01.825+0000] {logging_mixin.py:190} INFO - [2024-11-20T07:26:01.824+0000] {override.py:1911} INFO - Created Permission View: menu access on DAG Run:example_task_group_decorator
[2024-11-20T07:26:01.835+0000] {logging_mixin.py:190} INFO - [2024-11-20T07:26:01.835+0000] {override.py:1911} INFO - Created Permission View: can create on DAG Run:example_task_group_decorator
[2024-11-20T07:26:01.836+0000] {logging_mixin.py:190} INFO - [2024-11-20T07:26:01.836+0000] {dag.py:3239} INFO - Sync 1 DAGs
[2024-11-20T07:26:01.855+0000] {logging_mixin.py:190} INFO - [2024-11-20T07:26:01.854+0000] {dag.py:3262} INFO - Creating ORM DAG for example_task_group_decorator
[2024-11-20T07:26:01.856+0000] {logging_mixin.py:190} INFO - [2024-11-20T07:26:01.856+0000] {dag.py:4180} INFO - Setting next_dagrun for example_task_group_decorator to None, run_after=None
[2024-11-20T07:26:01.880+0000] {processor.py:208} INFO - Processing /home/airflow/.local/lib/python3.12/site-packages/airflow/example_dags/example_task_group_decorator.py took 0.330 seconds
[2024-11-20T07:26:32.375+0000] {processor.py:186} INFO - Started process (PID=172) to work on /home/airflow/.local/lib/python3.12/site-packages/airflow/example_dags/example_task_group_decorator.py
[2024-11-20T07:26:32.376+0000] {processor.py:914} INFO - Processing file /home/airflow/.local/lib/python3.12/site-packages/airflow/example_dags/example_task_group_decorator.py for tasks to queue
[2024-11-20T07:26:32.379+0000] {logging_mixin.py:190} INFO - [2024-11-20T07:26:32.379+0000] {dagbag.py:588} INFO - Filling up the DagBag from /home/airflow/.local/lib/python3.12/site-packages/airflow/example_dags/example_task_group_decorator.py
[2024-11-20T07:26:32.402+0000] {processor.py:925} INFO - DAG(s) 'example_task_group_decorator' retrieved from /home/airflow/.local/lib/python3.12/site-packages/airflow/example_dags/example_task_group_decorator.py
[2024-11-20T07:26:32.435+0000] {logging_mixin.py:190} INFO - [2024-11-20T07:26:32.434+0000] {dag.py:3239} INFO - Sync 1 DAGs
[2024-11-20T07:26:32.455+0000] {logging_mixin.py:190} INFO - [2024-11-20T07:26:32.455+0000] {dag.py:4180} INFO - Setting next_dagrun for example_task_group_decorator to None, run_after=None
[2024-11-20T07:26:32.478+0000] {processor.py:208} INFO - Processing /home/airflow/.local/lib/python3.12/site-packages/airflow/example_dags/example_task_group_decorator.py took 0.111 seconds
[2024-11-20T07:28:23.172+0000] {processor.py:186} INFO - Started process (PID=108) to work on /home/airflow/.local/lib/python3.12/site-packages/airflow/example_dags/example_task_group_decorator.py
[2024-11-20T07:28:23.173+0000] {processor.py:914} INFO - Processing file /home/airflow/.local/lib/python3.12/site-packages/airflow/example_dags/example_task_group_decorator.py for tasks to queue
[2024-11-20T07:28:23.175+0000] {logging_mixin.py:190} INFO - [2024-11-20T07:28:23.175+0000] {dagbag.py:588} INFO - Filling up the DagBag from /home/airflow/.local/lib/python3.12/site-packages/airflow/example_dags/example_task_group_decorator.py
[2024-11-20T07:28:23.191+0000] {processor.py:925} INFO - DAG(s) 'example_task_group_decorator' retrieved from /home/airflow/.local/lib/python3.12/site-packages/airflow/example_dags/example_task_group_decorator.py
[2024-11-20T07:28:23.226+0000] {logging_mixin.py:190} INFO - [2024-11-20T07:28:23.225+0000] {dag.py:3239} INFO - Sync 1 DAGs
[2024-11-20T07:28:23.246+0000] {logging_mixin.py:190} INFO - [2024-11-20T07:28:23.246+0000] {dag.py:4180} INFO - Setting next_dagrun for example_task_group_decorator to None, run_after=None
[2024-11-20T07:28:23.269+0000] {processor.py:208} INFO - Processing /home/airflow/.local/lib/python3.12/site-packages/airflow/example_dags/example_task_group_decorator.py took 0.102 seconds
[2024-11-20T07:28:53.408+0000] {processor.py:186} INFO - Started process (PID=172) to work on /home/airflow/.local/lib/python3.12/site-packages/airflow/example_dags/example_task_group_decorator.py
[2024-11-20T07:28:53.409+0000] {processor.py:914} INFO - Processing file /home/airflow/.local/lib/python3.12/site-packages/airflow/example_dags/example_task_group_decorator.py for tasks to queue
[2024-11-20T07:28:53.411+0000] {logging_mixin.py:190} INFO - [2024-11-20T07:28:53.411+0000] {dagbag.py:588} INFO - Filling up the DagBag from /home/airflow/.local/lib/python3.12/site-packages/airflow/example_dags/example_task_group_decorator.py
[2024-11-20T07:28:53.428+0000] {processor.py:925} INFO - DAG(s) 'example_task_group_decorator' retrieved from /home/airflow/.local/lib/python3.12/site-packages/airflow/example_dags/example_task_group_decorator.py
[2024-11-20T07:28:53.457+0000] {logging_mixin.py:190} INFO - [2024-11-20T07:28:53.457+0000] {dag.py:3239} INFO - Sync 1 DAGs
[2024-11-20T07:28:53.473+0000] {logging_mixin.py:190} INFO - [2024-11-20T07:28:53.472+0000] {dag.py:4180} INFO - Setting next_dagrun for example_task_group_decorator to None, run_after=None
[2024-11-20T07:28:53.499+0000] {processor.py:208} INFO - Processing /home/airflow/.local/lib/python3.12/site-packages/airflow/example_dags/example_task_group_decorator.py took 0.097 seconds
[2024-11-20T07:29:23.580+0000] {processor.py:186} INFO - Started process (PID=237) to work on /home/airflow/.local/lib/python3.12/site-packages/airflow/example_dags/example_task_group_decorator.py
[2024-11-20T07:29:23.581+0000] {processor.py:914} INFO - Processing file /home/airflow/.local/lib/python3.12/site-packages/airflow/example_dags/example_task_group_decorator.py for tasks to queue
[2024-11-20T07:29:23.584+0000] {logging_mixin.py:190} INFO - [2024-11-20T07:29:23.583+0000] {dagbag.py:588} INFO - Filling up the DagBag from /home/airflow/.local/lib/python3.12/site-packages/airflow/example_dags/example_task_group_decorator.py
[2024-11-20T07:29:23.605+0000] {processor.py:925} INFO - DAG(s) 'example_task_group_decorator' retrieved from /home/airflow/.local/lib/python3.12/site-packages/airflow/example_dags/example_task_group_decorator.py
[2024-11-20T07:29:23.640+0000] {logging_mixin.py:190} INFO - [2024-11-20T07:29:23.640+0000] {dag.py:3239} INFO - Sync 1 DAGs
[2024-11-20T07:29:23.665+0000] {logging_mixin.py:190} INFO - [2024-11-20T07:29:23.665+0000] {dag.py:4180} INFO - Setting next_dagrun for example_task_group_decorator to None, run_after=None
[2024-11-20T07:29:23.691+0000] {processor.py:208} INFO - Processing /home/airflow/.local/lib/python3.12/site-packages/airflow/example_dags/example_task_group_decorator.py took 0.120 seconds
[2024-11-20T07:29:54.368+0000] {processor.py:186} INFO - Started process (PID=302) to work on /home/airflow/.local/lib/python3.12/site-packages/airflow/example_dags/example_task_group_decorator.py
[2024-11-20T07:29:54.369+0000] {processor.py:914} INFO - Processing file /home/airflow/.local/lib/python3.12/site-packages/airflow/example_dags/example_task_group_decorator.py for tasks to queue
[2024-11-20T07:29:54.372+0000] {logging_mixin.py:190} INFO - [2024-11-20T07:29:54.371+0000] {dagbag.py:588} INFO - Filling up the DagBag from /home/airflow/.local/lib/python3.12/site-packages/airflow/example_dags/example_task_group_decorator.py
[2024-11-20T07:29:54.392+0000] {processor.py:925} INFO - DAG(s) 'example_task_group_decorator' retrieved from /home/airflow/.local/lib/python3.12/site-packages/airflow/example_dags/example_task_group_decorator.py
[2024-11-20T07:29:54.423+0000] {logging_mixin.py:190} INFO - [2024-11-20T07:29:54.423+0000] {dag.py:3239} INFO - Sync 1 DAGs
[2024-11-20T07:29:54.441+0000] {logging_mixin.py:190} INFO - [2024-11-20T07:29:54.441+0000] {dag.py:4180} INFO - Setting next_dagrun for example_task_group_decorator to None, run_after=None
[2024-11-20T07:29:54.461+0000] {processor.py:208} INFO - Processing /home/airflow/.local/lib/python3.12/site-packages/airflow/example_dags/example_task_group_decorator.py took 0.100 seconds
[2024-11-20T07:30:25.409+0000] {processor.py:186} INFO - Started process (PID=367) to work on /home/airflow/.local/lib/python3.12/site-packages/airflow/example_dags/example_task_group_decorator.py
[2024-11-20T07:30:25.410+0000] {processor.py:914} INFO - Processing file /home/airflow/.local/lib/python3.12/site-packages/airflow/example_dags/example_task_group_decorator.py for tasks to queue
[2024-11-20T07:30:25.413+0000] {logging_mixin.py:190} INFO - [2024-11-20T07:30:25.413+0000] {dagbag.py:588} INFO - Filling up the DagBag from /home/airflow/.local/lib/python3.12/site-packages/airflow/example_dags/example_task_group_decorator.py
[2024-11-20T07:30:25.437+0000] {processor.py:925} INFO - DAG(s) 'example_task_group_decorator' retrieved from /home/airflow/.local/lib/python3.12/site-packages/airflow/example_dags/example_task_group_decorator.py
[2024-11-20T07:30:25.469+0000] {logging_mixin.py:190} INFO - [2024-11-20T07:30:25.469+0000] {dag.py:3239} INFO - Sync 1 DAGs
[2024-11-20T07:30:25.488+0000] {logging_mixin.py:190} INFO - [2024-11-20T07:30:25.488+0000] {dag.py:4180} INFO - Setting next_dagrun for example_task_group_decorator to None, run_after=None
[2024-11-20T07:30:25.511+0000] {processor.py:208} INFO - Processing /home/airflow/.local/lib/python3.12/site-packages/airflow/example_dags/example_task_group_decorator.py took 0.108 seconds
[2024-11-20T07:30:55.844+0000] {processor.py:186} INFO - Started process (PID=432) to work on /home/airflow/.local/lib/python3.12/site-packages/airflow/example_dags/example_task_group_decorator.py
[2024-11-20T07:30:55.845+0000] {processor.py:914} INFO - Processing file /home/airflow/.local/lib/python3.12/site-packages/airflow/example_dags/example_task_group_decorator.py for tasks to queue
[2024-11-20T07:30:55.848+0000] {logging_mixin.py:190} INFO - [2024-11-20T07:30:55.848+0000] {dagbag.py:588} INFO - Filling up the DagBag from /home/airflow/.local/lib/python3.12/site-packages/airflow/example_dags/example_task_group_decorator.py
[2024-11-20T07:30:55.871+0000] {processor.py:925} INFO - DAG(s) 'example_task_group_decorator' retrieved from /home/airflow/.local/lib/python3.12/site-packages/airflow/example_dags/example_task_group_decorator.py
[2024-11-20T07:30:55.902+0000] {logging_mixin.py:190} INFO - [2024-11-20T07:30:55.901+0000] {dag.py:3239} INFO - Sync 1 DAGs
[2024-11-20T07:30:55.921+0000] {logging_mixin.py:190} INFO - [2024-11-20T07:30:55.920+0000] {dag.py:4180} INFO - Setting next_dagrun for example_task_group_decorator to None, run_after=None
[2024-11-20T07:30:55.945+0000] {processor.py:208} INFO - Processing /home/airflow/.local/lib/python3.12/site-packages/airflow/example_dags/example_task_group_decorator.py took 0.109 seconds
[2024-11-20T07:31:26.737+0000] {processor.py:186} INFO - Started process (PID=497) to work on /home/airflow/.local/lib/python3.12/site-packages/airflow/example_dags/example_task_group_decorator.py
[2024-11-20T07:31:26.738+0000] {processor.py:914} INFO - Processing file /home/airflow/.local/lib/python3.12/site-packages/airflow/example_dags/example_task_group_decorator.py for tasks to queue
[2024-11-20T07:31:26.741+0000] {logging_mixin.py:190} INFO - [2024-11-20T07:31:26.740+0000] {dagbag.py:588} INFO - Filling up the DagBag from /home/airflow/.local/lib/python3.12/site-packages/airflow/example_dags/example_task_group_decorator.py
[2024-11-20T07:31:26.764+0000] {processor.py:925} INFO - DAG(s) 'example_task_group_decorator' retrieved from /home/airflow/.local/lib/python3.12/site-packages/airflow/example_dags/example_task_group_decorator.py
[2024-11-20T07:31:26.801+0000] {logging_mixin.py:190} INFO - [2024-11-20T07:31:26.800+0000] {dag.py:3239} INFO - Sync 1 DAGs
[2024-11-20T07:31:26.820+0000] {logging_mixin.py:190} INFO - [2024-11-20T07:31:26.820+0000] {dag.py:4180} INFO - Setting next_dagrun for example_task_group_decorator to None, run_after=None
[2024-11-20T07:31:26.847+0000] {processor.py:208} INFO - Processing /home/airflow/.local/lib/python3.12/site-packages/airflow/example_dags/example_task_group_decorator.py took 0.117 seconds
[2024-11-20T07:31:57.527+0000] {processor.py:186} INFO - Started process (PID=568) to work on /home/airflow/.local/lib/python3.12/site-packages/airflow/example_dags/example_task_group_decorator.py
[2024-11-20T07:31:57.528+0000] {processor.py:914} INFO - Processing file /home/airflow/.local/lib/python3.12/site-packages/airflow/example_dags/example_task_group_decorator.py for tasks to queue
[2024-11-20T07:31:57.531+0000] {logging_mixin.py:190} INFO - [2024-11-20T07:31:57.530+0000] {dagbag.py:588} INFO - Filling up the DagBag from /home/airflow/.local/lib/python3.12/site-packages/airflow/example_dags/example_task_group_decorator.py
[2024-11-20T07:31:57.547+0000] {processor.py:925} INFO - DAG(s) 'example_task_group_decorator' retrieved from /home/airflow/.local/lib/python3.12/site-packages/airflow/example_dags/example_task_group_decorator.py
[2024-11-20T07:31:57.576+0000] {logging_mixin.py:190} INFO - [2024-11-20T07:31:57.575+0000] {dag.py:3239} INFO - Sync 1 DAGs
[2024-11-20T07:31:57.592+0000] {logging_mixin.py:190} INFO - [2024-11-20T07:31:57.592+0000] {dag.py:4180} INFO - Setting next_dagrun for example_task_group_decorator to None, run_after=None
[2024-11-20T07:31:57.614+0000] {processor.py:208} INFO - Processing /home/airflow/.local/lib/python3.12/site-packages/airflow/example_dags/example_task_group_decorator.py took 0.092 seconds
[2024-11-20T07:32:27.991+0000] {processor.py:186} INFO - Started process (PID=634) to work on /home/airflow/.local/lib/python3.12/site-packages/airflow/example_dags/example_task_group_decorator.py
[2024-11-20T07:32:27.994+0000] {processor.py:914} INFO - Processing file /home/airflow/.local/lib/python3.12/site-packages/airflow/example_dags/example_task_group_decorator.py for tasks to queue
[2024-11-20T07:32:28.003+0000] {logging_mixin.py:190} INFO - [2024-11-20T07:32:28.003+0000] {dagbag.py:588} INFO - Filling up the DagBag from /home/airflow/.local/lib/python3.12/site-packages/airflow/example_dags/example_task_group_decorator.py
[2024-11-20T07:32:28.039+0000] {processor.py:925} INFO - DAG(s) 'example_task_group_decorator' retrieved from /home/airflow/.local/lib/python3.12/site-packages/airflow/example_dags/example_task_group_decorator.py
[2024-11-20T07:32:28.077+0000] {logging_mixin.py:190} INFO - [2024-11-20T07:32:28.077+0000] {dag.py:3239} INFO - Sync 1 DAGs
[2024-11-20T07:32:28.102+0000] {logging_mixin.py:190} INFO - [2024-11-20T07:32:28.101+0000] {dag.py:4180} INFO - Setting next_dagrun for example_task_group_decorator to None, run_after=None
[2024-11-20T07:32:28.134+0000] {processor.py:208} INFO - Processing /home/airflow/.local/lib/python3.12/site-packages/airflow/example_dags/example_task_group_decorator.py took 0.152 seconds
[2024-11-20T07:32:58.241+0000] {processor.py:186} INFO - Started process (PID=699) to work on /home/airflow/.local/lib/python3.12/site-packages/airflow/example_dags/example_task_group_decorator.py
[2024-11-20T07:32:58.242+0000] {processor.py:914} INFO - Processing file /home/airflow/.local/lib/python3.12/site-packages/airflow/example_dags/example_task_group_decorator.py for tasks to queue
[2024-11-20T07:32:58.245+0000] {logging_mixin.py:190} INFO - [2024-11-20T07:32:58.244+0000] {dagbag.py:588} INFO - Filling up the DagBag from /home/airflow/.local/lib/python3.12/site-packages/airflow/example_dags/example_task_group_decorator.py
[2024-11-20T07:32:58.261+0000] {processor.py:925} INFO - DAG(s) 'example_task_group_decorator' retrieved from /home/airflow/.local/lib/python3.12/site-packages/airflow/example_dags/example_task_group_decorator.py
[2024-11-20T07:32:58.288+0000] {logging_mixin.py:190} INFO - [2024-11-20T07:32:58.287+0000] {dag.py:3239} INFO - Sync 1 DAGs
[2024-11-20T07:32:58.303+0000] {logging_mixin.py:190} INFO - [2024-11-20T07:32:58.302+0000] {dag.py:4180} INFO - Setting next_dagrun for example_task_group_decorator to None, run_after=None
[2024-11-20T07:32:58.328+0000] {processor.py:208} INFO - Processing /home/airflow/.local/lib/python3.12/site-packages/airflow/example_dags/example_task_group_decorator.py took 0.092 seconds
[2024-11-20T07:33:28.993+0000] {processor.py:186} INFO - Started process (PID=764) to work on /home/airflow/.local/lib/python3.12/site-packages/airflow/example_dags/example_task_group_decorator.py
[2024-11-20T07:33:28.995+0000] {processor.py:914} INFO - Processing file /home/airflow/.local/lib/python3.12/site-packages/airflow/example_dags/example_task_group_decorator.py for tasks to queue
[2024-11-20T07:33:28.997+0000] {logging_mixin.py:190} INFO - [2024-11-20T07:33:28.997+0000] {dagbag.py:588} INFO - Filling up the DagBag from /home/airflow/.local/lib/python3.12/site-packages/airflow/example_dags/example_task_group_decorator.py
[2024-11-20T07:33:29.013+0000] {processor.py:925} INFO - DAG(s) 'example_task_group_decorator' retrieved from /home/airflow/.local/lib/python3.12/site-packages/airflow/example_dags/example_task_group_decorator.py
[2024-11-20T07:33:29.039+0000] {logging_mixin.py:190} INFO - [2024-11-20T07:33:29.039+0000] {dag.py:3239} INFO - Sync 1 DAGs
[2024-11-20T07:33:29.054+0000] {logging_mixin.py:190} INFO - [2024-11-20T07:33:29.053+0000] {dag.py:4180} INFO - Setting next_dagrun for example_task_group_decorator to None, run_after=None
[2024-11-20T07:33:29.074+0000] {processor.py:208} INFO - Processing /home/airflow/.local/lib/python3.12/site-packages/airflow/example_dags/example_task_group_decorator.py took 0.086 seconds
