[2024-11-20T07:26:14.705+0000] {processor.py:186} INFO - Started process (PID=154) to work on /home/airflow/.local/lib/python3.12/site-packages/airflow/example_dags/example_branch_python_dop_operator_3.py
[2024-11-20T07:26:14.707+0000] {processor.py:914} INFO - Processing file /home/airflow/.local/lib/python3.12/site-packages/airflow/example_dags/example_branch_python_dop_operator_3.py for tasks to queue
[2024-11-20T07:26:14.711+0000] {logging_mixin.py:190} INFO - [2024-11-20T07:26:14.710+0000] {dagbag.py:588} INFO - Filling up the DagBag from /home/airflow/.local/lib/python3.12/site-packages/airflow/example_dags/example_branch_python_dop_operator_3.py
[2024-11-20T07:26:14.724+0000] {processor.py:925} INFO - DAG(s) 'example_branch_dop_operator_v3' retrieved from /home/airflow/.local/lib/python3.12/site-packages/airflow/example_dags/example_branch_python_dop_operator_3.py
[2024-11-20T07:26:14.843+0000] {logging_mixin.py:190} INFO - [2024-11-20T07:26:14.842+0000] {override.py:1911} INFO - Created Permission View: can delete on DAG:example_branch_dop_operator_v3
[2024-11-20T07:26:14.858+0000] {logging_mixin.py:190} INFO - [2024-11-20T07:26:14.857+0000] {override.py:1911} INFO - Created Permission View: can read on DAG:example_branch_dop_operator_v3
[2024-11-20T07:26:14.867+0000] {logging_mixin.py:190} INFO - [2024-11-20T07:26:14.867+0000] {override.py:1911} INFO - Created Permission View: can edit on DAG:example_branch_dop_operator_v3
[2024-11-20T07:26:14.878+0000] {logging_mixin.py:190} INFO - [2024-11-20T07:26:14.877+0000] {override.py:1911} INFO - Created Permission View: can delete on DAG Run:example_branch_dop_operator_v3
[2024-11-20T07:26:14.887+0000] {logging_mixin.py:190} INFO - [2024-11-20T07:26:14.887+0000] {override.py:1911} INFO - Created Permission View: can read on DAG Run:example_branch_dop_operator_v3
[2024-11-20T07:26:14.896+0000] {logging_mixin.py:190} INFO - [2024-11-20T07:26:14.896+0000] {override.py:1911} INFO - Created Permission View: menu access on DAG Run:example_branch_dop_operator_v3
[2024-11-20T07:26:14.907+0000] {logging_mixin.py:190} INFO - [2024-11-20T07:26:14.907+0000] {override.py:1911} INFO - Created Permission View: can create on DAG Run:example_branch_dop_operator_v3
[2024-11-20T07:26:14.909+0000] {logging_mixin.py:190} INFO - [2024-11-20T07:26:14.908+0000] {dag.py:3239} INFO - Sync 1 DAGs
[2024-11-20T07:26:14.929+0000] {logging_mixin.py:190} INFO - [2024-11-20T07:26:14.929+0000] {dag.py:3262} INFO - Creating ORM DAG for example_branch_dop_operator_v3
[2024-11-20T07:26:14.947+0000] {logging_mixin.py:190} INFO - [2024-11-20T07:26:14.947+0000] {dag.py:4180} INFO - Setting next_dagrun for example_branch_dop_operator_v3 to 2024-11-20 07:25:00+00:00, run_after=2024-11-20 07:26:00+00:00
[2024-11-20T07:26:14.970+0000] {processor.py:208} INFO - Processing /home/airflow/.local/lib/python3.12/site-packages/airflow/example_dags/example_branch_python_dop_operator_3.py took 0.272 seconds
[2024-11-20T07:26:45.562+0000] {processor.py:186} INFO - Started process (PID=219) to work on /home/airflow/.local/lib/python3.12/site-packages/airflow/example_dags/example_branch_python_dop_operator_3.py
[2024-11-20T07:26:45.563+0000] {processor.py:914} INFO - Processing file /home/airflow/.local/lib/python3.12/site-packages/airflow/example_dags/example_branch_python_dop_operator_3.py for tasks to queue
[2024-11-20T07:26:45.566+0000] {logging_mixin.py:190} INFO - [2024-11-20T07:26:45.566+0000] {dagbag.py:588} INFO - Filling up the DagBag from /home/airflow/.local/lib/python3.12/site-packages/airflow/example_dags/example_branch_python_dop_operator_3.py
[2024-11-20T07:26:45.579+0000] {processor.py:925} INFO - DAG(s) 'example_branch_dop_operator_v3' retrieved from /home/airflow/.local/lib/python3.12/site-packages/airflow/example_dags/example_branch_python_dop_operator_3.py
[2024-11-20T07:26:45.608+0000] {logging_mixin.py:190} INFO - [2024-11-20T07:26:45.607+0000] {dag.py:3239} INFO - Sync 1 DAGs
[2024-11-20T07:26:45.653+0000] {logging_mixin.py:190} INFO - [2024-11-20T07:26:45.652+0000] {dag.py:4180} INFO - Setting next_dagrun for example_branch_dop_operator_v3 to 2024-11-20 07:25:00+00:00, run_after=2024-11-20 07:26:00+00:00
[2024-11-20T07:26:45.682+0000] {processor.py:208} INFO - Processing /home/airflow/.local/lib/python3.12/site-packages/airflow/example_dags/example_branch_python_dop_operator_3.py took 0.128 seconds
[2024-11-20T07:28:29.522+0000] {processor.py:186} INFO - Started process (PID=154) to work on /home/airflow/.local/lib/python3.12/site-packages/airflow/example_dags/example_branch_python_dop_operator_3.py
[2024-11-20T07:28:29.523+0000] {processor.py:914} INFO - Processing file /home/airflow/.local/lib/python3.12/site-packages/airflow/example_dags/example_branch_python_dop_operator_3.py for tasks to queue
[2024-11-20T07:28:29.526+0000] {logging_mixin.py:190} INFO - [2024-11-20T07:28:29.526+0000] {dagbag.py:588} INFO - Filling up the DagBag from /home/airflow/.local/lib/python3.12/site-packages/airflow/example_dags/example_branch_python_dop_operator_3.py
[2024-11-20T07:28:29.539+0000] {processor.py:925} INFO - DAG(s) 'example_branch_dop_operator_v3' retrieved from /home/airflow/.local/lib/python3.12/site-packages/airflow/example_dags/example_branch_python_dop_operator_3.py
[2024-11-20T07:28:29.568+0000] {logging_mixin.py:190} INFO - [2024-11-20T07:28:29.567+0000] {dag.py:3239} INFO - Sync 1 DAGs
[2024-11-20T07:28:29.607+0000] {logging_mixin.py:190} INFO - [2024-11-20T07:28:29.607+0000] {dag.py:4180} INFO - Setting next_dagrun for example_branch_dop_operator_v3 to 2024-11-20 07:27:00+00:00, run_after=2024-11-20 07:28:00+00:00
[2024-11-20T07:28:29.634+0000] {processor.py:208} INFO - Processing /home/airflow/.local/lib/python3.12/site-packages/airflow/example_dags/example_branch_python_dop_operator_3.py took 0.119 seconds
[2024-11-20T07:29:00.990+0000] {processor.py:186} INFO - Started process (PID=219) to work on /home/airflow/.local/lib/python3.12/site-packages/airflow/example_dags/example_branch_python_dop_operator_3.py
[2024-11-20T07:29:00.991+0000] {processor.py:914} INFO - Processing file /home/airflow/.local/lib/python3.12/site-packages/airflow/example_dags/example_branch_python_dop_operator_3.py for tasks to queue
[2024-11-20T07:29:00.994+0000] {logging_mixin.py:190} INFO - [2024-11-20T07:29:00.993+0000] {dagbag.py:588} INFO - Filling up the DagBag from /home/airflow/.local/lib/python3.12/site-packages/airflow/example_dags/example_branch_python_dop_operator_3.py
[2024-11-20T07:29:01.004+0000] {processor.py:925} INFO - DAG(s) 'example_branch_dop_operator_v3' retrieved from /home/airflow/.local/lib/python3.12/site-packages/airflow/example_dags/example_branch_python_dop_operator_3.py
[2024-11-20T07:29:01.027+0000] {logging_mixin.py:190} INFO - [2024-11-20T07:29:01.027+0000] {dag.py:3239} INFO - Sync 1 DAGs
[2024-11-20T07:29:01.062+0000] {logging_mixin.py:190} INFO - [2024-11-20T07:29:01.062+0000] {dag.py:4180} INFO - Setting next_dagrun for example_branch_dop_operator_v3 to 2024-11-20 07:28:00+00:00, run_after=2024-11-20 07:29:00+00:00
[2024-11-20T07:29:01.090+0000] {processor.py:208} INFO - Processing /home/airflow/.local/lib/python3.12/site-packages/airflow/example_dags/example_branch_python_dop_operator_3.py took 0.108 seconds
[2024-11-20T07:29:32.012+0000] {processor.py:186} INFO - Started process (PID=284) to work on /home/airflow/.local/lib/python3.12/site-packages/airflow/example_dags/example_branch_python_dop_operator_3.py
[2024-11-20T07:29:32.013+0000] {processor.py:914} INFO - Processing file /home/airflow/.local/lib/python3.12/site-packages/airflow/example_dags/example_branch_python_dop_operator_3.py for tasks to queue
[2024-11-20T07:29:32.015+0000] {logging_mixin.py:190} INFO - [2024-11-20T07:29:32.015+0000] {dagbag.py:588} INFO - Filling up the DagBag from /home/airflow/.local/lib/python3.12/site-packages/airflow/example_dags/example_branch_python_dop_operator_3.py
[2024-11-20T07:29:32.027+0000] {processor.py:925} INFO - DAG(s) 'example_branch_dop_operator_v3' retrieved from /home/airflow/.local/lib/python3.12/site-packages/airflow/example_dags/example_branch_python_dop_operator_3.py
[2024-11-20T07:29:32.050+0000] {logging_mixin.py:190} INFO - [2024-11-20T07:29:32.050+0000] {dag.py:3239} INFO - Sync 1 DAGs
[2024-11-20T07:29:32.085+0000] {logging_mixin.py:190} INFO - [2024-11-20T07:29:32.084+0000] {dag.py:4180} INFO - Setting next_dagrun for example_branch_dop_operator_v3 to 2024-11-20 07:28:00+00:00, run_after=2024-11-20 07:29:00+00:00
[2024-11-20T07:29:32.109+0000] {processor.py:208} INFO - Processing /home/airflow/.local/lib/python3.12/site-packages/airflow/example_dags/example_branch_python_dop_operator_3.py took 0.104 seconds
[2024-11-20T07:30:02.937+0000] {processor.py:186} INFO - Started process (PID=349) to work on /home/airflow/.local/lib/python3.12/site-packages/airflow/example_dags/example_branch_python_dop_operator_3.py
[2024-11-20T07:30:02.938+0000] {processor.py:914} INFO - Processing file /home/airflow/.local/lib/python3.12/site-packages/airflow/example_dags/example_branch_python_dop_operator_3.py for tasks to queue
[2024-11-20T07:30:02.941+0000] {logging_mixin.py:190} INFO - [2024-11-20T07:30:02.941+0000] {dagbag.py:588} INFO - Filling up the DagBag from /home/airflow/.local/lib/python3.12/site-packages/airflow/example_dags/example_branch_python_dop_operator_3.py
[2024-11-20T07:30:02.953+0000] {processor.py:925} INFO - DAG(s) 'example_branch_dop_operator_v3' retrieved from /home/airflow/.local/lib/python3.12/site-packages/airflow/example_dags/example_branch_python_dop_operator_3.py
[2024-11-20T07:30:02.976+0000] {logging_mixin.py:190} INFO - [2024-11-20T07:30:02.976+0000] {dag.py:3239} INFO - Sync 1 DAGs
[2024-11-20T07:30:03.008+0000] {logging_mixin.py:190} INFO - [2024-11-20T07:30:03.007+0000] {dag.py:4180} INFO - Setting next_dagrun for example_branch_dop_operator_v3 to 2024-11-20 07:29:00+00:00, run_after=2024-11-20 07:30:00+00:00
[2024-11-20T07:30:03.031+0000] {processor.py:208} INFO - Processing /home/airflow/.local/lib/python3.12/site-packages/airflow/example_dags/example_branch_python_dop_operator_3.py took 0.099 seconds
[2024-11-20T07:30:35.426+0000] {processor.py:186} INFO - Started process (PID=414) to work on /home/airflow/.local/lib/python3.12/site-packages/airflow/example_dags/example_branch_python_dop_operator_3.py
[2024-11-20T07:30:35.428+0000] {processor.py:914} INFO - Processing file /home/airflow/.local/lib/python3.12/site-packages/airflow/example_dags/example_branch_python_dop_operator_3.py for tasks to queue
[2024-11-20T07:30:35.431+0000] {logging_mixin.py:190} INFO - [2024-11-20T07:30:35.430+0000] {dagbag.py:588} INFO - Filling up the DagBag from /home/airflow/.local/lib/python3.12/site-packages/airflow/example_dags/example_branch_python_dop_operator_3.py
[2024-11-20T07:30:35.443+0000] {processor.py:925} INFO - DAG(s) 'example_branch_dop_operator_v3' retrieved from /home/airflow/.local/lib/python3.12/site-packages/airflow/example_dags/example_branch_python_dop_operator_3.py
[2024-11-20T07:30:35.470+0000] {logging_mixin.py:190} INFO - [2024-11-20T07:30:35.470+0000] {dag.py:3239} INFO - Sync 1 DAGs
[2024-11-20T07:30:35.503+0000] {logging_mixin.py:190} INFO - [2024-11-20T07:30:35.503+0000] {dag.py:4180} INFO - Setting next_dagrun for example_branch_dop_operator_v3 to 2024-11-20 07:29:00+00:00, run_after=2024-11-20 07:30:00+00:00
[2024-11-20T07:30:35.528+0000] {processor.py:208} INFO - Processing /home/airflow/.local/lib/python3.12/site-packages/airflow/example_dags/example_branch_python_dop_operator_3.py took 0.109 seconds
[2024-11-20T07:31:06.361+0000] {processor.py:186} INFO - Started process (PID=479) to work on /home/airflow/.local/lib/python3.12/site-packages/airflow/example_dags/example_branch_python_dop_operator_3.py
[2024-11-20T07:31:06.362+0000] {processor.py:914} INFO - Processing file /home/airflow/.local/lib/python3.12/site-packages/airflow/example_dags/example_branch_python_dop_operator_3.py for tasks to queue
[2024-11-20T07:31:06.365+0000] {logging_mixin.py:190} INFO - [2024-11-20T07:31:06.365+0000] {dagbag.py:588} INFO - Filling up the DagBag from /home/airflow/.local/lib/python3.12/site-packages/airflow/example_dags/example_branch_python_dop_operator_3.py
[2024-11-20T07:31:06.378+0000] {processor.py:925} INFO - DAG(s) 'example_branch_dop_operator_v3' retrieved from /home/airflow/.local/lib/python3.12/site-packages/airflow/example_dags/example_branch_python_dop_operator_3.py
[2024-11-20T07:31:06.405+0000] {logging_mixin.py:190} INFO - [2024-11-20T07:31:06.404+0000] {dag.py:3239} INFO - Sync 1 DAGs
[2024-11-20T07:31:06.445+0000] {logging_mixin.py:190} INFO - [2024-11-20T07:31:06.444+0000] {dag.py:4180} INFO - Setting next_dagrun for example_branch_dop_operator_v3 to 2024-11-20 07:30:00+00:00, run_after=2024-11-20 07:31:00+00:00
[2024-11-20T07:31:06.472+0000] {processor.py:208} INFO - Processing /home/airflow/.local/lib/python3.12/site-packages/airflow/example_dags/example_branch_python_dop_operator_3.py took 0.119 seconds
[2024-11-20T07:31:38.026+0000] {processor.py:186} INFO - Started process (PID=544) to work on /home/airflow/.local/lib/python3.12/site-packages/airflow/example_dags/example_branch_python_dop_operator_3.py
[2024-11-20T07:31:38.027+0000] {processor.py:914} INFO - Processing file /home/airflow/.local/lib/python3.12/site-packages/airflow/example_dags/example_branch_python_dop_operator_3.py for tasks to queue
[2024-11-20T07:31:38.030+0000] {logging_mixin.py:190} INFO - [2024-11-20T07:31:38.030+0000] {dagbag.py:588} INFO - Filling up the DagBag from /home/airflow/.local/lib/python3.12/site-packages/airflow/example_dags/example_branch_python_dop_operator_3.py
[2024-11-20T07:31:38.043+0000] {processor.py:925} INFO - DAG(s) 'example_branch_dop_operator_v3' retrieved from /home/airflow/.local/lib/python3.12/site-packages/airflow/example_dags/example_branch_python_dop_operator_3.py
[2024-11-20T07:31:38.068+0000] {logging_mixin.py:190} INFO - [2024-11-20T07:31:38.068+0000] {dag.py:3239} INFO - Sync 1 DAGs
[2024-11-20T07:31:38.107+0000] {logging_mixin.py:190} INFO - [2024-11-20T07:31:38.106+0000] {dag.py:4180} INFO - Setting next_dagrun for example_branch_dop_operator_v3 to 2024-11-20 07:30:00+00:00, run_after=2024-11-20 07:31:00+00:00
[2024-11-20T07:31:38.131+0000] {processor.py:208} INFO - Processing /home/airflow/.local/lib/python3.12/site-packages/airflow/example_dags/example_branch_python_dop_operator_3.py took 0.112 seconds
[2024-11-20T07:32:10.151+0000] {processor.py:186} INFO - Started process (PID=609) to work on /home/airflow/.local/lib/python3.12/site-packages/airflow/example_dags/example_branch_python_dop_operator_3.py
[2024-11-20T07:32:10.152+0000] {processor.py:914} INFO - Processing file /home/airflow/.local/lib/python3.12/site-packages/airflow/example_dags/example_branch_python_dop_operator_3.py for tasks to queue
[2024-11-20T07:32:10.156+0000] {logging_mixin.py:190} INFO - [2024-11-20T07:32:10.156+0000] {dagbag.py:588} INFO - Filling up the DagBag from /home/airflow/.local/lib/python3.12/site-packages/airflow/example_dags/example_branch_python_dop_operator_3.py
[2024-11-20T07:32:10.173+0000] {processor.py:925} INFO - DAG(s) 'example_branch_dop_operator_v3' retrieved from /home/airflow/.local/lib/python3.12/site-packages/airflow/example_dags/example_branch_python_dop_operator_3.py
[2024-11-20T07:32:10.204+0000] {logging_mixin.py:190} INFO - [2024-11-20T07:32:10.204+0000] {dag.py:3239} INFO - Sync 1 DAGs
[2024-11-20T07:32:10.245+0000] {logging_mixin.py:190} INFO - [2024-11-20T07:32:10.245+0000] {dag.py:4180} INFO - Setting next_dagrun for example_branch_dop_operator_v3 to 2024-11-20 07:31:00+00:00, run_after=2024-11-20 07:32:00+00:00
[2024-11-20T07:32:10.275+0000] {processor.py:208} INFO - Processing /home/airflow/.local/lib/python3.12/site-packages/airflow/example_dags/example_branch_python_dop_operator_3.py took 0.134 seconds
[2024-11-20T07:32:41.643+0000] {processor.py:186} INFO - Started process (PID=675) to work on /home/airflow/.local/lib/python3.12/site-packages/airflow/example_dags/example_branch_python_dop_operator_3.py
[2024-11-20T07:32:41.644+0000] {processor.py:914} INFO - Processing file /home/airflow/.local/lib/python3.12/site-packages/airflow/example_dags/example_branch_python_dop_operator_3.py for tasks to queue
[2024-11-20T07:32:41.648+0000] {logging_mixin.py:190} INFO - [2024-11-20T07:32:41.648+0000] {dagbag.py:588} INFO - Filling up the DagBag from /home/airflow/.local/lib/python3.12/site-packages/airflow/example_dags/example_branch_python_dop_operator_3.py
[2024-11-20T07:32:41.665+0000] {processor.py:925} INFO - DAG(s) 'example_branch_dop_operator_v3' retrieved from /home/airflow/.local/lib/python3.12/site-packages/airflow/example_dags/example_branch_python_dop_operator_3.py
[2024-11-20T07:32:41.699+0000] {logging_mixin.py:190} INFO - [2024-11-20T07:32:41.698+0000] {dag.py:3239} INFO - Sync 1 DAGs
[2024-11-20T07:32:41.748+0000] {logging_mixin.py:190} INFO - [2024-11-20T07:32:41.748+0000] {dag.py:4180} INFO - Setting next_dagrun for example_branch_dop_operator_v3 to 2024-11-20 07:31:00+00:00, run_after=2024-11-20 07:32:00+00:00
[2024-11-20T07:32:41.774+0000] {processor.py:208} INFO - Processing /home/airflow/.local/lib/python3.12/site-packages/airflow/example_dags/example_branch_python_dop_operator_3.py took 0.144 seconds
[2024-11-20T07:33:13.451+0000] {processor.py:186} INFO - Started process (PID=740) to work on /home/airflow/.local/lib/python3.12/site-packages/airflow/example_dags/example_branch_python_dop_operator_3.py
[2024-11-20T07:33:13.453+0000] {processor.py:914} INFO - Processing file /home/airflow/.local/lib/python3.12/site-packages/airflow/example_dags/example_branch_python_dop_operator_3.py for tasks to queue
[2024-11-20T07:33:13.456+0000] {logging_mixin.py:190} INFO - [2024-11-20T07:33:13.456+0000] {dagbag.py:588} INFO - Filling up the DagBag from /home/airflow/.local/lib/python3.12/site-packages/airflow/example_dags/example_branch_python_dop_operator_3.py
[2024-11-20T07:33:13.471+0000] {processor.py:925} INFO - DAG(s) 'example_branch_dop_operator_v3' retrieved from /home/airflow/.local/lib/python3.12/site-packages/airflow/example_dags/example_branch_python_dop_operator_3.py
[2024-11-20T07:33:13.497+0000] {logging_mixin.py:190} INFO - [2024-11-20T07:33:13.496+0000] {dag.py:3239} INFO - Sync 1 DAGs
[2024-11-20T07:33:13.535+0000] {logging_mixin.py:190} INFO - [2024-11-20T07:33:13.534+0000] {dag.py:4180} INFO - Setting next_dagrun for example_branch_dop_operator_v3 to 2024-11-20 07:32:00+00:00, run_after=2024-11-20 07:33:00+00:00
[2024-11-20T07:33:13.558+0000] {processor.py:208} INFO - Processing /home/airflow/.local/lib/python3.12/site-packages/airflow/example_dags/example_branch_python_dop_operator_3.py took 0.115 seconds
