[2024-11-20T07:26:14.452+0000] {processor.py:186} INFO - Started process (PID=153) to work on /home/airflow/.local/lib/python3.12/site-packages/airflow/example_dags/example_sla_dag.py
[2024-11-20T07:26:14.454+0000] {processor.py:914} INFO - Processing file /home/airflow/.local/lib/python3.12/site-packages/airflow/example_dags/example_sla_dag.py for tasks to queue
[2024-11-20T07:26:14.457+0000] {logging_mixin.py:190} INFO - [2024-11-20T07:26:14.457+0000] {dagbag.py:588} INFO - Filling up the DagBag from /home/airflow/.local/lib/python3.12/site-packages/airflow/example_dags/example_sla_dag.py
[2024-11-20T07:26:14.477+0000] {processor.py:925} INFO - DAG(s) 'example_sla_dag' retrieved from /home/airflow/.local/lib/python3.12/site-packages/airflow/example_dags/example_sla_dag.py
[2024-11-20T07:26:14.617+0000] {logging_mixin.py:190} INFO - [2024-11-20T07:26:14.617+0000] {override.py:1911} INFO - Created Permission View: can delete on DAG:example_sla_dag
[2024-11-20T07:26:14.632+0000] {logging_mixin.py:190} INFO - [2024-11-20T07:26:14.631+0000] {override.py:1911} INFO - Created Permission View: can read on DAG:example_sla_dag
[2024-11-20T07:26:14.640+0000] {logging_mixin.py:190} INFO - [2024-11-20T07:26:14.639+0000] {override.py:1911} INFO - Created Permission View: can edit on DAG:example_sla_dag
[2024-11-20T07:26:14.648+0000] {logging_mixin.py:190} INFO - [2024-11-20T07:26:14.648+0000] {override.py:1911} INFO - Created Permission View: can delete on DAG Run:example_sla_dag
[2024-11-20T07:26:14.656+0000] {logging_mixin.py:190} INFO - [2024-11-20T07:26:14.656+0000] {override.py:1911} INFO - Created Permission View: can read on DAG Run:example_sla_dag
[2024-11-20T07:26:14.666+0000] {logging_mixin.py:190} INFO - [2024-11-20T07:26:14.666+0000] {override.py:1911} INFO - Created Permission View: menu access on DAG Run:example_sla_dag
[2024-11-20T07:26:14.676+0000] {logging_mixin.py:190} INFO - [2024-11-20T07:26:14.675+0000] {override.py:1911} INFO - Created Permission View: can create on DAG Run:example_sla_dag
[2024-11-20T07:26:14.677+0000] {logging_mixin.py:190} INFO - [2024-11-20T07:26:14.677+0000] {dag.py:3239} INFO - Sync 1 DAGs
[2024-11-20T07:26:14.694+0000] {logging_mixin.py:190} INFO - [2024-11-20T07:26:14.694+0000] {dag.py:3262} INFO - Creating ORM DAG for example_sla_dag
[2024-11-20T07:26:14.711+0000] {logging_mixin.py:190} INFO - [2024-11-20T07:26:14.711+0000] {dag.py:4180} INFO - Setting next_dagrun for example_sla_dag to 2024-11-20 07:24:00+00:00, run_after=2024-11-20 07:26:00+00:00
[2024-11-20T07:26:14.733+0000] {processor.py:208} INFO - Processing /home/airflow/.local/lib/python3.12/site-packages/airflow/example_dags/example_sla_dag.py took 0.290 seconds
[2024-11-20T07:26:45.560+0000] {processor.py:186} INFO - Started process (PID=218) to work on /home/airflow/.local/lib/python3.12/site-packages/airflow/example_dags/example_sla_dag.py
[2024-11-20T07:26:45.561+0000] {processor.py:914} INFO - Processing file /home/airflow/.local/lib/python3.12/site-packages/airflow/example_dags/example_sla_dag.py for tasks to queue
[2024-11-20T07:26:45.564+0000] {logging_mixin.py:190} INFO - [2024-11-20T07:26:45.564+0000] {dagbag.py:588} INFO - Filling up the DagBag from /home/airflow/.local/lib/python3.12/site-packages/airflow/example_dags/example_sla_dag.py
[2024-11-20T07:26:45.577+0000] {processor.py:925} INFO - DAG(s) 'example_sla_dag' retrieved from /home/airflow/.local/lib/python3.12/site-packages/airflow/example_dags/example_sla_dag.py
[2024-11-20T07:26:45.607+0000] {logging_mixin.py:190} INFO - [2024-11-20T07:26:45.606+0000] {dag.py:3239} INFO - Sync 1 DAGs
[2024-11-20T07:26:45.652+0000] {logging_mixin.py:190} INFO - [2024-11-20T07:26:45.651+0000] {dag.py:4180} INFO - Setting next_dagrun for example_sla_dag to 2024-11-20 07:24:00+00:00, run_after=2024-11-20 07:26:00+00:00
[2024-11-20T07:26:45.682+0000] {processor.py:208} INFO - Processing /home/airflow/.local/lib/python3.12/site-packages/airflow/example_dags/example_sla_dag.py took 0.129 seconds
[2024-11-20T07:28:29.386+0000] {processor.py:186} INFO - Started process (PID=153) to work on /home/airflow/.local/lib/python3.12/site-packages/airflow/example_dags/example_sla_dag.py
[2024-11-20T07:28:29.388+0000] {processor.py:914} INFO - Processing file /home/airflow/.local/lib/python3.12/site-packages/airflow/example_dags/example_sla_dag.py for tasks to queue
[2024-11-20T07:28:29.390+0000] {logging_mixin.py:190} INFO - [2024-11-20T07:28:29.390+0000] {dagbag.py:588} INFO - Filling up the DagBag from /home/airflow/.local/lib/python3.12/site-packages/airflow/example_dags/example_sla_dag.py
[2024-11-20T07:28:29.402+0000] {processor.py:925} INFO - DAG(s) 'example_sla_dag' retrieved from /home/airflow/.local/lib/python3.12/site-packages/airflow/example_dags/example_sla_dag.py
[2024-11-20T07:28:29.429+0000] {logging_mixin.py:190} INFO - [2024-11-20T07:28:29.429+0000] {dag.py:3239} INFO - Sync 1 DAGs
[2024-11-20T07:28:29.459+0000] {logging_mixin.py:190} INFO - [2024-11-20T07:28:29.459+0000] {dag.py:4180} INFO - Setting next_dagrun for example_sla_dag to 2024-11-20 07:26:00+00:00, run_after=2024-11-20 07:28:00+00:00
[2024-11-20T07:28:29.484+0000] {processor.py:208} INFO - Processing /home/airflow/.local/lib/python3.12/site-packages/airflow/example_dags/example_sla_dag.py took 0.105 seconds
[2024-11-20T07:29:00.890+0000] {processor.py:186} INFO - Started process (PID=218) to work on /home/airflow/.local/lib/python3.12/site-packages/airflow/example_dags/example_sla_dag.py
[2024-11-20T07:29:00.891+0000] {processor.py:914} INFO - Processing file /home/airflow/.local/lib/python3.12/site-packages/airflow/example_dags/example_sla_dag.py for tasks to queue
[2024-11-20T07:29:00.893+0000] {logging_mixin.py:190} INFO - [2024-11-20T07:29:00.893+0000] {dagbag.py:588} INFO - Filling up the DagBag from /home/airflow/.local/lib/python3.12/site-packages/airflow/example_dags/example_sla_dag.py
[2024-11-20T07:29:00.904+0000] {processor.py:925} INFO - DAG(s) 'example_sla_dag' retrieved from /home/airflow/.local/lib/python3.12/site-packages/airflow/example_dags/example_sla_dag.py
[2024-11-20T07:29:00.927+0000] {logging_mixin.py:190} INFO - [2024-11-20T07:29:00.926+0000] {dag.py:3239} INFO - Sync 1 DAGs
[2024-11-20T07:29:00.952+0000] {logging_mixin.py:190} INFO - [2024-11-20T07:29:00.952+0000] {dag.py:4180} INFO - Setting next_dagrun for example_sla_dag to 2024-11-20 07:26:00+00:00, run_after=2024-11-20 07:28:00+00:00
[2024-11-20T07:29:00.976+0000] {processor.py:208} INFO - Processing /home/airflow/.local/lib/python3.12/site-packages/airflow/example_dags/example_sla_dag.py took 0.093 seconds
[2024-11-20T07:29:31.982+0000] {processor.py:186} INFO - Started process (PID=283) to work on /home/airflow/.local/lib/python3.12/site-packages/airflow/example_dags/example_sla_dag.py
[2024-11-20T07:29:31.983+0000] {processor.py:914} INFO - Processing file /home/airflow/.local/lib/python3.12/site-packages/airflow/example_dags/example_sla_dag.py for tasks to queue
[2024-11-20T07:29:31.986+0000] {logging_mixin.py:190} INFO - [2024-11-20T07:29:31.985+0000] {dagbag.py:588} INFO - Filling up the DagBag from /home/airflow/.local/lib/python3.12/site-packages/airflow/example_dags/example_sla_dag.py
[2024-11-20T07:29:31.997+0000] {processor.py:925} INFO - DAG(s) 'example_sla_dag' retrieved from /home/airflow/.local/lib/python3.12/site-packages/airflow/example_dags/example_sla_dag.py
[2024-11-20T07:29:32.020+0000] {logging_mixin.py:190} INFO - [2024-11-20T07:29:32.020+0000] {dag.py:3239} INFO - Sync 1 DAGs
[2024-11-20T07:29:32.060+0000] {logging_mixin.py:190} INFO - [2024-11-20T07:29:32.060+0000] {dag.py:4180} INFO - Setting next_dagrun for example_sla_dag to 2024-11-20 07:26:00+00:00, run_after=2024-11-20 07:28:00+00:00
[2024-11-20T07:29:32.084+0000] {processor.py:208} INFO - Processing /home/airflow/.local/lib/python3.12/site-packages/airflow/example_dags/example_sla_dag.py took 0.109 seconds
[2024-11-20T07:30:02.919+0000] {processor.py:186} INFO - Started process (PID=348) to work on /home/airflow/.local/lib/python3.12/site-packages/airflow/example_dags/example_sla_dag.py
[2024-11-20T07:30:02.920+0000] {processor.py:914} INFO - Processing file /home/airflow/.local/lib/python3.12/site-packages/airflow/example_dags/example_sla_dag.py for tasks to queue
[2024-11-20T07:30:02.923+0000] {logging_mixin.py:190} INFO - [2024-11-20T07:30:02.923+0000] {dagbag.py:588} INFO - Filling up the DagBag from /home/airflow/.local/lib/python3.12/site-packages/airflow/example_dags/example_sla_dag.py
[2024-11-20T07:30:02.934+0000] {processor.py:925} INFO - DAG(s) 'example_sla_dag' retrieved from /home/airflow/.local/lib/python3.12/site-packages/airflow/example_dags/example_sla_dag.py
[2024-11-20T07:30:02.958+0000] {logging_mixin.py:190} INFO - [2024-11-20T07:30:02.958+0000] {dag.py:3239} INFO - Sync 1 DAGs
[2024-11-20T07:30:02.987+0000] {logging_mixin.py:190} INFO - [2024-11-20T07:30:02.987+0000] {dag.py:4180} INFO - Setting next_dagrun for example_sla_dag to 2024-11-20 07:28:00+00:00, run_after=2024-11-20 07:30:00+00:00
[2024-11-20T07:30:03.010+0000] {processor.py:208} INFO - Processing /home/airflow/.local/lib/python3.12/site-packages/airflow/example_dags/example_sla_dag.py took 0.096 seconds
[2024-11-20T07:30:35.390+0000] {processor.py:186} INFO - Started process (PID=413) to work on /home/airflow/.local/lib/python3.12/site-packages/airflow/example_dags/example_sla_dag.py
[2024-11-20T07:30:35.391+0000] {processor.py:914} INFO - Processing file /home/airflow/.local/lib/python3.12/site-packages/airflow/example_dags/example_sla_dag.py for tasks to queue
[2024-11-20T07:30:35.395+0000] {logging_mixin.py:190} INFO - [2024-11-20T07:30:35.394+0000] {dagbag.py:588} INFO - Filling up the DagBag from /home/airflow/.local/lib/python3.12/site-packages/airflow/example_dags/example_sla_dag.py
[2024-11-20T07:30:35.410+0000] {processor.py:925} INFO - DAG(s) 'example_sla_dag' retrieved from /home/airflow/.local/lib/python3.12/site-packages/airflow/example_dags/example_sla_dag.py
[2024-11-20T07:30:35.434+0000] {logging_mixin.py:190} INFO - [2024-11-20T07:30:35.433+0000] {dag.py:3239} INFO - Sync 1 DAGs
[2024-11-20T07:30:35.473+0000] {logging_mixin.py:190} INFO - [2024-11-20T07:30:35.472+0000] {dag.py:4180} INFO - Setting next_dagrun for example_sla_dag to 2024-11-20 07:28:00+00:00, run_after=2024-11-20 07:30:00+00:00
[2024-11-20T07:30:35.495+0000] {processor.py:208} INFO - Processing /home/airflow/.local/lib/python3.12/site-packages/airflow/example_dags/example_sla_dag.py took 0.111 seconds
[2024-11-20T07:31:06.193+0000] {processor.py:186} INFO - Started process (PID=478) to work on /home/airflow/.local/lib/python3.12/site-packages/airflow/example_dags/example_sla_dag.py
[2024-11-20T07:31:06.194+0000] {processor.py:914} INFO - Processing file /home/airflow/.local/lib/python3.12/site-packages/airflow/example_dags/example_sla_dag.py for tasks to queue
[2024-11-20T07:31:06.196+0000] {logging_mixin.py:190} INFO - [2024-11-20T07:31:06.196+0000] {dagbag.py:588} INFO - Filling up the DagBag from /home/airflow/.local/lib/python3.12/site-packages/airflow/example_dags/example_sla_dag.py
[2024-11-20T07:31:06.207+0000] {processor.py:925} INFO - DAG(s) 'example_sla_dag' retrieved from /home/airflow/.local/lib/python3.12/site-packages/airflow/example_dags/example_sla_dag.py
[2024-11-20T07:31:06.233+0000] {logging_mixin.py:190} INFO - [2024-11-20T07:31:06.232+0000] {dag.py:3239} INFO - Sync 1 DAGs
[2024-11-20T07:31:06.267+0000] {logging_mixin.py:190} INFO - [2024-11-20T07:31:06.266+0000] {dag.py:4180} INFO - Setting next_dagrun for example_sla_dag to 2024-11-20 07:28:00+00:00, run_after=2024-11-20 07:30:00+00:00
[2024-11-20T07:31:06.291+0000] {processor.py:208} INFO - Processing /home/airflow/.local/lib/python3.12/site-packages/airflow/example_dags/example_sla_dag.py took 0.104 seconds
[2024-11-20T07:31:37.988+0000] {processor.py:186} INFO - Started process (PID=543) to work on /home/airflow/.local/lib/python3.12/site-packages/airflow/example_dags/example_sla_dag.py
[2024-11-20T07:31:37.989+0000] {processor.py:914} INFO - Processing file /home/airflow/.local/lib/python3.12/site-packages/airflow/example_dags/example_sla_dag.py for tasks to queue
[2024-11-20T07:31:37.992+0000] {logging_mixin.py:190} INFO - [2024-11-20T07:31:37.992+0000] {dagbag.py:588} INFO - Filling up the DagBag from /home/airflow/.local/lib/python3.12/site-packages/airflow/example_dags/example_sla_dag.py
[2024-11-20T07:31:38.003+0000] {processor.py:925} INFO - DAG(s) 'example_sla_dag' retrieved from /home/airflow/.local/lib/python3.12/site-packages/airflow/example_dags/example_sla_dag.py
[2024-11-20T07:31:38.027+0000] {logging_mixin.py:190} INFO - [2024-11-20T07:31:38.027+0000] {dag.py:3239} INFO - Sync 1 DAGs
[2024-11-20T07:31:38.062+0000] {logging_mixin.py:190} INFO - [2024-11-20T07:31:38.062+0000] {dag.py:4180} INFO - Setting next_dagrun for example_sla_dag to 2024-11-20 07:28:00+00:00, run_after=2024-11-20 07:30:00+00:00
[2024-11-20T07:31:38.088+0000] {processor.py:208} INFO - Processing /home/airflow/.local/lib/python3.12/site-packages/airflow/example_dags/example_sla_dag.py took 0.107 seconds
[2024-11-20T07:32:09.955+0000] {processor.py:186} INFO - Started process (PID=608) to work on /home/airflow/.local/lib/python3.12/site-packages/airflow/example_dags/example_sla_dag.py
[2024-11-20T07:32:09.957+0000] {processor.py:914} INFO - Processing file /home/airflow/.local/lib/python3.12/site-packages/airflow/example_dags/example_sla_dag.py for tasks to queue
[2024-11-20T07:32:09.961+0000] {logging_mixin.py:190} INFO - [2024-11-20T07:32:09.961+0000] {dagbag.py:588} INFO - Filling up the DagBag from /home/airflow/.local/lib/python3.12/site-packages/airflow/example_dags/example_sla_dag.py
[2024-11-20T07:32:09.976+0000] {processor.py:925} INFO - DAG(s) 'example_sla_dag' retrieved from /home/airflow/.local/lib/python3.12/site-packages/airflow/example_dags/example_sla_dag.py
[2024-11-20T07:32:10.006+0000] {logging_mixin.py:190} INFO - [2024-11-20T07:32:10.005+0000] {dag.py:3239} INFO - Sync 1 DAGs
[2024-11-20T07:32:10.051+0000] {logging_mixin.py:190} INFO - [2024-11-20T07:32:10.050+0000] {dag.py:4180} INFO - Setting next_dagrun for example_sla_dag to 2024-11-20 07:30:00+00:00, run_after=2024-11-20 07:32:00+00:00
[2024-11-20T07:32:10.082+0000] {processor.py:208} INFO - Processing /home/airflow/.local/lib/python3.12/site-packages/airflow/example_dags/example_sla_dag.py took 0.143 seconds
[2024-11-20T07:32:41.524+0000] {processor.py:186} INFO - Started process (PID=674) to work on /home/airflow/.local/lib/python3.12/site-packages/airflow/example_dags/example_sla_dag.py
[2024-11-20T07:32:41.526+0000] {processor.py:914} INFO - Processing file /home/airflow/.local/lib/python3.12/site-packages/airflow/example_dags/example_sla_dag.py for tasks to queue
[2024-11-20T07:32:41.530+0000] {logging_mixin.py:190} INFO - [2024-11-20T07:32:41.529+0000] {dagbag.py:588} INFO - Filling up the DagBag from /home/airflow/.local/lib/python3.12/site-packages/airflow/example_dags/example_sla_dag.py
[2024-11-20T07:32:41.547+0000] {processor.py:925} INFO - DAG(s) 'example_sla_dag' retrieved from /home/airflow/.local/lib/python3.12/site-packages/airflow/example_dags/example_sla_dag.py
[2024-11-20T07:32:41.573+0000] {logging_mixin.py:190} INFO - [2024-11-20T07:32:41.573+0000] {dag.py:3239} INFO - Sync 1 DAGs
[2024-11-20T07:32:41.606+0000] {logging_mixin.py:190} INFO - [2024-11-20T07:32:41.606+0000] {dag.py:4180} INFO - Setting next_dagrun for example_sla_dag to 2024-11-20 07:30:00+00:00, run_after=2024-11-20 07:32:00+00:00
[2024-11-20T07:32:41.632+0000] {processor.py:208} INFO - Processing /home/airflow/.local/lib/python3.12/site-packages/airflow/example_dags/example_sla_dag.py took 0.118 seconds
[2024-11-20T07:33:13.304+0000] {processor.py:186} INFO - Started process (PID=739) to work on /home/airflow/.local/lib/python3.12/site-packages/airflow/example_dags/example_sla_dag.py
[2024-11-20T07:33:13.305+0000] {processor.py:914} INFO - Processing file /home/airflow/.local/lib/python3.12/site-packages/airflow/example_dags/example_sla_dag.py for tasks to queue
[2024-11-20T07:33:13.309+0000] {logging_mixin.py:190} INFO - [2024-11-20T07:33:13.308+0000] {dagbag.py:588} INFO - Filling up the DagBag from /home/airflow/.local/lib/python3.12/site-packages/airflow/example_dags/example_sla_dag.py
[2024-11-20T07:33:13.321+0000] {processor.py:925} INFO - DAG(s) 'example_sla_dag' retrieved from /home/airflow/.local/lib/python3.12/site-packages/airflow/example_dags/example_sla_dag.py
[2024-11-20T07:33:13.344+0000] {logging_mixin.py:190} INFO - [2024-11-20T07:33:13.344+0000] {dag.py:3239} INFO - Sync 1 DAGs
[2024-11-20T07:33:13.380+0000] {logging_mixin.py:190} INFO - [2024-11-20T07:33:13.380+0000] {dag.py:4180} INFO - Setting next_dagrun for example_sla_dag to 2024-11-20 07:30:00+00:00, run_after=2024-11-20 07:32:00+00:00
[2024-11-20T07:33:13.402+0000] {processor.py:208} INFO - Processing /home/airflow/.local/lib/python3.12/site-packages/airflow/example_dags/example_sla_dag.py took 0.106 seconds
