[2024-11-20T07:26:11.439+0000] {processor.py:186} INFO - Started process (PID=142) to work on /home/airflow/.local/lib/python3.12/site-packages/airflow/example_dags/example_params_ui_tutorial.py
[2024-11-20T07:26:11.440+0000] {processor.py:914} INFO - Processing file /home/airflow/.local/lib/python3.12/site-packages/airflow/example_dags/example_params_ui_tutorial.py for tasks to queue
[2024-11-20T07:26:11.444+0000] {logging_mixin.py:190} INFO - [2024-11-20T07:26:11.443+0000] {dagbag.py:588} INFO - Filling up the DagBag from /home/airflow/.local/lib/python3.12/site-packages/airflow/example_dags/example_params_ui_tutorial.py
[2024-11-20T07:26:11.461+0000] {processor.py:925} INFO - DAG(s) 'example_params_ui_tutorial' retrieved from /home/airflow/.local/lib/python3.12/site-packages/airflow/example_dags/example_params_ui_tutorial.py
[2024-11-20T07:26:11.745+0000] {logging_mixin.py:190} INFO - [2024-11-20T07:26:11.744+0000] {override.py:1911} INFO - Created Permission View: can delete on DAG:example_params_ui_tutorial
[2024-11-20T07:26:11.762+0000] {logging_mixin.py:190} INFO - [2024-11-20T07:26:11.761+0000] {override.py:1911} INFO - Created Permission View: can read on DAG:example_params_ui_tutorial
[2024-11-20T07:26:11.775+0000] {logging_mixin.py:190} INFO - [2024-11-20T07:26:11.774+0000] {override.py:1911} INFO - Created Permission View: can edit on DAG:example_params_ui_tutorial
[2024-11-20T07:26:11.785+0000] {logging_mixin.py:190} INFO - [2024-11-20T07:26:11.784+0000] {override.py:1911} INFO - Created Permission View: can delete on DAG Run:example_params_ui_tutorial
[2024-11-20T07:26:11.795+0000] {logging_mixin.py:190} INFO - [2024-11-20T07:26:11.795+0000] {override.py:1911} INFO - Created Permission View: can read on DAG Run:example_params_ui_tutorial
[2024-11-20T07:26:11.805+0000] {logging_mixin.py:190} INFO - [2024-11-20T07:26:11.805+0000] {override.py:1911} INFO - Created Permission View: menu access on DAG Run:example_params_ui_tutorial
[2024-11-20T07:26:11.813+0000] {logging_mixin.py:190} INFO - [2024-11-20T07:26:11.813+0000] {override.py:1911} INFO - Created Permission View: can create on DAG Run:example_params_ui_tutorial
[2024-11-20T07:26:11.814+0000] {logging_mixin.py:190} INFO - [2024-11-20T07:26:11.814+0000] {dag.py:3239} INFO - Sync 1 DAGs
[2024-11-20T07:26:11.836+0000] {logging_mixin.py:190} INFO - [2024-11-20T07:26:11.836+0000] {dag.py:3262} INFO - Creating ORM DAG for example_params_ui_tutorial
[2024-11-20T07:26:11.837+0000] {logging_mixin.py:190} INFO - [2024-11-20T07:26:11.837+0000] {dag.py:4180} INFO - Setting next_dagrun for example_params_ui_tutorial to None, run_after=None
[2024-11-20T07:26:11.860+0000] {processor.py:208} INFO - Processing /home/airflow/.local/lib/python3.12/site-packages/airflow/example_dags/example_params_ui_tutorial.py took 0.429 seconds
[2024-11-20T07:26:42.617+0000] {processor.py:186} INFO - Started process (PID=206) to work on /home/airflow/.local/lib/python3.12/site-packages/airflow/example_dags/example_params_ui_tutorial.py
[2024-11-20T07:26:42.618+0000] {processor.py:914} INFO - Processing file /home/airflow/.local/lib/python3.12/site-packages/airflow/example_dags/example_params_ui_tutorial.py for tasks to queue
[2024-11-20T07:26:42.620+0000] {logging_mixin.py:190} INFO - [2024-11-20T07:26:42.620+0000] {dagbag.py:588} INFO - Filling up the DagBag from /home/airflow/.local/lib/python3.12/site-packages/airflow/example_dags/example_params_ui_tutorial.py
[2024-11-20T07:26:42.631+0000] {processor.py:925} INFO - DAG(s) 'example_params_ui_tutorial' retrieved from /home/airflow/.local/lib/python3.12/site-packages/airflow/example_dags/example_params_ui_tutorial.py
[2024-11-20T07:26:42.687+0000] {logging_mixin.py:190} INFO - [2024-11-20T07:26:42.687+0000] {dag.py:3239} INFO - Sync 1 DAGs
[2024-11-20T07:26:42.706+0000] {logging_mixin.py:190} INFO - [2024-11-20T07:26:42.705+0000] {dag.py:4180} INFO - Setting next_dagrun for example_params_ui_tutorial to None, run_after=None
[2024-11-20T07:26:42.733+0000] {processor.py:208} INFO - Processing /home/airflow/.local/lib/python3.12/site-packages/airflow/example_dags/example_params_ui_tutorial.py took 0.122 seconds
[2024-11-20T07:28:28.160+0000] {processor.py:186} INFO - Started process (PID=142) to work on /home/airflow/.local/lib/python3.12/site-packages/airflow/example_dags/example_params_ui_tutorial.py
[2024-11-20T07:28:28.162+0000] {processor.py:914} INFO - Processing file /home/airflow/.local/lib/python3.12/site-packages/airflow/example_dags/example_params_ui_tutorial.py for tasks to queue
[2024-11-20T07:28:28.166+0000] {logging_mixin.py:190} INFO - [2024-11-20T07:28:28.165+0000] {dagbag.py:588} INFO - Filling up the DagBag from /home/airflow/.local/lib/python3.12/site-packages/airflow/example_dags/example_params_ui_tutorial.py
[2024-11-20T07:28:28.179+0000] {processor.py:925} INFO - DAG(s) 'example_params_ui_tutorial' retrieved from /home/airflow/.local/lib/python3.12/site-packages/airflow/example_dags/example_params_ui_tutorial.py
[2024-11-20T07:28:28.242+0000] {logging_mixin.py:190} INFO - [2024-11-20T07:28:28.242+0000] {dag.py:3239} INFO - Sync 1 DAGs
[2024-11-20T07:28:28.262+0000] {logging_mixin.py:190} INFO - [2024-11-20T07:28:28.261+0000] {dag.py:4180} INFO - Setting next_dagrun for example_params_ui_tutorial to None, run_after=None
[2024-11-20T07:28:28.295+0000] {processor.py:208} INFO - Processing /home/airflow/.local/lib/python3.12/site-packages/airflow/example_dags/example_params_ui_tutorial.py took 0.141 seconds
[2024-11-20T07:28:59.894+0000] {processor.py:186} INFO - Started process (PID=207) to work on /home/airflow/.local/lib/python3.12/site-packages/airflow/example_dags/example_params_ui_tutorial.py
[2024-11-20T07:28:59.896+0000] {processor.py:914} INFO - Processing file /home/airflow/.local/lib/python3.12/site-packages/airflow/example_dags/example_params_ui_tutorial.py for tasks to queue
[2024-11-20T07:28:59.898+0000] {logging_mixin.py:190} INFO - [2024-11-20T07:28:59.898+0000] {dagbag.py:588} INFO - Filling up the DagBag from /home/airflow/.local/lib/python3.12/site-packages/airflow/example_dags/example_params_ui_tutorial.py
[2024-11-20T07:28:59.906+0000] {processor.py:925} INFO - DAG(s) 'example_params_ui_tutorial' retrieved from /home/airflow/.local/lib/python3.12/site-packages/airflow/example_dags/example_params_ui_tutorial.py
[2024-11-20T07:28:59.950+0000] {logging_mixin.py:190} INFO - [2024-11-20T07:28:59.950+0000] {dag.py:3239} INFO - Sync 1 DAGs
[2024-11-20T07:28:59.967+0000] {logging_mixin.py:190} INFO - [2024-11-20T07:28:59.966+0000] {dag.py:4180} INFO - Setting next_dagrun for example_params_ui_tutorial to None, run_after=None
[2024-11-20T07:28:59.992+0000] {processor.py:208} INFO - Processing /home/airflow/.local/lib/python3.12/site-packages/airflow/example_dags/example_params_ui_tutorial.py took 0.102 seconds
[2024-11-20T07:29:31.035+0000] {processor.py:186} INFO - Started process (PID=272) to work on /home/airflow/.local/lib/python3.12/site-packages/airflow/example_dags/example_params_ui_tutorial.py
[2024-11-20T07:29:31.036+0000] {processor.py:914} INFO - Processing file /home/airflow/.local/lib/python3.12/site-packages/airflow/example_dags/example_params_ui_tutorial.py for tasks to queue
[2024-11-20T07:29:31.039+0000] {logging_mixin.py:190} INFO - [2024-11-20T07:29:31.039+0000] {dagbag.py:588} INFO - Filling up the DagBag from /home/airflow/.local/lib/python3.12/site-packages/airflow/example_dags/example_params_ui_tutorial.py
[2024-11-20T07:29:31.048+0000] {processor.py:925} INFO - DAG(s) 'example_params_ui_tutorial' retrieved from /home/airflow/.local/lib/python3.12/site-packages/airflow/example_dags/example_params_ui_tutorial.py
[2024-11-20T07:29:31.105+0000] {logging_mixin.py:190} INFO - [2024-11-20T07:29:31.105+0000] {dag.py:3239} INFO - Sync 1 DAGs
[2024-11-20T07:29:31.124+0000] {logging_mixin.py:190} INFO - [2024-11-20T07:29:31.124+0000] {dag.py:4180} INFO - Setting next_dagrun for example_params_ui_tutorial to None, run_after=None
[2024-11-20T07:29:31.150+0000] {processor.py:208} INFO - Processing /home/airflow/.local/lib/python3.12/site-packages/airflow/example_dags/example_params_ui_tutorial.py took 0.121 seconds
[2024-11-20T07:30:02.025+0000] {processor.py:186} INFO - Started process (PID=337) to work on /home/airflow/.local/lib/python3.12/site-packages/airflow/example_dags/example_params_ui_tutorial.py
[2024-11-20T07:30:02.027+0000] {processor.py:914} INFO - Processing file /home/airflow/.local/lib/python3.12/site-packages/airflow/example_dags/example_params_ui_tutorial.py for tasks to queue
[2024-11-20T07:30:02.036+0000] {logging_mixin.py:190} INFO - [2024-11-20T07:30:02.035+0000] {dagbag.py:588} INFO - Filling up the DagBag from /home/airflow/.local/lib/python3.12/site-packages/airflow/example_dags/example_params_ui_tutorial.py
[2024-11-20T07:30:02.049+0000] {processor.py:925} INFO - DAG(s) 'example_params_ui_tutorial' retrieved from /home/airflow/.local/lib/python3.12/site-packages/airflow/example_dags/example_params_ui_tutorial.py
[2024-11-20T07:30:02.104+0000] {logging_mixin.py:190} INFO - [2024-11-20T07:30:02.103+0000] {dag.py:3239} INFO - Sync 1 DAGs
[2024-11-20T07:30:02.119+0000] {logging_mixin.py:190} INFO - [2024-11-20T07:30:02.119+0000] {dag.py:4180} INFO - Setting next_dagrun for example_params_ui_tutorial to None, run_after=None
[2024-11-20T07:30:02.144+0000] {processor.py:208} INFO - Processing /home/airflow/.local/lib/python3.12/site-packages/airflow/example_dags/example_params_ui_tutorial.py took 0.125 seconds
[2024-11-20T07:30:34.155+0000] {processor.py:186} INFO - Started process (PID=402) to work on /home/airflow/.local/lib/python3.12/site-packages/airflow/example_dags/example_params_ui_tutorial.py
[2024-11-20T07:30:34.157+0000] {processor.py:914} INFO - Processing file /home/airflow/.local/lib/python3.12/site-packages/airflow/example_dags/example_params_ui_tutorial.py for tasks to queue
[2024-11-20T07:30:34.159+0000] {logging_mixin.py:190} INFO - [2024-11-20T07:30:34.159+0000] {dagbag.py:588} INFO - Filling up the DagBag from /home/airflow/.local/lib/python3.12/site-packages/airflow/example_dags/example_params_ui_tutorial.py
[2024-11-20T07:30:34.170+0000] {processor.py:925} INFO - DAG(s) 'example_params_ui_tutorial' retrieved from /home/airflow/.local/lib/python3.12/site-packages/airflow/example_dags/example_params_ui_tutorial.py
[2024-11-20T07:30:34.234+0000] {logging_mixin.py:190} INFO - [2024-11-20T07:30:34.234+0000] {dag.py:3239} INFO - Sync 1 DAGs
[2024-11-20T07:30:34.254+0000] {logging_mixin.py:190} INFO - [2024-11-20T07:30:34.253+0000] {dag.py:4180} INFO - Setting next_dagrun for example_params_ui_tutorial to None, run_after=None
[2024-11-20T07:30:34.275+0000] {processor.py:208} INFO - Processing /home/airflow/.local/lib/python3.12/site-packages/airflow/example_dags/example_params_ui_tutorial.py took 0.127 seconds
[2024-11-20T07:31:05.115+0000] {processor.py:186} INFO - Started process (PID=467) to work on /home/airflow/.local/lib/python3.12/site-packages/airflow/example_dags/example_params_ui_tutorial.py
[2024-11-20T07:31:05.116+0000] {processor.py:914} INFO - Processing file /home/airflow/.local/lib/python3.12/site-packages/airflow/example_dags/example_params_ui_tutorial.py for tasks to queue
[2024-11-20T07:31:05.119+0000] {logging_mixin.py:190} INFO - [2024-11-20T07:31:05.119+0000] {dagbag.py:588} INFO - Filling up the DagBag from /home/airflow/.local/lib/python3.12/site-packages/airflow/example_dags/example_params_ui_tutorial.py
[2024-11-20T07:31:05.133+0000] {processor.py:925} INFO - DAG(s) 'example_params_ui_tutorial' retrieved from /home/airflow/.local/lib/python3.12/site-packages/airflow/example_dags/example_params_ui_tutorial.py
[2024-11-20T07:31:05.197+0000] {logging_mixin.py:190} INFO - [2024-11-20T07:31:05.197+0000] {dag.py:3239} INFO - Sync 1 DAGs
[2024-11-20T07:31:05.220+0000] {logging_mixin.py:190} INFO - [2024-11-20T07:31:05.219+0000] {dag.py:4180} INFO - Setting next_dagrun for example_params_ui_tutorial to None, run_after=None
[2024-11-20T07:31:05.244+0000] {processor.py:208} INFO - Processing /home/airflow/.local/lib/python3.12/site-packages/airflow/example_dags/example_params_ui_tutorial.py took 0.136 seconds
[2024-11-20T07:31:37.034+0000] {processor.py:186} INFO - Started process (PID=532) to work on /home/airflow/.local/lib/python3.12/site-packages/airflow/example_dags/example_params_ui_tutorial.py
[2024-11-20T07:31:37.036+0000] {processor.py:914} INFO - Processing file /home/airflow/.local/lib/python3.12/site-packages/airflow/example_dags/example_params_ui_tutorial.py for tasks to queue
[2024-11-20T07:31:37.039+0000] {logging_mixin.py:190} INFO - [2024-11-20T07:31:37.038+0000] {dagbag.py:588} INFO - Filling up the DagBag from /home/airflow/.local/lib/python3.12/site-packages/airflow/example_dags/example_params_ui_tutorial.py
[2024-11-20T07:31:37.048+0000] {processor.py:925} INFO - DAG(s) 'example_params_ui_tutorial' retrieved from /home/airflow/.local/lib/python3.12/site-packages/airflow/example_dags/example_params_ui_tutorial.py
[2024-11-20T07:31:37.096+0000] {logging_mixin.py:190} INFO - [2024-11-20T07:31:37.096+0000] {dag.py:3239} INFO - Sync 1 DAGs
[2024-11-20T07:31:37.113+0000] {logging_mixin.py:190} INFO - [2024-11-20T07:31:37.113+0000] {dag.py:4180} INFO - Setting next_dagrun for example_params_ui_tutorial to None, run_after=None
[2024-11-20T07:31:37.135+0000] {processor.py:208} INFO - Processing /home/airflow/.local/lib/python3.12/site-packages/airflow/example_dags/example_params_ui_tutorial.py took 0.109 seconds
[2024-11-20T07:32:08.185+0000] {processor.py:186} INFO - Started process (PID=597) to work on /home/airflow/.local/lib/python3.12/site-packages/airflow/example_dags/example_params_ui_tutorial.py
[2024-11-20T07:32:08.186+0000] {processor.py:914} INFO - Processing file /home/airflow/.local/lib/python3.12/site-packages/airflow/example_dags/example_params_ui_tutorial.py for tasks to queue
[2024-11-20T07:32:08.190+0000] {logging_mixin.py:190} INFO - [2024-11-20T07:32:08.189+0000] {dagbag.py:588} INFO - Filling up the DagBag from /home/airflow/.local/lib/python3.12/site-packages/airflow/example_dags/example_params_ui_tutorial.py
[2024-11-20T07:32:08.204+0000] {processor.py:925} INFO - DAG(s) 'example_params_ui_tutorial' retrieved from /home/airflow/.local/lib/python3.12/site-packages/airflow/example_dags/example_params_ui_tutorial.py
[2024-11-20T07:32:08.269+0000] {logging_mixin.py:190} INFO - [2024-11-20T07:32:08.268+0000] {dag.py:3239} INFO - Sync 1 DAGs
[2024-11-20T07:32:08.295+0000] {logging_mixin.py:190} INFO - [2024-11-20T07:32:08.295+0000] {dag.py:4180} INFO - Setting next_dagrun for example_params_ui_tutorial to None, run_after=None
[2024-11-20T07:32:08.346+0000] {processor.py:208} INFO - Processing /home/airflow/.local/lib/python3.12/site-packages/airflow/example_dags/example_params_ui_tutorial.py took 0.169 seconds
[2024-11-20T07:32:40.095+0000] {processor.py:186} INFO - Started process (PID=662) to work on /home/airflow/.local/lib/python3.12/site-packages/airflow/example_dags/example_params_ui_tutorial.py
[2024-11-20T07:32:40.096+0000] {processor.py:914} INFO - Processing file /home/airflow/.local/lib/python3.12/site-packages/airflow/example_dags/example_params_ui_tutorial.py for tasks to queue
[2024-11-20T07:32:40.099+0000] {logging_mixin.py:190} INFO - [2024-11-20T07:32:40.098+0000] {dagbag.py:588} INFO - Filling up the DagBag from /home/airflow/.local/lib/python3.12/site-packages/airflow/example_dags/example_params_ui_tutorial.py
[2024-11-20T07:32:40.110+0000] {processor.py:925} INFO - DAG(s) 'example_params_ui_tutorial' retrieved from /home/airflow/.local/lib/python3.12/site-packages/airflow/example_dags/example_params_ui_tutorial.py
[2024-11-20T07:32:40.174+0000] {logging_mixin.py:190} INFO - [2024-11-20T07:32:40.174+0000] {dag.py:3239} INFO - Sync 1 DAGs
[2024-11-20T07:32:40.197+0000] {logging_mixin.py:190} INFO - [2024-11-20T07:32:40.196+0000] {dag.py:4180} INFO - Setting next_dagrun for example_params_ui_tutorial to None, run_after=None
[2024-11-20T07:32:40.226+0000] {processor.py:208} INFO - Processing /home/airflow/.local/lib/python3.12/site-packages/airflow/example_dags/example_params_ui_tutorial.py took 0.137 seconds
[2024-11-20T07:33:11.848+0000] {processor.py:186} INFO - Started process (PID=727) to work on /home/airflow/.local/lib/python3.12/site-packages/airflow/example_dags/example_params_ui_tutorial.py
[2024-11-20T07:33:11.849+0000] {processor.py:914} INFO - Processing file /home/airflow/.local/lib/python3.12/site-packages/airflow/example_dags/example_params_ui_tutorial.py for tasks to queue
[2024-11-20T07:33:11.852+0000] {logging_mixin.py:190} INFO - [2024-11-20T07:33:11.852+0000] {dagbag.py:588} INFO - Filling up the DagBag from /home/airflow/.local/lib/python3.12/site-packages/airflow/example_dags/example_params_ui_tutorial.py
[2024-11-20T07:33:11.866+0000] {processor.py:925} INFO - DAG(s) 'example_params_ui_tutorial' retrieved from /home/airflow/.local/lib/python3.12/site-packages/airflow/example_dags/example_params_ui_tutorial.py
[2024-11-20T07:33:11.935+0000] {logging_mixin.py:190} INFO - [2024-11-20T07:33:11.935+0000] {dag.py:3239} INFO - Sync 1 DAGs
[2024-11-20T07:33:11.956+0000] {logging_mixin.py:190} INFO - [2024-11-20T07:33:11.956+0000] {dag.py:4180} INFO - Setting next_dagrun for example_params_ui_tutorial to None, run_after=None
[2024-11-20T07:33:11.983+0000] {processor.py:208} INFO - Processing /home/airflow/.local/lib/python3.12/site-packages/airflow/example_dags/example_params_ui_tutorial.py took 0.143 seconds
