[2024-11-20T07:26:07.667+0000] {processor.py:186} INFO - Started process (PID=127) to work on /home/airflow/.local/lib/python3.12/site-packages/airflow/example_dags/example_python_decorator.py
[2024-11-20T07:26:07.669+0000] {processor.py:914} INFO - Processing file /home/airflow/.local/lib/python3.12/site-packages/airflow/example_dags/example_python_decorator.py for tasks to queue
[2024-11-20T07:26:07.672+0000] {logging_mixin.py:190} INFO - [2024-11-20T07:26:07.671+0000] {dagbag.py:588} INFO - Filling up the DagBag from /home/airflow/.local/lib/python3.12/site-packages/airflow/example_dags/example_python_decorator.py
[2024-11-20T07:26:07.693+0000] {processor.py:925} INFO - DAG(s) 'example_python_decorator' retrieved from /home/airflow/.local/lib/python3.12/site-packages/airflow/example_dags/example_python_decorator.py
[2024-11-20T07:26:07.898+0000] {logging_mixin.py:190} INFO - [2024-11-20T07:26:07.897+0000] {override.py:1911} INFO - Created Permission View: can delete on DAG:example_python_decorator
[2024-11-20T07:26:07.916+0000] {logging_mixin.py:190} INFO - [2024-11-20T07:26:07.915+0000] {override.py:1911} INFO - Created Permission View: can read on DAG:example_python_decorator
[2024-11-20T07:26:07.928+0000] {logging_mixin.py:190} INFO - [2024-11-20T07:26:07.927+0000] {override.py:1911} INFO - Created Permission View: can edit on DAG:example_python_decorator
[2024-11-20T07:26:07.940+0000] {logging_mixin.py:190} INFO - [2024-11-20T07:26:07.940+0000] {override.py:1911} INFO - Created Permission View: can delete on DAG Run:example_python_decorator
[2024-11-20T07:26:07.950+0000] {logging_mixin.py:190} INFO - [2024-11-20T07:26:07.950+0000] {override.py:1911} INFO - Created Permission View: can read on DAG Run:example_python_decorator
[2024-11-20T07:26:07.962+0000] {logging_mixin.py:190} INFO - [2024-11-20T07:26:07.961+0000] {override.py:1911} INFO - Created Permission View: menu access on DAG Run:example_python_decorator
[2024-11-20T07:26:07.976+0000] {logging_mixin.py:190} INFO - [2024-11-20T07:26:07.975+0000] {override.py:1911} INFO - Created Permission View: can create on DAG Run:example_python_decorator
[2024-11-20T07:26:07.977+0000] {logging_mixin.py:190} INFO - [2024-11-20T07:26:07.976+0000] {dag.py:3239} INFO - Sync 1 DAGs
[2024-11-20T07:26:07.998+0000] {logging_mixin.py:190} INFO - [2024-11-20T07:26:07.997+0000] {dag.py:3262} INFO - Creating ORM DAG for example_python_decorator
[2024-11-20T07:26:07.999+0000] {logging_mixin.py:190} INFO - [2024-11-20T07:26:07.999+0000] {dag.py:4180} INFO - Setting next_dagrun for example_python_decorator to None, run_after=None
[2024-11-20T07:26:08.034+0000] {processor.py:208} INFO - Processing /home/airflow/.local/lib/python3.12/site-packages/airflow/example_dags/example_python_decorator.py took 0.375 seconds
[2024-11-20T07:26:38.346+0000] {processor.py:186} INFO - Started process (PID=192) to work on /home/airflow/.local/lib/python3.12/site-packages/airflow/example_dags/example_python_decorator.py
[2024-11-20T07:26:38.347+0000] {processor.py:914} INFO - Processing file /home/airflow/.local/lib/python3.12/site-packages/airflow/example_dags/example_python_decorator.py for tasks to queue
[2024-11-20T07:26:38.350+0000] {logging_mixin.py:190} INFO - [2024-11-20T07:26:38.350+0000] {dagbag.py:588} INFO - Filling up the DagBag from /home/airflow/.local/lib/python3.12/site-packages/airflow/example_dags/example_python_decorator.py
[2024-11-20T07:26:38.368+0000] {processor.py:925} INFO - DAG(s) 'example_python_decorator' retrieved from /home/airflow/.local/lib/python3.12/site-packages/airflow/example_dags/example_python_decorator.py
[2024-11-20T07:26:38.394+0000] {logging_mixin.py:190} INFO - [2024-11-20T07:26:38.393+0000] {dag.py:3239} INFO - Sync 1 DAGs
[2024-11-20T07:26:38.411+0000] {logging_mixin.py:190} INFO - [2024-11-20T07:26:38.411+0000] {dag.py:4180} INFO - Setting next_dagrun for example_python_decorator to None, run_after=None
[2024-11-20T07:26:38.434+0000] {processor.py:208} INFO - Processing /home/airflow/.local/lib/python3.12/site-packages/airflow/example_dags/example_python_decorator.py took 0.095 seconds
[2024-11-20T07:28:26.560+0000] {processor.py:186} INFO - Started process (PID=127) to work on /home/airflow/.local/lib/python3.12/site-packages/airflow/example_dags/example_python_decorator.py
[2024-11-20T07:28:26.561+0000] {processor.py:914} INFO - Processing file /home/airflow/.local/lib/python3.12/site-packages/airflow/example_dags/example_python_decorator.py for tasks to queue
[2024-11-20T07:28:26.564+0000] {logging_mixin.py:190} INFO - [2024-11-20T07:28:26.563+0000] {dagbag.py:588} INFO - Filling up the DagBag from /home/airflow/.local/lib/python3.12/site-packages/airflow/example_dags/example_python_decorator.py
[2024-11-20T07:28:26.583+0000] {processor.py:925} INFO - DAG(s) 'example_python_decorator' retrieved from /home/airflow/.local/lib/python3.12/site-packages/airflow/example_dags/example_python_decorator.py
[2024-11-20T07:28:26.788+0000] {logging_mixin.py:190} INFO - [2024-11-20T07:28:26.787+0000] {dag.py:3239} INFO - Sync 1 DAGs
[2024-11-20T07:28:26.813+0000] {logging_mixin.py:190} INFO - [2024-11-20T07:28:26.812+0000] {dag.py:4180} INFO - Setting next_dagrun for example_python_decorator to None, run_after=None
[2024-11-20T07:28:26.844+0000] {processor.py:208} INFO - Processing /home/airflow/.local/lib/python3.12/site-packages/airflow/example_dags/example_python_decorator.py took 0.291 seconds
[2024-11-20T07:28:58.138+0000] {processor.py:186} INFO - Started process (PID=198) to work on /home/airflow/.local/lib/python3.12/site-packages/airflow/example_dags/example_python_decorator.py
[2024-11-20T07:28:58.140+0000] {processor.py:914} INFO - Processing file /home/airflow/.local/lib/python3.12/site-packages/airflow/example_dags/example_python_decorator.py for tasks to queue
[2024-11-20T07:28:58.143+0000] {logging_mixin.py:190} INFO - [2024-11-20T07:28:58.142+0000] {dagbag.py:588} INFO - Filling up the DagBag from /home/airflow/.local/lib/python3.12/site-packages/airflow/example_dags/example_python_decorator.py
[2024-11-20T07:28:58.156+0000] {processor.py:925} INFO - DAG(s) 'example_python_decorator' retrieved from /home/airflow/.local/lib/python3.12/site-packages/airflow/example_dags/example_python_decorator.py
[2024-11-20T07:28:58.181+0000] {logging_mixin.py:190} INFO - [2024-11-20T07:28:58.180+0000] {dag.py:3239} INFO - Sync 1 DAGs
[2024-11-20T07:28:58.201+0000] {logging_mixin.py:190} INFO - [2024-11-20T07:28:58.201+0000] {dag.py:4180} INFO - Setting next_dagrun for example_python_decorator to None, run_after=None
[2024-11-20T07:28:58.227+0000] {processor.py:208} INFO - Processing /home/airflow/.local/lib/python3.12/site-packages/airflow/example_dags/example_python_decorator.py took 0.095 seconds
[2024-11-20T07:29:29.486+0000] {processor.py:186} INFO - Started process (PID=263) to work on /home/airflow/.local/lib/python3.12/site-packages/airflow/example_dags/example_python_decorator.py
[2024-11-20T07:29:29.487+0000] {processor.py:914} INFO - Processing file /home/airflow/.local/lib/python3.12/site-packages/airflow/example_dags/example_python_decorator.py for tasks to queue
[2024-11-20T07:29:29.491+0000] {logging_mixin.py:190} INFO - [2024-11-20T07:29:29.490+0000] {dagbag.py:588} INFO - Filling up the DagBag from /home/airflow/.local/lib/python3.12/site-packages/airflow/example_dags/example_python_decorator.py
[2024-11-20T07:29:29.510+0000] {processor.py:925} INFO - DAG(s) 'example_python_decorator' retrieved from /home/airflow/.local/lib/python3.12/site-packages/airflow/example_dags/example_python_decorator.py
[2024-11-20T07:29:29.539+0000] {logging_mixin.py:190} INFO - [2024-11-20T07:29:29.538+0000] {dag.py:3239} INFO - Sync 1 DAGs
[2024-11-20T07:29:29.561+0000] {logging_mixin.py:190} INFO - [2024-11-20T07:29:29.560+0000] {dag.py:4180} INFO - Setting next_dagrun for example_python_decorator to None, run_after=None
[2024-11-20T07:29:29.584+0000] {processor.py:208} INFO - Processing /home/airflow/.local/lib/python3.12/site-packages/airflow/example_dags/example_python_decorator.py took 0.106 seconds
[2024-11-20T07:30:00.501+0000] {processor.py:186} INFO - Started process (PID=328) to work on /home/airflow/.local/lib/python3.12/site-packages/airflow/example_dags/example_python_decorator.py
[2024-11-20T07:30:00.502+0000] {processor.py:914} INFO - Processing file /home/airflow/.local/lib/python3.12/site-packages/airflow/example_dags/example_python_decorator.py for tasks to queue
[2024-11-20T07:30:00.505+0000] {logging_mixin.py:190} INFO - [2024-11-20T07:30:00.505+0000] {dagbag.py:588} INFO - Filling up the DagBag from /home/airflow/.local/lib/python3.12/site-packages/airflow/example_dags/example_python_decorator.py
[2024-11-20T07:30:00.524+0000] {processor.py:925} INFO - DAG(s) 'example_python_decorator' retrieved from /home/airflow/.local/lib/python3.12/site-packages/airflow/example_dags/example_python_decorator.py
[2024-11-20T07:30:00.552+0000] {logging_mixin.py:190} INFO - [2024-11-20T07:30:00.552+0000] {dag.py:3239} INFO - Sync 1 DAGs
[2024-11-20T07:30:00.572+0000] {logging_mixin.py:190} INFO - [2024-11-20T07:30:00.572+0000] {dag.py:4180} INFO - Setting next_dagrun for example_python_decorator to None, run_after=None
[2024-11-20T07:30:00.599+0000] {processor.py:208} INFO - Processing /home/airflow/.local/lib/python3.12/site-packages/airflow/example_dags/example_python_decorator.py took 0.105 seconds
[2024-11-20T07:30:32.430+0000] {processor.py:186} INFO - Started process (PID=393) to work on /home/airflow/.local/lib/python3.12/site-packages/airflow/example_dags/example_python_decorator.py
[2024-11-20T07:30:32.431+0000] {processor.py:914} INFO - Processing file /home/airflow/.local/lib/python3.12/site-packages/airflow/example_dags/example_python_decorator.py for tasks to queue
[2024-11-20T07:30:32.434+0000] {logging_mixin.py:190} INFO - [2024-11-20T07:30:32.433+0000] {dagbag.py:588} INFO - Filling up the DagBag from /home/airflow/.local/lib/python3.12/site-packages/airflow/example_dags/example_python_decorator.py
[2024-11-20T07:30:32.447+0000] {processor.py:925} INFO - DAG(s) 'example_python_decorator' retrieved from /home/airflow/.local/lib/python3.12/site-packages/airflow/example_dags/example_python_decorator.py
[2024-11-20T07:30:32.473+0000] {logging_mixin.py:190} INFO - [2024-11-20T07:30:32.473+0000] {dag.py:3239} INFO - Sync 1 DAGs
[2024-11-20T07:30:32.495+0000] {logging_mixin.py:190} INFO - [2024-11-20T07:30:32.495+0000] {dag.py:4180} INFO - Setting next_dagrun for example_python_decorator to None, run_after=None
[2024-11-20T07:30:32.520+0000] {processor.py:208} INFO - Processing /home/airflow/.local/lib/python3.12/site-packages/airflow/example_dags/example_python_decorator.py took 0.096 seconds
[2024-11-20T07:31:03.480+0000] {processor.py:186} INFO - Started process (PID=458) to work on /home/airflow/.local/lib/python3.12/site-packages/airflow/example_dags/example_python_decorator.py
[2024-11-20T07:31:03.482+0000] {processor.py:914} INFO - Processing file /home/airflow/.local/lib/python3.12/site-packages/airflow/example_dags/example_python_decorator.py for tasks to queue
[2024-11-20T07:31:03.485+0000] {logging_mixin.py:190} INFO - [2024-11-20T07:31:03.485+0000] {dagbag.py:588} INFO - Filling up the DagBag from /home/airflow/.local/lib/python3.12/site-packages/airflow/example_dags/example_python_decorator.py
[2024-11-20T07:31:03.508+0000] {processor.py:925} INFO - DAG(s) 'example_python_decorator' retrieved from /home/airflow/.local/lib/python3.12/site-packages/airflow/example_dags/example_python_decorator.py
[2024-11-20T07:31:03.541+0000] {logging_mixin.py:190} INFO - [2024-11-20T07:31:03.541+0000] {dag.py:3239} INFO - Sync 1 DAGs
[2024-11-20T07:31:03.563+0000] {logging_mixin.py:190} INFO - [2024-11-20T07:31:03.563+0000] {dag.py:4180} INFO - Setting next_dagrun for example_python_decorator to None, run_after=None
[2024-11-20T07:31:03.592+0000] {processor.py:208} INFO - Processing /home/airflow/.local/lib/python3.12/site-packages/airflow/example_dags/example_python_decorator.py took 0.121 seconds
[2024-11-20T07:31:35.438+0000] {processor.py:186} INFO - Started process (PID=523) to work on /home/airflow/.local/lib/python3.12/site-packages/airflow/example_dags/example_python_decorator.py
[2024-11-20T07:31:35.440+0000] {processor.py:914} INFO - Processing file /home/airflow/.local/lib/python3.12/site-packages/airflow/example_dags/example_python_decorator.py for tasks to queue
[2024-11-20T07:31:35.442+0000] {logging_mixin.py:190} INFO - [2024-11-20T07:31:35.442+0000] {dagbag.py:588} INFO - Filling up the DagBag from /home/airflow/.local/lib/python3.12/site-packages/airflow/example_dags/example_python_decorator.py
[2024-11-20T07:31:35.456+0000] {processor.py:925} INFO - DAG(s) 'example_python_decorator' retrieved from /home/airflow/.local/lib/python3.12/site-packages/airflow/example_dags/example_python_decorator.py
[2024-11-20T07:31:35.481+0000] {logging_mixin.py:190} INFO - [2024-11-20T07:31:35.481+0000] {dag.py:3239} INFO - Sync 1 DAGs
[2024-11-20T07:31:35.496+0000] {logging_mixin.py:190} INFO - [2024-11-20T07:31:35.496+0000] {dag.py:4180} INFO - Setting next_dagrun for example_python_decorator to None, run_after=None
[2024-11-20T07:31:35.518+0000] {processor.py:208} INFO - Processing /home/airflow/.local/lib/python3.12/site-packages/airflow/example_dags/example_python_decorator.py took 0.085 seconds
[2024-11-20T07:32:07.048+0000] {processor.py:186} INFO - Started process (PID=588) to work on /home/airflow/.local/lib/python3.12/site-packages/airflow/example_dags/example_python_decorator.py
[2024-11-20T07:32:07.049+0000] {processor.py:914} INFO - Processing file /home/airflow/.local/lib/python3.12/site-packages/airflow/example_dags/example_python_decorator.py for tasks to queue
[2024-11-20T07:32:07.052+0000] {logging_mixin.py:190} INFO - [2024-11-20T07:32:07.051+0000] {dagbag.py:588} INFO - Filling up the DagBag from /home/airflow/.local/lib/python3.12/site-packages/airflow/example_dags/example_python_decorator.py
[2024-11-20T07:32:07.067+0000] {processor.py:925} INFO - DAG(s) 'example_python_decorator' retrieved from /home/airflow/.local/lib/python3.12/site-packages/airflow/example_dags/example_python_decorator.py
[2024-11-20T07:32:07.098+0000] {logging_mixin.py:190} INFO - [2024-11-20T07:32:07.097+0000] {dag.py:3239} INFO - Sync 1 DAGs
[2024-11-20T07:32:07.117+0000] {logging_mixin.py:190} INFO - [2024-11-20T07:32:07.117+0000] {dag.py:4180} INFO - Setting next_dagrun for example_python_decorator to None, run_after=None
[2024-11-20T07:32:07.142+0000] {processor.py:208} INFO - Processing /home/airflow/.local/lib/python3.12/site-packages/airflow/example_dags/example_python_decorator.py took 0.100 seconds
[2024-11-20T07:32:38.930+0000] {processor.py:186} INFO - Started process (PID=654) to work on /home/airflow/.local/lib/python3.12/site-packages/airflow/example_dags/example_python_decorator.py
[2024-11-20T07:32:38.932+0000] {processor.py:914} INFO - Processing file /home/airflow/.local/lib/python3.12/site-packages/airflow/example_dags/example_python_decorator.py for tasks to queue
[2024-11-20T07:32:38.938+0000] {logging_mixin.py:190} INFO - [2024-11-20T07:32:38.937+0000] {dagbag.py:588} INFO - Filling up the DagBag from /home/airflow/.local/lib/python3.12/site-packages/airflow/example_dags/example_python_decorator.py
[2024-11-20T07:32:38.963+0000] {processor.py:925} INFO - DAG(s) 'example_python_decorator' retrieved from /home/airflow/.local/lib/python3.12/site-packages/airflow/example_dags/example_python_decorator.py
[2024-11-20T07:32:39.000+0000] {logging_mixin.py:190} INFO - [2024-11-20T07:32:39.000+0000] {dag.py:3239} INFO - Sync 1 DAGs
[2024-11-20T07:32:39.025+0000] {logging_mixin.py:190} INFO - [2024-11-20T07:32:39.024+0000] {dag.py:4180} INFO - Setting next_dagrun for example_python_decorator to None, run_after=None
[2024-11-20T07:32:39.057+0000] {processor.py:208} INFO - Processing /home/airflow/.local/lib/python3.12/site-packages/airflow/example_dags/example_python_decorator.py took 0.136 seconds
[2024-11-20T07:33:10.867+0000] {processor.py:186} INFO - Started process (PID=719) to work on /home/airflow/.local/lib/python3.12/site-packages/airflow/example_dags/example_python_decorator.py
[2024-11-20T07:33:10.871+0000] {processor.py:914} INFO - Processing file /home/airflow/.local/lib/python3.12/site-packages/airflow/example_dags/example_python_decorator.py for tasks to queue
[2024-11-20T07:33:10.876+0000] {logging_mixin.py:190} INFO - [2024-11-20T07:33:10.876+0000] {dagbag.py:588} INFO - Filling up the DagBag from /home/airflow/.local/lib/python3.12/site-packages/airflow/example_dags/example_python_decorator.py
[2024-11-20T07:33:10.899+0000] {processor.py:925} INFO - DAG(s) 'example_python_decorator' retrieved from /home/airflow/.local/lib/python3.12/site-packages/airflow/example_dags/example_python_decorator.py
[2024-11-20T07:33:10.929+0000] {logging_mixin.py:190} INFO - [2024-11-20T07:33:10.928+0000] {dag.py:3239} INFO - Sync 1 DAGs
[2024-11-20T07:33:10.949+0000] {logging_mixin.py:190} INFO - [2024-11-20T07:33:10.948+0000] {dag.py:4180} INFO - Setting next_dagrun for example_python_decorator to None, run_after=None
[2024-11-20T07:33:10.977+0000] {processor.py:208} INFO - Processing /home/airflow/.local/lib/python3.12/site-packages/airflow/example_dags/example_python_decorator.py took 0.120 seconds
