[2024-11-20T07:26:00.309+0000] {processor.py:186} INFO - Started process (PID=105) to work on /home/airflow/.local/lib/python3.12/site-packages/airflow/example_dags/tutorial_objectstorage.py
[2024-11-20T07:26:00.311+0000] {processor.py:914} INFO - Processing file /home/airflow/.local/lib/python3.12/site-packages/airflow/example_dags/tutorial_objectstorage.py for tasks to queue
[2024-11-20T07:26:00.316+0000] {logging_mixin.py:190} INFO - [2024-11-20T07:26:00.316+0000] {dagbag.py:588} INFO - Filling up the DagBag from /home/airflow/.local/lib/python3.12/site-packages/airflow/example_dags/tutorial_objectstorage.py
[2024-11-20T07:26:00.339+0000] {processor.py:925} INFO - DAG(s) 'tutorial_objectstorage' retrieved from /home/airflow/.local/lib/python3.12/site-packages/airflow/example_dags/tutorial_objectstorage.py
[2024-11-20T07:26:00.558+0000] {logging_mixin.py:190} INFO - [2024-11-20T07:26:00.557+0000] {override.py:1911} INFO - Created Permission View: can delete on DAG:tutorial_objectstorage
[2024-11-20T07:26:00.574+0000] {logging_mixin.py:190} INFO - [2024-11-20T07:26:00.574+0000] {override.py:1911} INFO - Created Permission View: can read on DAG:tutorial_objectstorage
[2024-11-20T07:26:00.584+0000] {logging_mixin.py:190} INFO - [2024-11-20T07:26:00.583+0000] {override.py:1911} INFO - Created Permission View: can edit on DAG:tutorial_objectstorage
[2024-11-20T07:26:00.595+0000] {logging_mixin.py:190} INFO - [2024-11-20T07:26:00.595+0000] {override.py:1911} INFO - Created Permission View: can delete on DAG Run:tutorial_objectstorage
[2024-11-20T07:26:00.605+0000] {logging_mixin.py:190} INFO - [2024-11-20T07:26:00.604+0000] {override.py:1911} INFO - Created Permission View: can read on DAG Run:tutorial_objectstorage
[2024-11-20T07:26:00.614+0000] {logging_mixin.py:190} INFO - [2024-11-20T07:26:00.614+0000] {override.py:1911} INFO - Created Permission View: menu access on DAG Run:tutorial_objectstorage
[2024-11-20T07:26:00.624+0000] {logging_mixin.py:190} INFO - [2024-11-20T07:26:00.624+0000] {override.py:1911} INFO - Created Permission View: can create on DAG Run:tutorial_objectstorage
[2024-11-20T07:26:00.625+0000] {logging_mixin.py:190} INFO - [2024-11-20T07:26:00.625+0000] {dag.py:3239} INFO - Sync 1 DAGs
[2024-11-20T07:26:00.642+0000] {logging_mixin.py:190} INFO - [2024-11-20T07:26:00.642+0000] {dag.py:3262} INFO - Creating ORM DAG for tutorial_objectstorage
[2024-11-20T07:26:00.644+0000] {logging_mixin.py:190} INFO - [2024-11-20T07:26:00.643+0000] {dag.py:4180} INFO - Setting next_dagrun for tutorial_objectstorage to None, run_after=None
[2024-11-20T07:26:00.668+0000] {processor.py:208} INFO - Processing /home/airflow/.local/lib/python3.12/site-packages/airflow/example_dags/tutorial_objectstorage.py took 0.371 seconds
[2024-11-20T07:26:31.176+0000] {processor.py:186} INFO - Started process (PID=169) to work on /home/airflow/.local/lib/python3.12/site-packages/airflow/example_dags/tutorial_objectstorage.py
[2024-11-20T07:26:31.182+0000] {processor.py:914} INFO - Processing file /home/airflow/.local/lib/python3.12/site-packages/airflow/example_dags/tutorial_objectstorage.py for tasks to queue
[2024-11-20T07:26:31.184+0000] {logging_mixin.py:190} INFO - [2024-11-20T07:26:31.184+0000] {dagbag.py:588} INFO - Filling up the DagBag from /home/airflow/.local/lib/python3.12/site-packages/airflow/example_dags/tutorial_objectstorage.py
[2024-11-20T07:26:31.205+0000] {processor.py:925} INFO - DAG(s) 'tutorial_objectstorage' retrieved from /home/airflow/.local/lib/python3.12/site-packages/airflow/example_dags/tutorial_objectstorage.py
[2024-11-20T07:26:31.230+0000] {logging_mixin.py:190} INFO - [2024-11-20T07:26:31.229+0000] {dag.py:3239} INFO - Sync 1 DAGs
[2024-11-20T07:26:31.247+0000] {logging_mixin.py:190} INFO - [2024-11-20T07:26:31.247+0000] {dag.py:4180} INFO - Setting next_dagrun for tutorial_objectstorage to None, run_after=None
[2024-11-20T07:26:31.280+0000] {processor.py:208} INFO - Processing /home/airflow/.local/lib/python3.12/site-packages/airflow/example_dags/tutorial_objectstorage.py took 0.109 seconds
[2024-11-20T07:28:22.737+0000] {processor.py:186} INFO - Started process (PID=105) to work on /home/airflow/.local/lib/python3.12/site-packages/airflow/example_dags/tutorial_objectstorage.py
[2024-11-20T07:28:22.739+0000] {processor.py:914} INFO - Processing file /home/airflow/.local/lib/python3.12/site-packages/airflow/example_dags/tutorial_objectstorage.py for tasks to queue
[2024-11-20T07:28:22.741+0000] {logging_mixin.py:190} INFO - [2024-11-20T07:28:22.740+0000] {dagbag.py:588} INFO - Filling up the DagBag from /home/airflow/.local/lib/python3.12/site-packages/airflow/example_dags/tutorial_objectstorage.py
[2024-11-20T07:28:22.753+0000] {processor.py:925} INFO - DAG(s) 'tutorial_objectstorage' retrieved from /home/airflow/.local/lib/python3.12/site-packages/airflow/example_dags/tutorial_objectstorage.py
[2024-11-20T07:28:22.781+0000] {logging_mixin.py:190} INFO - [2024-11-20T07:28:22.780+0000] {dag.py:3239} INFO - Sync 1 DAGs
[2024-11-20T07:28:22.799+0000] {logging_mixin.py:190} INFO - [2024-11-20T07:28:22.798+0000] {dag.py:4180} INFO - Setting next_dagrun for tutorial_objectstorage to None, run_after=None
[2024-11-20T07:28:22.822+0000] {processor.py:208} INFO - Processing /home/airflow/.local/lib/python3.12/site-packages/airflow/example_dags/tutorial_objectstorage.py took 0.091 seconds
[2024-11-20T07:28:52.903+0000] {processor.py:186} INFO - Started process (PID=169) to work on /home/airflow/.local/lib/python3.12/site-packages/airflow/example_dags/tutorial_objectstorage.py
[2024-11-20T07:28:52.904+0000] {processor.py:914} INFO - Processing file /home/airflow/.local/lib/python3.12/site-packages/airflow/example_dags/tutorial_objectstorage.py for tasks to queue
[2024-11-20T07:28:52.906+0000] {logging_mixin.py:190} INFO - [2024-11-20T07:28:52.906+0000] {dagbag.py:588} INFO - Filling up the DagBag from /home/airflow/.local/lib/python3.12/site-packages/airflow/example_dags/tutorial_objectstorage.py
[2024-11-20T07:28:52.917+0000] {processor.py:925} INFO - DAG(s) 'tutorial_objectstorage' retrieved from /home/airflow/.local/lib/python3.12/site-packages/airflow/example_dags/tutorial_objectstorage.py
[2024-11-20T07:28:52.941+0000] {logging_mixin.py:190} INFO - [2024-11-20T07:28:52.940+0000] {dag.py:3239} INFO - Sync 1 DAGs
[2024-11-20T07:28:52.959+0000] {logging_mixin.py:190} INFO - [2024-11-20T07:28:52.959+0000] {dag.py:4180} INFO - Setting next_dagrun for tutorial_objectstorage to None, run_after=None
[2024-11-20T07:28:52.987+0000] {processor.py:208} INFO - Processing /home/airflow/.local/lib/python3.12/site-packages/airflow/example_dags/tutorial_objectstorage.py took 0.091 seconds
[2024-11-20T07:29:23.279+0000] {processor.py:186} INFO - Started process (PID=234) to work on /home/airflow/.local/lib/python3.12/site-packages/airflow/example_dags/tutorial_objectstorage.py
[2024-11-20T07:29:23.280+0000] {processor.py:914} INFO - Processing file /home/airflow/.local/lib/python3.12/site-packages/airflow/example_dags/tutorial_objectstorage.py for tasks to queue
[2024-11-20T07:29:23.283+0000] {logging_mixin.py:190} INFO - [2024-11-20T07:29:23.283+0000] {dagbag.py:588} INFO - Filling up the DagBag from /home/airflow/.local/lib/python3.12/site-packages/airflow/example_dags/tutorial_objectstorage.py
[2024-11-20T07:29:23.294+0000] {processor.py:925} INFO - DAG(s) 'tutorial_objectstorage' retrieved from /home/airflow/.local/lib/python3.12/site-packages/airflow/example_dags/tutorial_objectstorage.py
[2024-11-20T07:29:23.318+0000] {logging_mixin.py:190} INFO - [2024-11-20T07:29:23.318+0000] {dag.py:3239} INFO - Sync 1 DAGs
[2024-11-20T07:29:23.337+0000] {logging_mixin.py:190} INFO - [2024-11-20T07:29:23.336+0000] {dag.py:4180} INFO - Setting next_dagrun for tutorial_objectstorage to None, run_after=None
[2024-11-20T07:29:23.363+0000] {processor.py:208} INFO - Processing /home/airflow/.local/lib/python3.12/site-packages/airflow/example_dags/tutorial_objectstorage.py took 0.090 seconds
[2024-11-20T07:29:54.110+0000] {processor.py:186} INFO - Started process (PID=299) to work on /home/airflow/.local/lib/python3.12/site-packages/airflow/example_dags/tutorial_objectstorage.py
[2024-11-20T07:29:54.111+0000] {processor.py:914} INFO - Processing file /home/airflow/.local/lib/python3.12/site-packages/airflow/example_dags/tutorial_objectstorage.py for tasks to queue
[2024-11-20T07:29:54.113+0000] {logging_mixin.py:190} INFO - [2024-11-20T07:29:54.113+0000] {dagbag.py:588} INFO - Filling up the DagBag from /home/airflow/.local/lib/python3.12/site-packages/airflow/example_dags/tutorial_objectstorage.py
[2024-11-20T07:29:54.123+0000] {processor.py:925} INFO - DAG(s) 'tutorial_objectstorage' retrieved from /home/airflow/.local/lib/python3.12/site-packages/airflow/example_dags/tutorial_objectstorage.py
[2024-11-20T07:29:54.143+0000] {logging_mixin.py:190} INFO - [2024-11-20T07:29:54.142+0000] {dag.py:3239} INFO - Sync 1 DAGs
[2024-11-20T07:29:54.155+0000] {logging_mixin.py:190} INFO - [2024-11-20T07:29:54.155+0000] {dag.py:4180} INFO - Setting next_dagrun for tutorial_objectstorage to None, run_after=None
[2024-11-20T07:29:54.177+0000] {processor.py:208} INFO - Processing /home/airflow/.local/lib/python3.12/site-packages/airflow/example_dags/tutorial_objectstorage.py took 0.072 seconds
[2024-11-20T07:30:25.110+0000] {processor.py:186} INFO - Started process (PID=364) to work on /home/airflow/.local/lib/python3.12/site-packages/airflow/example_dags/tutorial_objectstorage.py
[2024-11-20T07:30:25.112+0000] {processor.py:914} INFO - Processing file /home/airflow/.local/lib/python3.12/site-packages/airflow/example_dags/tutorial_objectstorage.py for tasks to queue
[2024-11-20T07:30:25.115+0000] {logging_mixin.py:190} INFO - [2024-11-20T07:30:25.115+0000] {dagbag.py:588} INFO - Filling up the DagBag from /home/airflow/.local/lib/python3.12/site-packages/airflow/example_dags/tutorial_objectstorage.py
[2024-11-20T07:30:25.129+0000] {processor.py:925} INFO - DAG(s) 'tutorial_objectstorage' retrieved from /home/airflow/.local/lib/python3.12/site-packages/airflow/example_dags/tutorial_objectstorage.py
[2024-11-20T07:30:25.155+0000] {logging_mixin.py:190} INFO - [2024-11-20T07:30:25.155+0000] {dag.py:3239} INFO - Sync 1 DAGs
[2024-11-20T07:30:25.178+0000] {logging_mixin.py:190} INFO - [2024-11-20T07:30:25.178+0000] {dag.py:4180} INFO - Setting next_dagrun for tutorial_objectstorage to None, run_after=None
[2024-11-20T07:30:25.206+0000] {processor.py:208} INFO - Processing /home/airflow/.local/lib/python3.12/site-packages/airflow/example_dags/tutorial_objectstorage.py took 0.103 seconds
[2024-11-20T07:30:55.581+0000] {processor.py:186} INFO - Started process (PID=429) to work on /home/airflow/.local/lib/python3.12/site-packages/airflow/example_dags/tutorial_objectstorage.py
[2024-11-20T07:30:55.582+0000] {processor.py:914} INFO - Processing file /home/airflow/.local/lib/python3.12/site-packages/airflow/example_dags/tutorial_objectstorage.py for tasks to queue
[2024-11-20T07:30:55.585+0000] {logging_mixin.py:190} INFO - [2024-11-20T07:30:55.585+0000] {dagbag.py:588} INFO - Filling up the DagBag from /home/airflow/.local/lib/python3.12/site-packages/airflow/example_dags/tutorial_objectstorage.py
[2024-11-20T07:30:55.597+0000] {processor.py:925} INFO - DAG(s) 'tutorial_objectstorage' retrieved from /home/airflow/.local/lib/python3.12/site-packages/airflow/example_dags/tutorial_objectstorage.py
[2024-11-20T07:30:55.625+0000] {logging_mixin.py:190} INFO - [2024-11-20T07:30:55.624+0000] {dag.py:3239} INFO - Sync 1 DAGs
[2024-11-20T07:30:55.645+0000] {logging_mixin.py:190} INFO - [2024-11-20T07:30:55.644+0000] {dag.py:4180} INFO - Setting next_dagrun for tutorial_objectstorage to None, run_after=None
[2024-11-20T07:30:55.672+0000] {processor.py:208} INFO - Processing /home/airflow/.local/lib/python3.12/site-packages/airflow/example_dags/tutorial_objectstorage.py took 0.097 seconds
[2024-11-20T07:31:26.456+0000] {processor.py:186} INFO - Started process (PID=494) to work on /home/airflow/.local/lib/python3.12/site-packages/airflow/example_dags/tutorial_objectstorage.py
[2024-11-20T07:31:26.458+0000] {processor.py:914} INFO - Processing file /home/airflow/.local/lib/python3.12/site-packages/airflow/example_dags/tutorial_objectstorage.py for tasks to queue
[2024-11-20T07:31:26.460+0000] {logging_mixin.py:190} INFO - [2024-11-20T07:31:26.460+0000] {dagbag.py:588} INFO - Filling up the DagBag from /home/airflow/.local/lib/python3.12/site-packages/airflow/example_dags/tutorial_objectstorage.py
[2024-11-20T07:31:26.470+0000] {processor.py:925} INFO - DAG(s) 'tutorial_objectstorage' retrieved from /home/airflow/.local/lib/python3.12/site-packages/airflow/example_dags/tutorial_objectstorage.py
[2024-11-20T07:31:26.495+0000] {logging_mixin.py:190} INFO - [2024-11-20T07:31:26.494+0000] {dag.py:3239} INFO - Sync 1 DAGs
[2024-11-20T07:31:26.511+0000] {logging_mixin.py:190} INFO - [2024-11-20T07:31:26.510+0000] {dag.py:4180} INFO - Setting next_dagrun for tutorial_objectstorage to None, run_after=None
[2024-11-20T07:31:26.540+0000] {processor.py:208} INFO - Processing /home/airflow/.local/lib/python3.12/site-packages/airflow/example_dags/tutorial_objectstorage.py took 0.090 seconds
[2024-11-20T07:31:57.213+0000] {processor.py:186} INFO - Started process (PID=565) to work on /home/airflow/.local/lib/python3.12/site-packages/airflow/example_dags/tutorial_objectstorage.py
[2024-11-20T07:31:57.214+0000] {processor.py:914} INFO - Processing file /home/airflow/.local/lib/python3.12/site-packages/airflow/example_dags/tutorial_objectstorage.py for tasks to queue
[2024-11-20T07:31:57.219+0000] {logging_mixin.py:190} INFO - [2024-11-20T07:31:57.218+0000] {dagbag.py:588} INFO - Filling up the DagBag from /home/airflow/.local/lib/python3.12/site-packages/airflow/example_dags/tutorial_objectstorage.py
[2024-11-20T07:31:57.243+0000] {processor.py:925} INFO - DAG(s) 'tutorial_objectstorage' retrieved from /home/airflow/.local/lib/python3.12/site-packages/airflow/example_dags/tutorial_objectstorage.py
[2024-11-20T07:31:57.281+0000] {logging_mixin.py:190} INFO - [2024-11-20T07:31:57.281+0000] {dag.py:3239} INFO - Sync 1 DAGs
[2024-11-20T07:31:57.308+0000] {logging_mixin.py:190} INFO - [2024-11-20T07:31:57.308+0000] {dag.py:4180} INFO - Setting next_dagrun for tutorial_objectstorage to None, run_after=None
[2024-11-20T07:31:57.343+0000] {processor.py:208} INFO - Processing /home/airflow/.local/lib/python3.12/site-packages/airflow/example_dags/tutorial_objectstorage.py took 0.140 seconds
[2024-11-20T07:32:27.610+0000] {processor.py:186} INFO - Started process (PID=631) to work on /home/airflow/.local/lib/python3.12/site-packages/airflow/example_dags/tutorial_objectstorage.py
[2024-11-20T07:32:27.611+0000] {processor.py:914} INFO - Processing file /home/airflow/.local/lib/python3.12/site-packages/airflow/example_dags/tutorial_objectstorage.py for tasks to queue
[2024-11-20T07:32:27.614+0000] {logging_mixin.py:190} INFO - [2024-11-20T07:32:27.614+0000] {dagbag.py:588} INFO - Filling up the DagBag from /home/airflow/.local/lib/python3.12/site-packages/airflow/example_dags/tutorial_objectstorage.py
[2024-11-20T07:32:27.628+0000] {processor.py:925} INFO - DAG(s) 'tutorial_objectstorage' retrieved from /home/airflow/.local/lib/python3.12/site-packages/airflow/example_dags/tutorial_objectstorage.py
[2024-11-20T07:32:27.656+0000] {logging_mixin.py:190} INFO - [2024-11-20T07:32:27.655+0000] {dag.py:3239} INFO - Sync 1 DAGs
[2024-11-20T07:32:27.678+0000] {logging_mixin.py:190} INFO - [2024-11-20T07:32:27.678+0000] {dag.py:4180} INFO - Setting next_dagrun for tutorial_objectstorage to None, run_after=None
[2024-11-20T07:32:27.713+0000] {processor.py:208} INFO - Processing /home/airflow/.local/lib/python3.12/site-packages/airflow/example_dags/tutorial_objectstorage.py took 0.110 seconds
[2024-11-20T07:32:57.910+0000] {processor.py:186} INFO - Started process (PID=696) to work on /home/airflow/.local/lib/python3.12/site-packages/airflow/example_dags/tutorial_objectstorage.py
[2024-11-20T07:32:57.911+0000] {processor.py:914} INFO - Processing file /home/airflow/.local/lib/python3.12/site-packages/airflow/example_dags/tutorial_objectstorage.py for tasks to queue
[2024-11-20T07:32:57.914+0000] {logging_mixin.py:190} INFO - [2024-11-20T07:32:57.914+0000] {dagbag.py:588} INFO - Filling up the DagBag from /home/airflow/.local/lib/python3.12/site-packages/airflow/example_dags/tutorial_objectstorage.py
[2024-11-20T07:32:57.931+0000] {processor.py:925} INFO - DAG(s) 'tutorial_objectstorage' retrieved from /home/airflow/.local/lib/python3.12/site-packages/airflow/example_dags/tutorial_objectstorage.py
[2024-11-20T07:32:57.964+0000] {logging_mixin.py:190} INFO - [2024-11-20T07:32:57.964+0000] {dag.py:3239} INFO - Sync 1 DAGs
[2024-11-20T07:32:57.983+0000] {logging_mixin.py:190} INFO - [2024-11-20T07:32:57.983+0000] {dag.py:4180} INFO - Setting next_dagrun for tutorial_objectstorage to None, run_after=None
[2024-11-20T07:32:58.009+0000] {processor.py:208} INFO - Processing /home/airflow/.local/lib/python3.12/site-packages/airflow/example_dags/tutorial_objectstorage.py took 0.105 seconds
[2024-11-20T07:33:28.735+0000] {processor.py:186} INFO - Started process (PID=761) to work on /home/airflow/.local/lib/python3.12/site-packages/airflow/example_dags/tutorial_objectstorage.py
[2024-11-20T07:33:28.736+0000] {processor.py:914} INFO - Processing file /home/airflow/.local/lib/python3.12/site-packages/airflow/example_dags/tutorial_objectstorage.py for tasks to queue
[2024-11-20T07:33:28.738+0000] {logging_mixin.py:190} INFO - [2024-11-20T07:33:28.738+0000] {dagbag.py:588} INFO - Filling up the DagBag from /home/airflow/.local/lib/python3.12/site-packages/airflow/example_dags/tutorial_objectstorage.py
[2024-11-20T07:33:28.746+0000] {processor.py:925} INFO - DAG(s) 'tutorial_objectstorage' retrieved from /home/airflow/.local/lib/python3.12/site-packages/airflow/example_dags/tutorial_objectstorage.py
[2024-11-20T07:33:28.765+0000] {logging_mixin.py:190} INFO - [2024-11-20T07:33:28.765+0000] {dag.py:3239} INFO - Sync 1 DAGs
[2024-11-20T07:33:28.785+0000] {logging_mixin.py:190} INFO - [2024-11-20T07:33:28.784+0000] {dag.py:4180} INFO - Setting next_dagrun for tutorial_objectstorage to None, run_after=None
[2024-11-20T07:33:28.809+0000] {processor.py:208} INFO - Processing /home/airflow/.local/lib/python3.12/site-packages/airflow/example_dags/tutorial_objectstorage.py took 0.079 seconds
