[2024-11-20T07:26:13.200+0000] {processor.py:186} INFO - Started process (PID=147) to work on /home/airflow/.local/lib/python3.12/site-packages/airflow/example_dags/tutorial.py
[2024-11-20T07:26:13.202+0000] {processor.py:914} INFO - Processing file /home/airflow/.local/lib/python3.12/site-packages/airflow/example_dags/tutorial.py for tasks to queue
[2024-11-20T07:26:13.205+0000] {logging_mixin.py:190} INFO - [2024-11-20T07:26:13.204+0000] {dagbag.py:588} INFO - Filling up the DagBag from /home/airflow/.local/lib/python3.12/site-packages/airflow/example_dags/tutorial.py
[2024-11-20T07:26:13.214+0000] {processor.py:925} INFO - DAG(s) 'tutorial' retrieved from /home/airflow/.local/lib/python3.12/site-packages/airflow/example_dags/tutorial.py
[2024-11-20T07:26:13.379+0000] {logging_mixin.py:190} INFO - [2024-11-20T07:26:13.378+0000] {override.py:1911} INFO - Created Permission View: can delete on DAG:tutorial
[2024-11-20T07:26:13.397+0000] {logging_mixin.py:190} INFO - [2024-11-20T07:26:13.397+0000] {override.py:1911} INFO - Created Permission View: can read on DAG:tutorial
[2024-11-20T07:26:13.409+0000] {logging_mixin.py:190} INFO - [2024-11-20T07:26:13.408+0000] {override.py:1911} INFO - Created Permission View: can edit on DAG:tutorial
[2024-11-20T07:26:13.422+0000] {logging_mixin.py:190} INFO - [2024-11-20T07:26:13.421+0000] {override.py:1911} INFO - Created Permission View: can delete on DAG Run:tutorial
[2024-11-20T07:26:13.439+0000] {logging_mixin.py:190} INFO - [2024-11-20T07:26:13.439+0000] {override.py:1911} INFO - Created Permission View: can read on DAG Run:tutorial
[2024-11-20T07:26:13.453+0000] {logging_mixin.py:190} INFO - [2024-11-20T07:26:13.453+0000] {override.py:1911} INFO - Created Permission View: menu access on DAG Run:tutorial
[2024-11-20T07:26:13.463+0000] {logging_mixin.py:190} INFO - [2024-11-20T07:26:13.463+0000] {override.py:1911} INFO - Created Permission View: can create on DAG Run:tutorial
[2024-11-20T07:26:13.465+0000] {logging_mixin.py:190} INFO - [2024-11-20T07:26:13.464+0000] {dag.py:3239} INFO - Sync 1 DAGs
[2024-11-20T07:26:13.486+0000] {logging_mixin.py:190} INFO - [2024-11-20T07:26:13.485+0000] {dag.py:3262} INFO - Creating ORM DAG for tutorial
[2024-11-20T07:26:13.503+0000] {logging_mixin.py:190} INFO - [2024-11-20T07:26:13.502+0000] {dag.py:4180} INFO - Setting next_dagrun for tutorial to 2024-11-19 00:00:00+00:00, run_after=2024-11-20 00:00:00+00:00
[2024-11-20T07:26:13.529+0000] {processor.py:208} INFO - Processing /home/airflow/.local/lib/python3.12/site-packages/airflow/example_dags/tutorial.py took 0.336 seconds
[2024-11-20T07:26:43.942+0000] {processor.py:186} INFO - Started process (PID=212) to work on /home/airflow/.local/lib/python3.12/site-packages/airflow/example_dags/tutorial.py
[2024-11-20T07:26:43.943+0000] {processor.py:914} INFO - Processing file /home/airflow/.local/lib/python3.12/site-packages/airflow/example_dags/tutorial.py for tasks to queue
[2024-11-20T07:26:43.945+0000] {logging_mixin.py:190} INFO - [2024-11-20T07:26:43.945+0000] {dagbag.py:588} INFO - Filling up the DagBag from /home/airflow/.local/lib/python3.12/site-packages/airflow/example_dags/tutorial.py
[2024-11-20T07:26:43.953+0000] {processor.py:925} INFO - DAG(s) 'tutorial' retrieved from /home/airflow/.local/lib/python3.12/site-packages/airflow/example_dags/tutorial.py
[2024-11-20T07:26:43.974+0000] {logging_mixin.py:190} INFO - [2024-11-20T07:26:43.974+0000] {dag.py:3239} INFO - Sync 1 DAGs
[2024-11-20T07:26:43.999+0000] {logging_mixin.py:190} INFO - [2024-11-20T07:26:43.999+0000] {dag.py:4180} INFO - Setting next_dagrun for tutorial to 2024-11-19 00:00:00+00:00, run_after=2024-11-20 00:00:00+00:00
[2024-11-20T07:26:44.019+0000] {processor.py:208} INFO - Processing /home/airflow/.local/lib/python3.12/site-packages/airflow/example_dags/tutorial.py took 0.083 seconds
[2024-11-20T07:28:28.886+0000] {processor.py:186} INFO - Started process (PID=147) to work on /home/airflow/.local/lib/python3.12/site-packages/airflow/example_dags/tutorial.py
[2024-11-20T07:28:28.887+0000] {processor.py:914} INFO - Processing file /home/airflow/.local/lib/python3.12/site-packages/airflow/example_dags/tutorial.py for tasks to queue
[2024-11-20T07:28:28.890+0000] {logging_mixin.py:190} INFO - [2024-11-20T07:28:28.890+0000] {dagbag.py:588} INFO - Filling up the DagBag from /home/airflow/.local/lib/python3.12/site-packages/airflow/example_dags/tutorial.py
[2024-11-20T07:28:28.905+0000] {processor.py:925} INFO - DAG(s) 'tutorial' retrieved from /home/airflow/.local/lib/python3.12/site-packages/airflow/example_dags/tutorial.py
[2024-11-20T07:28:28.933+0000] {logging_mixin.py:190} INFO - [2024-11-20T07:28:28.932+0000] {dag.py:3239} INFO - Sync 1 DAGs
[2024-11-20T07:28:28.959+0000] {logging_mixin.py:190} INFO - [2024-11-20T07:28:28.959+0000] {dag.py:4180} INFO - Setting next_dagrun for tutorial to 2024-11-19 00:00:00+00:00, run_after=2024-11-20 00:00:00+00:00
[2024-11-20T07:28:28.984+0000] {processor.py:208} INFO - Processing /home/airflow/.local/lib/python3.12/site-packages/airflow/example_dags/tutorial.py took 0.104 seconds
[2024-11-20T07:29:00.438+0000] {processor.py:186} INFO - Started process (PID=212) to work on /home/airflow/.local/lib/python3.12/site-packages/airflow/example_dags/tutorial.py
[2024-11-20T07:29:00.439+0000] {processor.py:914} INFO - Processing file /home/airflow/.local/lib/python3.12/site-packages/airflow/example_dags/tutorial.py for tasks to queue
[2024-11-20T07:29:00.441+0000] {logging_mixin.py:190} INFO - [2024-11-20T07:29:00.441+0000] {dagbag.py:588} INFO - Filling up the DagBag from /home/airflow/.local/lib/python3.12/site-packages/airflow/example_dags/tutorial.py
[2024-11-20T07:29:00.449+0000] {processor.py:925} INFO - DAG(s) 'tutorial' retrieved from /home/airflow/.local/lib/python3.12/site-packages/airflow/example_dags/tutorial.py
[2024-11-20T07:29:00.473+0000] {logging_mixin.py:190} INFO - [2024-11-20T07:29:00.473+0000] {dag.py:3239} INFO - Sync 1 DAGs
[2024-11-20T07:29:00.497+0000] {logging_mixin.py:190} INFO - [2024-11-20T07:29:00.497+0000] {dag.py:4180} INFO - Setting next_dagrun for tutorial to 2024-11-19 00:00:00+00:00, run_after=2024-11-20 00:00:00+00:00
[2024-11-20T07:29:00.523+0000] {processor.py:208} INFO - Processing /home/airflow/.local/lib/python3.12/site-packages/airflow/example_dags/tutorial.py took 0.092 seconds
[2024-11-20T07:29:31.515+0000] {processor.py:186} INFO - Started process (PID=277) to work on /home/airflow/.local/lib/python3.12/site-packages/airflow/example_dags/tutorial.py
[2024-11-20T07:29:31.516+0000] {processor.py:914} INFO - Processing file /home/airflow/.local/lib/python3.12/site-packages/airflow/example_dags/tutorial.py for tasks to queue
[2024-11-20T07:29:31.520+0000] {logging_mixin.py:190} INFO - [2024-11-20T07:29:31.519+0000] {dagbag.py:588} INFO - Filling up the DagBag from /home/airflow/.local/lib/python3.12/site-packages/airflow/example_dags/tutorial.py
[2024-11-20T07:29:31.531+0000] {processor.py:925} INFO - DAG(s) 'tutorial' retrieved from /home/airflow/.local/lib/python3.12/site-packages/airflow/example_dags/tutorial.py
[2024-11-20T07:29:31.557+0000] {logging_mixin.py:190} INFO - [2024-11-20T07:29:31.557+0000] {dag.py:3239} INFO - Sync 1 DAGs
[2024-11-20T07:29:31.585+0000] {logging_mixin.py:190} INFO - [2024-11-20T07:29:31.584+0000] {dag.py:4180} INFO - Setting next_dagrun for tutorial to 2024-11-19 00:00:00+00:00, run_after=2024-11-20 00:00:00+00:00
[2024-11-20T07:29:31.607+0000] {processor.py:208} INFO - Processing /home/airflow/.local/lib/python3.12/site-packages/airflow/example_dags/tutorial.py took 0.101 seconds
[2024-11-20T07:30:02.442+0000] {processor.py:186} INFO - Started process (PID=342) to work on /home/airflow/.local/lib/python3.12/site-packages/airflow/example_dags/tutorial.py
[2024-11-20T07:30:02.443+0000] {processor.py:914} INFO - Processing file /home/airflow/.local/lib/python3.12/site-packages/airflow/example_dags/tutorial.py for tasks to queue
[2024-11-20T07:30:02.445+0000] {logging_mixin.py:190} INFO - [2024-11-20T07:30:02.445+0000] {dagbag.py:588} INFO - Filling up the DagBag from /home/airflow/.local/lib/python3.12/site-packages/airflow/example_dags/tutorial.py
[2024-11-20T07:30:02.456+0000] {processor.py:925} INFO - DAG(s) 'tutorial' retrieved from /home/airflow/.local/lib/python3.12/site-packages/airflow/example_dags/tutorial.py
[2024-11-20T07:30:02.483+0000] {logging_mixin.py:190} INFO - [2024-11-20T07:30:02.482+0000] {dag.py:3239} INFO - Sync 1 DAGs
[2024-11-20T07:30:02.515+0000] {logging_mixin.py:190} INFO - [2024-11-20T07:30:02.515+0000] {dag.py:4180} INFO - Setting next_dagrun for tutorial to 2024-11-19 00:00:00+00:00, run_after=2024-11-20 00:00:00+00:00
[2024-11-20T07:30:02.544+0000] {processor.py:208} INFO - Processing /home/airflow/.local/lib/python3.12/site-packages/airflow/example_dags/tutorial.py took 0.110 seconds
[2024-11-20T07:30:34.780+0000] {processor.py:186} INFO - Started process (PID=407) to work on /home/airflow/.local/lib/python3.12/site-packages/airflow/example_dags/tutorial.py
[2024-11-20T07:30:34.782+0000] {processor.py:914} INFO - Processing file /home/airflow/.local/lib/python3.12/site-packages/airflow/example_dags/tutorial.py for tasks to queue
[2024-11-20T07:30:34.786+0000] {logging_mixin.py:190} INFO - [2024-11-20T07:30:34.785+0000] {dagbag.py:588} INFO - Filling up the DagBag from /home/airflow/.local/lib/python3.12/site-packages/airflow/example_dags/tutorial.py
[2024-11-20T07:30:34.799+0000] {processor.py:925} INFO - DAG(s) 'tutorial' retrieved from /home/airflow/.local/lib/python3.12/site-packages/airflow/example_dags/tutorial.py
[2024-11-20T07:30:34.829+0000] {logging_mixin.py:190} INFO - [2024-11-20T07:30:34.829+0000] {dag.py:3239} INFO - Sync 1 DAGs
[2024-11-20T07:30:34.861+0000] {logging_mixin.py:190} INFO - [2024-11-20T07:30:34.861+0000] {dag.py:4180} INFO - Setting next_dagrun for tutorial to 2024-11-19 00:00:00+00:00, run_after=2024-11-20 00:00:00+00:00
[2024-11-20T07:30:34.887+0000] {processor.py:208} INFO - Processing /home/airflow/.local/lib/python3.12/site-packages/airflow/example_dags/tutorial.py took 0.117 seconds
[2024-11-20T07:31:05.671+0000] {processor.py:186} INFO - Started process (PID=472) to work on /home/airflow/.local/lib/python3.12/site-packages/airflow/example_dags/tutorial.py
[2024-11-20T07:31:05.673+0000] {processor.py:914} INFO - Processing file /home/airflow/.local/lib/python3.12/site-packages/airflow/example_dags/tutorial.py for tasks to queue
[2024-11-20T07:31:05.677+0000] {logging_mixin.py:190} INFO - [2024-11-20T07:31:05.676+0000] {dagbag.py:588} INFO - Filling up the DagBag from /home/airflow/.local/lib/python3.12/site-packages/airflow/example_dags/tutorial.py
[2024-11-20T07:31:05.688+0000] {processor.py:925} INFO - DAG(s) 'tutorial' retrieved from /home/airflow/.local/lib/python3.12/site-packages/airflow/example_dags/tutorial.py
[2024-11-20T07:31:05.718+0000] {logging_mixin.py:190} INFO - [2024-11-20T07:31:05.718+0000] {dag.py:3239} INFO - Sync 1 DAGs
[2024-11-20T07:31:05.756+0000] {logging_mixin.py:190} INFO - [2024-11-20T07:31:05.755+0000] {dag.py:4180} INFO - Setting next_dagrun for tutorial to 2024-11-19 00:00:00+00:00, run_after=2024-11-20 00:00:00+00:00
[2024-11-20T07:31:05.779+0000] {processor.py:208} INFO - Processing /home/airflow/.local/lib/python3.12/site-packages/airflow/example_dags/tutorial.py took 0.117 seconds
[2024-11-20T07:31:37.515+0000] {processor.py:186} INFO - Started process (PID=537) to work on /home/airflow/.local/lib/python3.12/site-packages/airflow/example_dags/tutorial.py
[2024-11-20T07:31:37.517+0000] {processor.py:914} INFO - Processing file /home/airflow/.local/lib/python3.12/site-packages/airflow/example_dags/tutorial.py for tasks to queue
[2024-11-20T07:31:37.520+0000] {logging_mixin.py:190} INFO - [2024-11-20T07:31:37.519+0000] {dagbag.py:588} INFO - Filling up the DagBag from /home/airflow/.local/lib/python3.12/site-packages/airflow/example_dags/tutorial.py
[2024-11-20T07:31:37.530+0000] {processor.py:925} INFO - DAG(s) 'tutorial' retrieved from /home/airflow/.local/lib/python3.12/site-packages/airflow/example_dags/tutorial.py
[2024-11-20T07:31:37.558+0000] {logging_mixin.py:190} INFO - [2024-11-20T07:31:37.557+0000] {dag.py:3239} INFO - Sync 1 DAGs
[2024-11-20T07:31:37.594+0000] {logging_mixin.py:190} INFO - [2024-11-20T07:31:37.594+0000] {dag.py:4180} INFO - Setting next_dagrun for tutorial to 2024-11-19 00:00:00+00:00, run_after=2024-11-20 00:00:00+00:00
[2024-11-20T07:31:37.622+0000] {processor.py:208} INFO - Processing /home/airflow/.local/lib/python3.12/site-packages/airflow/example_dags/tutorial.py took 0.113 seconds
[2024-11-20T07:32:09.251+0000] {processor.py:186} INFO - Started process (PID=602) to work on /home/airflow/.local/lib/python3.12/site-packages/airflow/example_dags/tutorial.py
[2024-11-20T07:32:09.253+0000] {processor.py:914} INFO - Processing file /home/airflow/.local/lib/python3.12/site-packages/airflow/example_dags/tutorial.py for tasks to queue
[2024-11-20T07:32:09.257+0000] {logging_mixin.py:190} INFO - [2024-11-20T07:32:09.257+0000] {dagbag.py:588} INFO - Filling up the DagBag from /home/airflow/.local/lib/python3.12/site-packages/airflow/example_dags/tutorial.py
[2024-11-20T07:32:09.270+0000] {processor.py:925} INFO - DAG(s) 'tutorial' retrieved from /home/airflow/.local/lib/python3.12/site-packages/airflow/example_dags/tutorial.py
[2024-11-20T07:32:09.302+0000] {logging_mixin.py:190} INFO - [2024-11-20T07:32:09.302+0000] {dag.py:3239} INFO - Sync 1 DAGs
[2024-11-20T07:32:09.336+0000] {logging_mixin.py:190} INFO - [2024-11-20T07:32:09.335+0000] {dag.py:4180} INFO - Setting next_dagrun for tutorial to 2024-11-19 00:00:00+00:00, run_after=2024-11-20 00:00:00+00:00
[2024-11-20T07:32:09.363+0000] {processor.py:208} INFO - Processing /home/airflow/.local/lib/python3.12/site-packages/airflow/example_dags/tutorial.py took 0.122 seconds
[2024-11-20T07:32:40.718+0000] {processor.py:186} INFO - Started process (PID=668) to work on /home/airflow/.local/lib/python3.12/site-packages/airflow/example_dags/tutorial.py
[2024-11-20T07:32:40.720+0000] {processor.py:914} INFO - Processing file /home/airflow/.local/lib/python3.12/site-packages/airflow/example_dags/tutorial.py for tasks to queue
[2024-11-20T07:32:40.722+0000] {logging_mixin.py:190} INFO - [2024-11-20T07:32:40.722+0000] {dagbag.py:588} INFO - Filling up the DagBag from /home/airflow/.local/lib/python3.12/site-packages/airflow/example_dags/tutorial.py
[2024-11-20T07:32:40.731+0000] {processor.py:925} INFO - DAG(s) 'tutorial' retrieved from /home/airflow/.local/lib/python3.12/site-packages/airflow/example_dags/tutorial.py
[2024-11-20T07:32:40.757+0000] {logging_mixin.py:190} INFO - [2024-11-20T07:32:40.757+0000] {dag.py:3239} INFO - Sync 1 DAGs
[2024-11-20T07:32:40.789+0000] {logging_mixin.py:190} INFO - [2024-11-20T07:32:40.789+0000] {dag.py:4180} INFO - Setting next_dagrun for tutorial to 2024-11-19 00:00:00+00:00, run_after=2024-11-20 00:00:00+00:00
[2024-11-20T07:32:40.812+0000] {processor.py:208} INFO - Processing /home/airflow/.local/lib/python3.12/site-packages/airflow/example_dags/tutorial.py took 0.102 seconds
[2024-11-20T07:33:12.335+0000] {processor.py:186} INFO - Started process (PID=732) to work on /home/airflow/.local/lib/python3.12/site-packages/airflow/example_dags/tutorial.py
[2024-11-20T07:33:12.336+0000] {processor.py:914} INFO - Processing file /home/airflow/.local/lib/python3.12/site-packages/airflow/example_dags/tutorial.py for tasks to queue
[2024-11-20T07:33:12.340+0000] {logging_mixin.py:190} INFO - [2024-11-20T07:33:12.339+0000] {dagbag.py:588} INFO - Filling up the DagBag from /home/airflow/.local/lib/python3.12/site-packages/airflow/example_dags/tutorial.py
[2024-11-20T07:33:12.349+0000] {processor.py:925} INFO - DAG(s) 'tutorial' retrieved from /home/airflow/.local/lib/python3.12/site-packages/airflow/example_dags/tutorial.py
[2024-11-20T07:33:12.377+0000] {logging_mixin.py:190} INFO - [2024-11-20T07:33:12.377+0000] {dag.py:3239} INFO - Sync 1 DAGs
[2024-11-20T07:33:12.411+0000] {logging_mixin.py:190} INFO - [2024-11-20T07:33:12.411+0000] {dag.py:4180} INFO - Setting next_dagrun for tutorial to 2024-11-19 00:00:00+00:00, run_after=2024-11-20 00:00:00+00:00
[2024-11-20T07:33:12.440+0000] {processor.py:208} INFO - Processing /home/airflow/.local/lib/python3.12/site-packages/airflow/example_dags/tutorial.py took 0.113 seconds
